[13:13:52.803794] [WARNING] [pdc_server_data.c:122] PDC_SERVER[0]: Total Lustre OSTs, PDC Servers: 256, 16
[13:13:52.803842] [WARNING] [pdc_server_data.c:123] PDC_SERVER[0]: Setting Lustre stripe count to 16 and size to 16 MB
[13:18:49.704179] [WARNING] [pdc_server.c:1184] PDC_SERVER[0]: Checkpoint start
[13:18:49.730996] [WARNING] [pdc_server.c:1376] PDC_SERVER[0]: Writing checkpoint transformations start
[13:18:49.732136] [WARNING] [pdc_server.c:1558] PDC_SERVER[0]: Writing checkpoint transformations done
[13:18:52.774319] [WARNING] [pdc_server.c:1595] PDC_SERVER[0]: Rank[ALL]: Total checkpoint time = 3.070108
[13:18:52.776300] [WARNING] [pdc_server.c:1602] PDC_SERVER[0]: Checkpointing done
[13:18:52.776399] [WARNING] [pdc_server.c:696] PDC_SERVER[0]: [TIMER] id=0, name=open, avg=0.000509, total=0.488256, count=960
[13:18:52.776411] [WARNING] [pdc_server.c:696] PDC_SERVER[0]: [TIMER] id=1, name=close, avg=0.000236, total=0.226377, count=960
[13:18:52.776417] [WARNING] [pdc_server.c:696] PDC_SERVER[0]: [TIMER] id=3, name=write, avg=0.034813, total=33.420647, count=960
[13:18:52.776421] [WARNING] [pdc_server.c:696] PDC_SERVER[0]: [TIMER] id=4, name=total_graph_exec, avg=0.350303, total=336.291176, count=960
[13:18:52.776655] [WARNING] [pdc_server.c:696] PDC_SERVER[10]: [TIMER] id=0, name=open, avg=0.000507, total=0.486790, count=960
[13:18:52.776818] [WARNING] [pdc_server.c:696] PDC_SERVER[10]: [TIMER] id=1, name=close, avg=0.000239, total=0.229624, count=960
[13:18:52.776834] [WARNING] [pdc_server.c:696] PDC_SERVER[10]: [TIMER] id=3, name=write, avg=0.034851, total=33.456649, count=960
[13:18:52.776839] [WARNING] [pdc_server.c:696] PDC_SERVER[10]: [TIMER] id=4, name=total_graph_exec, avg=0.354723, total=340.534043, count=960
[13:18:52.777735] [WARNING] [pdc_server.c:696] PDC_SERVER[4]: [TIMER] id=0, name=open, avg=0.000443, total=0.425685, count=960
[13:18:52.777869] [WARNING] [pdc_server.c:696] PDC_SERVER[4]: [TIMER] id=1, name=close, avg=0.000196, total=0.187973, count=960
[13:18:52.777878] [WARNING] [pdc_server.c:696] PDC_SERVER[4]: [TIMER] id=3, name=write, avg=0.034866, total=33.471615, count=960
[13:18:52.777883] [WARNING] [pdc_server.c:696] PDC_SERVER[4]: [TIMER] id=4, name=total_graph_exec, avg=0.349145, total=335.179011, count=960
[13:18:52.777148] [WARNING] [pdc_server.c:696] PDC_SERVER[1]: [TIMER] id=0, name=open, avg=0.000412, total=0.395678, count=960
[13:18:52.777241] [WARNING] [pdc_server.c:696] PDC_SERVER[1]: [TIMER] id=1, name=close, avg=0.000220, total=0.211464, count=960
[13:18:52.777248] [WARNING] [pdc_server.c:696] PDC_SERVER[1]: [TIMER] id=3, name=write, avg=0.034831, total=33.437705, count=960
[13:18:52.777253] [WARNING] [pdc_server.c:696] PDC_SERVER[1]: [TIMER] id=4, name=total_graph_exec, avg=0.350017, total=336.015981, count=960
[13:18:52.777193] [WARNING] [pdc_server.c:696] PDC_SERVER[12]: [TIMER] id=0, name=open, avg=0.000465, total=0.446454, count=960
[13:18:52.777249] [WARNING] [pdc_server.c:696] PDC_SERVER[12]: [TIMER] id=1, name=close, avg=0.000197, total=0.188904, count=960
[13:18:52.777270] [WARNING] [pdc_server.c:696] PDC_SERVER[12]: [TIMER] id=3, name=write, avg=0.034541, total=33.159481, count=960
[13:18:52.777276] [WARNING] [pdc_server.c:696] PDC_SERVER[12]: [TIMER] id=4, name=total_graph_exec, avg=0.349221, total=335.252391, count=960
[13:18:52.777243] [WARNING] [pdc_server.c:696] PDC_SERVER[8]: [TIMER] id=0, name=open, avg=0.000436, total=0.418636, count=960
[13:18:52.777331] [WARNING] [pdc_server.c:696] PDC_SERVER[8]: [TIMER] id=1, name=close, avg=0.000220, total=0.211627, count=960
[13:18:52.777337] [WARNING] [pdc_server.c:696] PDC_SERVER[8]: [TIMER] id=3, name=write, avg=0.034807, total=33.414534, count=960
[13:18:52.777342] [WARNING] [pdc_server.c:696] PDC_SERVER[8]: [TIMER] id=4, name=total_graph_exec, avg=0.351490, total=337.430610, count=960
[13:18:52.777305] [WARNING] [pdc_server.c:696] PDC_SERVER[14]: [TIMER] id=0, name=open, avg=0.000466, total=0.447489, count=960
[13:18:52.777412] [WARNING] [pdc_server.c:696] PDC_SERVER[14]: [TIMER] id=1, name=close, avg=0.000212, total=0.203761, count=960
[13:18:52.777418] [WARNING] [pdc_server.c:696] PDC_SERVER[14]: [TIMER] id=3, name=write, avg=0.034691, total=33.303787, count=960
[13:18:52.777424] [WARNING] [pdc_server.c:696] PDC_SERVER[14]: [TIMER] id=4, name=total_graph_exec, avg=0.351197, total=337.149497, count=960
[13:18:52.777500] [WARNING] [pdc_server.c:696] PDC_SERVER[15]: [TIMER] id=0, name=open, avg=0.000535, total=0.513532, count=960
[13:18:52.777611] [WARNING] [pdc_server.c:696] PDC_SERVER[15]: [TIMER] id=1, name=close, avg=0.000225, total=0.216133, count=960
[13:18:52.777617] [WARNING] [pdc_server.c:696] PDC_SERVER[15]: [TIMER] id=3, name=write, avg=0.034737, total=33.347524, count=960
[13:18:52.777622] [WARNING] [pdc_server.c:696] PDC_SERVER[15]: [TIMER] id=4, name=total_graph_exec, avg=0.350413, total=336.396407, count=960
[13:18:52.777848] [WARNING] [pdc_server.c:696] PDC_SERVER[3]: [TIMER] id=0, name=open, avg=0.000483, total=0.463439, count=960
[13:18:52.777946] [WARNING] [pdc_server.c:696] PDC_SERVER[3]: [TIMER] id=1, name=close, avg=0.000205, total=0.197136, count=960
[13:18:52.777952] [WARNING] [pdc_server.c:696] PDC_SERVER[3]: [TIMER] id=3, name=write, avg=0.034831, total=33.437504, count=960
[13:18:52.777958] [WARNING] [pdc_server.c:696] PDC_SERVER[3]: [TIMER] id=4, name=total_graph_exec, avg=0.352286, total=338.194222, count=960
[13:18:52.777649] [WARNING] [pdc_server.c:696] PDC_SERVER[11]: [TIMER] id=0, name=open, avg=0.000488, total=0.468591, count=960
[13:18:52.777733] [WARNING] [pdc_server.c:696] PDC_SERVER[11]: [TIMER] id=1, name=close, avg=0.000215, total=0.206655, count=960
[13:18:52.777739] [WARNING] [pdc_server.c:696] PDC_SERVER[11]: [TIMER] id=3, name=write, avg=0.035044, total=33.642103, count=960
[13:18:52.777745] [WARNING] [pdc_server.c:696] PDC_SERVER[11]: [TIMER] id=4, name=total_graph_exec, avg=0.351365, total=337.310393, count=960
[13:18:52.777214] [WARNING] [pdc_server.c:696] PDC_SERVER[2]: [TIMER] id=0, name=open, avg=0.000445, total=0.427381, count=960
[13:18:52.777666] [WARNING] [pdc_server.c:696] PDC_SERVER[2]: [TIMER] id=1, name=close, avg=0.000234, total=0.224967, count=960
[13:18:52.777694] [WARNING] [pdc_server.c:696] PDC_SERVER[2]: [TIMER] id=3, name=write, avg=0.034458, total=33.079878, count=960
[13:18:52.777703] [WARNING] [pdc_server.c:696] PDC_SERVER[2]: [TIMER] id=4, name=total_graph_exec, avg=0.346032, total=332.190625, count=960
[13:18:52.777831] [WARNING] [pdc_server.c:696] PDC_SERVER[6]: [TIMER] id=0, name=open, avg=0.000463, total=0.444832, count=960
[13:18:52.777902] [WARNING] [pdc_server.c:696] PDC_SERVER[6]: [TIMER] id=1, name=close, avg=0.000200, total=0.191814, count=960
[13:18:52.777925] [WARNING] [pdc_server.c:696] PDC_SERVER[6]: [TIMER] id=3, name=write, avg=0.034796, total=33.403993, count=960
[13:18:52.777931] [WARNING] [pdc_server.c:696] PDC_SERVER[6]: [TIMER] id=4, name=total_graph_exec, avg=0.350090, total=336.086265, count=960
[13:18:52.777924] [WARNING] [pdc_server.c:696] PDC_SERVER[13]: [TIMER] id=0, name=open, avg=0.000444, total=0.426075, count=960
[13:18:52.778039] [WARNING] [pdc_server.c:696] PDC_SERVER[13]: [TIMER] id=1, name=close, avg=0.000198, total=0.190230, count=960
[13:18:52.778045] [WARNING] [pdc_server.c:696] PDC_SERVER[13]: [TIMER] id=3, name=write, avg=0.034776, total=33.384739, count=960
[13:18:52.778051] [WARNING] [pdc_server.c:696] PDC_SERVER[13]: [TIMER] id=4, name=total_graph_exec, avg=0.350464, total=336.445189, count=960
[13:18:52.778176] [WARNING] [pdc_server.c:696] PDC_SERVER[7]: [TIMER] id=0, name=open, avg=0.000529, total=0.507759, count=960
[13:18:52.778527] [WARNING] [pdc_server.c:696] PDC_SERVER[7]: [TIMER] id=1, name=close, avg=0.000223, total=0.214471, count=960
[13:18:52.778556] [WARNING] [pdc_server.c:696] PDC_SERVER[7]: [TIMER] id=3, name=write, avg=0.034683, total=33.295357, count=960
[13:18:52.778562] [WARNING] [pdc_server.c:696] PDC_SERVER[7]: [TIMER] id=4, name=total_graph_exec, avg=0.357676, total=343.368540, count=960
[13:18:52.777576] [WARNING] [pdc_server.c:696] PDC_SERVER[5]: [TIMER] id=0, name=open, avg=0.000445, total=0.427107, count=960
[13:18:52.779202] [WARNING] [pdc_server.c:696] PDC_SERVER[5]: [TIMER] id=1, name=close, avg=0.000216, total=0.207285, count=960
[13:18:52.779210] [WARNING] [pdc_server.c:696] PDC_SERVER[5]: [TIMER] id=3, name=write, avg=0.035033, total=33.632120, count=960
[13:18:52.779215] [WARNING] [pdc_server.c:696] PDC_SERVER[5]: [TIMER] id=4, name=total_graph_exec, avg=0.350445, total=336.426881, count=960
[13:18:52.777458] [WARNING] [pdc_server.c:696] PDC_SERVER[9]: [TIMER] id=0, name=open, avg=0.000514, total=0.493186, count=960
[13:18:52.779369] [WARNING] [pdc_server.c:696] PDC_SERVER[9]: [TIMER] id=1, name=close, avg=0.000236, total=0.226307, count=960
[13:18:52.779377] [WARNING] [pdc_server.c:696] PDC_SERVER[9]: [TIMER] id=3, name=write, avg=0.034827, total=33.434125, count=960
[13:18:52.779382] [WARNING] [pdc_server.c:696] PDC_SERVER[9]: [TIMER] id=4, name=total_graph_exec, avg=0.348795, total=334.842804, count=960
