NUM_NODES=1
DATA_SERVERS_PER_NODE=1
CLIENTS_PER_NODE=32
SERVER_TOTAL_TASKS=1
CLIENT_TOTAL_TASKS=32
PDC_LUSTRE_STRIPE_SIZE=8
removing old logs
running server script
+ pushd /pscratch/sd/n/nlewi26/src/work_space/source/pdc/build/bin
/pscratch/sd/n/nlewi26/src/work_space/source/pdc/build/bin /pscratch/sd/n/nlewi26/src/work_space/source/pdc/pdc_helper_scripts/vpicio_scripts
+ rm -rf /pscratch/sd/n/nlewi26/src/work_space/install/pdc/pdc_data
+ popd
+ srun -N 1 -n 1 --ntasks-per-node=1 --error=server_output_vpicio_raw_1.err --output=server_output_vpicio_raw_1.log ./pdc_server
/pscratch/sd/n/nlewi26/src/work_space/source/pdc/pdc_helper_scripts/vpicio_scripts

real	0m0.009s
user	0m0.000s
sys	0m0.008s
running client script
+ pushd /pscratch/sd/n/nlewi26/src/work_space/source/pdc/build/bin
/pscratch/sd/n/nlewi26/src/work_space/source/pdc/build/bin /pscratch/sd/n/nlewi26/src/work_space/source/pdc/pdc_helper_scripts/vpicio_scripts
+ srun -N 1 -n 32 --ntasks-per-node=32 --output=client_output_vpicio_raw_1.log --error=client_output_vpicio_raw_1.err ./vpicio_mts 8388608 5 40 raw
srun: error: nid004611: task 0: Exited with exit code 255
srun: Terminating StepId=48684310.1
srun: error: nid004611: tasks 1-31: Terminated
srun: Force Terminated StepId=48684310.1

real	3m1.406s
user	0m0.050s
sys	0m0.036s
closing server script
+ pushd /pscratch/sd/n/nlewi26/src/work_space/source/pdc/build/bin
/pscratch/sd/n/nlewi26/src/work_space/source/pdc/build/bin /pscratch/sd/n/nlewi26/src/work_space/source/pdc/pdc_helper_scripts/vpicio_scripts
+ srun -N 1 -n 1 --ntasks-per-node=1 --error=close_server_output_vpicio_raw_1.err --output=close_server_output_vpicio_raw_1.log ./close_server
+ popd
/pscratch/sd/n/nlewi26/src/work_space/source/pdc/pdc_helper_scripts/vpicio_scripts

real	0m0.387s
user	0m0.059s
sys	0m0.015s
logging data dir
find: ‘/pscratch/sd/n/nlewi26/src/work_space/install/pdc/pdc_data’: No such file or directory
running server script
+ pushd /pscratch/sd/n/nlewi26/src/work_space/source/pdc/build/bin
/pscratch/sd/n/nlewi26/src/work_space/source/pdc/build/bin /pscratch/sd/n/nlewi26/src/work_space/source/pdc/pdc_helper_scripts/vpicio_scripts
+ popd
/pscratch/sd/n/nlewi26/src/work_space/source/pdc/pdc_helper_scripts/vpicio_scripts
+ srun -N 1 -n 1 --ntasks-per-node=1 --error=server_output_bdcats_raw_1.err --output=server_output_bdcats_raw_1.log ./pdc_server restart

real	0m0.006s
user	0m0.000s
sys	0m0.005s
running client script
+ pushd /pscratch/sd/n/nlewi26/src/work_space/source/pdc/build/bin
/pscratch/sd/n/nlewi26/src/work_space/source/pdc/build/bin /pscratch/sd/n/nlewi26/src/work_space/source/pdc/pdc_helper_scripts/vpicio_scripts
+ srun -N 1 -n 32 --ntasks-per-node=32 --output=client_output_bdcats_raw_1.log --error=client_output_bdcats_raw_1.err ./bdcats_mts 8388608 5 40 raw
srun: error: nid004611: tasks 25,27,31: Exited with exit code 255
srun: Terminating StepId=48684310.3
srun: error: nid004611: tasks 0-24,26,28-30: Terminated
srun: Force Terminated StepId=48684310.3

real	0m1.064s
user	0m0.047s
sys	0m0.027s
closing server script
+ pushd /pscratch/sd/n/nlewi26/src/work_space/source/pdc/build/bin
/pscratch/sd/n/nlewi26/src/work_space/source/pdc/build/bin /pscratch/sd/n/nlewi26/src/work_space/source/pdc/pdc_helper_scripts/vpicio_scripts
+ srun -N 1 -n 1 --ntasks-per-node=1 --error=close_server_output_bdcats_raw_1.err --output=close_server_output_bdcats_raw_1.log ./close_server
+ popd
/pscratch/sd/n/nlewi26/src/work_space/source/pdc/pdc_helper_scripts/vpicio_scripts

real	0m0.358s
user	0m0.049s
sys	0m0.024s
