NUM_NODES=4
DATA_SERVERS_PER_NODE=1
CLIENTS_PER_NODE=32
SERVER_TOTAL_TASKS=4
CLIENT_TOTAL_TASKS=128
PDC_LUSTRE_STRIPE_SIZE=8
removing old logs
running server script
+ pushd /pscratch/sd/n/nlewi26/src/work_space/source/pdc/build/bin
/pscratch/sd/n/nlewi26/src/work_space/source/pdc/build/bin /pscratch/sd/n/nlewi26/src/work_space/source/pdc/pdc_helper_scripts/vpicio_scripts
+ rm -rf /pscratch/sd/n/nlewi26/src/work_space/install/pdc/pdc_data
+ popd
+ srun -N 4 -n 4 --ntasks-per-node=1 --error=server_output_vpicio_raw_4.err --output=server_output_vpicio_raw_4.log ./pdc_server
/pscratch/sd/n/nlewi26/src/work_space/source/pdc/pdc_helper_scripts/vpicio_scripts

real	0m0.156s
user	0m0.000s
sys	0m0.067s
running client script
+ pushd /pscratch/sd/n/nlewi26/src/work_space/source/pdc/build/bin
/pscratch/sd/n/nlewi26/src/work_space/source/pdc/build/bin /pscratch/sd/n/nlewi26/src/work_space/source/pdc/pdc_helper_scripts/vpicio_scripts
+ srun -N 4 -n 128 --ntasks-per-node=32 --output=client_output_vpicio_raw_4.log --error=client_output_vpicio_raw_4.err ./vpicio_mts 8388608 5 40 raw
+ popd
/pscratch/sd/n/nlewi26/src/work_space/source/pdc/pdc_helper_scripts/vpicio_scripts

real	3m36.478s
user	0m0.048s
sys	0m0.046s
closing server script
+ pushd /pscratch/sd/n/nlewi26/src/work_space/source/pdc/build/bin
/pscratch/sd/n/nlewi26/src/work_space/source/pdc/build/bin /pscratch/sd/n/nlewi26/src/work_space/source/pdc/pdc_helper_scripts/vpicio_scripts
+ srun -N 4 -n 4 --ntasks-per-node=1 --error=close_server_output_vpicio_raw_4.err --output=close_server_output_vpicio_raw_4.log ./close_server
+ popd
/pscratch/sd/n/nlewi26/src/work_space/source/pdc/pdc_helper_scripts/vpicio_scripts

real	0m12.991s
user	0m0.062s
sys	0m0.016s
logging data dir
/pscratch/sd/n/nlewi26/src/work_space/install/pdc/pdc_data/3000000007/server0/s0000.bin	1073741824	16	16777216	0,1,2,3,4,5,6,7,8,9,10,11,12,13,14,15
/pscratch/sd/n/nlewi26/src/work_space/install/pdc/pdc_data/3000000007/server3/s0003.bin	1073741824	16	16777216	48,49,50,51,52,53,54,55,56,57,58,59,60,61,62,63
/pscratch/sd/n/nlewi26/src/work_space/install/pdc/pdc_data/3000000007/server1/s0001.bin	1073741824	16	16777216	16,17,18,19,20,21,22,23,24,25,26,27,28,29,30,31
/pscratch/sd/n/nlewi26/src/work_space/install/pdc/pdc_data/3000000007/server2/s0002.bin	1073741824	16	16777216	32,33,34,35,36,37,38,39,40,41,42,43,44,45,46,47
/pscratch/sd/n/nlewi26/src/work_space/install/pdc/pdc_data/1000000003/server0/s0000.bin	1073741824	16	16777216	0,1,2,3,4,5,6,7,8,9,10,11,12,13,14,15
/pscratch/sd/n/nlewi26/src/work_space/install/pdc/pdc_data/1000000003/server3/s0003.bin	1073741824	16	16777216	48,49,50,51,52,53,54,55,56,57,58,59,60,61,62,63
/pscratch/sd/n/nlewi26/src/work_space/install/pdc/pdc_data/1000000003/server1/s0001.bin	1073741824	16	16777216	16,17,18,19,20,21,22,23,24,25,26,27,28,29,30,31
/pscratch/sd/n/nlewi26/src/work_space/install/pdc/pdc_data/1000000003/server2/s0002.bin	1073741824	16	16777216	32,33,34,35,36,37,38,39,40,41,42,43,44,45,46,47
/pscratch/sd/n/nlewi26/src/work_space/install/pdc/pdc_data/1000000000/server0/s0000.bin	1073741824	16	16777216	0,1,2,3,4,5,6,7,8,9,10,11,12,13,14,15
/pscratch/sd/n/nlewi26/src/work_space/install/pdc/pdc_data/1000000000/server3/s0003.bin	1073741824	16	16777216	48,49,50,51,52,53,54,55,56,57,58,59,60,61,62,63
/pscratch/sd/n/nlewi26/src/work_space/install/pdc/pdc_data/1000000000/server1/s0001.bin	1073741824	16	16777216	16,17,18,19,20,21,22,23,24,25,26,27,28,29,30,31
/pscratch/sd/n/nlewi26/src/work_space/install/pdc/pdc_data/1000000000/server2/s0002.bin	1073741824	16	16777216	32,33,34,35,36,37,38,39,40,41,42,43,44,45,46,47
/pscratch/sd/n/nlewi26/src/work_space/install/pdc/pdc_data/3000000002/server0/s0000.bin	1073741824	16	16777216	0,1,2,3,4,5,6,7,8,9,10,11,12,13,14,15
/pscratch/sd/n/nlewi26/src/work_space/install/pdc/pdc_data/3000000002/server3/s0003.bin	1073741824	16	16777216	48,49,50,51,52,53,54,55,56,57,58,59,60,61,62,63
/pscratch/sd/n/nlewi26/src/work_space/install/pdc/pdc_data/3000000002/server1/s0001.bin	1073741824	16	16777216	16,17,18,19,20,21,22,23,24,25,26,27,28,29,30,31
/pscratch/sd/n/nlewi26/src/work_space/install/pdc/pdc_data/3000000002/server2/s0002.bin	1073741824	16	16777216	32,33,34,35,36,37,38,39,40,41,42,43,44,45,46,47
/pscratch/sd/n/nlewi26/src/work_space/install/pdc/pdc_data/2000000004/server0/s0000.bin	1073741824	16	16777216	0,1,2,3,4,5,6,7,8,9,10,11,12,13,14,15
/pscratch/sd/n/nlewi26/src/work_space/install/pdc/pdc_data/2000000004/server3/s0003.bin	1073741824	16	16777216	48,49,50,51,52,53,54,55,56,57,58,59,60,61,62,63
/pscratch/sd/n/nlewi26/src/work_space/install/pdc/pdc_data/2000000004/server1/s0001.bin	1073741824	16	16777216	16,17,18,19,20,21,22,23,24,25,26,27,28,29,30,31
/pscratch/sd/n/nlewi26/src/work_space/install/pdc/pdc_data/2000000004/server2/s0002.bin	1073741824	16	16777216	32,33,34,35,36,37,38,39,40,41,42,43,44,45,46,47
/pscratch/sd/n/nlewi26/src/work_space/install/pdc/pdc_data/2000000006/server0/s0000.bin	1073741824	16	16777216	0,1,2,3,4,5,6,7,8,9,10,11,12,13,14,15
/pscratch/sd/n/nlewi26/src/work_space/install/pdc/pdc_data/2000000006/server3/s0003.bin	1073741824	16	16777216	48,49,50,51,52,53,54,55,56,57,58,59,60,61,62,63
/pscratch/sd/n/nlewi26/src/work_space/install/pdc/pdc_data/2000000006/server1/s0001.bin	1073741824	16	16777216	16,17,18,19,20,21,22,23,24,25,26,27,28,29,30,31
/pscratch/sd/n/nlewi26/src/work_space/install/pdc/pdc_data/2000000006/server2/s0002.bin	1073741824	16	16777216	32,33,34,35,36,37,38,39,40,41,42,43,44,45,46,47
/pscratch/sd/n/nlewi26/src/work_space/install/pdc/pdc_data/1000000002/server0/s0000.bin	1073741824	16	16777216	0,1,2,3,4,5,6,7,8,9,10,11,12,13,14,15
/pscratch/sd/n/nlewi26/src/work_space/install/pdc/pdc_data/1000000002/server3/s0003.bin	1073741824	16	16777216	48,49,50,51,52,53,54,55,56,57,58,59,60,61,62,63
/pscratch/sd/n/nlewi26/src/work_space/install/pdc/pdc_data/1000000002/server1/s0001.bin	1073741824	16	16777216	16,17,18,19,20,21,22,23,24,25,26,27,28,29,30,31
/pscratch/sd/n/nlewi26/src/work_space/install/pdc/pdc_data/1000000002/server2/s0002.bin	1073741824	16	16777216	32,33,34,35,36,37,38,39,40,41,42,43,44,45,46,47
/pscratch/sd/n/nlewi26/src/work_space/install/pdc/pdc_data/3000000008/server0/s0000.bin	1073741824	16	16777216	0,1,2,3,4,5,6,7,8,9,10,11,12,13,14,15
/pscratch/sd/n/nlewi26/src/work_space/install/pdc/pdc_data/3000000008/server3/s0003.bin	1073741824	16	16777216	48,49,50,51,52,53,54,55,56,57,58,59,60,61,62,63
/pscratch/sd/n/nlewi26/src/work_space/install/pdc/pdc_data/3000000008/server1/s0001.bin	1073741824	16	16777216	16,17,18,19,20,21,22,23,24,25,26,27,28,29,30,31
/pscratch/sd/n/nlewi26/src/work_space/install/pdc/pdc_data/3000000008/server2/s0002.bin	1073741824	16	16777216	32,33,34,35,36,37,38,39,40,41,42,43,44,45,46,47
/pscratch/sd/n/nlewi26/src/work_space/install/pdc/pdc_data/1000000004/server0/s0000.bin	1073741824	16	16777216	0,1,2,3,4,5,6,7,8,9,10,11,12,13,14,15
/pscratch/sd/n/nlewi26/src/work_space/install/pdc/pdc_data/1000000004/server3/s0003.bin	1073741824	16	16777216	48,49,50,51,52,53,54,55,56,57,58,59,60,61,62,63
/pscratch/sd/n/nlewi26/src/work_space/install/pdc/pdc_data/1000000004/server1/s0001.bin	1073741824	16	16777216	16,17,18,19,20,21,22,23,24,25,26,27,28,29,30,31
/pscratch/sd/n/nlewi26/src/work_space/install/pdc/pdc_data/1000000004/server2/s0002.bin	1073741824	16	16777216	32,33,34,35,36,37,38,39,40,41,42,43,44,45,46,47
/pscratch/sd/n/nlewi26/src/work_space/install/pdc/pdc_data/3000000003/server0/s0000.bin	1073741824	16	16777216	0,1,2,3,4,5,6,7,8,9,10,11,12,13,14,15
/pscratch/sd/n/nlewi26/src/work_space/install/pdc/pdc_data/3000000003/server3/s0003.bin	1073741824	16	16777216	48,49,50,51,52,53,54,55,56,57,58,59,60,61,62,63
/pscratch/sd/n/nlewi26/src/work_space/install/pdc/pdc_data/3000000003/server1/s0001.bin	1073741824	16	16777216	16,17,18,19,20,21,22,23,24,25,26,27,28,29,30,31
/pscratch/sd/n/nlewi26/src/work_space/install/pdc/pdc_data/3000000003/server2/s0002.bin	1073741824	16	16777216	32,33,34,35,36,37,38,39,40,41,42,43,44,45,46,47
/pscratch/sd/n/nlewi26/src/work_space/install/pdc/pdc_data/2000000005/server0/s0000.bin	1073741824	16	16777216	0,1,2,3,4,5,6,7,8,9,10,11,12,13,14,15
/pscratch/sd/n/nlewi26/src/work_space/install/pdc/pdc_data/2000000005/server3/s0003.bin	1073741824	16	16777216	48,49,50,51,52,53,54,55,56,57,58,59,60,61,62,63
/pscratch/sd/n/nlewi26/src/work_space/install/pdc/pdc_data/2000000005/server1/s0001.bin	1073741824	16	16777216	16,17,18,19,20,21,22,23,24,25,26,27,28,29,30,31
/pscratch/sd/n/nlewi26/src/work_space/install/pdc/pdc_data/2000000005/server2/s0002.bin	1073741824	16	16777216	32,33,34,35,36,37,38,39,40,41,42,43,44,45,46,47
/pscratch/sd/n/nlewi26/src/work_space/install/pdc/pdc_data/1000000010/server0/s0000.bin	1073741824	16	16777216	0,1,2,3,4,5,6,7,8,9,10,11,12,13,14,15
/pscratch/sd/n/nlewi26/src/work_space/install/pdc/pdc_data/1000000010/server3/s0003.bin	1073741824	16	16777216	48,49,50,51,52,53,54,55,56,57,58,59,60,61,62,63
/pscratch/sd/n/nlewi26/src/work_space/install/pdc/pdc_data/1000000010/server1/s0001.bin	1073741824	16	16777216	16,17,18,19,20,21,22,23,24,25,26,27,28,29,30,31
/pscratch/sd/n/nlewi26/src/work_space/install/pdc/pdc_data/1000000010/server2/s0002.bin	1073741824	16	16777216	32,33,34,35,36,37,38,39,40,41,42,43,44,45,46,47
/pscratch/sd/n/nlewi26/src/work_space/install/pdc/pdc_data/4000000005/server0/s0000.bin	1073741824	16	16777216	0,1,2,3,4,5,6,7,8,9,10,11,12,13,14,15
/pscratch/sd/n/nlewi26/src/work_space/install/pdc/pdc_data/4000000005/server3/s0003.bin	1073741824	16	16777216	48,49,50,51,52,53,54,55,56,57,58,59,60,61,62,63
/pscratch/sd/n/nlewi26/src/work_space/install/pdc/pdc_data/4000000005/server1/s0001.bin	1073741824	16	16777216	16,17,18,19,20,21,22,23,24,25,26,27,28,29,30,31
/pscratch/sd/n/nlewi26/src/work_space/install/pdc/pdc_data/4000000005/server2/s0002.bin	1073741824	16	16777216	32,33,34,35,36,37,38,39,40,41,42,43,44,45,46,47
/pscratch/sd/n/nlewi26/src/work_space/install/pdc/pdc_data/2000000001/server0/s0000.bin	1073741824	16	16777216	0,1,2,3,4,5,6,7,8,9,10,11,12,13,14,15
/pscratch/sd/n/nlewi26/src/work_space/install/pdc/pdc_data/2000000001/server3/s0003.bin	1073741824	16	16777216	48,49,50,51,52,53,54,55,56,57,58,59,60,61,62,63
/pscratch/sd/n/nlewi26/src/work_space/install/pdc/pdc_data/2000000001/server1/s0001.bin	1073741824	16	16777216	16,17,18,19,20,21,22,23,24,25,26,27,28,29,30,31
/pscratch/sd/n/nlewi26/src/work_space/install/pdc/pdc_data/2000000001/server2/s0002.bin	1073741824	16	16777216	32,33,34,35,36,37,38,39,40,41,42,43,44,45,46,47
/pscratch/sd/n/nlewi26/src/work_space/install/pdc/pdc_data/2000000003/server0/s0000.bin	1073741824	16	16777216	0,1,2,3,4,5,6,7,8,9,10,11,12,13,14,15
/pscratch/sd/n/nlewi26/src/work_space/install/pdc/pdc_data/2000000003/server3/s0003.bin	1073741824	16	16777216	48,49,50,51,52,53,54,55,56,57,58,59,60,61,62,63
/pscratch/sd/n/nlewi26/src/work_space/install/pdc/pdc_data/2000000003/server1/s0001.bin	1073741824	16	16777216	16,17,18,19,20,21,22,23,24,25,26,27,28,29,30,31
/pscratch/sd/n/nlewi26/src/work_space/install/pdc/pdc_data/2000000003/server2/s0002.bin	1073741824	16	16777216	32,33,34,35,36,37,38,39,40,41,42,43,44,45,46,47
/pscratch/sd/n/nlewi26/src/work_space/install/pdc/pdc_data/3000000005/server0/s0000.bin	1073741824	16	16777216	0,1,2,3,4,5,6,7,8,9,10,11,12,13,14,15
/pscratch/sd/n/nlewi26/src/work_space/install/pdc/pdc_data/3000000005/server3/s0003.bin	1073741824	16	16777216	48,49,50,51,52,53,54,55,56,57,58,59,60,61,62,63
/pscratch/sd/n/nlewi26/src/work_space/install/pdc/pdc_data/3000000005/server1/s0001.bin	1073741824	16	16777216	16,17,18,19,20,21,22,23,24,25,26,27,28,29,30,31
/pscratch/sd/n/nlewi26/src/work_space/install/pdc/pdc_data/3000000005/server2/s0002.bin	1073741824	16	16777216	32,33,34,35,36,37,38,39,40,41,42,43,44,45,46,47
/pscratch/sd/n/nlewi26/src/work_space/install/pdc/pdc_data/4000000002/server0/s0000.bin	1073741824	16	16777216	0,1,2,3,4,5,6,7,8,9,10,11,12,13,14,15
/pscratch/sd/n/nlewi26/src/work_space/install/pdc/pdc_data/4000000002/server3/s0003.bin	1073741824	16	16777216	48,49,50,51,52,53,54,55,56,57,58,59,60,61,62,63
/pscratch/sd/n/nlewi26/src/work_space/install/pdc/pdc_data/4000000002/server1/s0001.bin	1073741824	16	16777216	16,17,18,19,20,21,22,23,24,25,26,27,28,29,30,31
/pscratch/sd/n/nlewi26/src/work_space/install/pdc/pdc_data/4000000002/server2/s0002.bin	1073741824	16	16777216	32,33,34,35,36,37,38,39,40,41,42,43,44,45,46,47
/pscratch/sd/n/nlewi26/src/work_space/install/pdc/pdc_data/1000000006/server0/s0000.bin	1073741824	16	16777216	0,1,2,3,4,5,6,7,8,9,10,11,12,13,14,15
/pscratch/sd/n/nlewi26/src/work_space/install/pdc/pdc_data/1000000006/server3/s0003.bin	1073741824	16	16777216	48,49,50,51,52,53,54,55,56,57,58,59,60,61,62,63
/pscratch/sd/n/nlewi26/src/work_space/install/pdc/pdc_data/1000000006/server1/s0001.bin	1073741824	16	16777216	16,17,18,19,20,21,22,23,24,25,26,27,28,29,30,31
/pscratch/sd/n/nlewi26/src/work_space/install/pdc/pdc_data/1000000006/server2/s0002.bin	1073741824	16	16777216	32,33,34,35,36,37,38,39,40,41,42,43,44,45,46,47
/pscratch/sd/n/nlewi26/src/work_space/install/pdc/pdc_data/4000000004/server0/s0000.bin	1073741824	16	16777216	0,1,2,3,4,5,6,7,8,9,10,11,12,13,14,15
/pscratch/sd/n/nlewi26/src/work_space/install/pdc/pdc_data/4000000004/server3/s0003.bin	1073741824	16	16777216	48,49,50,51,52,53,54,55,56,57,58,59,60,61,62,63
/pscratch/sd/n/nlewi26/src/work_space/install/pdc/pdc_data/4000000004/server1/s0001.bin	1073741824	16	16777216	16,17,18,19,20,21,22,23,24,25,26,27,28,29,30,31
/pscratch/sd/n/nlewi26/src/work_space/install/pdc/pdc_data/4000000004/server2/s0002.bin	1073741824	16	16777216	32,33,34,35,36,37,38,39,40,41,42,43,44,45,46,47
/pscratch/sd/n/nlewi26/src/work_space/install/pdc/pdc_data/2000000008/server0/s0000.bin	1073741824	16	16777216	0,1,2,3,4,5,6,7,8,9,10,11,12,13,14,15
/pscratch/sd/n/nlewi26/src/work_space/install/pdc/pdc_data/2000000008/server3/s0003.bin	1073741824	16	16777216	48,49,50,51,52,53,54,55,56,57,58,59,60,61,62,63
/pscratch/sd/n/nlewi26/src/work_space/install/pdc/pdc_data/2000000008/server1/s0001.bin	1073741824	16	16777216	16,17,18,19,20,21,22,23,24,25,26,27,28,29,30,31
/pscratch/sd/n/nlewi26/src/work_space/install/pdc/pdc_data/2000000008/server2/s0002.bin	1073741824	16	16777216	32,33,34,35,36,37,38,39,40,41,42,43,44,45,46,47
/pscratch/sd/n/nlewi26/src/work_space/install/pdc/pdc_data/4000000003/server0/s0000.bin	1073741824	16	16777216	0,1,2,3,4,5,6,7,8,9,10,11,12,13,14,15
/pscratch/sd/n/nlewi26/src/work_space/install/pdc/pdc_data/4000000003/server3/s0003.bin	1073741824	16	16777216	48,49,50,51,52,53,54,55,56,57,58,59,60,61,62,63
/pscratch/sd/n/nlewi26/src/work_space/install/pdc/pdc_data/4000000003/server1/s0001.bin	1073741824	16	16777216	16,17,18,19,20,21,22,23,24,25,26,27,28,29,30,31
/pscratch/sd/n/nlewi26/src/work_space/install/pdc/pdc_data/4000000003/server2/s0002.bin	1073741824	16	16777216	32,33,34,35,36,37,38,39,40,41,42,43,44,45,46,47
/pscratch/sd/n/nlewi26/src/work_space/install/pdc/pdc_data/2000000007/server0/s0000.bin	1073741824	16	16777216	0,1,2,3,4,5,6,7,8,9,10,11,12,13,14,15
/pscratch/sd/n/nlewi26/src/work_space/install/pdc/pdc_data/2000000007/server3/s0003.bin	1073741824	16	16777216	48,49,50,51,52,53,54,55,56,57,58,59,60,61,62,63
/pscratch/sd/n/nlewi26/src/work_space/install/pdc/pdc_data/2000000007/server1/s0001.bin	1073741824	16	16777216	16,17,18,19,20,21,22,23,24,25,26,27,28,29,30,31
/pscratch/sd/n/nlewi26/src/work_space/install/pdc/pdc_data/2000000007/server2/s0002.bin	1073741824	16	16777216	32,33,34,35,36,37,38,39,40,41,42,43,44,45,46,47
/pscratch/sd/n/nlewi26/src/work_space/install/pdc/pdc_data/1000000005/server0/s0000.bin	1073741824	16	16777216	0,1,2,3,4,5,6,7,8,9,10,11,12,13,14,15
/pscratch/sd/n/nlewi26/src/work_space/install/pdc/pdc_data/1000000005/server3/s0003.bin	1073741824	16	16777216	48,49,50,51,52,53,54,55,56,57,58,59,60,61,62,63
/pscratch/sd/n/nlewi26/src/work_space/install/pdc/pdc_data/1000000005/server1/s0001.bin	1073741824	16	16777216	16,17,18,19,20,21,22,23,24,25,26,27,28,29,30,31
/pscratch/sd/n/nlewi26/src/work_space/install/pdc/pdc_data/1000000005/server2/s0002.bin	1073741824	16	16777216	32,33,34,35,36,37,38,39,40,41,42,43,44,45,46,47
/pscratch/sd/n/nlewi26/src/work_space/install/pdc/pdc_data/4000000001/server0/s0000.bin	1073741824	16	16777216	0,1,2,3,4,5,6,7,8,9,10,11,12,13,14,15
/pscratch/sd/n/nlewi26/src/work_space/install/pdc/pdc_data/4000000001/server3/s0003.bin	1073741824	16	16777216	48,49,50,51,52,53,54,55,56,57,58,59,60,61,62,63
/pscratch/sd/n/nlewi26/src/work_space/install/pdc/pdc_data/4000000001/server1/s0001.bin	1073741824	16	16777216	16,17,18,19,20,21,22,23,24,25,26,27,28,29,30,31
/pscratch/sd/n/nlewi26/src/work_space/install/pdc/pdc_data/4000000001/server2/s0002.bin	1073741824	16	16777216	32,33,34,35,36,37,38,39,40,41,42,43,44,45,46,47
/pscratch/sd/n/nlewi26/src/work_space/install/pdc/pdc_data/1000000009/server0/s0000.bin	1073741824	16	16777216	0,1,2,3,4,5,6,7,8,9,10,11,12,13,14,15
/pscratch/sd/n/nlewi26/src/work_space/install/pdc/pdc_data/1000000009/server3/s0003.bin	1073741824	16	16777216	48,49,50,51,52,53,54,55,56,57,58,59,60,61,62,63
/pscratch/sd/n/nlewi26/src/work_space/install/pdc/pdc_data/1000000009/server1/s0001.bin	1073741824	16	16777216	16,17,18,19,20,21,22,23,24,25,26,27,28,29,30,31
/pscratch/sd/n/nlewi26/src/work_space/install/pdc/pdc_data/1000000009/server2/s0002.bin	1073741824	16	16777216	32,33,34,35,36,37,38,39,40,41,42,43,44,45,46,47
/pscratch/sd/n/nlewi26/src/work_space/install/pdc/pdc_data/1000000008/server0/s0000.bin	1073741824	16	16777216	0,1,2,3,4,5,6,7,8,9,10,11,12,13,14,15
/pscratch/sd/n/nlewi26/src/work_space/install/pdc/pdc_data/1000000008/server3/s0003.bin	1073741824	16	16777216	48,49,50,51,52,53,54,55,56,57,58,59,60,61,62,63
/pscratch/sd/n/nlewi26/src/work_space/install/pdc/pdc_data/1000000008/server1/s0001.bin	1073741824	16	16777216	16,17,18,19,20,21,22,23,24,25,26,27,28,29,30,31
/pscratch/sd/n/nlewi26/src/work_space/install/pdc/pdc_data/1000000008/server2/s0002.bin	1073741824	16	16777216	32,33,34,35,36,37,38,39,40,41,42,43,44,45,46,47
/pscratch/sd/n/nlewi26/src/work_space/install/pdc/pdc_data/2000000002/server0/s0000.bin	1073741824	16	16777216	0,1,2,3,4,5,6,7,8,9,10,11,12,13,14,15
/pscratch/sd/n/nlewi26/src/work_space/install/pdc/pdc_data/2000000002/server3/s0003.bin	1073741824	16	16777216	48,49,50,51,52,53,54,55,56,57,58,59,60,61,62,63
/pscratch/sd/n/nlewi26/src/work_space/install/pdc/pdc_data/2000000002/server1/s0001.bin	1073741824	16	16777216	16,17,18,19,20,21,22,23,24,25,26,27,28,29,30,31
/pscratch/sd/n/nlewi26/src/work_space/install/pdc/pdc_data/2000000002/server2/s0002.bin	1073741824	16	16777216	32,33,34,35,36,37,38,39,40,41,42,43,44,45,46,47
/pscratch/sd/n/nlewi26/src/work_space/install/pdc/pdc_data/4000000006/server0/s0000.bin	1073741824	16	16777216	0,1,2,3,4,5,6,7,8,9,10,11,12,13,14,15
/pscratch/sd/n/nlewi26/src/work_space/install/pdc/pdc_data/4000000006/server3/s0003.bin	1073741824	16	16777216	48,49,50,51,52,53,54,55,56,57,58,59,60,61,62,63
/pscratch/sd/n/nlewi26/src/work_space/install/pdc/pdc_data/4000000006/server1/s0001.bin	1073741824	16	16777216	16,17,18,19,20,21,22,23,24,25,26,27,28,29,30,31
/pscratch/sd/n/nlewi26/src/work_space/install/pdc/pdc_data/4000000006/server2/s0002.bin	1073741824	16	16777216	32,33,34,35,36,37,38,39,40,41,42,43,44,45,46,47
/pscratch/sd/n/nlewi26/src/work_space/install/pdc/pdc_data/3000000009/server0/s0000.bin	1073741824	16	16777216	0,1,2,3,4,5,6,7,8,9,10,11,12,13,14,15
/pscratch/sd/n/nlewi26/src/work_space/install/pdc/pdc_data/3000000009/server3/s0003.bin	1073741824	16	16777216	48,49,50,51,52,53,54,55,56,57,58,59,60,61,62,63
/pscratch/sd/n/nlewi26/src/work_space/install/pdc/pdc_data/3000000009/server1/s0001.bin	1073741824	16	16777216	16,17,18,19,20,21,22,23,24,25,26,27,28,29,30,31
/pscratch/sd/n/nlewi26/src/work_space/install/pdc/pdc_data/3000000009/server2/s0002.bin	1073741824	16	16777216	32,33,34,35,36,37,38,39,40,41,42,43,44,45,46,47
/pscratch/sd/n/nlewi26/src/work_space/install/pdc/pdc_data/3000000000/server0/s0000.bin	1073741824	16	16777216	0,1,2,3,4,5,6,7,8,9,10,11,12,13,14,15
/pscratch/sd/n/nlewi26/src/work_space/install/pdc/pdc_data/3000000000/server3/s0003.bin	1073741824	16	16777216	48,49,50,51,52,53,54,55,56,57,58,59,60,61,62,63
/pscratch/sd/n/nlewi26/src/work_space/install/pdc/pdc_data/3000000000/server1/s0001.bin	1073741824	16	16777216	16,17,18,19,20,21,22,23,24,25,26,27,28,29,30,31
/pscratch/sd/n/nlewi26/src/work_space/install/pdc/pdc_data/3000000000/server2/s0002.bin	1073741824	16	16777216	32,33,34,35,36,37,38,39,40,41,42,43,44,45,46,47
/pscratch/sd/n/nlewi26/src/work_space/install/pdc/pdc_data/2000000009/server0/s0000.bin	1073741824	16	16777216	0,1,2,3,4,5,6,7,8,9,10,11,12,13,14,15
/pscratch/sd/n/nlewi26/src/work_space/install/pdc/pdc_data/2000000009/server3/s0003.bin	1073741824	16	16777216	48,49,50,51,52,53,54,55,56,57,58,59,60,61,62,63
/pscratch/sd/n/nlewi26/src/work_space/install/pdc/pdc_data/2000000009/server1/s0001.bin	1073741824	16	16777216	16,17,18,19,20,21,22,23,24,25,26,27,28,29,30,31
/pscratch/sd/n/nlewi26/src/work_space/install/pdc/pdc_data/2000000009/server2/s0002.bin	1073741824	16	16777216	32,33,34,35,36,37,38,39,40,41,42,43,44,45,46,47
/pscratch/sd/n/nlewi26/src/work_space/install/pdc/pdc_data/4000000007/server0/s0000.bin	1073741824	16	16777216	0,1,2,3,4,5,6,7,8,9,10,11,12,13,14,15
/pscratch/sd/n/nlewi26/src/work_space/install/pdc/pdc_data/4000000007/server3/s0003.bin	1073741824	16	16777216	48,49,50,51,52,53,54,55,56,57,58,59,60,61,62,63
/pscratch/sd/n/nlewi26/src/work_space/install/pdc/pdc_data/4000000007/server1/s0001.bin	1073741824	16	16777216	16,17,18,19,20,21,22,23,24,25,26,27,28,29,30,31
/pscratch/sd/n/nlewi26/src/work_space/install/pdc/pdc_data/4000000007/server2/s0002.bin	1073741824	16	16777216	32,33,34,35,36,37,38,39,40,41,42,43,44,45,46,47
/pscratch/sd/n/nlewi26/src/work_space/install/pdc/pdc_data/3000000001/server0/s0000.bin	1073741824	16	16777216	0,1,2,3,4,5,6,7,8,9,10,11,12,13,14,15
/pscratch/sd/n/nlewi26/src/work_space/install/pdc/pdc_data/3000000001/server3/s0003.bin	1073741824	16	16777216	48,49,50,51,52,53,54,55,56,57,58,59,60,61,62,63
/pscratch/sd/n/nlewi26/src/work_space/install/pdc/pdc_data/3000000001/server1/s0001.bin	1073741824	16	16777216	16,17,18,19,20,21,22,23,24,25,26,27,28,29,30,31
/pscratch/sd/n/nlewi26/src/work_space/install/pdc/pdc_data/3000000001/server2/s0002.bin	1073741824	16	16777216	32,33,34,35,36,37,38,39,40,41,42,43,44,45,46,47
/pscratch/sd/n/nlewi26/src/work_space/install/pdc/pdc_data/3000000004/server0/s0000.bin	1073741824	16	16777216	0,1,2,3,4,5,6,7,8,9,10,11,12,13,14,15
/pscratch/sd/n/nlewi26/src/work_space/install/pdc/pdc_data/3000000004/server3/s0003.bin	1073741824	16	16777216	48,49,50,51,52,53,54,55,56,57,58,59,60,61,62,63
/pscratch/sd/n/nlewi26/src/work_space/install/pdc/pdc_data/3000000004/server1/s0001.bin	1073741824	16	16777216	16,17,18,19,20,21,22,23,24,25,26,27,28,29,30,31
/pscratch/sd/n/nlewi26/src/work_space/install/pdc/pdc_data/3000000004/server2/s0002.bin	1073741824	16	16777216	32,33,34,35,36,37,38,39,40,41,42,43,44,45,46,47
/pscratch/sd/n/nlewi26/src/work_space/install/pdc/pdc_data/1000000007/server0/s0000.bin	1073741824	16	16777216	0,1,2,3,4,5,6,7,8,9,10,11,12,13,14,15
/pscratch/sd/n/nlewi26/src/work_space/install/pdc/pdc_data/1000000007/server3/s0003.bin	1073741824	16	16777216	48,49,50,51,52,53,54,55,56,57,58,59,60,61,62,63
/pscratch/sd/n/nlewi26/src/work_space/install/pdc/pdc_data/1000000007/server1/s0001.bin	1073741824	16	16777216	16,17,18,19,20,21,22,23,24,25,26,27,28,29,30,31
/pscratch/sd/n/nlewi26/src/work_space/install/pdc/pdc_data/1000000007/server2/s0002.bin	1073741824	16	16777216	32,33,34,35,36,37,38,39,40,41,42,43,44,45,46,47
/pscratch/sd/n/nlewi26/src/work_space/install/pdc/pdc_data/4000000000/server0/s0000.bin	1073741824	16	16777216	0,1,2,3,4,5,6,7,8,9,10,11,12,13,14,15
/pscratch/sd/n/nlewi26/src/work_space/install/pdc/pdc_data/4000000000/server3/s0003.bin	1073741824	16	16777216	48,49,50,51,52,53,54,55,56,57,58,59,60,61,62,63
/pscratch/sd/n/nlewi26/src/work_space/install/pdc/pdc_data/4000000000/server1/s0001.bin	1073741824	16	16777216	16,17,18,19,20,21,22,23,24,25,26,27,28,29,30,31
/pscratch/sd/n/nlewi26/src/work_space/install/pdc/pdc_data/4000000000/server2/s0002.bin	1073741824	16	16777216	32,33,34,35,36,37,38,39,40,41,42,43,44,45,46,47
/pscratch/sd/n/nlewi26/src/work_space/install/pdc/pdc_data/3000000006/server0/s0000.bin	1073741824	16	16777216	0,1,2,3,4,5,6,7,8,9,10,11,12,13,14,15
/pscratch/sd/n/nlewi26/src/work_space/install/pdc/pdc_data/3000000006/server3/s0003.bin	1073741824	16	16777216	48,49,50,51,52,53,54,55,56,57,58,59,60,61,62,63
/pscratch/sd/n/nlewi26/src/work_space/install/pdc/pdc_data/3000000006/server1/s0001.bin	1073741824	16	16777216	16,17,18,19,20,21,22,23,24,25,26,27,28,29,30,31
/pscratch/sd/n/nlewi26/src/work_space/install/pdc/pdc_data/3000000006/server2/s0002.bin	1073741824	16	16777216	32,33,34,35,36,37,38,39,40,41,42,43,44,45,46,47
/pscratch/sd/n/nlewi26/src/work_space/install/pdc/pdc_data/1000000001/server0/s0000.bin	1073741824	16	16777216	0,1,2,3,4,5,6,7,8,9,10,11,12,13,14,15
/pscratch/sd/n/nlewi26/src/work_space/install/pdc/pdc_data/1000000001/server3/s0003.bin	1073741824	16	16777216	48,49,50,51,52,53,54,55,56,57,58,59,60,61,62,63
/pscratch/sd/n/nlewi26/src/work_space/install/pdc/pdc_data/1000000001/server1/s0001.bin	1073741824	16	16777216	16,17,18,19,20,21,22,23,24,25,26,27,28,29,30,31
/pscratch/sd/n/nlewi26/src/work_space/install/pdc/pdc_data/1000000001/server2/s0002.bin	1073741824	16	16777216	32,33,34,35,36,37,38,39,40,41,42,43,44,45,46,47
/pscratch/sd/n/nlewi26/src/work_space/install/pdc/pdc_data/1000000012/server0/s0000.bin	1073741824	16	16777216	0,1,2,3,4,5,6,7,8,9,10,11,12,13,14,15
/pscratch/sd/n/nlewi26/src/work_space/install/pdc/pdc_data/1000000012/server3/s0003.bin	1073741824	16	16777216	48,49,50,51,52,53,54,55,56,57,58,59,60,61,62,63
/pscratch/sd/n/nlewi26/src/work_space/install/pdc/pdc_data/1000000012/server1/s0001.bin	1073741824	16	16777216	16,17,18,19,20,21,22,23,24,25,26,27,28,29,30,31
/pscratch/sd/n/nlewi26/src/work_space/install/pdc/pdc_data/1000000012/server2/s0002.bin	1073741824	16	16777216	32,33,34,35,36,37,38,39,40,41,42,43,44,45,46,47
/pscratch/sd/n/nlewi26/src/work_space/install/pdc/pdc_data/1000000011/server0/s0000.bin	1073741824	16	16777216	0,1,2,3,4,5,6,7,8,9,10,11,12,13,14,15
/pscratch/sd/n/nlewi26/src/work_space/install/pdc/pdc_data/1000000011/server3/s0003.bin	1073741824	16	16777216	48,49,50,51,52,53,54,55,56,57,58,59,60,61,62,63
/pscratch/sd/n/nlewi26/src/work_space/install/pdc/pdc_data/1000000011/server1/s0001.bin	1073741824	16	16777216	16,17,18,19,20,21,22,23,24,25,26,27,28,29,30,31
/pscratch/sd/n/nlewi26/src/work_space/install/pdc/pdc_data/1000000011/server2/s0002.bin	1073741824	16	16777216	32,33,34,35,36,37,38,39,40,41,42,43,44,45,46,47
running server script
+ pushd /pscratch/sd/n/nlewi26/src/work_space/source/pdc/build/bin
/pscratch/sd/n/nlewi26/src/work_space/source/pdc/build/bin /pscratch/sd/n/nlewi26/src/work_space/source/pdc/pdc_helper_scripts/vpicio_scripts
+ popd
+ srun -N 4 -n 4 --ntasks-per-node=1 --error=server_output_bdcats_raw_4.err --output=server_output_bdcats_raw_4.log ./pdc_server restart
/pscratch/sd/n/nlewi26/src/work_space/source/pdc/pdc_helper_scripts/vpicio_scripts

real	0m0.007s
user	0m0.000s
sys	0m0.005s
running client script
+ pushd /pscratch/sd/n/nlewi26/src/work_space/source/pdc/build/bin
/pscratch/sd/n/nlewi26/src/work_space/source/pdc/build/bin /pscratch/sd/n/nlewi26/src/work_space/source/pdc/pdc_helper_scripts/vpicio_scripts
+ srun -N 4 -n 128 --ntasks-per-node=32 --output=client_output_bdcats_raw_4.log --error=client_output_bdcats_raw_4.err ./bdcats_mts 8388608 5 40 raw
+ popd
/pscratch/sd/n/nlewi26/src/work_space/source/pdc/pdc_helper_scripts/vpicio_scripts

real	3m41.141s
user	0m0.052s
sys	0m0.068s
closing server script
+ pushd /pscratch/sd/n/nlewi26/src/work_space/source/pdc/build/bin
/pscratch/sd/n/nlewi26/src/work_space/source/pdc/build/bin /pscratch/sd/n/nlewi26/src/work_space/source/pdc/pdc_helper_scripts/vpicio_scripts
+ srun -N 4 -n 4 --ntasks-per-node=1 --error=close_server_output_bdcats_raw_4.err --output=close_server_output_bdcats_raw_4.log ./close_server
+ popd
/pscratch/sd/n/nlewi26/src/work_space/source/pdc/pdc_helper_scripts/vpicio_scripts

real	0m1.257s
user	0m0.051s
sys	0m0.028s
