[11:08:11.904264] [WARNING] [pdc_server.c:1641] PDC_SERVER[0]: Restart from checkpoint start
[11:08:11.905940] [WARNING] [pdc_server.c:1914] PDC_SERVER[0]: Reading checkpoint transformations start
[11:08:11.908302] [WARNING] [pdc_server.c:2040] PDC_SERVER[0]: Reading checkpoint transformations done
[11:08:11.919983] [WARNING] [pdc_server.c:2064] PDC_SERVER[0]: Restart from checkpoint done
[11:08:27.936501] [WARNING] [pdc_server_data.c:122] PDC_SERVER[0]: Total Lustre OSTs, PDC Servers: 256, 128
[11:08:27.936513] [WARNING] [pdc_server_data.c:123] PDC_SERVER[0]: Setting Lustre stripe count to 2 and size to 16 MB
[11:12:44.285897] [WARNING] [pdc_server.c:1184] PDC_SERVER[0]: Checkpoint start
[11:12:44.309718] [WARNING] [pdc_server.c:1376] PDC_SERVER[0]: Writing checkpoint transformations start
[11:12:44.310610] [WARNING] [pdc_server.c:1558] PDC_SERVER[0]: Writing checkpoint transformations done
[11:12:44.331276] [WARNING] [pdc_server.c:1595] PDC_SERVER[0]: Rank[ALL]: Total checkpoint time = 0.045354
[11:12:44.332334] [WARNING] [pdc_server.c:1602] PDC_SERVER[0]: Checkpointing done
[11:12:44.332390] [WARNING] [pdc_server.c:696] PDC_SERVER[0]: [TIMER] id=0, name=open, avg=0.000293, total=0.281338, count=960
[11:12:44.332401] [WARNING] [pdc_server.c:696] PDC_SERVER[0]: [TIMER] id=1, name=close, avg=0.000209, total=0.200206, count=960
[11:12:44.332406] [WARNING] [pdc_server.c:696] PDC_SERVER[0]: [TIMER] id=2, name=read, avg=0.020479, total=19.659361, count=960
[11:12:44.332411] [WARNING] [pdc_server.c:696] PDC_SERVER[0]: [TIMER] id=4, name=total_graph_exec, avg=0.012705, total=12.197260, count=960
[11:12:44.332357] [WARNING] [pdc_server.c:696] PDC_SERVER[28]: [TIMER] id=0, name=open, avg=0.000315, total=0.302569, count=960
[11:12:44.332429] [WARNING] [pdc_server.c:696] PDC_SERVER[28]: [TIMER] id=1, name=close, avg=0.000243, total=0.233605, count=960
[11:12:44.332435] [WARNING] [pdc_server.c:696] PDC_SERVER[28]: [TIMER] id=2, name=read, avg=0.037105, total=35.620654, count=960
[11:12:44.332440] [WARNING] [pdc_server.c:696] PDC_SERVER[28]: [TIMER] id=4, name=total_graph_exec, avg=0.014198, total=13.630422, count=960
[11:12:44.332402] [WARNING] [pdc_server.c:696] PDC_SERVER[24]: [TIMER] id=0, name=open, avg=0.000273, total=0.261779, count=960
[11:12:44.332475] [WARNING] [pdc_server.c:696] PDC_SERVER[24]: [TIMER] id=1, name=close, avg=0.000185, total=0.177728, count=960
[11:12:44.332481] [WARNING] [pdc_server.c:696] PDC_SERVER[24]: [TIMER] id=2, name=read, avg=0.036618, total=35.153524, count=960
[11:12:44.332486] [WARNING] [pdc_server.c:696] PDC_SERVER[24]: [TIMER] id=4, name=total_graph_exec, avg=0.015461, total=14.842132, count=960
[11:12:44.332416] [WARNING] [pdc_server.c:696] PDC_SERVER[27]: [TIMER] id=0, name=open, avg=0.000363, total=0.348113, count=960
[11:12:44.332494] [WARNING] [pdc_server.c:696] PDC_SERVER[27]: [TIMER] id=1, name=close, avg=0.000202, total=0.194178, count=960
[11:12:44.332500] [WARNING] [pdc_server.c:696] PDC_SERVER[27]: [TIMER] id=2, name=read, avg=0.036460, total=35.001891, count=960
[11:12:44.332506] [WARNING] [pdc_server.c:696] PDC_SERVER[27]: [TIMER] id=4, name=total_graph_exec, avg=0.014155, total=13.588629, count=960
[11:12:44.332411] [WARNING] [pdc_server.c:696] PDC_SERVER[45]: [TIMER] id=0, name=open, avg=0.000338, total=0.324011, count=960
[11:12:44.332486] [WARNING] [pdc_server.c:696] PDC_SERVER[45]: [TIMER] id=1, name=close, avg=0.000194, total=0.185972, count=960
[11:12:44.332491] [WARNING] [pdc_server.c:696] PDC_SERVER[45]: [TIMER] id=2, name=read, avg=0.039322, total=37.749178, count=960
[11:12:44.332496] [WARNING] [pdc_server.c:696] PDC_SERVER[45]: [TIMER] id=4, name=total_graph_exec, avg=0.014332, total=13.759020, count=960
[11:12:44.332388] [WARNING] [pdc_server.c:696] PDC_SERVER[32]: [TIMER] id=0, name=open, avg=0.000293, total=0.281026, count=960
[11:12:44.332451] [WARNING] [pdc_server.c:696] PDC_SERVER[32]: [TIMER] id=1, name=close, avg=0.000219, total=0.210214, count=960
[11:12:44.332463] [WARNING] [pdc_server.c:696] PDC_SERVER[32]: [TIMER] id=2, name=read, avg=0.036296, total=34.844395, count=960
[11:12:44.332468] [WARNING] [pdc_server.c:696] PDC_SERVER[32]: [TIMER] id=4, name=total_graph_exec, avg=0.015288, total=14.676496, count=960
[11:12:44.332418] [WARNING] [pdc_server.c:696] PDC_SERVER[44]: [TIMER] id=0, name=open, avg=0.000293, total=0.281506, count=960
[11:12:44.332503] [WARNING] [pdc_server.c:696] PDC_SERVER[44]: [TIMER] id=1, name=close, avg=0.000194, total=0.186203, count=960
[11:12:44.332509] [WARNING] [pdc_server.c:696] PDC_SERVER[44]: [TIMER] id=2, name=read, avg=0.039057, total=37.494916, count=960
[11:12:44.332371] [WARNING] [pdc_server.c:696] PDC_SERVER[12]: [TIMER] id=0, name=open, avg=0.000347, total=0.333498, count=960
[11:12:44.332453] [WARNING] [pdc_server.c:696] PDC_SERVER[12]: [TIMER] id=1, name=close, avg=0.000199, total=0.190597, count=960
[11:12:44.332459] [WARNING] [pdc_server.c:696] PDC_SERVER[12]: [TIMER] id=2, name=read, avg=0.039766, total=38.175329, count=960
[11:12:44.332464] [WARNING] [pdc_server.c:696] PDC_SERVER[12]: [TIMER] id=4, name=total_graph_exec, avg=0.014958, total=14.359252, count=960
[11:12:44.332438] [WARNING] [pdc_server.c:696] PDC_SERVER[9]: [TIMER] id=0, name=open, avg=0.000244, total=0.234156, count=960
[11:12:44.332495] [WARNING] [pdc_server.c:696] PDC_SERVER[9]: [TIMER] id=1, name=close, avg=0.000189, total=0.181484, count=960
[11:12:44.332508] [WARNING] [pdc_server.c:696] PDC_SERVER[9]: [TIMER] id=2, name=read, avg=0.020792, total=19.960714, count=960
[11:12:44.332514] [WARNING] [pdc_server.c:696] PDC_SERVER[9]: [TIMER] id=4, name=total_graph_exec, avg=0.012690, total=12.182445, count=960
[11:12:44.332380] [WARNING] [pdc_server.c:696] PDC_SERVER[111]: [TIMER] id=0, name=open, avg=0.000336, total=0.322803, count=960
[11:12:44.332434] [WARNING] [pdc_server.c:696] PDC_SERVER[111]: [TIMER] id=1, name=close, avg=0.000204, total=0.196190, count=960
[11:12:44.332446] [WARNING] [pdc_server.c:696] PDC_SERVER[111]: [TIMER] id=2, name=read, avg=0.036410, total=34.953591, count=960
[11:12:44.332451] [WARNING] [pdc_server.c:696] PDC_SERVER[111]: [TIMER] id=4, name=total_graph_exec, avg=0.015184, total=14.576877, count=960
[11:12:44.332432] [WARNING] [pdc_server.c:696] PDC_SERVER[114]: [TIMER] id=0, name=open, avg=0.000296, total=0.284122, count=960
[11:12:44.332508] [WARNING] [pdc_server.c:696] PDC_SERVER[114]: [TIMER] id=1, name=close, avg=0.000180, total=0.173279, count=960
[11:12:44.332514] [WARNING] [pdc_server.c:696] PDC_SERVER[114]: [TIMER] id=2, name=read, avg=0.036526, total=35.065175, count=960
[11:12:44.332519] [WARNING] [pdc_server.c:696] PDC_SERVER[114]: [TIMER] id=4, name=total_graph_exec, avg=0.015161, total=14.554939, count=960
[11:12:44.332405] [WARNING] [pdc_server.c:696] PDC_SERVER[120]: [TIMER] id=0, name=open, avg=0.000333, total=0.319228, count=960
[11:12:44.332468] [WARNING] [pdc_server.c:696] PDC_SERVER[120]: [TIMER] id=1, name=close, avg=0.000208, total=0.199550, count=960
[11:12:44.332473] [WARNING] [pdc_server.c:696] PDC_SERVER[120]: [TIMER] id=2, name=read, avg=0.036700, total=35.232059, count=960
[11:12:44.332478] [WARNING] [pdc_server.c:696] PDC_SERVER[120]: [TIMER] id=4, name=total_graph_exec, avg=0.015285, total=14.673620, count=960
[11:12:44.332410] [WARNING] [pdc_server.c:696] PDC_SERVER[112]: [TIMER] id=0, name=open, avg=0.000355, total=0.340702, count=960
[11:12:44.332475] [WARNING] [pdc_server.c:696] PDC_SERVER[112]: [TIMER] id=1, name=close, avg=0.000196, total=0.188041, count=960
[11:12:44.332480] [WARNING] [pdc_server.c:696] PDC_SERVER[112]: [TIMER] id=2, name=read, avg=0.036714, total=35.244969, count=960
[11:12:44.332485] [WARNING] [pdc_server.c:696] PDC_SERVER[112]: [TIMER] id=4, name=total_graph_exec, avg=0.015640, total=15.014252, count=960
[11:12:44.332413] [WARNING] [pdc_server.c:696] PDC_SERVER[70]: [TIMER] id=0, name=open, avg=0.000301, total=0.289163, count=960
[11:12:44.332469] [WARNING] [pdc_server.c:696] PDC_SERVER[70]: [TIMER] id=1, name=close, avg=0.000218, total=0.209257, count=960
[11:12:44.332482] [WARNING] [pdc_server.c:696] PDC_SERVER[70]: [TIMER] id=2, name=read, avg=0.033512, total=32.171068, count=960
[11:12:44.332487] [WARNING] [pdc_server.c:696] PDC_SERVER[70]: [TIMER] id=4, name=total_graph_exec, avg=0.014025, total=13.463610, count=960
[11:12:44.332364] [WARNING] [pdc_server.c:696] PDC_SERVER[76]: [TIMER] id=0, name=open, avg=0.000289, total=0.277532, count=960
[11:12:44.332442] [WARNING] [pdc_server.c:696] PDC_SERVER[76]: [TIMER] id=1, name=close, avg=0.000195, total=0.187623, count=960
[11:12:44.332448] [WARNING] [pdc_server.c:696] PDC_SERVER[76]: [TIMER] id=2, name=read, avg=0.038775, total=37.224170, count=960
[11:12:44.332452] [WARNING] [pdc_server.c:696] PDC_SERVER[76]: [TIMER] id=4, name=total_graph_exec, avg=0.013506, total=12.965430, count=960
[11:12:44.332405] [WARNING] [pdc_server.c:696] PDC_SERVER[37]: [TIMER] id=0, name=open, avg=0.000303, total=0.290917, count=960
[11:12:44.332476] [WARNING] [pdc_server.c:696] PDC_SERVER[37]: [TIMER] id=1, name=close, avg=0.000201, total=0.192798, count=960
[11:12:44.332482] [WARNING] [pdc_server.c:696] PDC_SERVER[37]: [TIMER] id=2, name=read, avg=0.039540, total=37.958641, count=960
[11:12:44.332486] [WARNING] [pdc_server.c:696] PDC_SERVER[37]: [TIMER] id=4, name=total_graph_exec, avg=0.014483, total=13.903332, count=960
[11:12:44.332416] [WARNING] [pdc_server.c:696] PDC_SERVER[106]: [TIMER] id=0, name=open, avg=0.000278, total=0.267340, count=960
[11:12:44.332478] [WARNING] [pdc_server.c:696] PDC_SERVER[106]: [TIMER] id=1, name=close, avg=0.000225, total=0.216261, count=960
[11:12:44.332484] [WARNING] [pdc_server.c:696] PDC_SERVER[106]: [TIMER] id=2, name=read, avg=0.026615, total=25.550369, count=960
[11:12:44.332488] [WARNING] [pdc_server.c:696] PDC_SERVER[106]: [TIMER] id=4, name=total_graph_exec, avg=0.013652, total=13.105513, count=960
[11:12:44.332400] [WARNING] [pdc_server.c:696] PDC_SERVER[4]: [TIMER] id=0, name=open, avg=0.000258, total=0.248075, count=960
[11:12:44.332452] [WARNING] [pdc_server.c:696] PDC_SERVER[4]: [TIMER] id=1, name=close, avg=0.000187, total=0.179870, count=960
[11:12:44.332464] [WARNING] [pdc_server.c:696] PDC_SERVER[4]: [TIMER] id=2, name=read, avg=0.026988, total=25.908650, count=960
[11:12:44.332469] [WARNING] [pdc_server.c:696] PDC_SERVER[4]: [TIMER] id=4, name=total_graph_exec, avg=0.013081, total=12.557884, count=960
[11:12:44.332394] [WARNING] [pdc_server.c:696] PDC_SERVER[34]: [TIMER] id=0, name=open, avg=0.000305, total=0.292361, count=960
[11:12:44.332455] [WARNING] [pdc_server.c:696] PDC_SERVER[34]: [TIMER] id=1, name=close, avg=0.000193, total=0.185142, count=960
[11:12:44.332461] [WARNING] [pdc_server.c:696] PDC_SERVER[34]: [TIMER] id=2, name=read, avg=0.040684, total=39.056309, count=960
[11:12:44.332465] [WARNING] [pdc_server.c:696] PDC_SERVER[34]: [TIMER] id=4, name=total_graph_exec, avg=0.015869, total=15.234577, count=960
[11:12:44.332411] [WARNING] [pdc_server.c:696] PDC_SERVER[3]: [TIMER] id=0, name=open, avg=0.000292, total=0.280062, count=960
[11:12:44.332485] [WARNING] [pdc_server.c:696] PDC_SERVER[3]: [TIMER] id=1, name=close, avg=0.000197, total=0.189110, count=960
[11:12:44.332491] [WARNING] [pdc_server.c:696] PDC_SERVER[3]: [TIMER] id=2, name=read, avg=0.040797, total=39.165008, count=960
[11:12:44.332399] [WARNING] [pdc_server.c:696] PDC_SERVER[42]: [TIMER] id=0, name=open, avg=0.000301, total=0.289104, count=960
[11:12:44.332462] [WARNING] [pdc_server.c:696] PDC_SERVER[42]: [TIMER] id=1, name=close, avg=0.000194, total=0.186447, count=960
[11:12:44.332467] [WARNING] [pdc_server.c:696] PDC_SERVER[42]: [TIMER] id=2, name=read, avg=0.026215, total=25.166652, count=960
[11:12:44.332472] [WARNING] [pdc_server.c:696] PDC_SERVER[42]: [TIMER] id=4, name=total_graph_exec, avg=0.013616, total=13.071530, count=960
[11:12:44.332514] [WARNING] [pdc_server.c:696] PDC_SERVER[44]: [TIMER] id=4, name=total_graph_exec, avg=0.014531, total=13.949961, count=960
[11:12:44.332429] [WARNING] [pdc_server.c:696] PDC_SERVER[96]: [TIMER] id=0, name=open, avg=0.000314, total=0.301745, count=960
[11:12:44.332497] [WARNING] [pdc_server.c:696] PDC_SERVER[96]: [TIMER] id=1, name=close, avg=0.000203, total=0.194547, count=960
[11:12:44.332514] [WARNING] [pdc_server.c:696] PDC_SERVER[96]: [TIMER] id=2, name=read, avg=0.040016, total=38.415322, count=960
[11:12:44.332519] [WARNING] [pdc_server.c:696] PDC_SERVER[96]: [TIMER] id=4, name=total_graph_exec, avg=0.014402, total=13.826084, count=960
[11:12:44.332413] [WARNING] [pdc_server.c:696] PDC_SERVER[10]: [TIMER] id=0, name=open, avg=0.000335, total=0.321247, count=960
[11:12:44.332478] [WARNING] [pdc_server.c:696] PDC_SERVER[10]: [TIMER] id=1, name=close, avg=0.000208, total=0.200061, count=960
[11:12:44.332483] [WARNING] [pdc_server.c:696] PDC_SERVER[10]: [TIMER] id=2, name=read, avg=0.036152, total=34.705948, count=960
[11:12:44.332487] [WARNING] [pdc_server.c:696] PDC_SERVER[10]: [TIMER] id=4, name=total_graph_exec, avg=0.015626, total=15.001187, count=960
[11:12:44.332369] [WARNING] [pdc_server.c:696] PDC_SERVER[16]: [TIMER] id=0, name=open, avg=0.000346, total=0.332184, count=960
[11:12:44.332446] [WARNING] [pdc_server.c:696] PDC_SERVER[16]: [TIMER] id=1, name=close, avg=0.000231, total=0.221686, count=960
[11:12:44.332452] [WARNING] [pdc_server.c:696] PDC_SERVER[16]: [TIMER] id=2, name=read, avg=0.039548, total=37.965940, count=960
[11:12:44.332456] [WARNING] [pdc_server.c:696] PDC_SERVER[16]: [TIMER] id=4, name=total_graph_exec, avg=0.014090, total=13.526615, count=960
[11:12:44.332387] [WARNING] [pdc_server.c:696] PDC_SERVER[64]: [TIMER] id=0, name=open, avg=0.000314, total=0.300987, count=960
[11:12:44.332453] [WARNING] [pdc_server.c:696] PDC_SERVER[64]: [TIMER] id=1, name=close, avg=0.000229, total=0.220018, count=960
[11:12:44.332470] [WARNING] [pdc_server.c:696] PDC_SERVER[64]: [TIMER] id=2, name=read, avg=0.039604, total=38.020124, count=960
[11:12:44.332410] [WARNING] [pdc_server.c:696] PDC_SERVER[20]: [TIMER] id=0, name=open, avg=0.000259, total=0.248547, count=960
[11:12:44.332476] [WARNING] [pdc_server.c:696] PDC_SERVER[20]: [TIMER] id=1, name=close, avg=0.000178, total=0.171210, count=960
[11:12:44.332482] [WARNING] [pdc_server.c:696] PDC_SERVER[20]: [TIMER] id=2, name=read, avg=0.015981, total=15.342188, count=960
[11:12:44.332487] [WARNING] [pdc_server.c:696] PDC_SERVER[20]: [TIMER] id=4, name=total_graph_exec, avg=0.012331, total=11.837426, count=960
[11:12:44.332420] [WARNING] [pdc_server.c:696] PDC_SERVER[8]: [TIMER] id=0, name=open, avg=0.000277, total=0.266211, count=960
[11:12:44.332490] [WARNING] [pdc_server.c:696] PDC_SERVER[8]: [TIMER] id=1, name=close, avg=0.000186, total=0.178260, count=960
[11:12:44.332495] [WARNING] [pdc_server.c:696] PDC_SERVER[8]: [TIMER] id=2, name=read, avg=0.035995, total=34.555436, count=960
[11:12:44.332499] [WARNING] [pdc_server.c:696] PDC_SERVER[8]: [TIMER] id=4, name=total_graph_exec, avg=0.015181, total=14.573306, count=960
[11:12:44.332412] [WARNING] [pdc_server.c:696] PDC_SERVER[84]: [TIMER] id=0, name=open, avg=0.000282, total=0.270969, count=960
[11:12:44.332482] [WARNING] [pdc_server.c:696] PDC_SERVER[84]: [TIMER] id=1, name=close, avg=0.000203, total=0.194523, count=960
[11:12:44.332488] [WARNING] [pdc_server.c:696] PDC_SERVER[84]: [TIMER] id=2, name=read, avg=0.036931, total=35.454141, count=960
[11:12:44.332493] [WARNING] [pdc_server.c:696] PDC_SERVER[84]: [TIMER] id=4, name=total_graph_exec, avg=0.015972, total=15.333300, count=960
[11:12:44.332416] [WARNING] [pdc_server.c:696] PDC_SERVER[90]: [TIMER] id=0, name=open, avg=0.000321, total=0.307831, count=960
[11:12:44.332483] [WARNING] [pdc_server.c:696] PDC_SERVER[90]: [TIMER] id=1, name=close, avg=0.000177, total=0.169656, count=960
[11:12:44.332489] [WARNING] [pdc_server.c:696] PDC_SERVER[90]: [TIMER] id=2, name=read, avg=0.036988, total=35.508622, count=960
[11:12:44.332493] [WARNING] [pdc_server.c:696] PDC_SERVER[90]: [TIMER] id=4, name=total_graph_exec, avg=0.015969, total=15.330633, count=960
[11:12:44.332417] [WARNING] [pdc_server.c:696] PDC_SERVER[81]: [TIMER] id=0, name=open, avg=0.000365, total=0.350505, count=960
[11:12:44.332477] [WARNING] [pdc_server.c:696] PDC_SERVER[81]: [TIMER] id=1, name=close, avg=0.000206, total=0.198012, count=960
[11:12:44.332493] [WARNING] [pdc_server.c:696] PDC_SERVER[81]: [TIMER] id=2, name=read, avg=0.038850, total=37.295637, count=960
[11:12:44.332498] [WARNING] [pdc_server.c:696] PDC_SERVER[81]: [TIMER] id=4, name=total_graph_exec, avg=0.014221, total=13.651914, count=960
[11:12:44.332413] [WARNING] [pdc_server.c:696] PDC_SERVER[7]: [TIMER] id=0, name=open, avg=0.000286, total=0.274146, count=960
[11:12:44.332494] [WARNING] [pdc_server.c:696] PDC_SERVER[7]: [TIMER] id=1, name=close, avg=0.000207, total=0.199114, count=960
[11:12:44.332423] [WARNING] [pdc_server.c:696] PDC_SERVER[85]: [TIMER] id=0, name=open, avg=0.000339, total=0.325518, count=960
[11:12:44.332492] [WARNING] [pdc_server.c:696] PDC_SERVER[85]: [TIMER] id=1, name=close, avg=0.000208, total=0.199438, count=960
[11:12:44.332498] [WARNING] [pdc_server.c:696] PDC_SERVER[85]: [TIMER] id=2, name=read, avg=0.036780, total=35.308947, count=960
[11:12:44.332503] [WARNING] [pdc_server.c:696] PDC_SERVER[85]: [TIMER] id=4, name=total_graph_exec, avg=0.015636, total=15.010207, count=960
[11:12:44.332412] [WARNING] [pdc_server.c:696] PDC_SERVER[23]: [TIMER] id=0, name=open, avg=0.000258, total=0.247504, count=960
[11:12:44.332477] [WARNING] [pdc_server.c:696] PDC_SERVER[23]: [TIMER] id=1, name=close, avg=0.000182, total=0.175068, count=960
[11:12:44.332482] [WARNING] [pdc_server.c:696] PDC_SERVER[23]: [TIMER] id=2, name=read, avg=0.021071, total=20.227985, count=960
[11:12:44.332487] [WARNING] [pdc_server.c:696] PDC_SERVER[23]: [TIMER] id=4, name=total_graph_exec, avg=0.012746, total=12.236483, count=960
[11:12:44.332335] [WARNING] [pdc_server.c:696] PDC_SERVER[6]: [TIMER] id=0, name=open, avg=0.000318, total=0.304856, count=960
[11:12:44.332415] [WARNING] [pdc_server.c:696] PDC_SERVER[6]: [TIMER] id=1, name=close, avg=0.000198, total=0.190484, count=960
[11:12:44.332421] [WARNING] [pdc_server.c:696] PDC_SERVER[6]: [TIMER] id=2, name=read, avg=0.039456, total=37.877317, count=960
[11:12:44.332440] [WARNING] [pdc_server.c:696] PDC_SERVER[108]: [TIMER] id=0, name=open, avg=0.000306, total=0.294179, count=960
[11:12:44.332514] [WARNING] [pdc_server.c:696] PDC_SERVER[108]: [TIMER] id=1, name=close, avg=0.000259, total=0.248550, count=960
[11:12:44.332520] [WARNING] [pdc_server.c:696] PDC_SERVER[108]: [TIMER] id=2, name=read, avg=0.036666, total=35.199807, count=960
[11:12:44.332525] [WARNING] [pdc_server.c:696] PDC_SERVER[108]: [TIMER] id=4, name=total_graph_exec, avg=0.015643, total=15.017084, count=960
[11:12:44.332423] [WARNING] [pdc_server.c:696] PDC_SERVER[127]: [TIMER] id=0, name=open, avg=0.000250, total=0.239815, count=960
[11:12:44.332475] [WARNING] [pdc_server.c:696] PDC_SERVER[127]: [TIMER] id=1, name=close, avg=0.000184, total=0.177114, count=960
[11:12:44.332488] [WARNING] [pdc_server.c:696] PDC_SERVER[127]: [TIMER] id=2, name=read, avg=0.020008, total=19.207678, count=960
[11:12:44.332492] [WARNING] [pdc_server.c:696] PDC_SERVER[127]: [TIMER] id=4, name=total_graph_exec, avg=0.012560, total=12.057841, count=960
[11:12:44.332361] [WARNING] [pdc_server.c:696] PDC_SERVER[40]: [TIMER] id=0, name=open, avg=0.000284, total=0.272559, count=960
[11:12:44.332438] [WARNING] [pdc_server.c:696] PDC_SERVER[40]: [TIMER] id=1, name=close, avg=0.000196, total=0.187939, count=960
[11:12:44.332444] [WARNING] [pdc_server.c:696] PDC_SERVER[40]: [TIMER] id=2, name=read, avg=0.039431, total=37.853436, count=960
[11:12:44.332448] [WARNING] [pdc_server.c:696] PDC_SERVER[40]: [TIMER] id=4, name=total_graph_exec, avg=0.014478, total=13.898762, count=960
[11:12:44.332410] [WARNING] [pdc_server.c:696] PDC_SERVER[38]: [TIMER] id=0, name=open, avg=0.000329, total=0.316260, count=960
[11:12:44.332482] [WARNING] [pdc_server.c:696] PDC_SERVER[38]: [TIMER] id=1, name=close, avg=0.000192, total=0.184483, count=960
[11:12:44.332488] [WARNING] [pdc_server.c:696] PDC_SERVER[38]: [TIMER] id=2, name=read, avg=0.038701, total=37.152914, count=960
[11:12:44.332493] [WARNING] [pdc_server.c:696] PDC_SERVER[38]: [TIMER] id=4, name=total_graph_exec, avg=0.016152, total=15.505545, count=960
[11:12:44.332414] [WARNING] [pdc_server.c:696] PDC_SERVER[113]: [TIMER] id=0, name=open, avg=0.000359, total=0.344629, count=960
[11:12:44.332486] [WARNING] [pdc_server.c:696] PDC_SERVER[113]: [TIMER] id=1, name=close, avg=0.000200, total=0.191728, count=960
[11:12:44.332491] [WARNING] [pdc_server.c:696] PDC_SERVER[113]: [TIMER] id=2, name=read, avg=0.036883, total=35.408155, count=960
[11:12:44.332495] [WARNING] [pdc_server.c:696] PDC_SERVER[113]: [TIMER] id=4, name=total_graph_exec, avg=0.015477, total=14.857693, count=960
[11:12:44.332401] [WARNING] [pdc_server.c:696] PDC_SERVER[2]: [TIMER] id=0, name=open, avg=0.000275, total=0.264013, count=960
[11:12:44.332467] [WARNING] [pdc_server.c:696] PDC_SERVER[2]: [TIMER] id=1, name=close, avg=0.000230, total=0.220930, count=960
[11:12:44.332485] [WARNING] [pdc_server.c:696] PDC_SERVER[2]: [TIMER] id=2, name=read, avg=0.039441, total=37.863629, count=960
[11:12:44.332490] [WARNING] [pdc_server.c:696] PDC_SERVER[2]: [TIMER] id=4, name=total_graph_exec, avg=0.014144, total=13.578406, count=960
[11:12:44.332426] [WARNING] [pdc_server.c:696] PDC_SERVER[63]: [TIMER] id=0, name=open, avg=0.000302, total=0.290202, count=960
[11:12:44.332502] [WARNING] [pdc_server.c:696] PDC_SERVER[63]: [TIMER] id=1, name=close, avg=0.000181, total=0.173926, count=960
[11:12:44.332508] [WARNING] [pdc_server.c:696] PDC_SERVER[63]: [TIMER] id=2, name=read, avg=0.039709, total=38.120327, count=960
[11:12:44.332422] [WARNING] [pdc_server.c:696] PDC_SERVER[22]: [TIMER] id=0, name=open, avg=0.000257, total=0.246600, count=960
[11:12:44.332490] [WARNING] [pdc_server.c:696] PDC_SERVER[22]: [TIMER] id=1, name=close, avg=0.000199, total=0.191052, count=960
[11:12:44.332496] [WARNING] [pdc_server.c:696] PDC_SERVER[22]: [TIMER] id=2, name=read, avg=0.015868, total=15.233220, count=960
[11:12:44.332502] [WARNING] [pdc_server.c:696] PDC_SERVER[22]: [TIMER] id=4, name=total_graph_exec, avg=0.012053, total=11.571046, count=960
[11:12:44.332413] [WARNING] [pdc_server.c:696] PDC_SERVER[124]: [TIMER] id=0, name=open, avg=0.000297, total=0.285480, count=960
[11:12:44.332493] [WARNING] [pdc_server.c:696] PDC_SERVER[124]: [TIMER] id=1, name=close, avg=0.000207, total=0.198607, count=960
[11:12:44.332498] [WARNING] [pdc_server.c:696] PDC_SERVER[124]: [TIMER] id=2, name=read, avg=0.039471, total=37.892407, count=960
[11:12:44.332503] [WARNING] [pdc_server.c:696] PDC_SERVER[124]: [TIMER] id=4, name=total_graph_exec, avg=0.014335, total=13.761799, count=960
[11:12:44.332311] [WARNING] [pdc_server.c:696] PDC_SERVER[82]: [TIMER] id=0, name=open, avg=0.000317, total=0.304101, count=960
[11:12:44.332386] [WARNING] [pdc_server.c:696] PDC_SERVER[82]: [TIMER] id=1, name=close, avg=0.000207, total=0.198524, count=960
[11:12:44.332392] [WARNING] [pdc_server.c:696] PDC_SERVER[82]: [TIMER] id=2, name=read, avg=0.040850, total=39.216317, count=960
[11:12:44.332397] [WARNING] [pdc_server.c:696] PDC_SERVER[82]: [TIMER] id=4, name=total_graph_exec, avg=0.015152, total=14.546360, count=960
[11:12:44.332429] [WARNING] [pdc_server.c:696] PDC_SERVER[107]: [TIMER] id=0, name=open, avg=0.000284, total=0.272427, count=960
[11:12:44.332499] [WARNING] [pdc_server.c:696] PDC_SERVER[107]: [TIMER] id=1, name=close, avg=0.000208, total=0.199687, count=960
[11:12:44.332504] [WARNING] [pdc_server.c:696] PDC_SERVER[107]: [TIMER] id=2, name=read, avg=0.037426, total=35.928838, count=960
[11:12:44.332509] [WARNING] [pdc_server.c:696] PDC_SERVER[107]: [TIMER] id=4, name=total_graph_exec, avg=0.015360, total=14.745796, count=960
[11:12:44.332413] [WARNING] [pdc_server.c:696] PDC_SERVER[65]: [TIMER] id=0, name=open, avg=0.000287, total=0.275150, count=960
[11:12:44.332477] [WARNING] [pdc_server.c:696] PDC_SERVER[65]: [TIMER] id=1, name=close, avg=0.000194, total=0.186641, count=960
[11:12:44.332494] [WARNING] [pdc_server.c:696] PDC_SERVER[65]: [TIMER] id=2, name=read, avg=0.039198, total=37.629642, count=960
[11:12:44.332408] [WARNING] [pdc_server.c:696] PDC_SERVER[100]: [TIMER] id=0, name=open, avg=0.000334, total=0.320167, count=960
[11:12:44.332472] [WARNING] [pdc_server.c:696] PDC_SERVER[100]: [TIMER] id=1, name=close, avg=0.000175, total=0.168252, count=960
[11:12:44.332487] [WARNING] [pdc_server.c:696] PDC_SERVER[100]: [TIMER] id=2, name=read, avg=0.040001, total=38.401184, count=960
[11:12:44.332492] [WARNING] [pdc_server.c:696] PDC_SERVER[100]: [TIMER] id=4, name=total_graph_exec, avg=0.014256, total=13.685932, count=960
[11:12:44.332402] [WARNING] [pdc_server.c:696] PDC_SERVER[25]: [TIMER] id=0, name=open, avg=0.000320, total=0.307311, count=960
[11:12:44.332467] [WARNING] [pdc_server.c:696] PDC_SERVER[25]: [TIMER] id=1, name=close, avg=0.000199, total=0.191160, count=960
[11:12:44.332481] [WARNING] [pdc_server.c:696] PDC_SERVER[25]: [TIMER] id=2, name=read, avg=0.036699, total=35.231090, count=960
[11:12:44.332486] [WARNING] [pdc_server.c:696] PDC_SERVER[25]: [TIMER] id=4, name=total_graph_exec, avg=0.015495, total=14.875069, count=960
[11:12:44.332500] [WARNING] [pdc_server.c:696] PDC_SERVER[7]: [TIMER] id=2, name=read, avg=0.039519, total=37.938130, count=960
[11:12:44.332505] [WARNING] [pdc_server.c:696] PDC_SERVER[7]: [TIMER] id=4, name=total_graph_exec, avg=0.014867, total=14.271929, count=960
[11:12:44.332372] [WARNING] [pdc_server.c:696] PDC_SERVER[31]: [TIMER] id=0, name=open, avg=0.000300, total=0.287774, count=960
[11:12:44.332442] [WARNING] [pdc_server.c:696] PDC_SERVER[31]: [TIMER] id=1, name=close, avg=0.000192, total=0.184334, count=960
[11:12:44.332459] [WARNING] [pdc_server.c:696] PDC_SERVER[31]: [TIMER] id=2, name=read, avg=0.040152, total=38.545507, count=960
[11:12:44.332464] [WARNING] [pdc_server.c:696] PDC_SERVER[31]: [TIMER] id=4, name=total_graph_exec, avg=0.014591, total=14.006995, count=960
[11:12:44.332407] [WARNING] [pdc_server.c:696] PDC_SERVER[54]: [TIMER] id=0, name=open, avg=0.000283, total=0.271574, count=960
[11:12:44.332478] [WARNING] [pdc_server.c:696] PDC_SERVER[54]: [TIMER] id=1, name=close, avg=0.000203, total=0.194820, count=960
[11:12:44.332496] [WARNING] [pdc_server.c:696] PDC_SERVER[54]: [TIMER] id=2, name=read, avg=0.039389, total=37.813740, count=960
[11:12:44.332501] [WARNING] [pdc_server.c:696] PDC_SERVER[54]: [TIMER] id=4, name=total_graph_exec, avg=0.014661, total=14.074283, count=960
[11:12:44.332380] [WARNING] [pdc_server.c:696] PDC_SERVER[35]: [TIMER] id=0, name=open, avg=0.000364, total=0.349681, count=960
[11:12:44.332464] [WARNING] [pdc_server.c:696] PDC_SERVER[35]: [TIMER] id=1, name=close, avg=0.000182, total=0.175117, count=960
[11:12:44.332470] [WARNING] [pdc_server.c:696] PDC_SERVER[35]: [TIMER] id=2, name=read, avg=0.039218, total=37.648986, count=960
[11:12:44.332474] [WARNING] [pdc_server.c:696] PDC_SERVER[35]: [TIMER] id=4, name=total_graph_exec, avg=0.013910, total=13.353995, count=960
[11:12:44.332433] [WARNING] [pdc_server.c:696] PDC_SERVER[87]: [TIMER] id=0, name=open, avg=0.000276, total=0.265377, count=960
[11:12:44.332495] [WARNING] [pdc_server.c:696] PDC_SERVER[87]: [TIMER] id=1, name=close, avg=0.000212, total=0.203836, count=960
[11:12:44.332430] [WARNING] [pdc_server.c:696] PDC_SERVER[78]: [TIMER] id=0, name=open, avg=0.000309, total=0.296310, count=960
[11:12:44.332502] [WARNING] [pdc_server.c:696] PDC_SERVER[78]: [TIMER] id=1, name=close, avg=0.000214, total=0.205109, count=960
[11:12:44.332519] [WARNING] [pdc_server.c:696] PDC_SERVER[78]: [TIMER] id=2, name=read, avg=0.039435, total=37.857807, count=960
[11:12:44.332525] [WARNING] [pdc_server.c:696] PDC_SERVER[78]: [TIMER] id=4, name=total_graph_exec, avg=0.014275, total=13.703805, count=960
[11:12:44.332408] [WARNING] [pdc_server.c:696] PDC_SERVER[33]: [TIMER] id=0, name=open, avg=0.000302, total=0.289893, count=960
[11:12:44.332486] [WARNING] [pdc_server.c:696] PDC_SERVER[33]: [TIMER] id=1, name=close, avg=0.000184, total=0.177011, count=960
[11:12:44.332492] [WARNING] [pdc_server.c:696] PDC_SERVER[33]: [TIMER] id=2, name=read, avg=0.039278, total=37.707046, count=960
[11:12:44.332497] [WARNING] [pdc_server.c:696] PDC_SERVER[33]: [TIMER] id=4, name=total_graph_exec, avg=0.014486, total=13.906318, count=960
[11:12:44.332408] [WARNING] [pdc_server.c:696] PDC_SERVER[1]: [TIMER] id=0, name=open, avg=0.000336, total=0.322862, count=960
[11:12:44.332491] [WARNING] [pdc_server.c:696] PDC_SERVER[1]: [TIMER] id=1, name=close, avg=0.000194, total=0.185831, count=960
[11:12:44.332497] [WARNING] [pdc_server.c:696] PDC_SERVER[1]: [TIMER] id=2, name=read, avg=0.039230, total=37.660433, count=960
[11:12:44.332476] [WARNING] [pdc_server.c:696] PDC_SERVER[64]: [TIMER] id=4, name=total_graph_exec, avg=0.014329, total=13.755414, count=960
[11:12:44.332395] [WARNING] [pdc_server.c:696] PDC_SERVER[97]: [TIMER] id=0, name=open, avg=0.000308, total=0.296115, count=960
[11:12:44.332476] [WARNING] [pdc_server.c:696] PDC_SERVER[97]: [TIMER] id=1, name=close, avg=0.000181, total=0.173931, count=960
[11:12:44.332482] [WARNING] [pdc_server.c:696] PDC_SERVER[97]: [TIMER] id=2, name=read, avg=0.039649, total=38.063095, count=960
[11:12:44.332421] [WARNING] [pdc_server.c:696] PDC_SERVER[88]: [TIMER] id=0, name=open, avg=0.000312, total=0.299680, count=960
[11:12:44.332505] [WARNING] [pdc_server.c:696] PDC_SERVER[88]: [TIMER] id=1, name=close, avg=0.000193, total=0.184907, count=960
[11:12:44.332511] [WARNING] [pdc_server.c:696] PDC_SERVER[88]: [TIMER] id=2, name=read, avg=0.039121, total=37.555788, count=960
[11:12:44.332516] [WARNING] [pdc_server.c:696] PDC_SERVER[88]: [TIMER] id=4, name=total_graph_exec, avg=0.014482, total=13.902472, count=960
[11:12:44.332421] [WARNING] [pdc_server.c:696] PDC_SERVER[110]: [TIMER] id=0, name=open, avg=0.000331, total=0.317345, count=960
[11:12:44.332473] [WARNING] [pdc_server.c:696] PDC_SERVER[110]: [TIMER] id=1, name=close, avg=0.000196, total=0.188525, count=960
[11:12:44.332485] [WARNING] [pdc_server.c:696] PDC_SERVER[110]: [TIMER] id=2, name=read, avg=0.022491, total=21.591450, count=960
[11:12:44.332490] [WARNING] [pdc_server.c:696] PDC_SERVER[110]: [TIMER] id=4, name=total_graph_exec, avg=0.012775, total=12.264023, count=960
[11:12:44.332400] [WARNING] [pdc_server.c:696] PDC_SERVER[116]: [TIMER] id=0, name=open, avg=0.000310, total=0.297353, count=960
[11:12:44.332469] [WARNING] [pdc_server.c:696] PDC_SERVER[116]: [TIMER] id=1, name=close, avg=0.000210, total=0.202035, count=960
[11:12:44.332474] [WARNING] [pdc_server.c:696] PDC_SERVER[116]: [TIMER] id=2, name=read, avg=0.036482, total=35.022585, count=960
[11:12:44.332479] [WARNING] [pdc_server.c:696] PDC_SERVER[116]: [TIMER] id=4, name=total_graph_exec, avg=0.015352, total=14.738349, count=960
[11:12:44.332406] [WARNING] [pdc_server.c:696] PDC_SERVER[126]: [TIMER] id=0, name=open, avg=0.000279, total=0.267424, count=960
[11:12:44.332469] [WARNING] [pdc_server.c:696] PDC_SERVER[126]: [TIMER] id=1, name=close, avg=0.000211, total=0.202661, count=960
[11:12:44.332474] [WARNING] [pdc_server.c:696] PDC_SERVER[126]: [TIMER] id=2, name=read, avg=0.020974, total=20.134651, count=960
[11:12:44.332479] [WARNING] [pdc_server.c:696] PDC_SERVER[126]: [TIMER] id=4, name=total_graph_exec, avg=0.012478, total=11.978818, count=960
[11:12:44.332437] [WARNING] [pdc_server.c:696] PDC_SERVER[123]: [TIMER] id=0, name=open, avg=0.000311, total=0.298822, count=960
[11:12:44.332518] [WARNING] [pdc_server.c:696] PDC_SERVER[123]: [TIMER] id=1, name=close, avg=0.000200, total=0.191886, count=960
[11:12:44.332523] [WARNING] [pdc_server.c:696] PDC_SERVER[123]: [TIMER] id=2, name=read, avg=0.036381, total=34.926154, count=960
[11:12:44.332528] [WARNING] [pdc_server.c:696] PDC_SERVER[123]: [TIMER] id=4, name=total_graph_exec, avg=0.014525, total=13.943555, count=960
[11:12:44.332413] [WARNING] [pdc_server.c:696] PDC_SERVER[18]: [TIMER] id=0, name=open, avg=0.000312, total=0.299548, count=960
[11:12:44.332499] [WARNING] [pdc_server.c:696] PDC_SERVER[18]: [TIMER] id=1, name=close, avg=0.000201, total=0.192809, count=960
[11:12:44.332505] [WARNING] [pdc_server.c:696] PDC_SERVER[18]: [TIMER] id=2, name=read, avg=0.039452, total=37.873508, count=960
[11:12:44.332436] [WARNING] [pdc_server.c:696] PDC_SERVER[91]: [TIMER] id=0, name=open, avg=0.000296, total=0.283987, count=960
[11:12:44.332503] [WARNING] [pdc_server.c:696] PDC_SERVER[91]: [TIMER] id=1, name=close, avg=0.000198, total=0.189602, count=960
[11:12:44.332509] [WARNING] [pdc_server.c:696] PDC_SERVER[91]: [TIMER] id=2, name=read, avg=0.036469, total=35.010483, count=960
[11:12:44.332513] [WARNING] [pdc_server.c:696] PDC_SERVER[91]: [TIMER] id=4, name=total_graph_exec, avg=0.015507, total=14.887148, count=960
[11:12:44.332412] [WARNING] [pdc_server.c:696] PDC_SERVER[71]: [TIMER] id=0, name=open, avg=0.000295, total=0.282745, count=960
[11:12:44.332475] [WARNING] [pdc_server.c:696] PDC_SERVER[71]: [TIMER] id=1, name=close, avg=0.000192, total=0.184752, count=960
[11:12:44.332480] [WARNING] [pdc_server.c:696] PDC_SERVER[71]: [TIMER] id=2, name=read, avg=0.041942, total=40.264401, count=960
[11:12:44.332485] [WARNING] [pdc_server.c:696] PDC_SERVER[71]: [TIMER] id=4, name=total_graph_exec, avg=0.015695, total=15.067034, count=960
[11:12:44.332420] [WARNING] [pdc_server.c:696] PDC_SERVER[43]: [TIMER] id=0, name=open, avg=0.000331, total=0.317803, count=960
[11:12:44.332504] [WARNING] [pdc_server.c:696] PDC_SERVER[43]: [TIMER] id=1, name=close, avg=0.000183, total=0.175989, count=960
[11:12:44.332511] [WARNING] [pdc_server.c:696] PDC_SERVER[43]: [TIMER] id=2, name=read, avg=0.040321, total=38.707820, count=960
[11:12:44.332293] [WARNING] [pdc_server.c:696] PDC_SERVER[13]: [TIMER] id=0, name=open, avg=0.000376, total=0.361200, count=960
[11:12:44.332380] [WARNING] [pdc_server.c:696] PDC_SERVER[13]: [TIMER] id=1, name=close, avg=0.000188, total=0.180117, count=960
[11:12:44.332386] [WARNING] [pdc_server.c:696] PDC_SERVER[13]: [TIMER] id=2, name=read, avg=0.039328, total=37.754580, count=960
[11:12:44.332391] [WARNING] [pdc_server.c:696] PDC_SERVER[13]: [TIMER] id=4, name=total_graph_exec, avg=0.014233, total=13.663867, count=960
[11:12:44.332495] [WARNING] [pdc_server.c:696] PDC_SERVER[3]: [TIMER] id=4, name=total_graph_exec, avg=0.015482, total=14.862484, count=960
[11:12:44.332396] [WARNING] [pdc_server.c:696] PDC_SERVER[102]: [TIMER] id=0, name=open, avg=0.000298, total=0.286036, count=960
[11:12:44.332478] [WARNING] [pdc_server.c:696] PDC_SERVER[102]: [TIMER] id=1, name=close, avg=0.000190, total=0.182307, count=960
[11:12:44.332484] [WARNING] [pdc_server.c:696] PDC_SERVER[102]: [TIMER] id=2, name=read, avg=0.038272, total=36.740944, count=960
[11:12:44.332489] [WARNING] [pdc_server.c:696] PDC_SERVER[102]: [TIMER] id=4, name=total_graph_exec, avg=0.014956, total=14.358234, count=960
[11:12:44.332403] [WARNING] [pdc_server.c:696] PDC_SERVER[56]: [TIMER] id=0, name=open, avg=0.000387, total=0.371199, count=960
[11:12:44.332480] [WARNING] [pdc_server.c:696] PDC_SERVER[56]: [TIMER] id=1, name=close, avg=0.000197, total=0.188976, count=960
[11:12:44.332499] [WARNING] [pdc_server.c:696] PDC_SERVER[56]: [TIMER] id=2, name=read, avg=0.040229, total=38.619807, count=960
[11:12:44.332505] [WARNING] [pdc_server.c:696] PDC_SERVER[56]: [TIMER] id=4, name=total_graph_exec, avg=0.014700, total=14.111801, count=960
[11:12:44.332426] [WARNING] [pdc_server.c:696] PDC_SERVER[6]: [TIMER] id=4, name=total_graph_exec, avg=0.014498, total=13.918421, count=960
[11:12:44.332415] [WARNING] [pdc_server.c:696] PDC_SERVER[30]: [TIMER] id=0, name=open, avg=0.000317, total=0.303968, count=960
[11:12:44.332494] [WARNING] [pdc_server.c:696] PDC_SERVER[30]: [TIMER] id=1, name=close, avg=0.000181, total=0.173883, count=960
[11:12:44.332501] [WARNING] [pdc_server.c:696] PDC_SERVER[30]: [TIMER] id=2, name=read, avg=0.037019, total=35.537912, count=960
[11:12:44.332508] [WARNING] [pdc_server.c:696] PDC_SERVER[30]: [TIMER] id=4, name=total_graph_exec, avg=0.015324, total=14.711461, count=960
[11:12:44.332599] [WARNING] [pdc_server.c:696] PDC_SERVER[87]: [TIMER] id=2, name=read, avg=0.039110, total=37.545930, count=960
[11:12:44.332606] [WARNING] [pdc_server.c:696] PDC_SERVER[87]: [TIMER] id=4, name=total_graph_exec, avg=0.014875, total=14.280380, count=960
[11:12:44.332425] [WARNING] [pdc_server.c:696] PDC_SERVER[46]: [TIMER] id=0, name=open, avg=0.000321, total=0.308192, count=960
[11:12:44.332500] [WARNING] [pdc_server.c:696] PDC_SERVER[46]: [TIMER] id=1, name=close, avg=0.000194, total=0.186639, count=960
[11:12:44.332517] [WARNING] [pdc_server.c:696] PDC_SERVER[46]: [TIMER] id=2, name=read, avg=0.039494, total=37.913792, count=960
[11:12:44.332523] [WARNING] [pdc_server.c:696] PDC_SERVER[46]: [TIMER] id=4, name=total_graph_exec, avg=0.014338, total=13.764216, count=960
[11:12:44.332371] [WARNING] [pdc_server.c:696] PDC_SERVER[121]: [TIMER] id=0, name=open, avg=0.000313, total=0.300089, count=960
[11:12:44.332442] [WARNING] [pdc_server.c:696] PDC_SERVER[121]: [TIMER] id=1, name=close, avg=0.000182, total=0.174651, count=960
[11:12:44.332459] [WARNING] [pdc_server.c:696] PDC_SERVER[121]: [TIMER] id=2, name=read, avg=0.039757, total=38.166823, count=960
[11:12:44.332464] [WARNING] [pdc_server.c:696] PDC_SERVER[121]: [TIMER] id=4, name=total_graph_exec, avg=0.014509, total=13.928942, count=960
[11:12:44.332423] [WARNING] [pdc_server.c:696] PDC_SERVER[55]: [TIMER] id=0, name=open, avg=0.000282, total=0.270319, count=960
[11:12:44.332498] [WARNING] [pdc_server.c:696] PDC_SERVER[55]: [TIMER] id=1, name=close, avg=0.000196, total=0.187696, count=960
[11:12:44.332504] [WARNING] [pdc_server.c:696] PDC_SERVER[55]: [TIMER] id=2, name=read, avg=0.039532, total=37.951159, count=960
[11:12:44.332502] [WARNING] [pdc_server.c:696] PDC_SERVER[1]: [TIMER] id=4, name=total_graph_exec, avg=0.014137, total=13.571101, count=960
[11:12:44.332487] [WARNING] [pdc_server.c:696] PDC_SERVER[97]: [TIMER] id=4, name=total_graph_exec, avg=0.014309, total=13.736282, count=960
[11:12:44.332417] [WARNING] [pdc_server.c:696] PDC_SERVER[53]: [TIMER] id=0, name=open, avg=0.000291, total=0.279397, count=960
[11:12:44.332502] [WARNING] [pdc_server.c:696] PDC_SERVER[53]: [TIMER] id=1, name=close, avg=0.000188, total=0.180466, count=960
[11:12:44.332513] [WARNING] [pdc_server.c:696] PDC_SERVER[63]: [TIMER] id=4, name=total_graph_exec, avg=0.014403, total=13.827250, count=960
[11:12:44.332510] [WARNING] [pdc_server.c:696] PDC_SERVER[18]: [TIMER] id=4, name=total_graph_exec, avg=0.014059, total=13.496211, count=960
[11:12:44.332429] [WARNING] [pdc_server.c:696] PDC_SERVER[103]: [TIMER] id=0, name=open, avg=0.000328, total=0.314506, count=960
[11:12:44.332507] [WARNING] [pdc_server.c:696] PDC_SERVER[103]: [TIMER] id=1, name=close, avg=0.000214, total=0.205578, count=960
[11:12:44.332513] [WARNING] [pdc_server.c:696] PDC_SERVER[103]: [TIMER] id=2, name=read, avg=0.039776, total=38.184694, count=960
[11:12:44.332518] [WARNING] [pdc_server.c:696] PDC_SERVER[103]: [TIMER] id=4, name=total_graph_exec, avg=0.014702, total=14.114023, count=960
[11:12:44.332413] [WARNING] [pdc_server.c:696] PDC_SERVER[19]: [TIMER] id=0, name=open, avg=0.000266, total=0.255711, count=960
[11:12:44.332935] [WARNING] [pdc_server.c:696] PDC_SERVER[19]: [TIMER] id=1, name=close, avg=0.000197, total=0.189132, count=960
[11:12:44.332953] [WARNING] [pdc_server.c:696] PDC_SERVER[19]: [TIMER] id=2, name=read, avg=0.039239, total=37.669869, count=960
[11:12:44.332958] [WARNING] [pdc_server.c:696] PDC_SERVER[19]: [TIMER] id=4, name=total_graph_exec, avg=0.014435, total=13.857744, count=960
[11:12:44.332416] [WARNING] [pdc_server.c:696] PDC_SERVER[109]: [TIMER] id=0, name=open, avg=0.000296, total=0.283804, count=960
[11:12:44.332479] [WARNING] [pdc_server.c:696] PDC_SERVER[109]: [TIMER] id=1, name=close, avg=0.000205, total=0.196983, count=960
[11:12:44.332493] [WARNING] [pdc_server.c:696] PDC_SERVER[109]: [TIMER] id=2, name=read, avg=0.036603, total=35.139089, count=960
[11:12:44.332498] [WARNING] [pdc_server.c:696] PDC_SERVER[109]: [TIMER] id=4, name=total_graph_exec, avg=0.015888, total=15.252757, count=960
[11:12:44.332425] [WARNING] [pdc_server.c:696] PDC_SERVER[101]: [TIMER] id=0, name=open, avg=0.000339, total=0.325156, count=960
[11:12:44.332508] [WARNING] [pdc_server.c:696] PDC_SERVER[101]: [TIMER] id=1, name=close, avg=0.000201, total=0.193297, count=960
[11:12:44.332515] [WARNING] [pdc_server.c:696] PDC_SERVER[101]: [TIMER] id=2, name=read, avg=0.039575, total=37.992324, count=960
[11:12:44.332846] [WARNING] [pdc_server.c:696] PDC_SERVER[104]: [TIMER] id=0, name=open, avg=0.000311, total=0.299024, count=960
[11:12:44.332930] [WARNING] [pdc_server.c:696] PDC_SERVER[104]: [TIMER] id=1, name=close, avg=0.000241, total=0.231832, count=960
[11:12:44.332936] [WARNING] [pdc_server.c:696] PDC_SERVER[104]: [TIMER] id=2, name=read, avg=0.040060, total=38.457152, count=960
[11:12:44.332500] [WARNING] [pdc_server.c:696] PDC_SERVER[65]: [TIMER] id=4, name=total_graph_exec, avg=0.014396, total=13.819876, count=960
[11:12:44.332418] [WARNING] [pdc_server.c:696] PDC_SERVER[50]: [TIMER] id=0, name=open, avg=0.000318, total=0.305493, count=960
[11:12:44.332499] [WARNING] [pdc_server.c:696] PDC_SERVER[50]: [TIMER] id=1, name=close, avg=0.000207, total=0.198897, count=960
[11:12:44.332504] [WARNING] [pdc_server.c:696] PDC_SERVER[50]: [TIMER] id=2, name=read, avg=0.039230, total=37.661014, count=960
[11:12:44.332509] [WARNING] [pdc_server.c:696] PDC_SERVER[50]: [TIMER] id=4, name=total_graph_exec, avg=0.014167, total=13.599937, count=960
[11:12:44.332416] [WARNING] [pdc_server.c:696] PDC_SERVER[74]: [TIMER] id=0, name=open, avg=0.000322, total=0.309214, count=960
[11:12:44.332490] [WARNING] [pdc_server.c:696] PDC_SERVER[74]: [TIMER] id=1, name=close, avg=0.000206, total=0.197752, count=960
[11:12:44.332508] [WARNING] [pdc_server.c:696] PDC_SERVER[74]: [TIMER] id=2, name=read, avg=0.039812, total=38.219077, count=960
[11:12:44.332517] [WARNING] [pdc_server.c:696] PDC_SERVER[43]: [TIMER] id=4, name=total_graph_exec, avg=0.013857, total=13.303000, count=960
[11:12:44.332942] [WARNING] [pdc_server.c:696] PDC_SERVER[52]: [TIMER] id=0, name=open, avg=0.000329, total=0.315929, count=960
[11:12:44.333027] [WARNING] [pdc_server.c:696] PDC_SERVER[52]: [TIMER] id=1, name=close, avg=0.000188, total=0.180489, count=960
[11:12:44.333033] [WARNING] [pdc_server.c:696] PDC_SERVER[52]: [TIMER] id=2, name=read, avg=0.039837, total=38.243854, count=960
[11:12:44.332421] [WARNING] [pdc_server.c:696] PDC_SERVER[60]: [TIMER] id=0, name=open, avg=0.000323, total=0.309675, count=960
[11:12:44.332927] [WARNING] [pdc_server.c:696] PDC_SERVER[60]: [TIMER] id=1, name=close, avg=0.000193, total=0.185588, count=960
[11:12:44.332933] [WARNING] [pdc_server.c:696] PDC_SERVER[60]: [TIMER] id=2, name=read, avg=0.039595, total=38.011252, count=960
[11:12:44.332938] [WARNING] [pdc_server.c:696] PDC_SERVER[60]: [TIMER] id=4, name=total_graph_exec, avg=0.014686, total=14.098916, count=960
[11:12:44.332953] [WARNING] [pdc_server.c:696] PDC_SERVER[69]: [TIMER] id=0, name=open, avg=0.000296, total=0.284123, count=960
[11:12:44.333035] [WARNING] [pdc_server.c:696] PDC_SERVER[69]: [TIMER] id=1, name=close, avg=0.000199, total=0.191220, count=960
[11:12:44.333041] [WARNING] [pdc_server.c:696] PDC_SERVER[69]: [TIMER] id=2, name=read, avg=0.040008, total=38.407695, count=960
[11:12:44.333249] [WARNING] [pdc_server.c:696] PDC_SERVER[115]: [TIMER] id=0, name=open, avg=0.000332, total=0.318321, count=960
[11:12:44.333330] [WARNING] [pdc_server.c:696] PDC_SERVER[115]: [TIMER] id=1, name=close, avg=0.000233, total=0.224032, count=960
[11:12:44.333336] [WARNING] [pdc_server.c:696] PDC_SERVER[115]: [TIMER] id=2, name=read, avg=0.037992, total=36.472154, count=960
[11:12:44.332509] [WARNING] [pdc_server.c:696] PDC_SERVER[55]: [TIMER] id=4, name=total_graph_exec, avg=0.014317, total=13.744186, count=960
[11:12:44.332510] [WARNING] [pdc_server.c:696] PDC_SERVER[53]: [TIMER] id=2, name=read, avg=0.038848, total=37.293702, count=960
[11:12:44.332517] [WARNING] [pdc_server.c:696] PDC_SERVER[53]: [TIMER] id=4, name=total_graph_exec, avg=0.014062, total=13.499074, count=960
[11:12:44.332519] [WARNING] [pdc_server.c:696] PDC_SERVER[101]: [TIMER] id=4, name=total_graph_exec, avg=0.014336, total=13.762179, count=960
[11:12:44.332941] [WARNING] [pdc_server.c:696] PDC_SERVER[104]: [TIMER] id=4, name=total_graph_exec, avg=0.014525, total=13.944336, count=960
[11:12:44.332514] [WARNING] [pdc_server.c:696] PDC_SERVER[74]: [TIMER] id=4, name=total_graph_exec, avg=0.014514, total=13.933674, count=960
[11:12:44.333038] [WARNING] [pdc_server.c:696] PDC_SERVER[52]: [TIMER] id=4, name=total_graph_exec, avg=0.014531, total=13.949953, count=960
[11:12:44.333256] [WARNING] [pdc_server.c:696] PDC_SERVER[36]: [TIMER] id=0, name=open, avg=0.000330, total=0.316372, count=960
[11:12:44.333348] [WARNING] [pdc_server.c:696] PDC_SERVER[36]: [TIMER] id=1, name=close, avg=0.000209, total=0.200924, count=960
[11:12:44.333046] [WARNING] [pdc_server.c:696] PDC_SERVER[69]: [TIMER] id=4, name=total_graph_exec, avg=0.014560, total=13.977510, count=960
[11:12:44.333341] [WARNING] [pdc_server.c:696] PDC_SERVER[115]: [TIMER] id=4, name=total_graph_exec, avg=0.014195, total=13.627593, count=960
[11:12:44.333354] [WARNING] [pdc_server.c:696] PDC_SERVER[36]: [TIMER] id=2, name=read, avg=0.039168, total=37.601656, count=960
[11:12:44.333359] [WARNING] [pdc_server.c:696] PDC_SERVER[36]: [TIMER] id=4, name=total_graph_exec, avg=0.013391, total=12.855171, count=960
[11:12:44.333309] [WARNING] [pdc_server.c:696] PDC_SERVER[80]: [TIMER] id=0, name=open, avg=0.000364, total=0.349543, count=960
[11:12:44.333383] [WARNING] [pdc_server.c:696] PDC_SERVER[80]: [TIMER] id=1, name=close, avg=0.000191, total=0.183157, count=960
[11:12:44.333400] [WARNING] [pdc_server.c:696] PDC_SERVER[80]: [TIMER] id=2, name=read, avg=0.039855, total=38.261143, count=960
[11:12:44.333377] [WARNING] [pdc_server.c:696] PDC_SERVER[122]: [TIMER] id=0, name=open, avg=0.000326, total=0.312819, count=960
[11:12:44.333469] [WARNING] [pdc_server.c:696] PDC_SERVER[122]: [TIMER] id=1, name=close, avg=0.000211, total=0.202848, count=960
[11:12:44.333475] [WARNING] [pdc_server.c:696] PDC_SERVER[122]: [TIMER] id=2, name=read, avg=0.038834, total=37.280792, count=960
[11:12:44.333059] [WARNING] [pdc_server.c:696] PDC_SERVER[98]: [TIMER] id=0, name=open, avg=0.000308, total=0.295960, count=960
[11:12:44.333465] [WARNING] [pdc_server.c:696] PDC_SERVER[98]: [TIMER] id=1, name=close, avg=0.000180, total=0.172565, count=960
[11:12:44.333471] [WARNING] [pdc_server.c:696] PDC_SERVER[98]: [TIMER] id=2, name=read, avg=0.039665, total=38.078093, count=960
[11:12:44.333406] [WARNING] [pdc_server.c:696] PDC_SERVER[80]: [TIMER] id=4, name=total_graph_exec, avg=0.015024, total=14.423498, count=960
[11:12:44.333442] [WARNING] [pdc_server.c:696] PDC_SERVER[49]: [TIMER] id=0, name=open, avg=0.000345, total=0.331501, count=960
[11:12:44.333534] [WARNING] [pdc_server.c:696] PDC_SERVER[49]: [TIMER] id=1, name=close, avg=0.000182, total=0.174594, count=960
[11:12:44.333480] [WARNING] [pdc_server.c:696] PDC_SERVER[122]: [TIMER] id=4, name=total_graph_exec, avg=0.014195, total=13.627427, count=960
[11:12:44.333476] [WARNING] [pdc_server.c:696] PDC_SERVER[98]: [TIMER] id=4, name=total_graph_exec, avg=0.014271, total=13.699723, count=960
[11:12:44.333528] [WARNING] [pdc_server.c:696] PDC_SERVER[94]: [TIMER] id=0, name=open, avg=0.000292, total=0.280483, count=960
[11:12:44.333604] [WARNING] [pdc_server.c:696] PDC_SERVER[94]: [TIMER] id=1, name=close, avg=0.000199, total=0.191435, count=960
[11:12:44.333621] [WARNING] [pdc_server.c:696] PDC_SERVER[94]: [TIMER] id=2, name=read, avg=0.039018, total=37.457029, count=960
[11:12:44.333626] [WARNING] [pdc_server.c:696] PDC_SERVER[94]: [TIMER] id=4, name=total_graph_exec, avg=0.014246, total=13.675732, count=960
[11:12:44.333500] [WARNING] [pdc_server.c:696] PDC_SERVER[79]: [TIMER] id=0, name=open, avg=0.000318, total=0.305648, count=960
[11:12:44.333594] [WARNING] [pdc_server.c:696] PDC_SERVER[79]: [TIMER] id=1, name=close, avg=0.000213, total=0.204877, count=960
[11:12:44.333600] [WARNING] [pdc_server.c:696] PDC_SERVER[79]: [TIMER] id=2, name=read, avg=0.039247, total=37.677323, count=960
[11:12:44.333541] [WARNING] [pdc_server.c:696] PDC_SERVER[49]: [TIMER] id=2, name=read, avg=0.039751, total=38.161427, count=960
[11:12:44.333546] [WARNING] [pdc_server.c:696] PDC_SERVER[49]: [TIMER] id=4, name=total_graph_exec, avg=0.014497, total=13.916716, count=960
[11:12:44.333605] [WARNING] [pdc_server.c:696] PDC_SERVER[79]: [TIMER] id=4, name=total_graph_exec, avg=0.013186, total=12.658680, count=960
[11:12:44.333685] [WARNING] [pdc_server.c:696] PDC_SERVER[118]: [TIMER] id=0, name=open, avg=0.000299, total=0.286665, count=960
[11:12:44.333768] [WARNING] [pdc_server.c:696] PDC_SERVER[118]: [TIMER] id=1, name=close, avg=0.000213, total=0.204212, count=960
[11:12:44.333774] [WARNING] [pdc_server.c:696] PDC_SERVER[118]: [TIMER] id=2, name=read, avg=0.039123, total=37.557621, count=960
[11:12:44.333779] [WARNING] [pdc_server.c:696] PDC_SERVER[118]: [TIMER] id=4, name=total_graph_exec, avg=0.014248, total=13.677881, count=960
[11:12:44.333100] [WARNING] [pdc_server.c:696] PDC_SERVER[66]: [TIMER] id=0, name=open, avg=0.000289, total=0.277489, count=960
[11:12:44.333962] [WARNING] [pdc_server.c:696] PDC_SERVER[66]: [TIMER] id=1, name=close, avg=0.000195, total=0.187492, count=960
[11:12:44.333968] [WARNING] [pdc_server.c:696] PDC_SERVER[66]: [TIMER] id=2, name=read, avg=0.039170, total=37.602900, count=960
[11:12:44.333956] [WARNING] [pdc_server.c:696] PDC_SERVER[39]: [TIMER] id=0, name=open, avg=0.000304, total=0.291957, count=960
[11:12:44.334041] [WARNING] [pdc_server.c:696] PDC_SERVER[39]: [TIMER] id=1, name=close, avg=0.000194, total=0.185795, count=960
[11:12:44.334047] [WARNING] [pdc_server.c:696] PDC_SERVER[39]: [TIMER] id=2, name=read, avg=0.039292, total=37.720773, count=960
[11:12:44.333973] [WARNING] [pdc_server.c:696] PDC_SERVER[66]: [TIMER] id=4, name=total_graph_exec, avg=0.014247, total=13.677192, count=960
[11:12:44.333905] [WARNING] [pdc_server.c:696] PDC_SERVER[93]: [TIMER] id=0, name=open, avg=0.000319, total=0.305871, count=960
[11:12:44.334000] [WARNING] [pdc_server.c:696] PDC_SERVER[93]: [TIMER] id=1, name=close, avg=0.000191, total=0.183574, count=960
[11:12:44.334007] [WARNING] [pdc_server.c:696] PDC_SERVER[93]: [TIMER] id=2, name=read, avg=0.039464, total=37.885286, count=960
[11:12:44.334013] [WARNING] [pdc_server.c:696] PDC_SERVER[93]: [TIMER] id=4, name=total_graph_exec, avg=0.014187, total=13.619163, count=960
[11:12:44.334062] [WARNING] [pdc_server.c:696] PDC_SERVER[48]: [TIMER] id=0, name=open, avg=0.000282, total=0.270365, count=960
[11:12:44.334134] [WARNING] [pdc_server.c:696] PDC_SERVER[48]: [TIMER] id=1, name=close, avg=0.000200, total=0.192044, count=960
[11:12:44.334152] [WARNING] [pdc_server.c:696] PDC_SERVER[48]: [TIMER] id=2, name=read, avg=0.039043, total=37.481413, count=960
[11:12:44.334052] [WARNING] [pdc_server.c:696] PDC_SERVER[39]: [TIMER] id=4, name=total_graph_exec, avg=0.014276, total=13.705043, count=960
[11:12:44.333719] [WARNING] [pdc_server.c:696] PDC_SERVER[17]: [TIMER] id=0, name=open, avg=0.000286, total=0.274373, count=960
[11:12:44.334067] [WARNING] [pdc_server.c:696] PDC_SERVER[17]: [TIMER] id=1, name=close, avg=0.000199, total=0.191109, count=960
[11:12:44.334085] [WARNING] [pdc_server.c:696] PDC_SERVER[17]: [TIMER] id=2, name=read, avg=0.040323, total=38.710431, count=960
[11:12:44.334157] [WARNING] [pdc_server.c:696] PDC_SERVER[48]: [TIMER] id=4, name=total_graph_exec, avg=0.014038, total=13.476178, count=960
[11:12:44.334090] [WARNING] [pdc_server.c:696] PDC_SERVER[17]: [TIMER] id=4, name=total_graph_exec, avg=0.014719, total=14.130450, count=960
[11:12:44.334071] [WARNING] [pdc_server.c:696] PDC_SERVER[75]: [TIMER] id=0, name=open, avg=0.000335, total=0.322071, count=960
[11:12:44.334153] [WARNING] [pdc_server.c:696] PDC_SERVER[75]: [TIMER] id=1, name=close, avg=0.000195, total=0.186990, count=960
[11:12:44.334160] [WARNING] [pdc_server.c:696] PDC_SERVER[75]: [TIMER] id=2, name=read, avg=0.039669, total=38.082646, count=960
[11:12:44.333888] [WARNING] [pdc_server.c:696] PDC_SERVER[68]: [TIMER] id=0, name=open, avg=0.000338, total=0.324534, count=960
[11:12:44.334256] [WARNING] [pdc_server.c:696] PDC_SERVER[68]: [TIMER] id=1, name=close, avg=0.000192, total=0.183892, count=960
[11:12:44.334228] [WARNING] [pdc_server.c:696] PDC_SERVER[5]: [TIMER] id=0, name=open, avg=0.000292, total=0.280090, count=960
[11:12:44.334299] [WARNING] [pdc_server.c:696] PDC_SERVER[5]: [TIMER] id=1, name=close, avg=0.000196, total=0.188402, count=960
[11:12:44.334316] [WARNING] [pdc_server.c:696] PDC_SERVER[5]: [TIMER] id=2, name=read, avg=0.038183, total=36.655786, count=960
[11:12:44.334165] [WARNING] [pdc_server.c:696] PDC_SERVER[75]: [TIMER] id=4, name=total_graph_exec, avg=0.014632, total=14.046696, count=960
[11:12:44.334264] [WARNING] [pdc_server.c:696] PDC_SERVER[68]: [TIMER] id=2, name=read, avg=0.039635, total=38.049812, count=960
[11:12:44.334271] [WARNING] [pdc_server.c:696] PDC_SERVER[68]: [TIMER] id=4, name=total_graph_exec, avg=0.014628, total=14.043294, count=960
[11:12:44.334322] [WARNING] [pdc_server.c:696] PDC_SERVER[5]: [TIMER] id=4, name=total_graph_exec, avg=0.015561, total=14.938854, count=960
[11:12:44.334351] [WARNING] [pdc_server.c:696] PDC_SERVER[59]: [TIMER] id=0, name=open, avg=0.000288, total=0.276856, count=960
[11:12:44.334446] [WARNING] [pdc_server.c:696] PDC_SERVER[59]: [TIMER] id=1, name=close, avg=0.000186, total=0.178419, count=960
[11:12:44.334456] [WARNING] [pdc_server.c:696] PDC_SERVER[29]: [TIMER] id=0, name=open, avg=0.000320, total=0.307318, count=960
[11:12:44.334539] [WARNING] [pdc_server.c:696] PDC_SERVER[29]: [TIMER] id=1, name=close, avg=0.000212, total=0.203460, count=960
[11:12:44.334466] [WARNING] [pdc_server.c:696] PDC_SERVER[59]: [TIMER] id=2, name=read, avg=0.039345, total=37.771003, count=960
[11:12:44.334473] [WARNING] [pdc_server.c:696] PDC_SERVER[59]: [TIMER] id=4, name=total_graph_exec, avg=0.014784, total=14.192305, count=960
[11:12:44.334545] [WARNING] [pdc_server.c:696] PDC_SERVER[29]: [TIMER] id=2, name=read, avg=0.039707, total=38.118677, count=960
[11:12:44.334550] [WARNING] [pdc_server.c:696] PDC_SERVER[29]: [TIMER] id=4, name=total_graph_exec, avg=0.014462, total=13.883218, count=960
[11:12:44.334559] [WARNING] [pdc_server.c:696] PDC_SERVER[77]: [TIMER] id=0, name=open, avg=0.000295, total=0.282856, count=960
[11:12:44.334644] [WARNING] [pdc_server.c:696] PDC_SERVER[77]: [TIMER] id=1, name=close, avg=0.000200, total=0.191691, count=960
[11:12:44.334650] [WARNING] [pdc_server.c:696] PDC_SERVER[77]: [TIMER] id=2, name=read, avg=0.039035, total=37.473952, count=960
[11:12:44.334655] [WARNING] [pdc_server.c:696] PDC_SERVER[77]: [TIMER] id=4, name=total_graph_exec, avg=0.013623, total=13.078240, count=960
[11:12:44.334707] [WARNING] [pdc_server.c:696] PDC_SERVER[47]: [TIMER] id=0, name=open, avg=0.000333, total=0.319881, count=960
[11:12:44.334795] [WARNING] [pdc_server.c:696] PDC_SERVER[47]: [TIMER] id=1, name=close, avg=0.000204, total=0.195583, count=960
[11:12:44.334815] [WARNING] [pdc_server.c:696] PDC_SERVER[47]: [TIMER] id=2, name=read, avg=0.039628, total=38.042788, count=960
[11:12:44.334174] [WARNING] [pdc_server.c:696] PDC_SERVER[41]: [TIMER] id=0, name=open, avg=0.000291, total=0.279252, count=960
[11:12:44.334853] [WARNING] [pdc_server.c:696] PDC_SERVER[41]: [TIMER] id=1, name=close, avg=0.000185, total=0.177739, count=960
[11:12:44.334371] [WARNING] [pdc_server.c:696] PDC_SERVER[73]: [TIMER] id=0, name=open, avg=0.000318, total=0.305197, count=960
[11:12:44.334878] [WARNING] [pdc_server.c:696] PDC_SERVER[73]: [TIMER] id=1, name=close, avg=0.000199, total=0.190918, count=960
[11:12:44.334885] [WARNING] [pdc_server.c:696] PDC_SERVER[73]: [TIMER] id=2, name=read, avg=0.038598, total=37.053767, count=960
[11:12:44.334822] [WARNING] [pdc_server.c:696] PDC_SERVER[47]: [TIMER] id=4, name=total_graph_exec, avg=0.014373, total=13.798259, count=960
[11:12:44.334861] [WARNING] [pdc_server.c:696] PDC_SERVER[41]: [TIMER] id=2, name=read, avg=0.039608, total=38.023345, count=960
[11:12:44.334867] [WARNING] [pdc_server.c:696] PDC_SERVER[41]: [TIMER] id=4, name=total_graph_exec, avg=0.014064, total=13.501582, count=960
[11:12:44.334889] [WARNING] [pdc_server.c:696] PDC_SERVER[73]: [TIMER] id=4, name=total_graph_exec, avg=0.014245, total=13.674930, count=960
[11:12:44.335018] [WARNING] [pdc_server.c:696] PDC_SERVER[89]: [TIMER] id=0, name=open, avg=0.000331, total=0.318188, count=960
[11:12:44.335101] [WARNING] [pdc_server.c:696] PDC_SERVER[89]: [TIMER] id=1, name=close, avg=0.000187, total=0.179819, count=960
[11:12:44.332427] [WARNING] [pdc_server.c:696] PDC_SERVER[51]: [TIMER] id=0, name=open, avg=0.000343, total=0.329635, count=960
[11:12:44.332500] [WARNING] [pdc_server.c:696] PDC_SERVER[51]: [TIMER] id=1, name=close, avg=0.000189, total=0.181706, count=960
[11:12:44.332517] [WARNING] [pdc_server.c:696] PDC_SERVER[51]: [TIMER] id=2, name=read, avg=0.039481, total=37.901850, count=960
[11:12:44.332523] [WARNING] [pdc_server.c:696] PDC_SERVER[51]: [TIMER] id=4, name=total_graph_exec, avg=0.014465, total=13.886296, count=960
[11:12:44.335107] [WARNING] [pdc_server.c:696] PDC_SERVER[89]: [TIMER] id=2, name=read, avg=0.040343, total=38.729109, count=960
[11:12:44.335113] [WARNING] [pdc_server.c:696] PDC_SERVER[89]: [TIMER] id=4, name=total_graph_exec, avg=0.015043, total=14.441176, count=960
[11:12:44.333231] [WARNING] [pdc_server.c:696] PDC_SERVER[117]: [TIMER] id=0, name=open, avg=0.000285, total=0.274023, count=960
[11:12:44.333320] [WARNING] [pdc_server.c:696] PDC_SERVER[117]: [TIMER] id=1, name=close, avg=0.000200, total=0.191847, count=960
[11:12:44.332414] [WARNING] [pdc_server.c:696] PDC_SERVER[105]: [TIMER] id=0, name=open, avg=0.000289, total=0.277355, count=960
[11:12:44.332482] [WARNING] [pdc_server.c:696] PDC_SERVER[105]: [TIMER] id=1, name=close, avg=0.000184, total=0.176570, count=960
[11:12:44.332499] [WARNING] [pdc_server.c:696] PDC_SERVER[105]: [TIMER] id=2, name=read, avg=0.039922, total=38.325390, count=960
[11:12:44.332505] [WARNING] [pdc_server.c:696] PDC_SERVER[105]: [TIMER] id=4, name=total_graph_exec, avg=0.014575, total=13.992114, count=960
[11:12:44.335152] [WARNING] [pdc_server.c:696] PDC_SERVER[86]: [TIMER] id=0, name=open, avg=0.000289, total=0.277447, count=960
[11:12:44.335280] [WARNING] [pdc_server.c:696] PDC_SERVER[86]: [TIMER] id=1, name=close, avg=0.000192, total=0.184141, count=960
[11:12:44.333326] [WARNING] [pdc_server.c:696] PDC_SERVER[117]: [TIMER] id=2, name=read, avg=0.038324, total=36.790619, count=960
[11:12:44.333332] [WARNING] [pdc_server.c:696] PDC_SERVER[117]: [TIMER] id=4, name=total_graph_exec, avg=0.013851, total=13.296707, count=960
[11:12:44.335291] [WARNING] [pdc_server.c:696] PDC_SERVER[86]: [TIMER] id=2, name=read, avg=0.039663, total=38.076201, count=960
[11:12:44.335300] [WARNING] [pdc_server.c:696] PDC_SERVER[86]: [TIMER] id=4, name=total_graph_exec, avg=0.014632, total=14.046258, count=960
[11:12:44.335311] [WARNING] [pdc_server.c:696] PDC_SERVER[95]: [TIMER] id=0, name=open, avg=0.000345, total=0.331031, count=960
[11:12:44.335408] [WARNING] [pdc_server.c:696] PDC_SERVER[95]: [TIMER] id=1, name=close, avg=0.000200, total=0.192130, count=960
[11:12:44.335416] [WARNING] [pdc_server.c:696] PDC_SERVER[95]: [TIMER] id=2, name=read, avg=0.040124, total=38.518692, count=960
[11:12:44.335422] [WARNING] [pdc_server.c:696] PDC_SERVER[95]: [TIMER] id=4, name=total_graph_exec, avg=0.014584, total=14.000839, count=960
[11:12:44.335369] [WARNING] [pdc_server.c:696] PDC_SERVER[58]: [TIMER] id=0, name=open, avg=0.000301, total=0.288881, count=960
[11:12:44.335463] [WARNING] [pdc_server.c:696] PDC_SERVER[58]: [TIMER] id=1, name=close, avg=0.000228, total=0.218652, count=960
[11:12:44.335380] [WARNING] [pdc_server.c:696] PDC_SERVER[67]: [TIMER] id=0, name=open, avg=0.000273, total=0.262189, count=960
[11:12:44.335526] [WARNING] [pdc_server.c:696] PDC_SERVER[67]: [TIMER] id=1, name=close, avg=0.000191, total=0.182889, count=960
[11:12:44.335471] [WARNING] [pdc_server.c:696] PDC_SERVER[58]: [TIMER] id=2, name=read, avg=0.038870, total=37.315107, count=960
[11:12:44.335477] [WARNING] [pdc_server.c:696] PDC_SERVER[58]: [TIMER] id=4, name=total_graph_exec, avg=0.014419, total=13.841997, count=960
[11:12:44.335351] [WARNING] [pdc_server.c:696] PDC_SERVER[14]: [TIMER] id=0, name=open, avg=0.000296, total=0.284095, count=960
[11:12:44.335451] [WARNING] [pdc_server.c:696] PDC_SERVER[14]: [TIMER] id=1, name=close, avg=0.000194, total=0.186046, count=960
[11:12:44.335466] [WARNING] [pdc_server.c:696] PDC_SERVER[57]: [TIMER] id=0, name=open, avg=0.000308, total=0.295966, count=960
[11:12:44.335571] [WARNING] [pdc_server.c:696] PDC_SERVER[57]: [TIMER] id=1, name=close, avg=0.000210, total=0.201723, count=960
[11:12:44.335578] [WARNING] [pdc_server.c:696] PDC_SERVER[57]: [TIMER] id=2, name=read, avg=0.039747, total=38.157244, count=960
[11:12:44.335537] [WARNING] [pdc_server.c:696] PDC_SERVER[67]: [TIMER] id=2, name=read, avg=0.030914, total=29.677250, count=960
[11:12:44.335547] [WARNING] [pdc_server.c:696] PDC_SERVER[67]: [TIMER] id=4, name=total_graph_exec, avg=0.013291, total=12.759186, count=960
[11:12:44.335565] [WARNING] [pdc_server.c:696] PDC_SERVER[26]: [TIMER] id=0, name=open, avg=0.000329, total=0.315826, count=960
[11:12:44.335650] [WARNING] [pdc_server.c:696] PDC_SERVER[26]: [TIMER] id=1, name=close, avg=0.000216, total=0.206949, count=960
[11:12:44.335671] [WARNING] [pdc_server.c:696] PDC_SERVER[26]: [TIMER] id=2, name=read, avg=0.039894, total=38.298274, count=960
[11:12:44.335459] [WARNING] [pdc_server.c:696] PDC_SERVER[14]: [TIMER] id=2, name=read, avg=0.040577, total=38.953932, count=960
[11:12:44.335466] [WARNING] [pdc_server.c:696] PDC_SERVER[14]: [TIMER] id=4, name=total_graph_exec, avg=0.015767, total=15.135995, count=960
[11:12:44.335584] [WARNING] [pdc_server.c:696] PDC_SERVER[57]: [TIMER] id=4, name=total_graph_exec, avg=0.014846, total=14.252631, count=960
[11:12:44.335677] [WARNING] [pdc_server.c:696] PDC_SERVER[26]: [TIMER] id=4, name=total_graph_exec, avg=0.014811, total=14.218547, count=960
[11:12:44.335715] [WARNING] [pdc_server.c:696] PDC_SERVER[72]: [TIMER] id=0, name=open, avg=0.000335, total=0.321573, count=960
[11:12:44.335796] [WARNING] [pdc_server.c:696] PDC_SERVER[72]: [TIMER] id=1, name=close, avg=0.000182, total=0.175074, count=960
[11:12:44.335635] [WARNING] [pdc_server.c:696] PDC_SERVER[11]: [TIMER] id=0, name=open, avg=0.000364, total=0.349813, count=960
[11:12:44.335625] [WARNING] [pdc_server.c:696] PDC_SERVER[21]: [TIMER] id=0, name=open, avg=0.000302, total=0.290228, count=960
[11:12:44.335693] [WARNING] [pdc_server.c:696] PDC_SERVER[21]: [TIMER] id=1, name=close, avg=0.000184, total=0.176983, count=960
[11:12:44.335711] [WARNING] [pdc_server.c:696] PDC_SERVER[21]: [TIMER] id=2, name=read, avg=0.039933, total=38.335782, count=960
[11:12:44.335716] [WARNING] [pdc_server.c:696] PDC_SERVER[21]: [TIMER] id=4, name=total_graph_exec, avg=0.014256, total=13.685904, count=960
[11:12:44.335802] [WARNING] [pdc_server.c:696] PDC_SERVER[72]: [TIMER] id=2, name=read, avg=0.039642, total=38.056768, count=960
[11:12:44.335807] [WARNING] [pdc_server.c:696] PDC_SERVER[72]: [TIMER] id=4, name=total_graph_exec, avg=0.014731, total=14.141383, count=960
[11:12:44.335763] [WARNING] [pdc_server.c:696] PDC_SERVER[11]: [TIMER] id=1, name=close, avg=0.000183, total=0.175607, count=960
[11:12:44.335773] [WARNING] [pdc_server.c:696] PDC_SERVER[11]: [TIMER] id=2, name=read, avg=0.038192, total=36.664047, count=960
[11:12:44.335781] [WARNING] [pdc_server.c:696] PDC_SERVER[11]: [TIMER] id=4, name=total_graph_exec, avg=0.014079, total=13.515408, count=960
[11:12:44.335801] [WARNING] [pdc_server.c:696] PDC_SERVER[92]: [TIMER] id=0, name=open, avg=0.000296, total=0.284611, count=960
[11:12:44.335895] [WARNING] [pdc_server.c:696] PDC_SERVER[92]: [TIMER] id=1, name=close, avg=0.000201, total=0.192608, count=960
[11:12:44.335902] [WARNING] [pdc_server.c:696] PDC_SERVER[92]: [TIMER] id=2, name=read, avg=0.038918, total=37.360896, count=960
[11:12:44.335908] [WARNING] [pdc_server.c:696] PDC_SERVER[92]: [TIMER] id=4, name=total_graph_exec, avg=0.014139, total=13.573129, count=960
[11:12:44.335983] [WARNING] [pdc_server.c:696] PDC_SERVER[15]: [TIMER] id=0, name=open, avg=0.000279, total=0.268005, count=960
[11:12:44.336080] [WARNING] [pdc_server.c:696] PDC_SERVER[15]: [TIMER] id=1, name=close, avg=0.000196, total=0.188361, count=960
[11:12:44.335963] [WARNING] [pdc_server.c:696] PDC_SERVER[119]: [TIMER] id=0, name=open, avg=0.000284, total=0.272874, count=960
[11:12:44.336046] [WARNING] [pdc_server.c:696] PDC_SERVER[119]: [TIMER] id=1, name=close, avg=0.000206, total=0.197581, count=960
[11:12:44.336066] [WARNING] [pdc_server.c:696] PDC_SERVER[119]: [TIMER] id=2, name=read, avg=0.039407, total=37.830833, count=960
[11:12:44.335871] [WARNING] [pdc_server.c:696] PDC_SERVER[99]: [TIMER] id=0, name=open, avg=0.000309, total=0.296806, count=960
[11:12:44.336005] [WARNING] [pdc_server.c:696] PDC_SERVER[99]: [TIMER] id=1, name=close, avg=0.000194, total=0.186117, count=960
[11:12:44.336034] [WARNING] [pdc_server.c:696] PDC_SERVER[99]: [TIMER] id=2, name=read, avg=0.040160, total=38.553154, count=960
[11:12:44.335891] [WARNING] [pdc_server.c:696] PDC_SERVER[125]: [TIMER] id=0, name=open, avg=0.000296, total=0.284111, count=960
[11:12:44.336024] [WARNING] [pdc_server.c:696] PDC_SERVER[125]: [TIMER] id=1, name=close, avg=0.000198, total=0.190067, count=960
[11:12:44.336087] [WARNING] [pdc_server.c:696] PDC_SERVER[15]: [TIMER] id=2, name=read, avg=0.039866, total=38.271493, count=960
[11:12:44.336094] [WARNING] [pdc_server.c:696] PDC_SERVER[15]: [TIMER] id=4, name=total_graph_exec, avg=0.015206, total=14.597475, count=960
[11:12:44.336073] [WARNING] [pdc_server.c:696] PDC_SERVER[119]: [TIMER] id=4, name=total_graph_exec, avg=0.014539, total=13.957098, count=960
[11:12:44.336048] [WARNING] [pdc_server.c:696] PDC_SERVER[99]: [TIMER] id=4, name=total_graph_exec, avg=0.014456, total=13.877452, count=960
[11:12:44.335646] [WARNING] [pdc_server.c:696] PDC_SERVER[61]: [TIMER] id=0, name=open, avg=0.000384, total=0.368192, count=960
[11:12:44.336097] [WARNING] [pdc_server.c:696] PDC_SERVER[61]: [TIMER] id=1, name=close, avg=0.000198, total=0.189830, count=960
[11:12:44.336035] [WARNING] [pdc_server.c:696] PDC_SERVER[125]: [TIMER] id=2, name=read, avg=0.039226, total=37.656588, count=960
[11:12:44.336043] [WARNING] [pdc_server.c:696] PDC_SERVER[125]: [TIMER] id=4, name=total_graph_exec, avg=0.014273, total=13.701942, count=960
[11:12:44.336115] [WARNING] [pdc_server.c:696] PDC_SERVER[61]: [TIMER] id=2, name=read, avg=0.039246, total=37.676568, count=960
[11:12:44.336121] [WARNING] [pdc_server.c:696] PDC_SERVER[61]: [TIMER] id=4, name=total_graph_exec, avg=0.014226, total=13.657364, count=960
[11:12:44.336189] [WARNING] [pdc_server.c:696] PDC_SERVER[62]: [TIMER] id=0, name=open, avg=0.000324, total=0.311244, count=960
[11:12:44.336335] [WARNING] [pdc_server.c:696] PDC_SERVER[62]: [TIMER] id=1, name=close, avg=0.000199, total=0.191046, count=960
[11:12:44.336345] [WARNING] [pdc_server.c:696] PDC_SERVER[62]: [TIMER] id=2, name=read, avg=0.039409, total=37.832824, count=960
[11:12:44.336354] [WARNING] [pdc_server.c:696] PDC_SERVER[62]: [TIMER] id=4, name=total_graph_exec, avg=0.013980, total=13.420756, count=960
[11:12:44.336387] [WARNING] [pdc_server.c:696] PDC_SERVER[83]: [TIMER] id=0, name=open, avg=0.000298, total=0.286047, count=960
[11:12:44.336493] [WARNING] [pdc_server.c:696] PDC_SERVER[83]: [TIMER] id=1, name=close, avg=0.000190, total=0.182393, count=960
[11:12:44.336501] [WARNING] [pdc_server.c:696] PDC_SERVER[83]: [TIMER] id=2, name=read, avg=0.038559, total=37.016704, count=960
[11:12:44.336507] [WARNING] [pdc_server.c:696] PDC_SERVER[83]: [TIMER] id=4, name=total_graph_exec, avg=0.014415, total=13.838002, count=960
