[11:04:20.718270] [WARNING] [pdc_server_data.c:122] PDC_SERVER[0]: Total Lustre OSTs, PDC Servers: 256, 128
[11:04:20.718303] [WARNING] [pdc_server_data.c:123] PDC_SERVER[0]: Setting Lustre stripe count to 2 and size to 16 MB
[11:07:30.695268] [WARNING] [pdc_server.c:1184] PDC_SERVER[0]: Checkpoint start
[11:07:30.721245] [WARNING] [pdc_server.c:1376] PDC_SERVER[0]: Writing checkpoint transformations start
[11:07:30.722337] [WARNING] [pdc_server.c:1558] PDC_SERVER[0]: Writing checkpoint transformations done
[11:08:03.324465] [WARNING] [pdc_server.c:1595] PDC_SERVER[0]: Rank[ALL]: Total checkpoint time = 32.629173
[11:08:03.326406] [WARNING] [pdc_server.c:1602] PDC_SERVER[0]: Checkpointing done
[11:08:03.333353] [WARNING] [pdc_server.c:696] PDC_SERVER[0]: [TIMER] id=0, name=open, avg=0.000365, total=0.350166, count=960
[11:08:03.333366] [WARNING] [pdc_server.c:696] PDC_SERVER[0]: [TIMER] id=1, name=close, avg=0.000270, total=0.259592, count=960
[11:08:03.333371] [WARNING] [pdc_server.c:696] PDC_SERVER[0]: [TIMER] id=3, name=write, avg=0.039607, total=38.023027, count=960
[11:08:03.333376] [WARNING] [pdc_server.c:696] PDC_SERVER[0]: [TIMER] id=4, name=total_graph_exec, avg=0.022146, total=21.260343, count=960
[11:08:03.333330] [WARNING] [pdc_server.c:696] PDC_SERVER[12]: [TIMER] id=0, name=open, avg=0.000333, total=0.319878, count=960
[11:08:03.333392] [WARNING] [pdc_server.c:696] PDC_SERVER[12]: [TIMER] id=1, name=close, avg=0.000286, total=0.274900, count=960
[11:08:03.333412] [WARNING] [pdc_server.c:696] PDC_SERVER[12]: [TIMER] id=3, name=write, avg=0.039661, total=38.074118, count=960
[11:08:03.333418] [WARNING] [pdc_server.c:696] PDC_SERVER[12]: [TIMER] id=4, name=total_graph_exec, avg=0.023012, total=22.091931, count=960
[11:08:03.333382] [WARNING] [pdc_server.c:696] PDC_SERVER[49]: [TIMER] id=0, name=open, avg=0.000355, total=0.340578, count=960
[11:08:03.333449] [WARNING] [pdc_server.c:696] PDC_SERVER[49]: [TIMER] id=1, name=close, avg=0.000251, total=0.241266, count=960
[11:08:03.333454] [WARNING] [pdc_server.c:696] PDC_SERVER[49]: [TIMER] id=3, name=write, avg=0.039618, total=38.033218, count=960
[11:08:03.333459] [WARNING] [pdc_server.c:696] PDC_SERVER[49]: [TIMER] id=4, name=total_graph_exec, avg=0.021676, total=20.809178, count=960
[11:08:03.333414] [WARNING] [pdc_server.c:696] PDC_SERVER[102]: [TIMER] id=0, name=open, avg=0.000364, total=0.349656, count=960
[11:08:03.333462] [WARNING] [pdc_server.c:696] PDC_SERVER[102]: [TIMER] id=1, name=close, avg=0.000241, total=0.230906, count=960
[11:08:03.333482] [WARNING] [pdc_server.c:696] PDC_SERVER[102]: [TIMER] id=3, name=write, avg=0.039831, total=38.237999, count=960
[11:08:03.333488] [WARNING] [pdc_server.c:696] PDC_SERVER[102]: [TIMER] id=4, name=total_graph_exec, avg=0.021161, total=20.314966, count=960
[11:08:03.333308] [WARNING] [pdc_server.c:696] PDC_SERVER[40]: [TIMER] id=0, name=open, avg=0.000362, total=0.347167, count=960
[11:08:03.333406] [WARNING] [pdc_server.c:696] PDC_SERVER[40]: [TIMER] id=1, name=close, avg=0.000233, total=0.223318, count=960
[11:08:03.333412] [WARNING] [pdc_server.c:696] PDC_SERVER[40]: [TIMER] id=3, name=write, avg=0.039871, total=38.276459, count=960
[11:08:03.333416] [WARNING] [pdc_server.c:696] PDC_SERVER[40]: [TIMER] id=4, name=total_graph_exec, avg=0.021692, total=20.824621, count=960
[11:08:03.333236] [WARNING] [pdc_server.c:696] PDC_SERVER[82]: [TIMER] id=0, name=open, avg=0.000388, total=0.372669, count=960
[11:08:03.333280] [WARNING] [pdc_server.c:696] PDC_SERVER[82]: [TIMER] id=1, name=close, avg=0.000332, total=0.318692, count=960
[11:08:03.333297] [WARNING] [pdc_server.c:696] PDC_SERVER[82]: [TIMER] id=3, name=write, avg=0.040071, total=38.467969, count=960
[11:08:03.333302] [WARNING] [pdc_server.c:696] PDC_SERVER[82]: [TIMER] id=4, name=total_graph_exec, avg=0.036353, total=34.899298, count=960
[11:08:03.333351] [WARNING] [pdc_server.c:696] PDC_SERVER[119]: [TIMER] id=0, name=open, avg=0.000353, total=0.338692, count=960
[11:08:03.333415] [WARNING] [pdc_server.c:696] PDC_SERVER[119]: [TIMER] id=1, name=close, avg=0.000234, total=0.224499, count=960
[11:08:03.333421] [WARNING] [pdc_server.c:696] PDC_SERVER[119]: [TIMER] id=3, name=write, avg=0.040635, total=39.009945, count=960
[11:08:03.333425] [WARNING] [pdc_server.c:696] PDC_SERVER[119]: [TIMER] id=4, name=total_graph_exec, avg=0.021828, total=20.954444, count=960
[11:08:03.333423] [WARNING] [pdc_server.c:696] PDC_SERVER[86]: [TIMER] id=0, name=open, avg=0.000311, total=0.298411, count=960
[11:08:03.333489] [WARNING] [pdc_server.c:696] PDC_SERVER[86]: [TIMER] id=1, name=close, avg=0.000240, total=0.230117, count=960
[11:08:03.333495] [WARNING] [pdc_server.c:696] PDC_SERVER[86]: [TIMER] id=3, name=write, avg=0.039925, total=38.328146, count=960
[11:08:03.333499] [WARNING] [pdc_server.c:696] PDC_SERVER[86]: [TIMER] id=4, name=total_graph_exec, avg=0.021607, total=20.742877, count=960
[11:08:03.333392] [WARNING] [pdc_server.c:696] PDC_SERVER[26]: [TIMER] id=0, name=open, avg=0.000345, total=0.331326, count=960
[11:08:03.333464] [WARNING] [pdc_server.c:696] PDC_SERVER[26]: [TIMER] id=1, name=close, avg=0.000249, total=0.238619, count=960
[11:08:03.333470] [WARNING] [pdc_server.c:696] PDC_SERVER[26]: [TIMER] id=3, name=write, avg=0.039980, total=38.381253, count=960
[11:08:03.333474] [WARNING] [pdc_server.c:696] PDC_SERVER[26]: [TIMER] id=4, name=total_graph_exec, avg=0.021167, total=20.319951, count=960
[11:08:03.333080] [WARNING] [pdc_server.c:696] PDC_SERVER[121]: [TIMER] id=0, name=open, avg=0.000440, total=0.422592, count=960
[11:08:03.333138] [WARNING] [pdc_server.c:696] PDC_SERVER[121]: [TIMER] id=1, name=close, avg=0.000265, total=0.254276, count=960
[11:08:03.333144] [WARNING] [pdc_server.c:696] PDC_SERVER[121]: [TIMER] id=3, name=write, avg=0.040230, total=38.620600, count=960
[11:08:03.333149] [WARNING] [pdc_server.c:696] PDC_SERVER[121]: [TIMER] id=4, name=total_graph_exec, avg=0.022353, total=21.459001, count=960
[11:08:03.333417] [WARNING] [pdc_server.c:696] PDC_SERVER[101]: [TIMER] id=0, name=open, avg=0.000367, total=0.352328, count=960
[11:08:03.333496] [WARNING] [pdc_server.c:696] PDC_SERVER[101]: [TIMER] id=1, name=close, avg=0.000263, total=0.252073, count=960
[11:08:03.333502] [WARNING] [pdc_server.c:696] PDC_SERVER[101]: [TIMER] id=3, name=write, avg=0.039785, total=38.193250, count=960
[11:08:03.333507] [WARNING] [pdc_server.c:696] PDC_SERVER[101]: [TIMER] id=4, name=total_graph_exec, avg=0.022130, total=21.245169, count=960
[11:08:03.333400] [WARNING] [pdc_server.c:696] PDC_SERVER[77]: [TIMER] id=0, name=open, avg=0.000357, total=0.342777, count=960
[11:08:03.333471] [WARNING] [pdc_server.c:696] PDC_SERVER[77]: [TIMER] id=1, name=close, avg=0.000242, total=0.232438, count=960
[11:08:03.333477] [WARNING] [pdc_server.c:696] PDC_SERVER[77]: [TIMER] id=3, name=write, avg=0.040078, total=38.475081, count=960
[11:08:03.333482] [WARNING] [pdc_server.c:696] PDC_SERVER[77]: [TIMER] id=4, name=total_graph_exec, avg=0.023511, total=22.571006, count=960
[11:08:03.333427] [WARNING] [pdc_server.c:696] PDC_SERVER[90]: [TIMER] id=0, name=open, avg=0.000349, total=0.334959, count=960
[11:08:03.333486] [WARNING] [pdc_server.c:696] PDC_SERVER[90]: [TIMER] id=1, name=close, avg=0.000262, total=0.251204, count=960
[11:08:03.333492] [WARNING] [pdc_server.c:696] PDC_SERVER[90]: [TIMER] id=3, name=write, avg=0.039603, total=38.018634, count=960
[11:08:03.333497] [WARNING] [pdc_server.c:696] PDC_SERVER[90]: [TIMER] id=4, name=total_graph_exec, avg=0.021910, total=21.033428, count=960
[11:08:03.333383] [WARNING] [pdc_server.c:696] PDC_SERVER[10]: [TIMER] id=0, name=open, avg=0.000341, total=0.327753, count=960
[11:08:03.333458] [WARNING] [pdc_server.c:696] PDC_SERVER[10]: [TIMER] id=1, name=close, avg=0.000275, total=0.264088, count=960
[11:08:03.333464] [WARNING] [pdc_server.c:696] PDC_SERVER[10]: [TIMER] id=3, name=write, avg=0.039757, total=38.167172, count=960
[11:08:03.333469] [WARNING] [pdc_server.c:696] PDC_SERVER[10]: [TIMER] id=4, name=total_graph_exec, avg=0.023134, total=22.208354, count=960
[11:08:03.333302] [WARNING] [pdc_server.c:696] PDC_SERVER[58]: [TIMER] id=0, name=open, avg=0.000350, total=0.335954, count=960
[11:08:03.333375] [WARNING] [pdc_server.c:696] PDC_SERVER[58]: [TIMER] id=1, name=close, avg=0.000234, total=0.224906, count=960
[11:08:03.333381] [WARNING] [pdc_server.c:696] PDC_SERVER[58]: [TIMER] id=3, name=write, avg=0.039789, total=38.197702, count=960
[11:08:03.333386] [WARNING] [pdc_server.c:696] PDC_SERVER[58]: [TIMER] id=4, name=total_graph_exec, avg=0.021343, total=20.489277, count=960
[11:08:03.333459] [WARNING] [pdc_server.c:696] PDC_SERVER[5]: [TIMER] id=0, name=open, avg=0.000350, total=0.336373, count=960
[11:08:03.333534] [WARNING] [pdc_server.c:696] PDC_SERVER[5]: [TIMER] id=1, name=close, avg=0.000266, total=0.255275, count=960
[11:08:03.333540] [WARNING] [pdc_server.c:696] PDC_SERVER[5]: [TIMER] id=3, name=write, avg=0.039655, total=38.068734, count=960
[11:08:03.333545] [WARNING] [pdc_server.c:696] PDC_SERVER[5]: [TIMER] id=4, name=total_graph_exec, avg=0.022462, total=21.563150, count=960
[11:08:03.333379] [WARNING] [pdc_server.c:696] PDC_SERVER[84]: [TIMER] id=0, name=open, avg=0.000344, total=0.330204, count=960
[11:08:03.333450] [WARNING] [pdc_server.c:696] PDC_SERVER[84]: [TIMER] id=1, name=close, avg=0.000266, total=0.255367, count=960
[11:08:03.333456] [WARNING] [pdc_server.c:696] PDC_SERVER[84]: [TIMER] id=3, name=write, avg=0.039931, total=38.333700, count=960
[11:08:03.333461] [WARNING] [pdc_server.c:696] PDC_SERVER[84]: [TIMER] id=4, name=total_graph_exec, avg=0.022689, total=21.781479, count=960
[11:08:03.333374] [WARNING] [pdc_server.c:696] PDC_SERVER[64]: [TIMER] id=0, name=open, avg=0.000318, total=0.305023, count=960
[11:08:03.333422] [WARNING] [pdc_server.c:696] PDC_SERVER[64]: [TIMER] id=1, name=close, avg=0.000261, total=0.251036, count=960
[11:08:03.333442] [WARNING] [pdc_server.c:696] PDC_SERVER[64]: [TIMER] id=3, name=write, avg=0.040059, total=38.456404, count=960
[11:08:03.333448] [WARNING] [pdc_server.c:696] PDC_SERVER[64]: [TIMER] id=4, name=total_graph_exec, avg=0.023297, total=22.365224, count=960
[11:08:03.333327] [WARNING] [pdc_server.c:696] PDC_SERVER[68]: [TIMER] id=0, name=open, avg=0.000361, total=0.346105, count=960
[11:08:03.333389] [WARNING] [pdc_server.c:696] PDC_SERVER[68]: [TIMER] id=1, name=close, avg=0.000309, total=0.296602, count=960
[11:08:03.333411] [WARNING] [pdc_server.c:696] PDC_SERVER[68]: [TIMER] id=3, name=write, avg=0.040038, total=38.436273, count=960
[11:08:03.333417] [WARNING] [pdc_server.c:696] PDC_SERVER[68]: [TIMER] id=4, name=total_graph_exec, avg=0.027991, total=26.871413, count=960
[11:08:03.333366] [WARNING] [pdc_server.c:696] PDC_SERVER[56]: [TIMER] id=0, name=open, avg=0.000364, total=0.349919, count=960
[11:08:03.333431] [WARNING] [pdc_server.c:696] PDC_SERVER[56]: [TIMER] id=1, name=close, avg=0.000247, total=0.237060, count=960
[11:08:03.333436] [WARNING] [pdc_server.c:696] PDC_SERVER[56]: [TIMER] id=3, name=write, avg=0.040020, total=38.418856, count=960
[11:08:03.333441] [WARNING] [pdc_server.c:696] PDC_SERVER[56]: [TIMER] id=4, name=total_graph_exec, avg=0.022205, total=21.317196, count=960
[11:08:03.333402] [WARNING] [pdc_server.c:696] PDC_SERVER[65]: [TIMER] id=0, name=open, avg=0.000362, total=0.347313, count=960
[11:08:03.333484] [WARNING] [pdc_server.c:696] PDC_SERVER[65]: [TIMER] id=1, name=close, avg=0.000228, total=0.219149, count=960
[11:08:03.333489] [WARNING] [pdc_server.c:696] PDC_SERVER[65]: [TIMER] id=3, name=write, avg=0.040080, total=38.476632, count=960
[11:08:03.333494] [WARNING] [pdc_server.c:696] PDC_SERVER[65]: [TIMER] id=4, name=total_graph_exec, avg=0.021141, total=20.295019, count=960
[11:08:03.333380] [WARNING] [pdc_server.c:696] PDC_SERVER[74]: [TIMER] id=0, name=open, avg=0.000365, total=0.350703, count=960
[11:08:03.333459] [WARNING] [pdc_server.c:696] PDC_SERVER[74]: [TIMER] id=1, name=close, avg=0.000322, total=0.309068, count=960
[11:08:03.333465] [WARNING] [pdc_server.c:696] PDC_SERVER[74]: [TIMER] id=3, name=write, avg=0.040153, total=38.546773, count=960
[11:08:03.333469] [WARNING] [pdc_server.c:696] PDC_SERVER[74]: [TIMER] id=4, name=total_graph_exec, avg=0.028948, total=27.789798, count=960
[11:08:03.333416] [WARNING] [pdc_server.c:696] PDC_SERVER[48]: [TIMER] id=0, name=open, avg=0.000349, total=0.334565, count=960
[11:08:03.333492] [WARNING] [pdc_server.c:696] PDC_SERVER[48]: [TIMER] id=1, name=close, avg=0.000253, total=0.242999, count=960
[11:08:03.333498] [WARNING] [pdc_server.c:696] PDC_SERVER[48]: [TIMER] id=3, name=write, avg=0.039579, total=37.996025, count=960
[11:08:03.333503] [WARNING] [pdc_server.c:696] PDC_SERVER[48]: [TIMER] id=4, name=total_graph_exec, avg=0.022202, total=21.313836, count=960
[11:08:03.333419] [WARNING] [pdc_server.c:696] PDC_SERVER[30]: [TIMER] id=0, name=open, avg=0.000342, total=0.328709, count=960
[11:08:03.333496] [WARNING] [pdc_server.c:696] PDC_SERVER[30]: [TIMER] id=1, name=close, avg=0.000261, total=0.250924, count=960
[11:08:03.333502] [WARNING] [pdc_server.c:696] PDC_SERVER[30]: [TIMER] id=3, name=write, avg=0.040017, total=38.416163, count=960
[11:08:03.333506] [WARNING] [pdc_server.c:696] PDC_SERVER[30]: [TIMER] id=4, name=total_graph_exec, avg=0.022124, total=21.238606, count=960
[11:08:03.333389] [WARNING] [pdc_server.c:696] PDC_SERVER[45]: [TIMER] id=0, name=open, avg=0.000372, total=0.356722, count=960
[11:08:03.333467] [WARNING] [pdc_server.c:696] PDC_SERVER[45]: [TIMER] id=1, name=close, avg=0.000238, total=0.228793, count=960
[11:08:03.333472] [WARNING] [pdc_server.c:696] PDC_SERVER[45]: [TIMER] id=3, name=write, avg=0.039752, total=38.162058, count=960
[11:08:03.333478] [WARNING] [pdc_server.c:696] PDC_SERVER[45]: [TIMER] id=4, name=total_graph_exec, avg=0.021791, total=20.919003, count=960
[11:08:03.333431] [WARNING] [pdc_server.c:696] PDC_SERVER[78]: [TIMER] id=0, name=open, avg=0.000417, total=0.400283, count=960
[11:08:03.333491] [WARNING] [pdc_server.c:696] PDC_SERVER[78]: [TIMER] id=1, name=close, avg=0.000333, total=0.319947, count=960
[11:08:03.333512] [WARNING] [pdc_server.c:696] PDC_SERVER[78]: [TIMER] id=3, name=write, avg=0.040622, total=38.997268, count=960
[11:08:03.333517] [WARNING] [pdc_server.c:696] PDC_SERVER[78]: [TIMER] id=4, name=total_graph_exec, avg=0.029801, total=28.609053, count=960
[11:08:03.333484] [WARNING] [pdc_server.c:696] PDC_SERVER[9]: [TIMER] id=0, name=open, avg=0.000339, total=0.324999, count=960
[11:08:03.333552] [WARNING] [pdc_server.c:696] PDC_SERVER[9]: [TIMER] id=1, name=close, avg=0.000257, total=0.246559, count=960
[11:08:03.333558] [WARNING] [pdc_server.c:696] PDC_SERVER[9]: [TIMER] id=3, name=write, avg=0.039850, total=38.256307, count=960
[11:08:03.333563] [WARNING] [pdc_server.c:696] PDC_SERVER[9]: [TIMER] id=4, name=total_graph_exec, avg=0.021645, total=20.778748, count=960
[11:08:03.333407] [WARNING] [pdc_server.c:696] PDC_SERVER[37]: [TIMER] id=0, name=open, avg=0.000377, total=0.361801, count=960
[11:08:03.333478] [WARNING] [pdc_server.c:696] PDC_SERVER[37]: [TIMER] id=1, name=close, avg=0.000271, total=0.259889, count=960
[11:08:03.333484] [WARNING] [pdc_server.c:696] PDC_SERVER[37]: [TIMER] id=3, name=write, avg=0.040158, total=38.551787, count=960
[11:08:03.333489] [WARNING] [pdc_server.c:696] PDC_SERVER[37]: [TIMER] id=4, name=total_graph_exec, avg=0.024422, total=23.444745, count=960
[11:08:03.333384] [WARNING] [pdc_server.c:696] PDC_SERVER[2]: [TIMER] id=0, name=open, avg=0.000337, total=0.323122, count=960
[11:08:03.333454] [WARNING] [pdc_server.c:696] PDC_SERVER[2]: [TIMER] id=1, name=close, avg=0.000254, total=0.244041, count=960
[11:08:03.333460] [WARNING] [pdc_server.c:696] PDC_SERVER[2]: [TIMER] id=3, name=write, avg=0.039957, total=38.359018, count=960
[11:08:03.333465] [WARNING] [pdc_server.c:696] PDC_SERVER[2]: [TIMER] id=4, name=total_graph_exec, avg=0.021966, total=21.087208, count=960
[11:08:03.333180] [WARNING] [pdc_server.c:696] PDC_SERVER[92]: [TIMER] id=0, name=open, avg=0.000357, total=0.343062, count=960
[11:08:03.333256] [WARNING] [pdc_server.c:696] PDC_SERVER[92]: [TIMER] id=1, name=close, avg=0.000298, total=0.286158, count=960
[11:08:03.333263] [WARNING] [pdc_server.c:696] PDC_SERVER[92]: [TIMER] id=3, name=write, avg=0.039862, total=38.267067, count=960
[11:08:03.333268] [WARNING] [pdc_server.c:696] PDC_SERVER[92]: [TIMER] id=4, name=total_graph_exec, avg=0.021766, total=20.895447, count=960
[11:08:03.333395] [WARNING] [pdc_server.c:696] PDC_SERVER[29]: [TIMER] id=0, name=open, avg=0.000329, total=0.315385, count=960
[11:08:03.333475] [WARNING] [pdc_server.c:696] PDC_SERVER[29]: [TIMER] id=1, name=close, avg=0.000249, total=0.239286, count=960
[11:08:03.333481] [WARNING] [pdc_server.c:696] PDC_SERVER[29]: [TIMER] id=3, name=write, avg=0.039572, total=37.989297, count=960
[11:08:03.333486] [WARNING] [pdc_server.c:696] PDC_SERVER[29]: [TIMER] id=4, name=total_graph_exec, avg=0.021843, total=20.969599, count=960
[11:08:03.333434] [WARNING] [pdc_server.c:696] PDC_SERVER[89]: [TIMER] id=0, name=open, avg=0.000398, total=0.381643, count=960
[11:08:03.333509] [WARNING] [pdc_server.c:696] PDC_SERVER[89]: [TIMER] id=1, name=close, avg=0.000255, total=0.244642, count=960
[11:08:03.333515] [WARNING] [pdc_server.c:696] PDC_SERVER[89]: [TIMER] id=3, name=write, avg=0.040214, total=38.605205, count=960
[11:08:03.333519] [WARNING] [pdc_server.c:696] PDC_SERVER[89]: [TIMER] id=4, name=total_graph_exec, avg=0.021850, total=20.975670, count=960
[11:08:03.333352] [WARNING] [pdc_server.c:696] PDC_SERVER[72]: [TIMER] id=0, name=open, avg=0.000369, total=0.353946, count=960
[11:08:03.333416] [WARNING] [pdc_server.c:696] PDC_SERVER[72]: [TIMER] id=1, name=close, avg=0.000246, total=0.236139, count=960
[11:08:03.333421] [WARNING] [pdc_server.c:696] PDC_SERVER[72]: [TIMER] id=3, name=write, avg=0.039982, total=38.382284, count=960
[11:08:03.333427] [WARNING] [pdc_server.c:696] PDC_SERVER[72]: [TIMER] id=4, name=total_graph_exec, avg=0.020859, total=20.024548, count=960
[11:08:03.333384] [WARNING] [pdc_server.c:696] PDC_SERVER[80]: [TIMER] id=0, name=open, avg=0.000497, total=0.477421, count=960
[11:08:03.333450] [WARNING] [pdc_server.c:696] PDC_SERVER[80]: [TIMER] id=1, name=close, avg=0.000330, total=0.316811, count=960
[11:08:03.333456] [WARNING] [pdc_server.c:696] PDC_SERVER[80]: [TIMER] id=3, name=write, avg=0.040122, total=38.517492, count=960
[11:08:03.333461] [WARNING] [pdc_server.c:696] PDC_SERVER[80]: [TIMER] id=4, name=total_graph_exec, avg=0.031405, total=30.149065, count=960
[11:08:03.333214] [WARNING] [pdc_server.c:696] PDC_SERVER[115]: [TIMER] id=0, name=open, avg=0.000359, total=0.344870, count=960
[11:08:03.333284] [WARNING] [pdc_server.c:696] PDC_SERVER[115]: [TIMER] id=1, name=close, avg=0.000279, total=0.267910, count=960
[11:08:03.333290] [WARNING] [pdc_server.c:696] PDC_SERVER[115]: [TIMER] id=3, name=write, avg=0.039335, total=37.761179, count=960
[11:08:03.333295] [WARNING] [pdc_server.c:696] PDC_SERVER[115]: [TIMER] id=4, name=total_graph_exec, avg=0.025066, total=24.063100, count=960
[11:08:03.333390] [WARNING] [pdc_server.c:696] PDC_SERVER[125]: [TIMER] id=0, name=open, avg=0.000337, total=0.323584, count=960
[11:08:03.333462] [WARNING] [pdc_server.c:696] PDC_SERVER[125]: [TIMER] id=1, name=close, avg=0.000267, total=0.256142, count=960
[11:08:03.333468] [WARNING] [pdc_server.c:696] PDC_SERVER[125]: [TIMER] id=3, name=write, avg=0.039828, total=38.234513, count=960
[11:08:03.333473] [WARNING] [pdc_server.c:696] PDC_SERVER[125]: [TIMER] id=4, name=total_graph_exec, avg=0.021322, total=20.469228, count=960
[11:08:03.333411] [WARNING] [pdc_server.c:696] PDC_SERVER[15]: [TIMER] id=0, name=open, avg=0.000334, total=0.320680, count=960
[11:08:03.333498] [WARNING] [pdc_server.c:696] PDC_SERVER[15]: [TIMER] id=1, name=close, avg=0.000243, total=0.233406, count=960
[11:08:03.333504] [WARNING] [pdc_server.c:696] PDC_SERVER[15]: [TIMER] id=3, name=write, avg=0.039981, total=38.381507, count=960
[11:08:03.333509] [WARNING] [pdc_server.c:696] PDC_SERVER[15]: [TIMER] id=4, name=total_graph_exec, avg=0.021622, total=20.756942, count=960
[11:08:03.333262] [WARNING] [pdc_server.c:696] PDC_SERVER[75]: [TIMER] id=0, name=open, avg=0.000364, total=0.349094, count=960
[11:08:03.333343] [WARNING] [pdc_server.c:696] PDC_SERVER[75]: [TIMER] id=1, name=close, avg=0.000277, total=0.265640, count=960
[11:08:03.333349] [WARNING] [pdc_server.c:696] PDC_SERVER[75]: [TIMER] id=3, name=write, avg=0.039804, total=38.212289, count=960
[11:08:03.333354] [WARNING] [pdc_server.c:696] PDC_SERVER[75]: [TIMER] id=4, name=total_graph_exec, avg=0.022805, total=21.893123, count=960
[11:08:03.333420] [WARNING] [pdc_server.c:696] PDC_SERVER[63]: [TIMER] id=0, name=open, avg=0.000377, total=0.361774, count=960
[11:08:03.333498] [WARNING] [pdc_server.c:696] PDC_SERVER[63]: [TIMER] id=1, name=close, avg=0.000256, total=0.245916, count=960
[11:08:03.333504] [WARNING] [pdc_server.c:696] PDC_SERVER[63]: [TIMER] id=3, name=write, avg=0.039720, total=38.131421, count=960
[11:08:03.333508] [WARNING] [pdc_server.c:696] PDC_SERVER[63]: [TIMER] id=4, name=total_graph_exec, avg=0.022360, total=21.466065, count=960
[11:08:03.333427] [WARNING] [pdc_server.c:696] PDC_SERVER[126]: [TIMER] id=0, name=open, avg=0.000338, total=0.324562, count=960
[11:08:03.333491] [WARNING] [pdc_server.c:696] PDC_SERVER[126]: [TIMER] id=1, name=close, avg=0.000239, total=0.229232, count=960
[11:08:03.333515] [WARNING] [pdc_server.c:696] PDC_SERVER[126]: [TIMER] id=3, name=write, avg=0.039286, total=37.714728, count=960
[11:08:03.333521] [WARNING] [pdc_server.c:696] PDC_SERVER[126]: [TIMER] id=4, name=total_graph_exec, avg=0.021284, total=20.433111, count=960
[11:08:03.333420] [WARNING] [pdc_server.c:696] PDC_SERVER[57]: [TIMER] id=0, name=open, avg=0.000335, total=0.321182, count=960
[11:08:03.333513] [WARNING] [pdc_server.c:696] PDC_SERVER[57]: [TIMER] id=1, name=close, avg=0.000264, total=0.253609, count=960
[11:08:03.333519] [WARNING] [pdc_server.c:696] PDC_SERVER[57]: [TIMER] id=3, name=write, avg=0.039943, total=38.345531, count=960
[11:08:03.333524] [WARNING] [pdc_server.c:696] PDC_SERVER[57]: [TIMER] id=4, name=total_graph_exec, avg=0.022031, total=21.149706, count=960
[11:08:03.333380] [WARNING] [pdc_server.c:696] PDC_SERVER[1]: [TIMER] id=0, name=open, avg=0.000496, total=0.476363, count=960
[11:08:03.333460] [WARNING] [pdc_server.c:696] PDC_SERVER[1]: [TIMER] id=1, name=close, avg=0.000257, total=0.247147, count=960
[11:08:03.333466] [WARNING] [pdc_server.c:696] PDC_SERVER[1]: [TIMER] id=3, name=write, avg=0.039630, total=38.045242, count=960
[11:08:03.333471] [WARNING] [pdc_server.c:696] PDC_SERVER[1]: [TIMER] id=4, name=total_graph_exec, avg=0.022396, total=21.500482, count=960
[11:08:03.333393] [WARNING] [pdc_server.c:696] PDC_SERVER[25]: [TIMER] id=0, name=open, avg=0.000350, total=0.336422, count=960
[11:08:03.333462] [WARNING] [pdc_server.c:696] PDC_SERVER[25]: [TIMER] id=1, name=close, avg=0.000231, total=0.222082, count=960
[11:08:03.333483] [WARNING] [pdc_server.c:696] PDC_SERVER[25]: [TIMER] id=3, name=write, avg=0.039880, total=38.284373, count=960
[11:08:03.333489] [WARNING] [pdc_server.c:696] PDC_SERVER[25]: [TIMER] id=4, name=total_graph_exec, avg=0.021264, total=20.413082, count=960
[11:08:03.333411] [WARNING] [pdc_server.c:696] PDC_SERVER[47]: [TIMER] id=0, name=open, avg=0.000357, total=0.342678, count=960
[11:08:03.333467] [WARNING] [pdc_server.c:696] PDC_SERVER[47]: [TIMER] id=1, name=close, avg=0.000264, total=0.253614, count=960
[11:08:03.333488] [WARNING] [pdc_server.c:696] PDC_SERVER[47]: [TIMER] id=3, name=write, avg=0.040125, total=38.519689, count=960
[11:08:03.333493] [WARNING] [pdc_server.c:696] PDC_SERVER[47]: [TIMER] id=4, name=total_graph_exec, avg=0.022248, total=21.357993, count=960
[11:08:03.333412] [WARNING] [pdc_server.c:696] PDC_SERVER[21]: [TIMER] id=0, name=open, avg=0.000457, total=0.438926, count=960
[11:08:03.333486] [WARNING] [pdc_server.c:696] PDC_SERVER[21]: [TIMER] id=1, name=close, avg=0.000276, total=0.265235, count=960
[11:08:03.333515] [WARNING] [pdc_server.c:696] PDC_SERVER[21]: [TIMER] id=3, name=write, avg=0.040079, total=38.475431, count=960
[11:08:03.333520] [WARNING] [pdc_server.c:696] PDC_SERVER[21]: [TIMER] id=4, name=total_graph_exec, avg=0.028507, total=27.366400, count=960
[11:08:03.333468] [WARNING] [pdc_server.c:696] PDC_SERVER[33]: [TIMER] id=0, name=open, avg=0.000362, total=0.347571, count=960
[11:08:03.333537] [WARNING] [pdc_server.c:696] PDC_SERVER[33]: [TIMER] id=1, name=close, avg=0.000251, total=0.241198, count=960
[11:08:03.333543] [WARNING] [pdc_server.c:696] PDC_SERVER[33]: [TIMER] id=3, name=write, avg=0.039427, total=37.849801, count=960
[11:08:03.333548] [WARNING] [pdc_server.c:696] PDC_SERVER[33]: [TIMER] id=4, name=total_graph_exec, avg=0.019984, total=19.184271, count=960
[11:08:03.333493] [WARNING] [pdc_server.c:696] PDC_SERVER[19]: [TIMER] id=0, name=open, avg=0.000336, total=0.322923, count=960
[11:08:03.333560] [WARNING] [pdc_server.c:696] PDC_SERVER[19]: [TIMER] id=1, name=close, avg=0.000240, total=0.230178, count=960
[11:08:03.333584] [WARNING] [pdc_server.c:696] PDC_SERVER[19]: [TIMER] id=3, name=write, avg=0.040040, total=38.438744, count=960
[11:08:03.333590] [WARNING] [pdc_server.c:696] PDC_SERVER[19]: [TIMER] id=4, name=total_graph_exec, avg=0.023382, total=22.446712, count=960
[11:08:03.333416] [WARNING] [pdc_server.c:696] PDC_SERVER[70]: [TIMER] id=0, name=open, avg=0.000358, total=0.343658, count=960
[11:08:03.333544] [WARNING] [pdc_server.c:696] PDC_SERVER[70]: [TIMER] id=1, name=close, avg=0.000248, total=0.238135, count=960
[11:08:03.333550] [WARNING] [pdc_server.c:696] PDC_SERVER[70]: [TIMER] id=3, name=write, avg=0.039906, total=38.309954, count=960
[11:08:03.333425] [WARNING] [pdc_server.c:696] PDC_SERVER[113]: [TIMER] id=0, name=open, avg=0.000344, total=0.330509, count=960
[11:08:03.333486] [WARNING] [pdc_server.c:696] PDC_SERVER[113]: [TIMER] id=1, name=close, avg=0.000252, total=0.242096, count=960
[11:08:03.333492] [WARNING] [pdc_server.c:696] PDC_SERVER[113]: [TIMER] id=3, name=write, avg=0.039661, total=38.075016, count=960
[11:08:03.333497] [WARNING] [pdc_server.c:696] PDC_SERVER[113]: [TIMER] id=4, name=total_graph_exec, avg=0.022223, total=21.333666, count=960
[11:08:03.333423] [WARNING] [pdc_server.c:696] PDC_SERVER[61]: [TIMER] id=0, name=open, avg=0.000353, total=0.339345, count=960
[11:08:03.333492] [WARNING] [pdc_server.c:696] PDC_SERVER[61]: [TIMER] id=1, name=close, avg=0.000227, total=0.217934, count=960
[11:08:03.333497] [WARNING] [pdc_server.c:696] PDC_SERVER[61]: [TIMER] id=3, name=write, avg=0.039467, total=37.888512, count=960
[11:08:03.333502] [WARNING] [pdc_server.c:696] PDC_SERVER[61]: [TIMER] id=4, name=total_graph_exec, avg=0.021197, total=20.348883, count=960
[11:08:03.333439] [WARNING] [pdc_server.c:696] PDC_SERVER[127]: [TIMER] id=0, name=open, avg=0.000310, total=0.297721, count=960
[11:08:03.333508] [WARNING] [pdc_server.c:696] PDC_SERVER[127]: [TIMER] id=1, name=close, avg=0.000282, total=0.270362, count=960
[11:08:03.333513] [WARNING] [pdc_server.c:696] PDC_SERVER[127]: [TIMER] id=3, name=write, avg=0.039633, total=38.047247, count=960
[11:08:03.333518] [WARNING] [pdc_server.c:696] PDC_SERVER[127]: [TIMER] id=4, name=total_graph_exec, avg=0.021864, total=20.989398, count=960
[11:08:03.333522] [WARNING] [pdc_server.c:696] PDC_SERVER[98]: [TIMER] id=0, name=open, avg=0.000335, total=0.321788, count=960
[11:08:03.333610] [WARNING] [pdc_server.c:696] PDC_SERVER[98]: [TIMER] id=1, name=close, avg=0.000263, total=0.252430, count=960
[11:08:03.333616] [WARNING] [pdc_server.c:696] PDC_SERVER[98]: [TIMER] id=3, name=write, avg=0.039954, total=38.356151, count=960
[11:08:03.333621] [WARNING] [pdc_server.c:696] PDC_SERVER[98]: [TIMER] id=4, name=total_graph_exec, avg=0.023603, total=22.658499, count=960
[11:08:03.333422] [WARNING] [pdc_server.c:696] PDC_SERVER[83]: [TIMER] id=0, name=open, avg=0.000357, total=0.343090, count=960
[11:08:03.333485] [WARNING] [pdc_server.c:696] PDC_SERVER[83]: [TIMER] id=1, name=close, avg=0.000283, total=0.271234, count=960
[11:08:03.333491] [WARNING] [pdc_server.c:696] PDC_SERVER[83]: [TIMER] id=3, name=write, avg=0.039875, total=38.279986, count=960
[11:08:03.333496] [WARNING] [pdc_server.c:696] PDC_SERVER[83]: [TIMER] id=4, name=total_graph_exec, avg=0.023193, total=22.264888, count=960
[11:08:03.333460] [WARNING] [pdc_server.c:696] PDC_SERVER[35]: [TIMER] id=0, name=open, avg=0.000337, total=0.323142, count=960
[11:08:03.333547] [WARNING] [pdc_server.c:696] PDC_SERVER[35]: [TIMER] id=1, name=close, avg=0.000256, total=0.246112, count=960
[11:08:03.333552] [WARNING] [pdc_server.c:696] PDC_SERVER[35]: [TIMER] id=3, name=write, avg=0.040292, total=38.680045, count=960
[11:08:03.333557] [WARNING] [pdc_server.c:696] PDC_SERVER[35]: [TIMER] id=4, name=total_graph_exec, avg=0.025735, total=24.705902, count=960
[11:08:03.333478] [WARNING] [pdc_server.c:696] PDC_SERVER[93]: [TIMER] id=0, name=open, avg=0.000378, total=0.362697, count=960
[11:08:03.333576] [WARNING] [pdc_server.c:696] PDC_SERVER[93]: [TIMER] id=1, name=close, avg=0.000270, total=0.259038, count=960
[11:08:03.333582] [WARNING] [pdc_server.c:696] PDC_SERVER[93]: [TIMER] id=3, name=write, avg=0.039735, total=38.145682, count=960
[11:08:03.333588] [WARNING] [pdc_server.c:696] PDC_SERVER[93]: [TIMER] id=4, name=total_graph_exec, avg=0.023489, total=22.549836, count=960
[11:08:03.333554] [WARNING] [pdc_server.c:696] PDC_SERVER[70]: [TIMER] id=4, name=total_graph_exec, avg=0.027347, total=26.253233, count=960
[11:08:03.333471] [WARNING] [pdc_server.c:696] PDC_SERVER[110]: [TIMER] id=0, name=open, avg=0.000337, total=0.323136, count=960
[11:08:03.333570] [WARNING] [pdc_server.c:696] PDC_SERVER[110]: [TIMER] id=1, name=close, avg=0.000260, total=0.249256, count=960
[11:08:03.333577] [WARNING] [pdc_server.c:696] PDC_SERVER[110]: [TIMER] id=3, name=write, avg=0.039884, total=38.288518, count=960
[11:08:03.333581] [WARNING] [pdc_server.c:696] PDC_SERVER[110]: [TIMER] id=4, name=total_graph_exec, avg=0.023390, total=22.454728, count=960
[11:08:03.333400] [WARNING] [pdc_server.c:696] PDC_SERVER[103]: [TIMER] id=0, name=open, avg=0.000348, total=0.334160, count=960
[11:08:03.333486] [WARNING] [pdc_server.c:696] PDC_SERVER[103]: [TIMER] id=1, name=close, avg=0.000261, total=0.250438, count=960
[11:08:03.333492] [WARNING] [pdc_server.c:696] PDC_SERVER[103]: [TIMER] id=3, name=write, avg=0.040181, total=38.573789, count=960
[11:08:03.333497] [WARNING] [pdc_server.c:696] PDC_SERVER[103]: [TIMER] id=4, name=total_graph_exec, avg=0.022642, total=21.736572, count=960
[11:08:03.333367] [WARNING] [pdc_server.c:696] PDC_SERVER[79]: [TIMER] id=0, name=open, avg=0.000354, total=0.339808, count=960
[11:08:03.333451] [WARNING] [pdc_server.c:696] PDC_SERVER[79]: [TIMER] id=1, name=close, avg=0.000259, total=0.248649, count=960
[11:08:03.333457] [WARNING] [pdc_server.c:696] PDC_SERVER[79]: [TIMER] id=3, name=write, avg=0.040094, total=38.490224, count=960
[11:08:03.333462] [WARNING] [pdc_server.c:696] PDC_SERVER[79]: [TIMER] id=4, name=total_graph_exec, avg=0.023885, total=22.929599, count=960
[11:08:03.334058] [WARNING] [pdc_server.c:696] PDC_SERVER[41]: [TIMER] id=0, name=open, avg=0.000354, total=0.339759, count=960
[11:08:03.334136] [WARNING] [pdc_server.c:696] PDC_SERVER[41]: [TIMER] id=1, name=close, avg=0.000283, total=0.271582, count=960
[11:08:03.334142] [WARNING] [pdc_server.c:696] PDC_SERVER[41]: [TIMER] id=3, name=write, avg=0.040382, total=38.766911, count=960
[11:08:03.334148] [WARNING] [pdc_server.c:696] PDC_SERVER[41]: [TIMER] id=4, name=total_graph_exec, avg=0.023820, total=22.867197, count=960
[11:08:03.334029] [WARNING] [pdc_server.c:696] PDC_SERVER[122]: [TIMER] id=0, name=open, avg=0.000465, total=0.446486, count=960
[11:08:03.334103] [WARNING] [pdc_server.c:696] PDC_SERVER[122]: [TIMER] id=1, name=close, avg=0.000288, total=0.276851, count=960
[11:08:03.334109] [WARNING] [pdc_server.c:696] PDC_SERVER[122]: [TIMER] id=3, name=write, avg=0.039750, total=38.160151, count=960
[11:08:03.334115] [WARNING] [pdc_server.c:696] PDC_SERVER[122]: [TIMER] id=4, name=total_graph_exec, avg=0.024193, total=23.225651, count=960
[11:08:03.334092] [WARNING] [pdc_server.c:696] PDC_SERVER[42]: [TIMER] id=0, name=open, avg=0.000338, total=0.324152, count=960
[11:08:03.334175] [WARNING] [pdc_server.c:696] PDC_SERVER[42]: [TIMER] id=1, name=close, avg=0.000278, total=0.266916, count=960
[11:08:03.334181] [WARNING] [pdc_server.c:696] PDC_SERVER[42]: [TIMER] id=3, name=write, avg=0.039311, total=37.738881, count=960
[11:08:03.334187] [WARNING] [pdc_server.c:696] PDC_SERVER[42]: [TIMER] id=4, name=total_graph_exec, avg=0.020906, total=20.069844, count=960
[11:08:03.334108] [WARNING] [pdc_server.c:696] PDC_SERVER[120]: [TIMER] id=0, name=open, avg=0.000336, total=0.322670, count=960
[11:08:03.334187] [WARNING] [pdc_server.c:696] PDC_SERVER[120]: [TIMER] id=1, name=close, avg=0.000273, total=0.262034, count=960
[11:08:03.334194] [WARNING] [pdc_server.c:696] PDC_SERVER[120]: [TIMER] id=3, name=write, avg=0.040113, total=38.508638, count=960
[11:08:03.334199] [WARNING] [pdc_server.c:696] PDC_SERVER[120]: [TIMER] id=4, name=total_graph_exec, avg=0.023214, total=22.285485, count=960
[11:08:03.334121] [WARNING] [pdc_server.c:696] PDC_SERVER[118]: [TIMER] id=0, name=open, avg=0.000359, total=0.344757, count=960
[11:08:03.334189] [WARNING] [pdc_server.c:696] PDC_SERVER[118]: [TIMER] id=1, name=close, avg=0.000243, total=0.233759, count=960
[11:08:03.334213] [WARNING] [pdc_server.c:696] PDC_SERVER[118]: [TIMER] id=3, name=write, avg=0.039734, total=38.145100, count=960
[11:08:03.334219] [WARNING] [pdc_server.c:696] PDC_SERVER[118]: [TIMER] id=4, name=total_graph_exec, avg=0.021490, total=20.630484, count=960
[11:08:03.334179] [WARNING] [pdc_server.c:696] PDC_SERVER[54]: [TIMER] id=0, name=open, avg=0.000357, total=0.343171, count=960
[11:08:03.334280] [WARNING] [pdc_server.c:696] PDC_SERVER[54]: [TIMER] id=1, name=close, avg=0.000247, total=0.237310, count=960
[11:08:03.334288] [WARNING] [pdc_server.c:696] PDC_SERVER[54]: [TIMER] id=3, name=write, avg=0.039713, total=38.124864, count=960
[11:08:03.334294] [WARNING] [pdc_server.c:696] PDC_SERVER[54]: [TIMER] id=4, name=total_graph_exec, avg=0.021554, total=20.692249, count=960
[11:08:03.334311] [WARNING] [pdc_server.c:696] PDC_SERVER[34]: [TIMER] id=0, name=open, avg=0.000381, total=0.365682, count=960
[11:08:03.334374] [WARNING] [pdc_server.c:696] PDC_SERVER[34]: [TIMER] id=1, name=close, avg=0.000357, total=0.342779, count=960
[11:08:03.334380] [WARNING] [pdc_server.c:696] PDC_SERVER[34]: [TIMER] id=3, name=write, avg=0.040183, total=38.576025, count=960
[11:08:03.334386] [WARNING] [pdc_server.c:696] PDC_SERVER[34]: [TIMER] id=4, name=total_graph_exec, avg=0.034639, total=33.253299, count=960
[11:08:03.334445] [WARNING] [pdc_server.c:696] PDC_SERVER[106]: [TIMER] id=0, name=open, avg=0.000339, total=0.325613, count=960
[11:08:03.334506] [WARNING] [pdc_server.c:696] PDC_SERVER[106]: [TIMER] id=1, name=close, avg=0.000285, total=0.273519, count=960
[11:08:03.334525] [WARNING] [pdc_server.c:696] PDC_SERVER[106]: [TIMER] id=3, name=write, avg=0.039530, total=37.949079, count=960
[11:08:03.334531] [WARNING] [pdc_server.c:696] PDC_SERVER[106]: [TIMER] id=4, name=total_graph_exec, avg=0.020961, total=20.123038, count=960
[11:08:03.333941] [WARNING] [pdc_server.c:696] PDC_SERVER[14]: [TIMER] id=0, name=open, avg=0.000354, total=0.340209, count=960
[11:08:03.334025] [WARNING] [pdc_server.c:696] PDC_SERVER[14]: [TIMER] id=1, name=close, avg=0.000333, total=0.319387, count=960
[11:08:03.334031] [WARNING] [pdc_server.c:696] PDC_SERVER[14]: [TIMER] id=3, name=write, avg=0.040481, total=38.861840, count=960
[11:08:03.334037] [WARNING] [pdc_server.c:696] PDC_SERVER[14]: [TIMER] id=4, name=total_graph_exec, avg=0.033066, total=31.743830, count=960
[11:08:03.334410] [WARNING] [pdc_server.c:696] PDC_SERVER[59]: [TIMER] id=0, name=open, avg=0.000357, total=0.342787, count=960
[11:08:03.334505] [WARNING] [pdc_server.c:696] PDC_SERVER[59]: [TIMER] id=1, name=close, avg=0.000258, total=0.248159, count=960
[11:08:03.334511] [WARNING] [pdc_server.c:696] PDC_SERVER[59]: [TIMER] id=3, name=write, avg=0.040394, total=38.777932, count=960
[11:08:03.334516] [WARNING] [pdc_server.c:696] PDC_SERVER[59]: [TIMER] id=4, name=total_graph_exec, avg=0.021525, total=20.664390, count=960
[11:08:03.334574] [WARNING] [pdc_server.c:696] PDC_SERVER[73]: [TIMER] id=0, name=open, avg=0.000365, total=0.350156, count=960
[11:08:03.334651] [WARNING] [pdc_server.c:696] PDC_SERVER[73]: [TIMER] id=1, name=close, avg=0.000220, total=0.210861, count=960
[11:08:03.334658] [WARNING] [pdc_server.c:696] PDC_SERVER[73]: [TIMER] id=3, name=write, avg=0.040106, total=38.501650, count=960
[11:08:03.334663] [WARNING] [pdc_server.c:696] PDC_SERVER[73]: [TIMER] id=4, name=total_graph_exec, avg=0.022857, total=21.942335, count=960
[11:08:03.334602] [WARNING] [pdc_server.c:696] PDC_SERVER[39]: [TIMER] id=0, name=open, avg=0.000362, total=0.347679, count=960
[11:08:03.334680] [WARNING] [pdc_server.c:696] PDC_SERVER[39]: [TIMER] id=1, name=close, avg=0.000242, total=0.232683, count=960
[11:08:03.334687] [WARNING] [pdc_server.c:696] PDC_SERVER[39]: [TIMER] id=3, name=write, avg=0.039887, total=38.291839, count=960
[11:08:03.334692] [WARNING] [pdc_server.c:696] PDC_SERVER[39]: [TIMER] id=4, name=total_graph_exec, avg=0.021685, total=20.817246, count=960
[11:08:03.334731] [WARNING] [pdc_server.c:696] PDC_SERVER[7]: [TIMER] id=0, name=open, avg=0.000353, total=0.338894, count=960
[11:08:03.334804] [WARNING] [pdc_server.c:696] PDC_SERVER[7]: [TIMER] id=1, name=close, avg=0.000243, total=0.233017, count=960
[11:08:03.334734] [WARNING] [pdc_server.c:696] PDC_SERVER[22]: [TIMER] id=0, name=open, avg=0.000358, total=0.343907, count=960
[11:08:03.334806] [WARNING] [pdc_server.c:696] PDC_SERVER[22]: [TIMER] id=1, name=close, avg=0.000269, total=0.258088, count=960
[11:08:03.334812] [WARNING] [pdc_server.c:696] PDC_SERVER[22]: [TIMER] id=3, name=write, avg=0.039743, total=38.153124, count=960
[11:08:03.334818] [WARNING] [pdc_server.c:696] PDC_SERVER[22]: [TIMER] id=4, name=total_graph_exec, avg=0.022081, total=21.198109, count=960
[11:08:03.334692] [WARNING] [pdc_server.c:696] PDC_SERVER[8]: [TIMER] id=0, name=open, avg=0.000332, total=0.318390, count=960
[11:08:03.334763] [WARNING] [pdc_server.c:696] PDC_SERVER[8]: [TIMER] id=1, name=close, avg=0.000405, total=0.389239, count=960
[11:08:03.334784] [WARNING] [pdc_server.c:696] PDC_SERVER[8]: [TIMER] id=3, name=write, avg=0.040435, total=38.817913, count=960
[11:08:03.334790] [WARNING] [pdc_server.c:696] PDC_SERVER[8]: [TIMER] id=4, name=total_graph_exec, avg=0.026021, total=24.979875, count=960
[11:08:03.334810] [WARNING] [pdc_server.c:696] PDC_SERVER[7]: [TIMER] id=3, name=write, avg=0.040323, total=38.710379, count=960
[11:08:03.334816] [WARNING] [pdc_server.c:696] PDC_SERVER[7]: [TIMER] id=4, name=total_graph_exec, avg=0.024940, total=23.942124, count=960
[11:08:03.334763] [WARNING] [pdc_server.c:696] PDC_SERVER[111]: [TIMER] id=0, name=open, avg=0.000361, total=0.346272, count=960
[11:08:03.334864] [WARNING] [pdc_server.c:696] PDC_SERVER[111]: [TIMER] id=1, name=close, avg=0.000285, total=0.273894, count=960
[11:08:03.334870] [WARNING] [pdc_server.c:696] PDC_SERVER[111]: [TIMER] id=3, name=write, avg=0.039752, total=38.162185, count=960
[11:08:03.335054] [WARNING] [pdc_server.c:696] PDC_SERVER[123]: [TIMER] id=0, name=open, avg=0.000345, total=0.331437, count=960
[11:08:03.335108] [WARNING] [pdc_server.c:696] PDC_SERVER[123]: [TIMER] id=1, name=close, avg=0.000254, total=0.244006, count=960
[11:08:03.335129] [WARNING] [pdc_server.c:696] PDC_SERVER[123]: [TIMER] id=3, name=write, avg=0.039839, total=38.245052, count=960
[11:08:03.335135] [WARNING] [pdc_server.c:696] PDC_SERVER[123]: [TIMER] id=4, name=total_graph_exec, avg=0.024116, total=23.151197, count=960
[11:08:03.334875] [WARNING] [pdc_server.c:696] PDC_SERVER[111]: [TIMER] id=4, name=total_graph_exec, avg=0.025717, total=24.688353, count=960
[11:08:03.334722] [WARNING] [pdc_server.c:696] PDC_SERVER[117]: [TIMER] id=0, name=open, avg=0.000491, total=0.471093, count=960
[11:08:03.334795] [WARNING] [pdc_server.c:696] PDC_SERVER[117]: [TIMER] id=1, name=close, avg=0.000264, total=0.253180, count=960
[11:08:03.334802] [WARNING] [pdc_server.c:696] PDC_SERVER[117]: [TIMER] id=3, name=write, avg=0.039717, total=38.128692, count=960
[11:08:03.334807] [WARNING] [pdc_server.c:696] PDC_SERVER[117]: [TIMER] id=4, name=total_graph_exec, avg=0.023875, total=22.920374, count=960
[11:08:03.335119] [WARNING] [pdc_server.c:696] PDC_SERVER[11]: [TIMER] id=0, name=open, avg=0.000482, total=0.463083, count=960
[11:08:03.335199] [WARNING] [pdc_server.c:696] PDC_SERVER[11]: [TIMER] id=1, name=close, avg=0.000286, total=0.274258, count=960
[11:08:03.335206] [WARNING] [pdc_server.c:696] PDC_SERVER[11]: [TIMER] id=3, name=write, avg=0.039341, total=37.767338, count=960
[11:08:03.335211] [WARNING] [pdc_server.c:696] PDC_SERVER[11]: [TIMER] id=4, name=total_graph_exec, avg=0.027222, total=26.133216, count=960
[11:08:03.335330] [WARNING] [pdc_server.c:696] PDC_SERVER[18]: [TIMER] id=0, name=open, avg=0.000352, total=0.338335, count=960
[11:08:03.335403] [WARNING] [pdc_server.c:696] PDC_SERVER[18]: [TIMER] id=1, name=close, avg=0.000299, total=0.286919, count=960
[11:08:03.335428] [WARNING] [pdc_server.c:696] PDC_SERVER[18]: [TIMER] id=3, name=write, avg=0.040079, total=38.476131, count=960
[11:08:03.335434] [WARNING] [pdc_server.c:696] PDC_SERVER[18]: [TIMER] id=4, name=total_graph_exec, avg=0.028303, total=27.170584, count=960
[11:08:03.335686] [WARNING] [pdc_server.c:696] PDC_SERVER[20]: [TIMER] id=0, name=open, avg=0.000356, total=0.342122, count=960
[11:08:03.335738] [WARNING] [pdc_server.c:696] PDC_SERVER[20]: [TIMER] id=1, name=close, avg=0.000253, total=0.243348, count=960
[11:08:03.335758] [WARNING] [pdc_server.c:696] PDC_SERVER[20]: [TIMER] id=3, name=write, avg=0.039684, total=38.096798, count=960
[11:08:03.335766] [WARNING] [pdc_server.c:696] PDC_SERVER[20]: [TIMER] id=4, name=total_graph_exec, avg=0.021602, total=20.737875, count=960
[11:08:03.335690] [WARNING] [pdc_server.c:696] PDC_SERVER[52]: [TIMER] id=0, name=open, avg=0.000337, total=0.323399, count=960
[11:08:03.335780] [WARNING] [pdc_server.c:696] PDC_SERVER[52]: [TIMER] id=1, name=close, avg=0.000250, total=0.240224, count=960
[11:08:03.335788] [WARNING] [pdc_server.c:696] PDC_SERVER[52]: [TIMER] id=3, name=write, avg=0.039819, total=38.226116, count=960
[11:08:03.335795] [WARNING] [pdc_server.c:696] PDC_SERVER[52]: [TIMER] id=4, name=total_graph_exec, avg=0.021572, total=20.709300, count=960
[11:08:03.335770] [WARNING] [pdc_server.c:696] PDC_SERVER[105]: [TIMER] id=0, name=open, avg=0.000328, total=0.314578, count=960
[11:08:03.335843] [WARNING] [pdc_server.c:696] PDC_SERVER[105]: [TIMER] id=1, name=close, avg=0.000249, total=0.238836, count=960
[11:08:03.335851] [WARNING] [pdc_server.c:696] PDC_SERVER[105]: [TIMER] id=3, name=write, avg=0.039814, total=38.221028, count=960
[11:08:03.335857] [WARNING] [pdc_server.c:696] PDC_SERVER[105]: [TIMER] id=4, name=total_graph_exec, avg=0.021062, total=20.219525, count=960
[11:08:03.335853] [WARNING] [pdc_server.c:696] PDC_SERVER[112]: [TIMER] id=0, name=open, avg=0.000334, total=0.320257, count=960
[11:08:03.335955] [WARNING] [pdc_server.c:696] PDC_SERVER[112]: [TIMER] id=1, name=close, avg=0.000278, total=0.266406, count=960
[11:08:03.335963] [WARNING] [pdc_server.c:696] PDC_SERVER[112]: [TIMER] id=3, name=write, avg=0.039493, total=37.913759, count=960
[11:08:03.335889] [WARNING] [pdc_server.c:696] PDC_SERVER[91]: [TIMER] id=0, name=open, avg=0.000355, total=0.340948, count=960
[11:08:03.335986] [WARNING] [pdc_server.c:696] PDC_SERVER[91]: [TIMER] id=1, name=close, avg=0.000241, total=0.231654, count=960
[11:08:03.335994] [WARNING] [pdc_server.c:696] PDC_SERVER[91]: [TIMER] id=3, name=write, avg=0.040030, total=38.428827, count=960
[11:08:03.336000] [WARNING] [pdc_server.c:696] PDC_SERVER[91]: [TIMER] id=4, name=total_graph_exec, avg=0.020783, total=19.951622, count=960
[11:08:03.335970] [WARNING] [pdc_server.c:696] PDC_SERVER[112]: [TIMER] id=4, name=total_graph_exec, avg=0.024344, total=23.370011, count=960
[11:08:03.335986] [WARNING] [pdc_server.c:696] PDC_SERVER[109]: [TIMER] id=0, name=open, avg=0.000363, total=0.348518, count=960
[11:08:03.336059] [WARNING] [pdc_server.c:696] PDC_SERVER[109]: [TIMER] id=1, name=close, avg=0.000269, total=0.258134, count=960
[11:08:03.336065] [WARNING] [pdc_server.c:696] PDC_SERVER[109]: [TIMER] id=3, name=write, avg=0.039965, total=38.366748, count=960
[11:08:03.336070] [WARNING] [pdc_server.c:696] PDC_SERVER[109]: [TIMER] id=4, name=total_graph_exec, avg=0.023069, total=22.145879, count=960
[11:08:03.336062] [WARNING] [pdc_server.c:696] PDC_SERVER[32]: [TIMER] id=0, name=open, avg=0.000371, total=0.355780, count=960
[11:08:03.336127] [WARNING] [pdc_server.c:696] PDC_SERVER[32]: [TIMER] id=1, name=close, avg=0.000274, total=0.262595, count=960
[11:08:03.336150] [WARNING] [pdc_server.c:696] PDC_SERVER[32]: [TIMER] id=3, name=write, avg=0.040166, total=38.559777, count=960
[11:08:03.336156] [WARNING] [pdc_server.c:696] PDC_SERVER[32]: [TIMER] id=4, name=total_graph_exec, avg=0.023645, total=22.699043, count=960
[11:08:03.335647] [WARNING] [pdc_server.c:696] PDC_SERVER[108]: [TIMER] id=0, name=open, avg=0.000388, total=0.372023, count=960
[11:08:03.335726] [WARNING] [pdc_server.c:696] PDC_SERVER[108]: [TIMER] id=1, name=close, avg=0.000272, total=0.260939, count=960
[11:08:03.336190] [WARNING] [pdc_server.c:696] PDC_SERVER[24]: [TIMER] id=0, name=open, avg=0.000333, total=0.319362, count=960
[11:08:03.336270] [WARNING] [pdc_server.c:696] PDC_SERVER[24]: [TIMER] id=1, name=close, avg=0.000275, total=0.263706, count=960
[11:08:03.336291] [WARNING] [pdc_server.c:696] PDC_SERVER[24]: [TIMER] id=3, name=write, avg=0.039924, total=38.327197, count=960
[11:08:03.336297] [WARNING] [pdc_server.c:696] PDC_SERVER[24]: [TIMER] id=4, name=total_graph_exec, avg=0.024306, total=23.333868, count=960
[11:08:03.335752] [WARNING] [pdc_server.c:696] PDC_SERVER[108]: [TIMER] id=3, name=write, avg=0.039718, total=38.129689, count=960
[11:08:03.335759] [WARNING] [pdc_server.c:696] PDC_SERVER[108]: [TIMER] id=4, name=total_graph_exec, avg=0.024697, total=23.709354, count=960
[11:08:03.336254] [WARNING] [pdc_server.c:696] PDC_SERVER[62]: [TIMER] id=0, name=open, avg=0.000356, total=0.342031, count=960
[11:08:03.336340] [WARNING] [pdc_server.c:696] PDC_SERVER[62]: [TIMER] id=1, name=close, avg=0.000309, total=0.296691, count=960
[11:08:03.336348] [WARNING] [pdc_server.c:696] PDC_SERVER[62]: [TIMER] id=3, name=write, avg=0.039824, total=38.231475, count=960
[11:08:03.336355] [WARNING] [pdc_server.c:696] PDC_SERVER[62]: [TIMER] id=4, name=total_graph_exec, avg=0.029373, total=28.197897, count=960
[11:08:03.335852] [WARNING] [pdc_server.c:696] PDC_SERVER[67]: [TIMER] id=0, name=open, avg=0.000315, total=0.302284, count=960
[11:08:03.336328] [WARNING] [pdc_server.c:696] PDC_SERVER[67]: [TIMER] id=1, name=close, avg=0.000250, total=0.239921, count=960
[11:08:03.336335] [WARNING] [pdc_server.c:696] PDC_SERVER[67]: [TIMER] id=3, name=write, avg=0.039744, total=38.153912, count=960
[11:08:03.336340] [WARNING] [pdc_server.c:696] PDC_SERVER[67]: [TIMER] id=4, name=total_graph_exec, avg=0.021798, total=20.926140, count=960
[11:08:03.336321] [WARNING] [pdc_server.c:696] PDC_SERVER[4]: [TIMER] id=0, name=open, avg=0.000354, total=0.340021, count=960
[11:08:03.336383] [WARNING] [pdc_server.c:696] PDC_SERVER[4]: [TIMER] id=1, name=close, avg=0.000247, total=0.237266, count=960
[11:08:03.336413] [WARNING] [pdc_server.c:696] PDC_SERVER[4]: [TIMER] id=3, name=write, avg=0.039656, total=38.069894, count=960
[11:08:03.336421] [WARNING] [pdc_server.c:696] PDC_SERVER[4]: [TIMER] id=4, name=total_graph_exec, avg=0.022137, total=21.251540, count=960
[11:08:03.336425] [WARNING] [pdc_server.c:696] PDC_SERVER[87]: [TIMER] id=0, name=open, avg=0.000394, total=0.377829, count=960
[11:08:03.336506] [WARNING] [pdc_server.c:696] PDC_SERVER[87]: [TIMER] id=1, name=close, avg=0.000250, total=0.239942, count=960
[11:08:03.336531] [WARNING] [pdc_server.c:696] PDC_SERVER[87]: [TIMER] id=3, name=write, avg=0.039896, total=38.299939, count=960
[11:08:03.336539] [WARNING] [pdc_server.c:696] PDC_SERVER[87]: [TIMER] id=4, name=total_graph_exec, avg=0.022067, total=21.184069, count=960
[11:08:03.336120] [WARNING] [pdc_server.c:696] PDC_SERVER[17]: [TIMER] id=0, name=open, avg=0.000327, total=0.314211, count=960
[11:08:03.336641] [WARNING] [pdc_server.c:696] PDC_SERVER[17]: [TIMER] id=1, name=close, avg=0.000271, total=0.260150, count=960
[11:08:03.336650] [WARNING] [pdc_server.c:696] PDC_SERVER[17]: [TIMER] id=3, name=write, avg=0.040305, total=38.692772, count=960
[11:08:03.336657] [WARNING] [pdc_server.c:696] PDC_SERVER[17]: [TIMER] id=4, name=total_graph_exec, avg=0.024266, total=23.295758, count=960
[11:08:03.336456] [WARNING] [pdc_server.c:696] PDC_SERVER[85]: [TIMER] id=0, name=open, avg=0.000335, total=0.321381, count=960
[11:08:03.336579] [WARNING] [pdc_server.c:696] PDC_SERVER[85]: [TIMER] id=1, name=close, avg=0.000271, total=0.260405, count=960
[11:08:03.336587] [WARNING] [pdc_server.c:696] PDC_SERVER[85]: [TIMER] id=3, name=write, avg=0.039680, total=38.093055, count=960
[11:08:03.336594] [WARNING] [pdc_server.c:696] PDC_SERVER[85]: [TIMER] id=4, name=total_graph_exec, avg=0.021672, total=20.805162, count=960
[11:08:03.336680] [WARNING] [pdc_server.c:696] PDC_SERVER[96]: [TIMER] id=0, name=open, avg=0.000354, total=0.339619, count=960
[11:08:03.336780] [WARNING] [pdc_server.c:696] PDC_SERVER[96]: [TIMER] id=1, name=close, avg=0.000299, total=0.287337, count=960
[11:08:03.336788] [WARNING] [pdc_server.c:696] PDC_SERVER[96]: [TIMER] id=3, name=write, avg=0.039859, total=38.264591, count=960
[11:08:03.336795] [WARNING] [pdc_server.c:696] PDC_SERVER[96]: [TIMER] id=4, name=total_graph_exec, avg=0.024759, total=23.768562, count=960
[11:08:03.336726] [WARNING] [pdc_server.c:696] PDC_SERVER[76]: [TIMER] id=0, name=open, avg=0.000333, total=0.319838, count=960
[11:08:03.336816] [WARNING] [pdc_server.c:696] PDC_SERVER[76]: [TIMER] id=1, name=close, avg=0.000225, total=0.216231, count=960
[11:08:03.336824] [WARNING] [pdc_server.c:696] PDC_SERVER[76]: [TIMER] id=3, name=write, avg=0.040364, total=38.749110, count=960
[11:08:03.336831] [WARNING] [pdc_server.c:696] PDC_SERVER[76]: [TIMER] id=4, name=total_graph_exec, avg=0.023706, total=22.758047, count=960
[11:08:03.336634] [WARNING] [pdc_server.c:696] PDC_SERVER[23]: [TIMER] id=0, name=open, avg=0.000328, total=0.315165, count=960
[11:08:03.336730] [WARNING] [pdc_server.c:696] PDC_SERVER[23]: [TIMER] id=1, name=close, avg=0.000246, total=0.236230, count=960
[11:08:03.336739] [WARNING] [pdc_server.c:696] PDC_SERVER[23]: [TIMER] id=3, name=write, avg=0.039725, total=38.136405, count=960
[11:08:03.336745] [WARNING] [pdc_server.c:696] PDC_SERVER[23]: [TIMER] id=4, name=total_graph_exec, avg=0.022064, total=21.181583, count=960
[11:08:03.336874] [WARNING] [pdc_server.c:696] PDC_SERVER[28]: [TIMER] id=0, name=open, avg=0.000346, total=0.331943, count=960
[11:08:03.336975] [WARNING] [pdc_server.c:696] PDC_SERVER[28]: [TIMER] id=1, name=close, avg=0.000246, total=0.236579, count=960
[11:08:03.336984] [WARNING] [pdc_server.c:696] PDC_SERVER[28]: [TIMER] id=3, name=write, avg=0.040464, total=38.845920, count=960
[11:08:03.336991] [WARNING] [pdc_server.c:696] PDC_SERVER[28]: [TIMER] id=4, name=total_graph_exec, avg=0.020274, total=19.462896, count=960
[11:08:03.336988] [WARNING] [pdc_server.c:696] PDC_SERVER[81]: [TIMER] id=0, name=open, avg=0.000377, total=0.362359, count=960
[11:08:03.337068] [WARNING] [pdc_server.c:696] PDC_SERVER[81]: [TIMER] id=1, name=close, avg=0.000280, total=0.268670, count=960
[11:08:03.337077] [WARNING] [pdc_server.c:696] PDC_SERVER[81]: [TIMER] id=3, name=write, avg=0.039679, total=38.091577, count=960
[11:08:03.337084] [WARNING] [pdc_server.c:696] PDC_SERVER[81]: [TIMER] id=4, name=total_graph_exec, avg=0.025842, total=24.808222, count=960
[11:08:03.337038] [WARNING] [pdc_server.c:696] PDC_SERVER[114]: [TIMER] id=0, name=open, avg=0.000372, total=0.357021, count=960
[11:08:03.337112] [WARNING] [pdc_server.c:696] PDC_SERVER[114]: [TIMER] id=1, name=close, avg=0.000309, total=0.296531, count=960
[11:08:03.337140] [WARNING] [pdc_server.c:696] PDC_SERVER[114]: [TIMER] id=3, name=write, avg=0.039898, total=38.302005, count=960
[11:08:03.337147] [WARNING] [pdc_server.c:696] PDC_SERVER[114]: [TIMER] id=4, name=total_graph_exec, avg=0.027087, total=26.003532, count=960
[11:08:03.336757] [WARNING] [pdc_server.c:696] PDC_SERVER[95]: [TIMER] id=0, name=open, avg=0.000387, total=0.371041, count=960
[11:08:03.336849] [WARNING] [pdc_server.c:696] PDC_SERVER[95]: [TIMER] id=1, name=close, avg=0.000368, total=0.352965, count=960
[11:08:03.336858] [WARNING] [pdc_server.c:696] PDC_SERVER[95]: [TIMER] id=3, name=write, avg=0.040053, total=38.451075, count=960
[11:08:03.336865] [WARNING] [pdc_server.c:696] PDC_SERVER[95]: [TIMER] id=4, name=total_graph_exec, avg=0.033636, total=32.290953, count=960
[11:08:03.337186] [WARNING] [pdc_server.c:696] PDC_SERVER[38]: [TIMER] id=0, name=open, avg=0.000384, total=0.368911, count=960
[11:08:03.337284] [WARNING] [pdc_server.c:696] PDC_SERVER[38]: [TIMER] id=1, name=close, avg=0.000289, total=0.277178, count=960
[11:08:03.337293] [WARNING] [pdc_server.c:696] PDC_SERVER[38]: [TIMER] id=3, name=write, avg=0.040231, total=38.621873, count=960
[11:08:03.337300] [WARNING] [pdc_server.c:696] PDC_SERVER[38]: [TIMER] id=4, name=total_graph_exec, avg=0.029403, total=28.226587, count=960
[11:08:03.337095] [WARNING] [pdc_server.c:696] PDC_SERVER[31]: [TIMER] id=0, name=open, avg=0.000338, total=0.324573, count=960
[11:08:03.337183] [WARNING] [pdc_server.c:696] PDC_SERVER[31]: [TIMER] id=1, name=close, avg=0.000254, total=0.243809, count=960
[11:08:03.337217] [WARNING] [pdc_server.c:696] PDC_SERVER[31]: [TIMER] id=3, name=write, avg=0.040112, total=38.507490, count=960
[11:08:03.337228] [WARNING] [pdc_server.c:696] PDC_SERVER[31]: [TIMER] id=4, name=total_graph_exec, avg=0.021808, total=20.935234, count=960
[11:08:03.337367] [WARNING] [pdc_server.c:696] PDC_SERVER[27]: [TIMER] id=0, name=open, avg=0.000346, total=0.331839, count=960
[11:08:03.337491] [WARNING] [pdc_server.c:696] PDC_SERVER[27]: [TIMER] id=1, name=close, avg=0.000270, total=0.259445, count=960
[11:08:03.337499] [WARNING] [pdc_server.c:696] PDC_SERVER[27]: [TIMER] id=3, name=write, avg=0.039959, total=38.360952, count=960
[11:08:03.337506] [WARNING] [pdc_server.c:696] PDC_SERVER[27]: [TIMER] id=4, name=total_graph_exec, avg=0.023206, total=22.277619, count=960
[11:08:03.337353] [WARNING] [pdc_server.c:696] PDC_SERVER[44]: [TIMER] id=0, name=open, avg=0.000486, total=0.466336, count=960
[11:08:03.337441] [WARNING] [pdc_server.c:696] PDC_SERVER[44]: [TIMER] id=1, name=close, avg=0.000289, total=0.277011, count=960
[11:08:03.337449] [WARNING] [pdc_server.c:696] PDC_SERVER[44]: [TIMER] id=3, name=write, avg=0.039929, total=38.331390, count=960
[11:08:03.337456] [WARNING] [pdc_server.c:696] PDC_SERVER[44]: [TIMER] id=4, name=total_graph_exec, avg=0.024137, total=23.171954, count=960
[11:08:03.337622] [WARNING] [pdc_server.c:696] PDC_SERVER[36]: [TIMER] id=0, name=open, avg=0.000336, total=0.322547, count=960
[11:08:03.337682] [WARNING] [pdc_server.c:696] PDC_SERVER[36]: [TIMER] id=1, name=close, avg=0.000268, total=0.257651, count=960
[11:08:03.337705] [WARNING] [pdc_server.c:696] PDC_SERVER[36]: [TIMER] id=3, name=write, avg=0.040076, total=38.473232, count=960
[11:08:03.337711] [WARNING] [pdc_server.c:696] PDC_SERVER[36]: [TIMER] id=4, name=total_graph_exec, avg=0.021174, total=20.327219, count=960
[11:08:03.337404] [WARNING] [pdc_server.c:696] PDC_SERVER[51]: [TIMER] id=0, name=open, avg=0.000334, total=0.320671, count=960
[11:08:03.337501] [WARNING] [pdc_server.c:696] PDC_SERVER[51]: [TIMER] id=1, name=close, avg=0.000240, total=0.230558, count=960
[11:08:03.337536] [WARNING] [pdc_server.c:696] PDC_SERVER[51]: [TIMER] id=3, name=write, avg=0.040104, total=38.499743, count=960
[11:08:03.337544] [WARNING] [pdc_server.c:696] PDC_SERVER[51]: [TIMER] id=4, name=total_graph_exec, avg=0.022627, total=21.721547, count=960
[11:08:03.337233] [WARNING] [pdc_server.c:696] PDC_SERVER[69]: [TIMER] id=0, name=open, avg=0.000310, total=0.297838, count=960
[11:08:03.337762] [WARNING] [pdc_server.c:696] PDC_SERVER[69]: [TIMER] id=1, name=close, avg=0.000268, total=0.257650, count=960
[11:08:03.337771] [WARNING] [pdc_server.c:696] PDC_SERVER[69]: [TIMER] id=3, name=write, avg=0.040389, total=38.773036, count=960
[11:08:03.337778] [WARNING] [pdc_server.c:696] PDC_SERVER[69]: [TIMER] id=4, name=total_graph_exec, avg=0.022627, total=21.722369, count=960
[11:08:03.337884] [WARNING] [pdc_server.c:696] PDC_SERVER[116]: [TIMER] id=0, name=open, avg=0.000349, total=0.335285, count=960
[11:08:03.337989] [WARNING] [pdc_server.c:696] PDC_SERVER[116]: [TIMER] id=1, name=close, avg=0.000266, total=0.255441, count=960
[11:08:03.337998] [WARNING] [pdc_server.c:696] PDC_SERVER[116]: [TIMER] id=3, name=write, avg=0.039852, total=38.257808, count=960
[11:08:03.338004] [WARNING] [pdc_server.c:696] PDC_SERVER[116]: [TIMER] id=4, name=total_graph_exec, avg=0.025672, total=24.645356, count=960
[11:08:03.338127] [WARNING] [pdc_server.c:696] PDC_SERVER[94]: [TIMER] id=0, name=open, avg=0.000385, total=0.369833, count=960
[11:08:03.338211] [WARNING] [pdc_server.c:696] PDC_SERVER[94]: [TIMER] id=1, name=close, avg=0.000255, total=0.245266, count=960
[11:08:03.338219] [WARNING] [pdc_server.c:696] PDC_SERVER[94]: [TIMER] id=3, name=write, avg=0.039760, total=38.169382, count=960
[11:08:03.338226] [WARNING] [pdc_server.c:696] PDC_SERVER[94]: [TIMER] id=4, name=total_graph_exec, avg=0.022000, total=21.120301, count=960
[11:08:03.337221] [WARNING] [pdc_server.c:696] PDC_SERVER[16]: [TIMER] id=0, name=open, avg=0.000405, total=0.388957, count=960
[11:08:03.339669] [WARNING] [pdc_server.c:696] PDC_SERVER[16]: [TIMER] id=1, name=close, avg=0.000292, total=0.280244, count=960
[11:08:03.339677] [WARNING] [pdc_server.c:696] PDC_SERVER[16]: [TIMER] id=3, name=write, avg=0.039987, total=38.387789, count=960
[11:08:03.339682] [WARNING] [pdc_server.c:696] PDC_SERVER[16]: [TIMER] id=4, name=total_graph_exec, avg=0.028138, total=27.012850, count=960
[11:08:03.339333] [WARNING] [pdc_server.c:696] PDC_SERVER[50]: [TIMER] id=0, name=open, avg=0.000391, total=0.375002, count=960
[11:08:03.340411] [WARNING] [pdc_server.c:696] PDC_SERVER[50]: [TIMER] id=1, name=close, avg=0.000318, total=0.305738, count=960
[11:08:03.340418] [WARNING] [pdc_server.c:696] PDC_SERVER[50]: [TIMER] id=3, name=write, avg=0.039633, total=38.047791, count=960
[11:08:03.340423] [WARNING] [pdc_server.c:696] PDC_SERVER[50]: [TIMER] id=4, name=total_graph_exec, avg=0.033325, total=31.992317, count=960
[11:08:03.339985] [WARNING] [pdc_server.c:696] PDC_SERVER[104]: [TIMER] id=0, name=open, avg=0.000358, total=0.344005, count=960
[11:08:03.341051] [WARNING] [pdc_server.c:696] PDC_SERVER[104]: [TIMER] id=1, name=close, avg=0.000244, total=0.234446, count=960
[11:08:03.341058] [WARNING] [pdc_server.c:696] PDC_SERVER[104]: [TIMER] id=3, name=write, avg=0.039439, total=37.861494, count=960
[11:08:03.341063] [WARNING] [pdc_server.c:696] PDC_SERVER[104]: [TIMER] id=4, name=total_graph_exec, avg=0.020808, total=19.976129, count=960
[11:08:03.340155] [WARNING] [pdc_server.c:696] PDC_SERVER[107]: [TIMER] id=0, name=open, avg=0.000478, total=0.459276, count=960
[11:08:03.341194] [WARNING] [pdc_server.c:696] PDC_SERVER[107]: [TIMER] id=1, name=close, avg=0.000309, total=0.296916, count=960
[11:08:03.341216] [WARNING] [pdc_server.c:696] PDC_SERVER[107]: [TIMER] id=3, name=write, avg=0.039913, total=38.316823, count=960
[11:08:03.341222] [WARNING] [pdc_server.c:696] PDC_SERVER[107]: [TIMER] id=4, name=total_graph_exec, avg=0.027874, total=26.759162, count=960
[11:08:03.341140] [WARNING] [pdc_server.c:696] PDC_SERVER[46]: [TIMER] id=0, name=open, avg=0.000379, total=0.364130, count=960
[11:08:03.342932] [WARNING] [pdc_server.c:696] PDC_SERVER[46]: [TIMER] id=1, name=close, avg=0.000263, total=0.252155, count=960
[11:08:03.342939] [WARNING] [pdc_server.c:696] PDC_SERVER[46]: [TIMER] id=3, name=write, avg=0.039948, total=38.350241, count=960
[11:08:03.342945] [WARNING] [pdc_server.c:696] PDC_SERVER[46]: [TIMER] id=4, name=total_graph_exec, avg=0.020722, total=19.893225, count=960
[11:08:03.342377] [WARNING] [pdc_server.c:696] PDC_SERVER[71]: [TIMER] id=0, name=open, avg=0.000355, total=0.341043, count=960
[11:08:03.343355] [WARNING] [pdc_server.c:696] PDC_SERVER[71]: [TIMER] id=1, name=close, avg=0.000317, total=0.304497, count=960
[11:08:03.343362] [WARNING] [pdc_server.c:696] PDC_SERVER[71]: [TIMER] id=3, name=write, avg=0.040197, total=38.589200, count=960
[11:08:03.343367] [WARNING] [pdc_server.c:696] PDC_SERVER[71]: [TIMER] id=4, name=total_graph_exec, avg=0.029405, total=28.228988, count=960
[11:08:03.341987] [WARNING] [pdc_server.c:696] PDC_SERVER[99]: [TIMER] id=0, name=open, avg=0.000457, total=0.438365, count=960
[11:08:03.343485] [WARNING] [pdc_server.c:696] PDC_SERVER[99]: [TIMER] id=1, name=close, avg=0.000264, total=0.253358, count=960
[11:08:03.343492] [WARNING] [pdc_server.c:696] PDC_SERVER[99]: [TIMER] id=3, name=write, avg=0.040445, total=38.826904, count=960
[11:08:03.343498] [WARNING] [pdc_server.c:696] PDC_SERVER[99]: [TIMER] id=4, name=total_graph_exec, avg=0.022480, total=21.580512, count=960
[11:08:03.342276] [WARNING] [pdc_server.c:696] PDC_SERVER[53]: [TIMER] id=0, name=open, avg=0.000323, total=0.310346, count=960
[11:08:03.343704] [WARNING] [pdc_server.c:696] PDC_SERVER[53]: [TIMER] id=1, name=close, avg=0.000240, total=0.230525, count=960
[11:08:03.343713] [WARNING] [pdc_server.c:696] PDC_SERVER[53]: [TIMER] id=3, name=write, avg=0.039850, total=38.256215, count=960
[11:08:03.343721] [WARNING] [pdc_server.c:696] PDC_SERVER[53]: [TIMER] id=4, name=total_graph_exec, avg=0.020934, total=20.096219, count=960
[11:08:03.343375] [WARNING] [pdc_server.c:696] PDC_SERVER[124]: [TIMER] id=0, name=open, avg=0.000490, total=0.470824, count=960
[11:08:03.343741] [WARNING] [pdc_server.c:696] PDC_SERVER[124]: [TIMER] id=1, name=close, avg=0.000249, total=0.239095, count=960
[11:08:03.342847] [WARNING] [pdc_server.c:696] PDC_SERVER[3]: [TIMER] id=0, name=open, avg=0.000356, total=0.341886, count=960
[11:08:03.343775] [WARNING] [pdc_server.c:696] PDC_SERVER[3]: [TIMER] id=1, name=close, avg=0.000279, total=0.267662, count=960
[11:08:03.343766] [WARNING] [pdc_server.c:696] PDC_SERVER[124]: [TIMER] id=3, name=write, avg=0.039831, total=38.237569, count=960
[11:08:03.343772] [WARNING] [pdc_server.c:696] PDC_SERVER[124]: [TIMER] id=4, name=total_graph_exec, avg=0.024456, total=23.477833, count=960
[11:08:03.343809] [WARNING] [pdc_server.c:696] PDC_SERVER[3]: [TIMER] id=3, name=write, avg=0.039840, total=38.246051, count=960
[11:08:03.343816] [WARNING] [pdc_server.c:696] PDC_SERVER[3]: [TIMER] id=4, name=total_graph_exec, avg=0.025140, total=24.134855, count=960
[11:08:03.342889] [WARNING] [pdc_server.c:696] PDC_SERVER[55]: [TIMER] id=0, name=open, avg=0.000346, total=0.332626, count=960
[11:08:03.341741] [WARNING] [pdc_server.c:696] PDC_SERVER[88]: [TIMER] id=0, name=open, avg=0.000367, total=0.352195, count=960
[11:08:03.344021] [WARNING] [pdc_server.c:696] PDC_SERVER[88]: [TIMER] id=1, name=close, avg=0.000290, total=0.278086, count=960
[11:08:03.343897] [WARNING] [pdc_server.c:696] PDC_SERVER[55]: [TIMER] id=1, name=close, avg=0.000247, total=0.236701, count=960
[11:08:03.343904] [WARNING] [pdc_server.c:696] PDC_SERVER[55]: [TIMER] id=3, name=write, avg=0.039766, total=38.175359, count=960
[11:08:03.343909] [WARNING] [pdc_server.c:696] PDC_SERVER[55]: [TIMER] id=4, name=total_graph_exec, avg=0.020899, total=20.063125, count=960
[11:08:03.344028] [WARNING] [pdc_server.c:696] PDC_SERVER[88]: [TIMER] id=3, name=write, avg=0.039800, total=38.208231, count=960
[11:08:03.344034] [WARNING] [pdc_server.c:696] PDC_SERVER[88]: [TIMER] id=4, name=total_graph_exec, avg=0.025434, total=24.416946, count=960
[11:08:03.341358] [WARNING] [pdc_server.c:696] PDC_SERVER[6]: [TIMER] id=0, name=open, avg=0.000342, total=0.327894, count=960
[11:08:03.343727] [WARNING] [pdc_server.c:696] PDC_SERVER[6]: [TIMER] id=1, name=close, avg=0.000252, total=0.242041, count=960
[11:08:03.343734] [WARNING] [pdc_server.c:696] PDC_SERVER[6]: [TIMER] id=3, name=write, avg=0.039986, total=38.386611, count=960
[11:08:03.343739] [WARNING] [pdc_server.c:696] PDC_SERVER[6]: [TIMER] id=4, name=total_graph_exec, avg=0.021655, total=20.788771, count=960
[11:08:03.341941] [WARNING] [pdc_server.c:696] PDC_SERVER[66]: [TIMER] id=0, name=open, avg=0.000351, total=0.337313, count=960
[11:08:03.344387] [WARNING] [pdc_server.c:696] PDC_SERVER[66]: [TIMER] id=1, name=close, avg=0.000234, total=0.224644, count=960
[11:08:03.344394] [WARNING] [pdc_server.c:696] PDC_SERVER[66]: [TIMER] id=3, name=write, avg=0.039821, total=38.228313, count=960
[11:08:03.344399] [WARNING] [pdc_server.c:696] PDC_SERVER[66]: [TIMER] id=4, name=total_graph_exec, avg=0.021614, total=20.749133, count=960
[11:08:03.343573] [WARNING] [pdc_server.c:696] PDC_SERVER[13]: [TIMER] id=0, name=open, avg=0.000339, total=0.325863, count=960
[11:08:03.344636] [WARNING] [pdc_server.c:696] PDC_SERVER[13]: [TIMER] id=1, name=close, avg=0.000291, total=0.279233, count=960
[11:08:03.344643] [WARNING] [pdc_server.c:696] PDC_SERVER[13]: [TIMER] id=3, name=write, avg=0.040033, total=38.431873, count=960
[11:08:03.344648] [WARNING] [pdc_server.c:696] PDC_SERVER[13]: [TIMER] id=4, name=total_graph_exec, avg=0.024439, total=23.461490, count=960
[11:08:03.343287] [WARNING] [pdc_server.c:696] PDC_SERVER[97]: [TIMER] id=0, name=open, avg=0.000344, total=0.330359, count=960
[11:08:03.344853] [WARNING] [pdc_server.c:696] PDC_SERVER[97]: [TIMER] id=1, name=close, avg=0.000267, total=0.256382, count=960
[11:08:03.344861] [WARNING] [pdc_server.c:696] PDC_SERVER[97]: [TIMER] id=3, name=write, avg=0.039773, total=38.182251, count=960
[11:08:03.344866] [WARNING] [pdc_server.c:696] PDC_SERVER[97]: [TIMER] id=4, name=total_graph_exec, avg=0.021856, total=20.981753, count=960
[11:08:03.344284] [WARNING] [pdc_server.c:696] PDC_SERVER[60]: [TIMER] id=0, name=open, avg=0.000361, total=0.346333, count=960
[11:08:03.345171] [WARNING] [pdc_server.c:696] PDC_SERVER[60]: [TIMER] id=1, name=close, avg=0.000400, total=0.384222, count=960
[11:08:03.345178] [WARNING] [pdc_server.c:696] PDC_SERVER[60]: [TIMER] id=3, name=write, avg=0.040523, total=38.902211, count=960
[11:08:03.345184] [WARNING] [pdc_server.c:696] PDC_SERVER[60]: [TIMER] id=4, name=total_graph_exec, avg=0.025978, total=24.939206, count=960
[11:08:03.343559] [WARNING] [pdc_server.c:696] PDC_SERVER[43]: [TIMER] id=0, name=open, avg=0.000350, total=0.336149, count=960
[11:08:03.345927] [WARNING] [pdc_server.c:696] PDC_SERVER[43]: [TIMER] id=1, name=close, avg=0.000198, total=0.190497, count=960
[11:08:03.345936] [WARNING] [pdc_server.c:696] PDC_SERVER[43]: [TIMER] id=3, name=write, avg=0.041330, total=39.677037, count=960
[11:08:03.345942] [WARNING] [pdc_server.c:696] PDC_SERVER[43]: [TIMER] id=4, name=total_graph_exec, avg=0.021758, total=20.888069, count=960
[11:08:03.348067] [WARNING] [pdc_server.c:696] PDC_SERVER[100]: [TIMER] id=0, name=open, avg=0.000390, total=0.374506, count=960
[11:08:03.426725] [WARNING] [pdc_server.c:696] PDC_SERVER[100]: [TIMER] id=1, name=close, avg=0.000324, total=0.310693, count=960
[11:08:03.432704] [WARNING] [pdc_server.c:696] PDC_SERVER[100]: [TIMER] id=3, name=write, avg=0.040389, total=38.773756, count=960
[11:08:03.432718] [WARNING] [pdc_server.c:696] PDC_SERVER[100]: [TIMER] id=4, name=total_graph_exec, avg=0.033649, total=32.302837, count=960
