NUM_NODES=128
DATA_SERVERS_PER_NODE=1
CLIENTS_PER_NODE=32
SERVER_TOTAL_TASKS=128
CLIENT_TOTAL_TASKS=4096
removing old logs
running server script
+ pushd /pscratch/sd/n/nlewi26/src/work_space/source/pdc/build/bin
/pscratch/sd/n/nlewi26/src/work_space/source/pdc/build/bin /pscratch/sd/n/nlewi26/src/work_space/source/pdc/pdc_helper_scripts/vpicio_scripts
+ rm -rf /pscratch/sd/n/nlewi26/src/work_space/install/pdc/pdc_data
+ popd
+ srun -N 128 -n 128 --ntasks-per-node=1 --error=server_output_vpicio_zfp_gpu_128.err --output=server_output_vpicio_zfp_gpu_128.log ./pdc_server
/pscratch/sd/n/nlewi26/src/work_space/source/pdc/pdc_helper_scripts/vpicio_scripts

real	0m19.662s
user	0m0.071s
sys	0m6.557s
running client script
+ pushd /pscratch/sd/n/nlewi26/src/work_space/source/pdc/build/bin
/pscratch/sd/n/nlewi26/src/work_space/source/pdc/build/bin /pscratch/sd/n/nlewi26/src/work_space/source/pdc/pdc_helper_scripts/vpicio_scripts
+ srun -N 128 -n 4096 --ntasks-per-node=32 --output=client_output_vpicio_zfp_gpu_128.log --error=client_output_vpicio_zfp_gpu_128.err ./vpicio_mts 8388608 5 40 zfp_gpu
+ popd
/pscratch/sd/n/nlewi26/src/work_space/source/pdc/pdc_helper_scripts/vpicio_scripts

real	3m57.484s
user	0m0.095s
sys	0m0.152s
closing server script
+ pushd /pscratch/sd/n/nlewi26/src/work_space/source/pdc/build/bin
/pscratch/sd/n/nlewi26/src/work_space/source/pdc/build/bin /pscratch/sd/n/nlewi26/src/work_space/source/pdc/pdc_helper_scripts/vpicio_scripts
+ srun -N 128 -n 128 --ntasks-per-node=1 --error=close_server_output_vpicio_zfp_gpu_128.err --output=close_server_output_vpicio_zfp_gpu_128.log ./close_server
+ popd
/pscratch/sd/n/nlewi26/src/work_space/source/pdc/pdc_helper_scripts/vpicio_scripts

real	0m58.183s
user	0m0.065s
sys	0m0.065s
running server script
+ pushd /pscratch/sd/n/nlewi26/src/work_space/source/pdc/build/bin
/pscratch/sd/n/nlewi26/src/work_space/source/pdc/build/bin /pscratch/sd/n/nlewi26/src/work_space/source/pdc/pdc_helper_scripts/vpicio_scripts
+ popd
/pscratch/sd/n/nlewi26/src/work_space/source/pdc/pdc_helper_scripts/vpicio_scripts
+ srun -N 128 -n 128 --ntasks-per-node=1 --error=server_output_bdcats_zfp_gpu_128.err --output=server_output_bdcats_zfp_gpu_128.log ./pdc_server restart

real	0m0.009s
user	0m0.000s
sys	0m0.006s
running client script
+ pushd /pscratch/sd/n/nlewi26/src/work_space/source/pdc/build/bin
/pscratch/sd/n/nlewi26/src/work_space/source/pdc/build/bin /pscratch/sd/n/nlewi26/src/work_space/source/pdc/pdc_helper_scripts/vpicio_scripts
+ srun -N 128 -n 4096 --ntasks-per-node=32 --output=client_output_bdcats_zfp_gpu_128.log --error=client_output_bdcats_zfp_gpu_128.err ./bdcats_mts 8388608 5 40 zfp_gpu
srun: Step created for StepId=48726534.4
+ popd
/pscratch/sd/n/nlewi26/src/work_space/source/pdc/pdc_helper_scripts/vpicio_scripts

real	4m35.143s
user	0m0.305s
sys	0m1.565s
closing server script
+ pushd /pscratch/sd/n/nlewi26/src/work_space/source/pdc/build/bin
/pscratch/sd/n/nlewi26/src/work_space/source/pdc/build/bin /pscratch/sd/n/nlewi26/src/work_space/source/pdc/pdc_helper_scripts/vpicio_scripts
+ srun -N 128 -n 128 --ntasks-per-node=1 --error=close_server_output_bdcats_zfp_gpu_128.err --output=close_server_output_bdcats_zfp_gpu_128.log ./close_server
+ popd
/pscratch/sd/n/nlewi26/src/work_space/source/pdc/pdc_helper_scripts/vpicio_scripts

real	0m3.179s
user	0m0.076s
sys	0m0.047s
