NUM_NODES=32
DATA_SERVERS_PER_NODE=1
CLIENTS_PER_NODE=32
SERVER_TOTAL_TASKS=32
CLIENT_TOTAL_TASKS=1024
PDC_LUSTRE_STRIPE_SIZE=8
removing old logs
running server script
+ pushd /pscratch/sd/n/nlewi26/src/work_space/source/pdc/build/bin
/pscratch/sd/n/nlewi26/src/work_space/source/pdc/build/bin /pscratch/sd/n/nlewi26/src/work_space/source/pdc/pdc_helper_scripts/vpicio_scripts
+ rm -rf /pscratch/sd/n/nlewi26/src/work_space/install/pdc/pdc_data
+ popd
+ srun -N 32 -n 32 --ntasks-per-node=1 --error=server_output_vpicio_zfp_32.err --output=server_output_vpicio_zfp_32.log ./pdc_server
/pscratch/sd/n/nlewi26/src/work_space/source/pdc/pdc_helper_scripts/vpicio_scripts

real	0m4.986s
user	0m0.021s
sys	0m1.480s
running client script
+ pushd /pscratch/sd/n/nlewi26/src/work_space/source/pdc/build/bin
/pscratch/sd/n/nlewi26/src/work_space/source/pdc/build/bin /pscratch/sd/n/nlewi26/src/work_space/source/pdc/pdc_helper_scripts/vpicio_scripts
+ srun -N 32 -n 1024 --ntasks-per-node=32 --output=client_output_vpicio_zfp_32.log --error=client_output_vpicio_zfp_32.err ./vpicio_mts 8388608 5 40 zfp
+ popd
/pscratch/sd/n/nlewi26/src/work_space/source/pdc/pdc_helper_scripts/vpicio_scripts

real	3m44.585s
user	0m0.062s
sys	0m0.083s
closing server script
+ pushd /pscratch/sd/n/nlewi26/src/work_space/source/pdc/build/bin
/pscratch/sd/n/nlewi26/src/work_space/source/pdc/build/bin /pscratch/sd/n/nlewi26/src/work_space/source/pdc/pdc_helper_scripts/vpicio_scripts
+ srun -N 32 -n 32 --ntasks-per-node=1 --error=close_server_output_vpicio_zfp_32.err --output=close_server_output_vpicio_zfp_32.log ./close_server
+ popd
/pscratch/sd/n/nlewi26/src/work_space/source/pdc/pdc_helper_scripts/vpicio_scripts

real	4m11.040s
user	0m0.057s
sys	0m0.040s
running server script
+ pushd /pscratch/sd/n/nlewi26/src/work_space/source/pdc/build/bin
/pscratch/sd/n/nlewi26/src/work_space/source/pdc/build/bin /pscratch/sd/n/nlewi26/src/work_space/source/pdc/pdc_helper_scripts/vpicio_scripts
+ popd
/pscratch/sd/n/nlewi26/src/work_space/source/pdc/pdc_helper_scripts/vpicio_scripts
+ srun -N 32 -n 32 --ntasks-per-node=1 --error=server_output_bdcats_zfp_32.err --output=server_output_bdcats_zfp_32.log ./pdc_server restart

real	0m0.007s
user	0m0.006s
sys	0m0.000s
running client script
+ pushd /pscratch/sd/n/nlewi26/src/work_space/source/pdc/build/bin
/pscratch/sd/n/nlewi26/src/work_space/source/pdc/build/bin /pscratch/sd/n/nlewi26/src/work_space/source/pdc/pdc_helper_scripts/vpicio_scripts
+ srun -N 32 -n 1024 --ntasks-per-node=32 --output=client_output_bdcats_zfp_32.log --error=client_output_bdcats_zfp_32.err ./bdcats_mts 8388608 5 40 zfp
+ popd
/pscratch/sd/n/nlewi26/src/work_space/source/pdc/pdc_helper_scripts/vpicio_scripts

real	8m23.301s
user	0m0.088s
sys	0m0.368s
closing server script
+ pushd /pscratch/sd/n/nlewi26/src/work_space/source/pdc/build/bin
/pscratch/sd/n/nlewi26/src/work_space/source/pdc/build/bin /pscratch/sd/n/nlewi26/src/work_space/source/pdc/pdc_helper_scripts/vpicio_scripts
+ srun -N 32 -n 32 --ntasks-per-node=1 --error=close_server_output_bdcats_zfp_32.err --output=close_server_output_bdcats_zfp_32.log ./close_server
+ popd
/pscratch/sd/n/nlewi26/src/work_space/source/pdc/pdc_helper_scripts/vpicio_scripts

real	0m0.952s
user	0m0.060s
sys	0m0.035s
