[12:56:02.570133] [WARNING] [pdc_server.c:1641] PDC_SERVER[0]: Restart from checkpoint start
[12:56:02.571938] [WARNING] [pdc_server.c:1914] PDC_SERVER[0]: Reading checkpoint transformations start
[12:56:02.574306] [WARNING] [pdc_server.c:2040] PDC_SERVER[0]: Reading checkpoint transformations done
[12:56:02.575510] [WARNING] [pdc_server.c:2064] PDC_SERVER[0]: Restart from checkpoint done
[12:56:07.537356] [WARNING] [pdc_server_data.c:122] PDC_SERVER[0]: Total Lustre OSTs, PDC Servers: 256, 8
[12:56:07.537460] [WARNING] [pdc_server_data.c:123] PDC_SERVER[0]: Setting Lustre stripe count to 32 and size to 16 MB
[13:04:08.862750] [WARNING] [pdc_server.c:1184] PDC_SERVER[0]: Checkpoint start
[13:04:08.888039] [WARNING] [pdc_server.c:1376] PDC_SERVER[0]: Writing checkpoint transformations start
[13:04:08.888934] [WARNING] [pdc_server.c:1558] PDC_SERVER[0]: Writing checkpoint transformations done
[13:04:08.906133] [WARNING] [pdc_server.c:1595] PDC_SERVER[0]: Rank[ALL]: Total checkpoint time = 0.043370
[13:04:08.907292] [WARNING] [pdc_server.c:1602] PDC_SERVER[0]: Checkpointing done
[13:04:08.907343] [WARNING] [pdc_server.c:696] PDC_SERVER[0]: [TIMER] id=0, name=open, avg=0.000378, total=0.363148, count=960
[13:04:08.907354] [WARNING] [pdc_server.c:696] PDC_SERVER[0]: [TIMER] id=1, name=close, avg=0.000278, total=0.266989, count=960
[13:04:08.907359] [WARNING] [pdc_server.c:696] PDC_SERVER[0]: [TIMER] id=2, name=read, avg=0.022937, total=22.019132, count=960
[13:04:08.907364] [WARNING] [pdc_server.c:696] PDC_SERVER[0]: [TIMER] id=4, name=total_graph_exec, avg=0.397921, total=382.004120, count=960
[13:04:08.907362] [WARNING] [pdc_server.c:696] PDC_SERVER[7]: [TIMER] id=0, name=open, avg=0.000422, total=0.404659, count=960
[13:04:08.907438] [WARNING] [pdc_server.c:696] PDC_SERVER[7]: [TIMER] id=1, name=close, avg=0.000319, total=0.305886, count=960
[13:04:08.907444] [WARNING] [pdc_server.c:696] PDC_SERVER[7]: [TIMER] id=2, name=read, avg=0.016142, total=15.496253, count=960
[13:04:08.907449] [WARNING] [pdc_server.c:696] PDC_SERVER[7]: [TIMER] id=4, name=total_graph_exec, avg=0.388977, total=373.418246, count=960
[13:04:08.907364] [WARNING] [pdc_server.c:696] PDC_SERVER[6]: [TIMER] id=0, name=open, avg=0.000404, total=0.388265, count=960
[13:04:08.907455] [WARNING] [pdc_server.c:696] PDC_SERVER[6]: [TIMER] id=1, name=close, avg=0.000322, total=0.308887, count=960
[13:04:08.907461] [WARNING] [pdc_server.c:696] PDC_SERVER[6]: [TIMER] id=2, name=read, avg=0.017929, total=17.211625, count=960
[13:04:08.907466] [WARNING] [pdc_server.c:696] PDC_SERVER[6]: [TIMER] id=4, name=total_graph_exec, avg=0.396767, total=380.896717, count=960
[13:04:08.907358] [WARNING] [pdc_server.c:696] PDC_SERVER[4]: [TIMER] id=0, name=open, avg=0.000557, total=0.534946, count=960
[13:04:08.907432] [WARNING] [pdc_server.c:696] PDC_SERVER[4]: [TIMER] id=1, name=close, avg=0.000392, total=0.376655, count=960
[13:04:08.907437] [WARNING] [pdc_server.c:696] PDC_SERVER[4]: [TIMER] id=2, name=read, avg=0.021476, total=20.616933, count=960
[13:04:08.907441] [WARNING] [pdc_server.c:696] PDC_SERVER[4]: [TIMER] id=4, name=total_graph_exec, avg=0.392634, total=376.928955, count=960
[13:04:08.907351] [WARNING] [pdc_server.c:696] PDC_SERVER[1]: [TIMER] id=0, name=open, avg=0.000566, total=0.543028, count=960
[13:04:08.907430] [WARNING] [pdc_server.c:696] PDC_SERVER[1]: [TIMER] id=1, name=close, avg=0.000404, total=0.387912, count=960
[13:04:08.907435] [WARNING] [pdc_server.c:696] PDC_SERVER[1]: [TIMER] id=2, name=read, avg=0.022446, total=21.547949, count=960
[13:04:08.907440] [WARNING] [pdc_server.c:696] PDC_SERVER[1]: [TIMER] id=4, name=total_graph_exec, avg=0.392447, total=376.749570, count=960
[13:04:08.907371] [WARNING] [pdc_server.c:696] PDC_SERVER[2]: [TIMER] id=0, name=open, avg=0.000544, total=0.521889, count=960
[13:04:08.907443] [WARNING] [pdc_server.c:696] PDC_SERVER[2]: [TIMER] id=1, name=close, avg=0.000395, total=0.379377, count=960
[13:04:08.907448] [WARNING] [pdc_server.c:696] PDC_SERVER[2]: [TIMER] id=2, name=read, avg=0.023030, total=22.108786, count=960
[13:04:08.907453] [WARNING] [pdc_server.c:696] PDC_SERVER[2]: [TIMER] id=4, name=total_graph_exec, avg=0.398512, total=382.571524, count=960
[13:04:08.907369] [WARNING] [pdc_server.c:696] PDC_SERVER[3]: [TIMER] id=0, name=open, avg=0.000431, total=0.413724, count=960
[13:04:08.907446] [WARNING] [pdc_server.c:696] PDC_SERVER[3]: [TIMER] id=1, name=close, avg=0.000315, total=0.302880, count=960
[13:04:08.907452] [WARNING] [pdc_server.c:696] PDC_SERVER[3]: [TIMER] id=2, name=read, avg=0.022780, total=21.868810, count=960
[13:04:08.907458] [WARNING] [pdc_server.c:696] PDC_SERVER[3]: [TIMER] id=4, name=total_graph_exec, avg=0.397721, total=381.812302, count=960
[13:04:08.907369] [WARNING] [pdc_server.c:696] PDC_SERVER[5]: [TIMER] id=0, name=open, avg=0.000385, total=0.369897, count=960
[13:04:08.907443] [WARNING] [pdc_server.c:696] PDC_SERVER[5]: [TIMER] id=1, name=close, avg=0.000288, total=0.276568, count=960
[13:04:08.907449] [WARNING] [pdc_server.c:696] PDC_SERVER[5]: [TIMER] id=2, name=read, avg=0.016029, total=15.387998, count=960
[13:04:08.907454] [WARNING] [pdc_server.c:696] PDC_SERVER[5]: [TIMER] id=4, name=total_graph_exec, avg=0.396987, total=381.107950, count=960
