NUM_NODES=8
DATA_SERVERS_PER_NODE=1
CLIENTS_PER_NODE=32
SERVER_TOTAL_TASKS=8
CLIENT_TOTAL_TASKS=256
PDC_LUSTRE_STRIPE_SIZE=8
removing old logs
running server script
+ pushd /pscratch/sd/n/nlewi26/src/work_space/source/pdc/build/bin
/pscratch/sd/n/nlewi26/src/work_space/source/pdc/build/bin /pscratch/sd/n/nlewi26/src/work_space/source/pdc/pdc_helper_scripts/vpicio_scripts
+ rm -rf /pscratch/sd/n/nlewi26/src/work_space/install/pdc/pdc_data
+ popd
+ srun -N 8 -n 8 --ntasks-per-node=1 --error=server_output_vpicio_zfp_8.err --output=server_output_vpicio_zfp_8.log ./pdc_server
/pscratch/sd/n/nlewi26/src/work_space/source/pdc/pdc_helper_scripts/vpicio_scripts

real	0m1.246s
user	0m0.007s
sys	0m0.373s
running client script
+ pushd /pscratch/sd/n/nlewi26/src/work_space/source/pdc/build/bin
/pscratch/sd/n/nlewi26/src/work_space/source/pdc/build/bin /pscratch/sd/n/nlewi26/src/work_space/source/pdc/pdc_helper_scripts/vpicio_scripts
+ srun -N 8 -n 256 --ntasks-per-node=32 --output=client_output_vpicio_zfp_8.log --error=client_output_vpicio_zfp_8.err ./vpicio_mts 8388608 5 40 zfp
+ popd
/pscratch/sd/n/nlewi26/src/work_space/source/pdc/pdc_helper_scripts/vpicio_scripts

real	3m46.186s
user	0m0.062s
sys	0m0.054s
closing server script
+ pushd /pscratch/sd/n/nlewi26/src/work_space/source/pdc/build/bin
/pscratch/sd/n/nlewi26/src/work_space/source/pdc/build/bin /pscratch/sd/n/nlewi26/src/work_space/source/pdc/pdc_helper_scripts/vpicio_scripts
+ srun -N 8 -n 8 --ntasks-per-node=1 --error=close_server_output_vpicio_zfp_8.err --output=close_server_output_vpicio_zfp_8.log ./close_server
+ popd
/pscratch/sd/n/nlewi26/src/work_space/source/pdc/pdc_helper_scripts/vpicio_scripts

real	4m8.233s
user	0m0.053s
sys	0m0.042s
running server script
+ pushd /pscratch/sd/n/nlewi26/src/work_space/source/pdc/build/bin
/pscratch/sd/n/nlewi26/src/work_space/source/pdc/build/bin /pscratch/sd/n/nlewi26/src/work_space/source/pdc/pdc_helper_scripts/vpicio_scripts
+ popd
+ srun -N 8 -n 8 --ntasks-per-node=1 --error=server_output_bdcats_zfp_8.err --output=server_output_bdcats_zfp_8.log ./pdc_server restart
/pscratch/sd/n/nlewi26/src/work_space/source/pdc/pdc_helper_scripts/vpicio_scripts

real	0m0.007s
user	0m0.005s
sys	0m0.000s
running client script
+ pushd /pscratch/sd/n/nlewi26/src/work_space/source/pdc/build/bin
/pscratch/sd/n/nlewi26/src/work_space/source/pdc/build/bin /pscratch/sd/n/nlewi26/src/work_space/source/pdc/pdc_helper_scripts/vpicio_scripts
+ srun -N 8 -n 256 --ntasks-per-node=32 --output=client_output_bdcats_zfp_8.log --error=client_output_bdcats_zfp_8.err ./bdcats_mts 8388608 5 40 zfp
+ popd
/pscratch/sd/n/nlewi26/src/work_space/source/pdc/pdc_helper_scripts/vpicio_scripts

real	8m6.725s
user	0m0.055s
sys	0m0.120s
closing server script
+ pushd /pscratch/sd/n/nlewi26/src/work_space/source/pdc/build/bin
/pscratch/sd/n/nlewi26/src/work_space/source/pdc/build/bin /pscratch/sd/n/nlewi26/src/work_space/source/pdc/pdc_helper_scripts/vpicio_scripts
+ srun -N 8 -n 8 --ntasks-per-node=1 --error=close_server_output_bdcats_zfp_8.err --output=close_server_output_bdcats_zfp_8.log ./close_server
+ popd
/pscratch/sd/n/nlewi26/src/work_space/source/pdc/pdc_helper_scripts/vpicio_scripts

real	0m0.566s
user	0m0.047s
sys	0m0.039s
