NUM_NODES=8
DATA_SERVERS_PER_NODE=1
CLIENTS_PER_NODE=32
SERVER_TOTAL_TASKS=8
CLIENT_TOTAL_TASKS=256
PDC_LUSTRE_STRIPE_SIZE=8
removing old logs
running server script
+ pushd /pscratch/sd/n/nlewi26/src/work_space/source/pdc/build/bin
/pscratch/sd/n/nlewi26/src/work_space/source/pdc/build/bin /pscratch/sd/n/nlewi26/src/work_space/source/pdc/pdc_helper_scripts/vpicio_scripts
+ rm -rf /pscratch/sd/n/nlewi26/src/work_space/install/pdc/pdc_data
+ popd
+ srun -N 8 -n 8 --ntasks-per-node=1 --error=server_output_vpicio_raw_8.err --output=server_output_vpicio_raw_8.log ./pdc_server
/pscratch/sd/n/nlewi26/src/work_space/source/pdc/pdc_helper_scripts/vpicio_scripts

real	0m0.271s
user	0m0.000s
sys	0m0.103s
running client script
+ pushd /pscratch/sd/n/nlewi26/src/work_space/source/pdc/build/bin
/pscratch/sd/n/nlewi26/src/work_space/source/pdc/build/bin /pscratch/sd/n/nlewi26/src/work_space/source/pdc/pdc_helper_scripts/vpicio_scripts
+ srun -N 8 -n 256 --ntasks-per-node=32 --output=client_output_vpicio_raw_8.log --error=client_output_vpicio_raw_8.err ./vpicio_mts 8388608 5 40 raw
+ popd
/pscratch/sd/n/nlewi26/src/work_space/source/pdc/pdc_helper_scripts/vpicio_scripts

real	3m38.704s
user	0m0.045s
sys	0m0.066s
closing server script
+ pushd /pscratch/sd/n/nlewi26/src/work_space/source/pdc/build/bin
/pscratch/sd/n/nlewi26/src/work_space/source/pdc/build/bin /pscratch/sd/n/nlewi26/src/work_space/source/pdc/pdc_helper_scripts/vpicio_scripts
+ srun -N 8 -n 8 --ntasks-per-node=1 --error=close_server_output_vpicio_raw_8.err --output=close_server_output_vpicio_raw_8.log ./close_server
+ popd
/pscratch/sd/n/nlewi26/src/work_space/source/pdc/pdc_helper_scripts/vpicio_scripts

real	0m20.295s
user	0m0.036s
sys	0m0.045s
logging data dir
/pscratch/sd/n/nlewi26/src/work_space/install/pdc/pdc_data/6000000004/server7/s0007.bin	1073741824	16	16777216	112,113,114,115,116,117,118,119,120,121,122,123,124,125,126,127
/pscratch/sd/n/nlewi26/src/work_space/install/pdc/pdc_data/6000000004/server0/s0000.bin	1073741824	16	16777216	0,1,2,3,4,5,6,7,8,9,10,11,12,13,14,15
/pscratch/sd/n/nlewi26/src/work_space/install/pdc/pdc_data/6000000004/server3/s0003.bin	1073741824	16	16777216	48,49,50,51,52,53,54,55,56,57,58,59,60,61,62,63
/pscratch/sd/n/nlewi26/src/work_space/install/pdc/pdc_data/6000000004/server1/s0001.bin	1073741824	16	16777216	16,17,18,19,20,21,22,23,24,25,26,27,28,29,30,31
/pscratch/sd/n/nlewi26/src/work_space/install/pdc/pdc_data/6000000004/server2/s0002.bin	1073741824	16	16777216	32,33,34,35,36,37,38,39,40,41,42,43,44,45,46,47
/pscratch/sd/n/nlewi26/src/work_space/install/pdc/pdc_data/6000000004/server4/s0004.bin	1073741824	16	16777216	64,65,66,67,68,69,70,71,72,73,74,75,76,77,78,79
/pscratch/sd/n/nlewi26/src/work_space/install/pdc/pdc_data/6000000004/server6/s0006.bin	1073741824	16	16777216	96,97,98,99,100,101,102,103,104,105,106,107,108,109,110,111
/pscratch/sd/n/nlewi26/src/work_space/install/pdc/pdc_data/6000000004/server5/s0005.bin	1073741824	16	16777216	80,81,82,83,84,85,86,87,88,89,90,91,92,93,94,95
/pscratch/sd/n/nlewi26/src/work_space/install/pdc/pdc_data/7000000001/server7/s0007.bin	1073741824	16	16777216	112,113,114,115,116,117,118,119,120,121,122,123,124,125,126,127
/pscratch/sd/n/nlewi26/src/work_space/install/pdc/pdc_data/7000000001/server0/s0000.bin	1073741824	16	16777216	0,1,2,3,4,5,6,7,8,9,10,11,12,13,14,15
/pscratch/sd/n/nlewi26/src/work_space/install/pdc/pdc_data/7000000001/server3/s0003.bin	1073741824	16	16777216	48,49,50,51,52,53,54,55,56,57,58,59,60,61,62,63
/pscratch/sd/n/nlewi26/src/work_space/install/pdc/pdc_data/7000000001/server1/s0001.bin	1073741824	16	16777216	16,17,18,19,20,21,22,23,24,25,26,27,28,29,30,31
/pscratch/sd/n/nlewi26/src/work_space/install/pdc/pdc_data/7000000001/server2/s0002.bin	1073741824	16	16777216	32,33,34,35,36,37,38,39,40,41,42,43,44,45,46,47
/pscratch/sd/n/nlewi26/src/work_space/install/pdc/pdc_data/7000000001/server4/s0004.bin	1073741824	16	16777216	64,65,66,67,68,69,70,71,72,73,74,75,76,77,78,79
/pscratch/sd/n/nlewi26/src/work_space/install/pdc/pdc_data/7000000001/server6/s0006.bin	1073741824	16	16777216	96,97,98,99,100,101,102,103,104,105,106,107,108,109,110,111
/pscratch/sd/n/nlewi26/src/work_space/install/pdc/pdc_data/7000000001/server5/s0005.bin	1073741824	16	16777216	80,81,82,83,84,85,86,87,88,89,90,91,92,93,94,95
/pscratch/sd/n/nlewi26/src/work_space/install/pdc/pdc_data/1000000003/server7/s0007.bin	1073741824	16	16777216	112,113,114,115,116,117,118,119,120,121,122,123,124,125,126,127
/pscratch/sd/n/nlewi26/src/work_space/install/pdc/pdc_data/1000000003/server0/s0000.bin	1073741824	16	16777216	0,1,2,3,4,5,6,7,8,9,10,11,12,13,14,15
/pscratch/sd/n/nlewi26/src/work_space/install/pdc/pdc_data/1000000003/server3/s0003.bin	1073741824	16	16777216	48,49,50,51,52,53,54,55,56,57,58,59,60,61,62,63
/pscratch/sd/n/nlewi26/src/work_space/install/pdc/pdc_data/1000000003/server1/s0001.bin	1073741824	16	16777216	16,17,18,19,20,21,22,23,24,25,26,27,28,29,30,31
/pscratch/sd/n/nlewi26/src/work_space/install/pdc/pdc_data/1000000003/server2/s0002.bin	1073741824	16	16777216	32,33,34,35,36,37,38,39,40,41,42,43,44,45,46,47
/pscratch/sd/n/nlewi26/src/work_space/install/pdc/pdc_data/1000000003/server4/s0004.bin	1073741824	16	16777216	64,65,66,67,68,69,70,71,72,73,74,75,76,77,78,79
/pscratch/sd/n/nlewi26/src/work_space/install/pdc/pdc_data/1000000003/server6/s0006.bin	1073741824	16	16777216	96,97,98,99,100,101,102,103,104,105,106,107,108,109,110,111
/pscratch/sd/n/nlewi26/src/work_space/install/pdc/pdc_data/1000000003/server5/s0005.bin	1073741824	16	16777216	80,81,82,83,84,85,86,87,88,89,90,91,92,93,94,95
/pscratch/sd/n/nlewi26/src/work_space/install/pdc/pdc_data/1000000000/server7/s0007.bin	1073741824	16	16777216	112,113,114,115,116,117,118,119,120,121,122,123,124,125,126,127
/pscratch/sd/n/nlewi26/src/work_space/install/pdc/pdc_data/1000000000/server0/s0000.bin	1073741824	16	16777216	0,1,2,3,4,5,6,7,8,9,10,11,12,13,14,15
/pscratch/sd/n/nlewi26/src/work_space/install/pdc/pdc_data/1000000000/server3/s0003.bin	1073741824	16	16777216	48,49,50,51,52,53,54,55,56,57,58,59,60,61,62,63
/pscratch/sd/n/nlewi26/src/work_space/install/pdc/pdc_data/1000000000/server1/s0001.bin	1073741824	16	16777216	16,17,18,19,20,21,22,23,24,25,26,27,28,29,30,31
/pscratch/sd/n/nlewi26/src/work_space/install/pdc/pdc_data/1000000000/server2/s0002.bin	1073741824	16	16777216	32,33,34,35,36,37,38,39,40,41,42,43,44,45,46,47
/pscratch/sd/n/nlewi26/src/work_space/install/pdc/pdc_data/1000000000/server4/s0004.bin	1073741824	16	16777216	64,65,66,67,68,69,70,71,72,73,74,75,76,77,78,79
/pscratch/sd/n/nlewi26/src/work_space/install/pdc/pdc_data/1000000000/server6/s0006.bin	1073741824	16	16777216	96,97,98,99,100,101,102,103,104,105,106,107,108,109,110,111
/pscratch/sd/n/nlewi26/src/work_space/install/pdc/pdc_data/1000000000/server5/s0005.bin	1073741824	16	16777216	80,81,82,83,84,85,86,87,88,89,90,91,92,93,94,95
/pscratch/sd/n/nlewi26/src/work_space/install/pdc/pdc_data/3000000002/server7/s0007.bin	1073741824	16	16777216	112,113,114,115,116,117,118,119,120,121,122,123,124,125,126,127
/pscratch/sd/n/nlewi26/src/work_space/install/pdc/pdc_data/3000000002/server0/s0000.bin	1073741824	16	16777216	0,1,2,3,4,5,6,7,8,9,10,11,12,13,14,15
/pscratch/sd/n/nlewi26/src/work_space/install/pdc/pdc_data/3000000002/server3/s0003.bin	1073741824	16	16777216	48,49,50,51,52,53,54,55,56,57,58,59,60,61,62,63
/pscratch/sd/n/nlewi26/src/work_space/install/pdc/pdc_data/3000000002/server1/s0001.bin	1073741824	16	16777216	16,17,18,19,20,21,22,23,24,25,26,27,28,29,30,31
/pscratch/sd/n/nlewi26/src/work_space/install/pdc/pdc_data/3000000002/server2/s0002.bin	1073741824	16	16777216	32,33,34,35,36,37,38,39,40,41,42,43,44,45,46,47
/pscratch/sd/n/nlewi26/src/work_space/install/pdc/pdc_data/3000000002/server4/s0004.bin	1073741824	16	16777216	64,65,66,67,68,69,70,71,72,73,74,75,76,77,78,79
/pscratch/sd/n/nlewi26/src/work_space/install/pdc/pdc_data/3000000002/server6/s0006.bin	1073741824	16	16777216	96,97,98,99,100,101,102,103,104,105,106,107,108,109,110,111
/pscratch/sd/n/nlewi26/src/work_space/install/pdc/pdc_data/3000000002/server5/s0005.bin	1073741824	16	16777216	80,81,82,83,84,85,86,87,88,89,90,91,92,93,94,95
/pscratch/sd/n/nlewi26/src/work_space/install/pdc/pdc_data/2000000004/server7/s0007.bin	1073741824	16	16777216	112,113,114,115,116,117,118,119,120,121,122,123,124,125,126,127
/pscratch/sd/n/nlewi26/src/work_space/install/pdc/pdc_data/2000000004/server0/s0000.bin	1073741824	16	16777216	0,1,2,3,4,5,6,7,8,9,10,11,12,13,14,15
/pscratch/sd/n/nlewi26/src/work_space/install/pdc/pdc_data/2000000004/server3/s0003.bin	1073741824	16	16777216	48,49,50,51,52,53,54,55,56,57,58,59,60,61,62,63
/pscratch/sd/n/nlewi26/src/work_space/install/pdc/pdc_data/2000000004/server1/s0001.bin	1073741824	16	16777216	16,17,18,19,20,21,22,23,24,25,26,27,28,29,30,31
/pscratch/sd/n/nlewi26/src/work_space/install/pdc/pdc_data/2000000004/server2/s0002.bin	1073741824	16	16777216	32,33,34,35,36,37,38,39,40,41,42,43,44,45,46,47
/pscratch/sd/n/nlewi26/src/work_space/install/pdc/pdc_data/2000000004/server4/s0004.bin	1073741824	16	16777216	64,65,66,67,68,69,70,71,72,73,74,75,76,77,78,79
/pscratch/sd/n/nlewi26/src/work_space/install/pdc/pdc_data/2000000004/server6/s0006.bin	1073741824	16	16777216	96,97,98,99,100,101,102,103,104,105,106,107,108,109,110,111
/pscratch/sd/n/nlewi26/src/work_space/install/pdc/pdc_data/2000000004/server5/s0005.bin	1073741824	16	16777216	80,81,82,83,84,85,86,87,88,89,90,91,92,93,94,95
/pscratch/sd/n/nlewi26/src/work_space/install/pdc/pdc_data/5000000003/server7/s0007.bin	1073741824	16	16777216	112,113,114,115,116,117,118,119,120,121,122,123,124,125,126,127
/pscratch/sd/n/nlewi26/src/work_space/install/pdc/pdc_data/5000000003/server0/s0000.bin	1073741824	16	16777216	0,1,2,3,4,5,6,7,8,9,10,11,12,13,14,15
/pscratch/sd/n/nlewi26/src/work_space/install/pdc/pdc_data/5000000003/server3/s0003.bin	1073741824	16	16777216	48,49,50,51,52,53,54,55,56,57,58,59,60,61,62,63
/pscratch/sd/n/nlewi26/src/work_space/install/pdc/pdc_data/5000000003/server1/s0001.bin	1073741824	16	16777216	16,17,18,19,20,21,22,23,24,25,26,27,28,29,30,31
/pscratch/sd/n/nlewi26/src/work_space/install/pdc/pdc_data/5000000003/server2/s0002.bin	1073741824	16	16777216	32,33,34,35,36,37,38,39,40,41,42,43,44,45,46,47
/pscratch/sd/n/nlewi26/src/work_space/install/pdc/pdc_data/5000000003/server4/s0004.bin	1073741824	16	16777216	64,65,66,67,68,69,70,71,72,73,74,75,76,77,78,79
/pscratch/sd/n/nlewi26/src/work_space/install/pdc/pdc_data/5000000003/server6/s0006.bin	1073741824	16	16777216	96,97,98,99,100,101,102,103,104,105,106,107,108,109,110,111
/pscratch/sd/n/nlewi26/src/work_space/install/pdc/pdc_data/5000000003/server5/s0005.bin	1073741824	16	16777216	80,81,82,83,84,85,86,87,88,89,90,91,92,93,94,95
/pscratch/sd/n/nlewi26/src/work_space/install/pdc/pdc_data/1000000002/server7/s0007.bin	1073741824	16	16777216	112,113,114,115,116,117,118,119,120,121,122,123,124,125,126,127
/pscratch/sd/n/nlewi26/src/work_space/install/pdc/pdc_data/1000000002/server0/s0000.bin	1073741824	16	16777216	0,1,2,3,4,5,6,7,8,9,10,11,12,13,14,15
/pscratch/sd/n/nlewi26/src/work_space/install/pdc/pdc_data/1000000002/server3/s0003.bin	1073741824	16	16777216	48,49,50,51,52,53,54,55,56,57,58,59,60,61,62,63
/pscratch/sd/n/nlewi26/src/work_space/install/pdc/pdc_data/1000000002/server1/s0001.bin	1073741824	16	16777216	16,17,18,19,20,21,22,23,24,25,26,27,28,29,30,31
/pscratch/sd/n/nlewi26/src/work_space/install/pdc/pdc_data/1000000002/server2/s0002.bin	1073741824	16	16777216	32,33,34,35,36,37,38,39,40,41,42,43,44,45,46,47
/pscratch/sd/n/nlewi26/src/work_space/install/pdc/pdc_data/1000000002/server4/s0004.bin	1073741824	16	16777216	64,65,66,67,68,69,70,71,72,73,74,75,76,77,78,79
/pscratch/sd/n/nlewi26/src/work_space/install/pdc/pdc_data/1000000002/server6/s0006.bin	1073741824	16	16777216	96,97,98,99,100,101,102,103,104,105,106,107,108,109,110,111
/pscratch/sd/n/nlewi26/src/work_space/install/pdc/pdc_data/1000000002/server5/s0005.bin	1073741824	16	16777216	80,81,82,83,84,85,86,87,88,89,90,91,92,93,94,95
/pscratch/sd/n/nlewi26/src/work_space/install/pdc/pdc_data/1000000004/server7/s0007.bin	1073741824	16	16777216	112,113,114,115,116,117,118,119,120,121,122,123,124,125,126,127
/pscratch/sd/n/nlewi26/src/work_space/install/pdc/pdc_data/1000000004/server0/s0000.bin	1073741824	16	16777216	0,1,2,3,4,5,6,7,8,9,10,11,12,13,14,15
/pscratch/sd/n/nlewi26/src/work_space/install/pdc/pdc_data/1000000004/server3/s0003.bin	1073741824	16	16777216	48,49,50,51,52,53,54,55,56,57,58,59,60,61,62,63
/pscratch/sd/n/nlewi26/src/work_space/install/pdc/pdc_data/1000000004/server1/s0001.bin	1073741824	16	16777216	16,17,18,19,20,21,22,23,24,25,26,27,28,29,30,31
/pscratch/sd/n/nlewi26/src/work_space/install/pdc/pdc_data/1000000004/server2/s0002.bin	1073741824	16	16777216	32,33,34,35,36,37,38,39,40,41,42,43,44,45,46,47
/pscratch/sd/n/nlewi26/src/work_space/install/pdc/pdc_data/1000000004/server4/s0004.bin	1073741824	16	16777216	64,65,66,67,68,69,70,71,72,73,74,75,76,77,78,79
/pscratch/sd/n/nlewi26/src/work_space/install/pdc/pdc_data/1000000004/server6/s0006.bin	1073741824	16	16777216	96,97,98,99,100,101,102,103,104,105,106,107,108,109,110,111
/pscratch/sd/n/nlewi26/src/work_space/install/pdc/pdc_data/1000000004/server5/s0005.bin	1073741824	16	16777216	80,81,82,83,84,85,86,87,88,89,90,91,92,93,94,95
/pscratch/sd/n/nlewi26/src/work_space/install/pdc/pdc_data/7000000002/server7/s0007.bin	1073741824	16	16777216	112,113,114,115,116,117,118,119,120,121,122,123,124,125,126,127
/pscratch/sd/n/nlewi26/src/work_space/install/pdc/pdc_data/7000000002/server0/s0000.bin	1073741824	16	16777216	0,1,2,3,4,5,6,7,8,9,10,11,12,13,14,15
/pscratch/sd/n/nlewi26/src/work_space/install/pdc/pdc_data/7000000002/server3/s0003.bin	1073741824	16	16777216	48,49,50,51,52,53,54,55,56,57,58,59,60,61,62,63
/pscratch/sd/n/nlewi26/src/work_space/install/pdc/pdc_data/7000000002/server1/s0001.bin	1073741824	16	16777216	16,17,18,19,20,21,22,23,24,25,26,27,28,29,30,31
/pscratch/sd/n/nlewi26/src/work_space/install/pdc/pdc_data/7000000002/server2/s0002.bin	1073741824	16	16777216	32,33,34,35,36,37,38,39,40,41,42,43,44,45,46,47
/pscratch/sd/n/nlewi26/src/work_space/install/pdc/pdc_data/7000000002/server4/s0004.bin	1073741824	16	16777216	64,65,66,67,68,69,70,71,72,73,74,75,76,77,78,79
/pscratch/sd/n/nlewi26/src/work_space/install/pdc/pdc_data/7000000002/server6/s0006.bin	1073741824	16	16777216	96,97,98,99,100,101,102,103,104,105,106,107,108,109,110,111
/pscratch/sd/n/nlewi26/src/work_space/install/pdc/pdc_data/7000000002/server5/s0005.bin	1073741824	16	16777216	80,81,82,83,84,85,86,87,88,89,90,91,92,93,94,95
/pscratch/sd/n/nlewi26/src/work_space/install/pdc/pdc_data/7000000000/server7/s0007.bin	1073741824	16	16777216	112,113,114,115,116,117,118,119,120,121,122,123,124,125,126,127
/pscratch/sd/n/nlewi26/src/work_space/install/pdc/pdc_data/7000000000/server0/s0000.bin	1073741824	16	16777216	0,1,2,3,4,5,6,7,8,9,10,11,12,13,14,15
/pscratch/sd/n/nlewi26/src/work_space/install/pdc/pdc_data/7000000000/server3/s0003.bin	1073741824	16	16777216	48,49,50,51,52,53,54,55,56,57,58,59,60,61,62,63
/pscratch/sd/n/nlewi26/src/work_space/install/pdc/pdc_data/7000000000/server1/s0001.bin	1073741824	16	16777216	16,17,18,19,20,21,22,23,24,25,26,27,28,29,30,31
/pscratch/sd/n/nlewi26/src/work_space/install/pdc/pdc_data/7000000000/server2/s0002.bin	1073741824	16	16777216	32,33,34,35,36,37,38,39,40,41,42,43,44,45,46,47
/pscratch/sd/n/nlewi26/src/work_space/install/pdc/pdc_data/7000000000/server4/s0004.bin	1073741824	16	16777216	64,65,66,67,68,69,70,71,72,73,74,75,76,77,78,79
/pscratch/sd/n/nlewi26/src/work_space/install/pdc/pdc_data/7000000000/server6/s0006.bin	1073741824	16	16777216	96,97,98,99,100,101,102,103,104,105,106,107,108,109,110,111
/pscratch/sd/n/nlewi26/src/work_space/install/pdc/pdc_data/7000000000/server5/s0005.bin	1073741824	16	16777216	80,81,82,83,84,85,86,87,88,89,90,91,92,93,94,95
/pscratch/sd/n/nlewi26/src/work_space/install/pdc/pdc_data/3000000003/server7/s0007.bin	1073741824	16	16777216	112,113,114,115,116,117,118,119,120,121,122,123,124,125,126,127
/pscratch/sd/n/nlewi26/src/work_space/install/pdc/pdc_data/3000000003/server0/s0000.bin	1073741824	16	16777216	0,1,2,3,4,5,6,7,8,9,10,11,12,13,14,15
/pscratch/sd/n/nlewi26/src/work_space/install/pdc/pdc_data/3000000003/server3/s0003.bin	1073741824	16	16777216	48,49,50,51,52,53,54,55,56,57,58,59,60,61,62,63
/pscratch/sd/n/nlewi26/src/work_space/install/pdc/pdc_data/3000000003/server1/s0001.bin	1073741824	16	16777216	16,17,18,19,20,21,22,23,24,25,26,27,28,29,30,31
/pscratch/sd/n/nlewi26/src/work_space/install/pdc/pdc_data/3000000003/server2/s0002.bin	1073741824	16	16777216	32,33,34,35,36,37,38,39,40,41,42,43,44,45,46,47
/pscratch/sd/n/nlewi26/src/work_space/install/pdc/pdc_data/3000000003/server4/s0004.bin	1073741824	16	16777216	64,65,66,67,68,69,70,71,72,73,74,75,76,77,78,79
/pscratch/sd/n/nlewi26/src/work_space/install/pdc/pdc_data/3000000003/server6/s0006.bin	1073741824	16	16777216	96,97,98,99,100,101,102,103,104,105,106,107,108,109,110,111
/pscratch/sd/n/nlewi26/src/work_space/install/pdc/pdc_data/3000000003/server5/s0005.bin	1073741824	16	16777216	80,81,82,83,84,85,86,87,88,89,90,91,92,93,94,95
/pscratch/sd/n/nlewi26/src/work_space/install/pdc/pdc_data/8000000001/server7/s0007.bin	1073741824	16	16777216	112,113,114,115,116,117,118,119,120,121,122,123,124,125,126,127
/pscratch/sd/n/nlewi26/src/work_space/install/pdc/pdc_data/8000000001/server0/s0000.bin	1073741824	16	16777216	0,1,2,3,4,5,6,7,8,9,10,11,12,13,14,15
/pscratch/sd/n/nlewi26/src/work_space/install/pdc/pdc_data/8000000001/server3/s0003.bin	1073741824	16	16777216	48,49,50,51,52,53,54,55,56,57,58,59,60,61,62,63
/pscratch/sd/n/nlewi26/src/work_space/install/pdc/pdc_data/8000000001/server1/s0001.bin	1073741824	16	16777216	16,17,18,19,20,21,22,23,24,25,26,27,28,29,30,31
/pscratch/sd/n/nlewi26/src/work_space/install/pdc/pdc_data/8000000001/server2/s0002.bin	1073741824	16	16777216	32,33,34,35,36,37,38,39,40,41,42,43,44,45,46,47
/pscratch/sd/n/nlewi26/src/work_space/install/pdc/pdc_data/8000000001/server4/s0004.bin	1073741824	16	16777216	64,65,66,67,68,69,70,71,72,73,74,75,76,77,78,79
/pscratch/sd/n/nlewi26/src/work_space/install/pdc/pdc_data/8000000001/server6/s0006.bin	1073741824	16	16777216	96,97,98,99,100,101,102,103,104,105,106,107,108,109,110,111
/pscratch/sd/n/nlewi26/src/work_space/install/pdc/pdc_data/8000000001/server5/s0005.bin	1073741824	16	16777216	80,81,82,83,84,85,86,87,88,89,90,91,92,93,94,95
/pscratch/sd/n/nlewi26/src/work_space/install/pdc/pdc_data/5000000001/server7/s0007.bin	1073741824	16	16777216	112,113,114,115,116,117,118,119,120,121,122,123,124,125,126,127
/pscratch/sd/n/nlewi26/src/work_space/install/pdc/pdc_data/5000000001/server0/s0000.bin	1073741824	16	16777216	0,1,2,3,4,5,6,7,8,9,10,11,12,13,14,15
/pscratch/sd/n/nlewi26/src/work_space/install/pdc/pdc_data/5000000001/server3/s0003.bin	1073741824	16	16777216	48,49,50,51,52,53,54,55,56,57,58,59,60,61,62,63
/pscratch/sd/n/nlewi26/src/work_space/install/pdc/pdc_data/5000000001/server1/s0001.bin	1073741824	16	16777216	16,17,18,19,20,21,22,23,24,25,26,27,28,29,30,31
/pscratch/sd/n/nlewi26/src/work_space/install/pdc/pdc_data/5000000001/server2/s0002.bin	1073741824	16	16777216	32,33,34,35,36,37,38,39,40,41,42,43,44,45,46,47
/pscratch/sd/n/nlewi26/src/work_space/install/pdc/pdc_data/5000000001/server4/s0004.bin	1073741824	16	16777216	64,65,66,67,68,69,70,71,72,73,74,75,76,77,78,79
/pscratch/sd/n/nlewi26/src/work_space/install/pdc/pdc_data/5000000001/server6/s0006.bin	1073741824	16	16777216	96,97,98,99,100,101,102,103,104,105,106,107,108,109,110,111
/pscratch/sd/n/nlewi26/src/work_space/install/pdc/pdc_data/5000000001/server5/s0005.bin	1073741824	16	16777216	80,81,82,83,84,85,86,87,88,89,90,91,92,93,94,95
/pscratch/sd/n/nlewi26/src/work_space/install/pdc/pdc_data/5000000004/server7/s0007.bin	1073741824	16	16777216	112,113,114,115,116,117,118,119,120,121,122,123,124,125,126,127
/pscratch/sd/n/nlewi26/src/work_space/install/pdc/pdc_data/5000000004/server0/s0000.bin	1073741824	16	16777216	0,1,2,3,4,5,6,7,8,9,10,11,12,13,14,15
/pscratch/sd/n/nlewi26/src/work_space/install/pdc/pdc_data/5000000004/server3/s0003.bin	1073741824	16	16777216	48,49,50,51,52,53,54,55,56,57,58,59,60,61,62,63
/pscratch/sd/n/nlewi26/src/work_space/install/pdc/pdc_data/5000000004/server1/s0001.bin	1073741824	16	16777216	16,17,18,19,20,21,22,23,24,25,26,27,28,29,30,31
/pscratch/sd/n/nlewi26/src/work_space/install/pdc/pdc_data/5000000004/server2/s0002.bin	1073741824	16	16777216	32,33,34,35,36,37,38,39,40,41,42,43,44,45,46,47
/pscratch/sd/n/nlewi26/src/work_space/install/pdc/pdc_data/5000000004/server4/s0004.bin	1073741824	16	16777216	64,65,66,67,68,69,70,71,72,73,74,75,76,77,78,79
/pscratch/sd/n/nlewi26/src/work_space/install/pdc/pdc_data/5000000004/server6/s0006.bin	1073741824	16	16777216	96,97,98,99,100,101,102,103,104,105,106,107,108,109,110,111
/pscratch/sd/n/nlewi26/src/work_space/install/pdc/pdc_data/5000000004/server5/s0005.bin	1073741824	16	16777216	80,81,82,83,84,85,86,87,88,89,90,91,92,93,94,95
/pscratch/sd/n/nlewi26/src/work_space/install/pdc/pdc_data/4000000005/server7/s0007.bin	1073741824	16	16777216	112,113,114,115,116,117,118,119,120,121,122,123,124,125,126,127
/pscratch/sd/n/nlewi26/src/work_space/install/pdc/pdc_data/4000000005/server0/s0000.bin	1073741824	16	16777216	0,1,2,3,4,5,6,7,8,9,10,11,12,13,14,15
/pscratch/sd/n/nlewi26/src/work_space/install/pdc/pdc_data/4000000005/server3/s0003.bin	1073741824	16	16777216	48,49,50,51,52,53,54,55,56,57,58,59,60,61,62,63
/pscratch/sd/n/nlewi26/src/work_space/install/pdc/pdc_data/4000000005/server1/s0001.bin	1073741824	16	16777216	16,17,18,19,20,21,22,23,24,25,26,27,28,29,30,31
/pscratch/sd/n/nlewi26/src/work_space/install/pdc/pdc_data/4000000005/server2/s0002.bin	1073741824	16	16777216	32,33,34,35,36,37,38,39,40,41,42,43,44,45,46,47
/pscratch/sd/n/nlewi26/src/work_space/install/pdc/pdc_data/4000000005/server4/s0004.bin	1073741824	16	16777216	64,65,66,67,68,69,70,71,72,73,74,75,76,77,78,79
/pscratch/sd/n/nlewi26/src/work_space/install/pdc/pdc_data/4000000005/server6/s0006.bin	1073741824	16	16777216	96,97,98,99,100,101,102,103,104,105,106,107,108,109,110,111
/pscratch/sd/n/nlewi26/src/work_space/install/pdc/pdc_data/4000000005/server5/s0005.bin	1073741824	16	16777216	80,81,82,83,84,85,86,87,88,89,90,91,92,93,94,95
/pscratch/sd/n/nlewi26/src/work_space/install/pdc/pdc_data/6000000003/server7/s0007.bin	1073741824	16	16777216	112,113,114,115,116,117,118,119,120,121,122,123,124,125,126,127
/pscratch/sd/n/nlewi26/src/work_space/install/pdc/pdc_data/6000000003/server0/s0000.bin	1073741824	16	16777216	0,1,2,3,4,5,6,7,8,9,10,11,12,13,14,15
/pscratch/sd/n/nlewi26/src/work_space/install/pdc/pdc_data/6000000003/server3/s0003.bin	1073741824	16	16777216	48,49,50,51,52,53,54,55,56,57,58,59,60,61,62,63
/pscratch/sd/n/nlewi26/src/work_space/install/pdc/pdc_data/6000000003/server1/s0001.bin	1073741824	16	16777216	16,17,18,19,20,21,22,23,24,25,26,27,28,29,30,31
/pscratch/sd/n/nlewi26/src/work_space/install/pdc/pdc_data/6000000003/server2/s0002.bin	1073741824	16	16777216	32,33,34,35,36,37,38,39,40,41,42,43,44,45,46,47
/pscratch/sd/n/nlewi26/src/work_space/install/pdc/pdc_data/6000000003/server4/s0004.bin	1073741824	16	16777216	64,65,66,67,68,69,70,71,72,73,74,75,76,77,78,79
/pscratch/sd/n/nlewi26/src/work_space/install/pdc/pdc_data/6000000003/server6/s0006.bin	1073741824	16	16777216	96,97,98,99,100,101,102,103,104,105,106,107,108,109,110,111
/pscratch/sd/n/nlewi26/src/work_space/install/pdc/pdc_data/6000000003/server5/s0005.bin	1073741824	16	16777216	80,81,82,83,84,85,86,87,88,89,90,91,92,93,94,95
/pscratch/sd/n/nlewi26/src/work_space/install/pdc/pdc_data/2000000001/server7/s0007.bin	1073741824	16	16777216	112,113,114,115,116,117,118,119,120,121,122,123,124,125,126,127
/pscratch/sd/n/nlewi26/src/work_space/install/pdc/pdc_data/2000000001/server0/s0000.bin	1073741824	16	16777216	0,1,2,3,4,5,6,7,8,9,10,11,12,13,14,15
/pscratch/sd/n/nlewi26/src/work_space/install/pdc/pdc_data/2000000001/server3/s0003.bin	1073741824	16	16777216	48,49,50,51,52,53,54,55,56,57,58,59,60,61,62,63
/pscratch/sd/n/nlewi26/src/work_space/install/pdc/pdc_data/2000000001/server1/s0001.bin	1073741824	16	16777216	16,17,18,19,20,21,22,23,24,25,26,27,28,29,30,31
/pscratch/sd/n/nlewi26/src/work_space/install/pdc/pdc_data/2000000001/server2/s0002.bin	1073741824	16	16777216	32,33,34,35,36,37,38,39,40,41,42,43,44,45,46,47
/pscratch/sd/n/nlewi26/src/work_space/install/pdc/pdc_data/2000000001/server4/s0004.bin	1073741824	16	16777216	64,65,66,67,68,69,70,71,72,73,74,75,76,77,78,79
/pscratch/sd/n/nlewi26/src/work_space/install/pdc/pdc_data/2000000001/server6/s0006.bin	1073741824	16	16777216	96,97,98,99,100,101,102,103,104,105,106,107,108,109,110,111
/pscratch/sd/n/nlewi26/src/work_space/install/pdc/pdc_data/2000000001/server5/s0005.bin	1073741824	16	16777216	80,81,82,83,84,85,86,87,88,89,90,91,92,93,94,95
/pscratch/sd/n/nlewi26/src/work_space/install/pdc/pdc_data/5000000005/server7/s0007.bin	1073741824	16	16777216	112,113,114,115,116,117,118,119,120,121,122,123,124,125,126,127
/pscratch/sd/n/nlewi26/src/work_space/install/pdc/pdc_data/5000000005/server0/s0000.bin	1073741824	16	16777216	0,1,2,3,4,5,6,7,8,9,10,11,12,13,14,15
/pscratch/sd/n/nlewi26/src/work_space/install/pdc/pdc_data/5000000005/server3/s0003.bin	1073741824	16	16777216	48,49,50,51,52,53,54,55,56,57,58,59,60,61,62,63
/pscratch/sd/n/nlewi26/src/work_space/install/pdc/pdc_data/5000000005/server1/s0001.bin	1073741824	16	16777216	16,17,18,19,20,21,22,23,24,25,26,27,28,29,30,31
/pscratch/sd/n/nlewi26/src/work_space/install/pdc/pdc_data/5000000005/server2/s0002.bin	1073741824	16	16777216	32,33,34,35,36,37,38,39,40,41,42,43,44,45,46,47
/pscratch/sd/n/nlewi26/src/work_space/install/pdc/pdc_data/5000000005/server4/s0004.bin	1073741824	16	16777216	64,65,66,67,68,69,70,71,72,73,74,75,76,77,78,79
/pscratch/sd/n/nlewi26/src/work_space/install/pdc/pdc_data/5000000005/server6/s0006.bin	1073741824	16	16777216	96,97,98,99,100,101,102,103,104,105,106,107,108,109,110,111
/pscratch/sd/n/nlewi26/src/work_space/install/pdc/pdc_data/5000000005/server5/s0005.bin	1073741824	16	16777216	80,81,82,83,84,85,86,87,88,89,90,91,92,93,94,95
/pscratch/sd/n/nlewi26/src/work_space/install/pdc/pdc_data/2000000003/server7/s0007.bin	1073741824	16	16777216	112,113,114,115,116,117,118,119,120,121,122,123,124,125,126,127
/pscratch/sd/n/nlewi26/src/work_space/install/pdc/pdc_data/2000000003/server0/s0000.bin	1073741824	16	16777216	0,1,2,3,4,5,6,7,8,9,10,11,12,13,14,15
/pscratch/sd/n/nlewi26/src/work_space/install/pdc/pdc_data/2000000003/server3/s0003.bin	1073741824	16	16777216	48,49,50,51,52,53,54,55,56,57,58,59,60,61,62,63
/pscratch/sd/n/nlewi26/src/work_space/install/pdc/pdc_data/2000000003/server1/s0001.bin	1073741824	16	16777216	16,17,18,19,20,21,22,23,24,25,26,27,28,29,30,31
/pscratch/sd/n/nlewi26/src/work_space/install/pdc/pdc_data/2000000003/server2/s0002.bin	1073741824	16	16777216	32,33,34,35,36,37,38,39,40,41,42,43,44,45,46,47
/pscratch/sd/n/nlewi26/src/work_space/install/pdc/pdc_data/2000000003/server4/s0004.bin	1073741824	16	16777216	64,65,66,67,68,69,70,71,72,73,74,75,76,77,78,79
/pscratch/sd/n/nlewi26/src/work_space/install/pdc/pdc_data/2000000003/server6/s0006.bin	1073741824	16	16777216	96,97,98,99,100,101,102,103,104,105,106,107,108,109,110,111
/pscratch/sd/n/nlewi26/src/work_space/install/pdc/pdc_data/2000000003/server5/s0005.bin	1073741824	16	16777216	80,81,82,83,84,85,86,87,88,89,90,91,92,93,94,95
/pscratch/sd/n/nlewi26/src/work_space/install/pdc/pdc_data/5000000000/server7/s0007.bin	1073741824	16	16777216	112,113,114,115,116,117,118,119,120,121,122,123,124,125,126,127
/pscratch/sd/n/nlewi26/src/work_space/install/pdc/pdc_data/5000000000/server0/s0000.bin	1073741824	16	16777216	0,1,2,3,4,5,6,7,8,9,10,11,12,13,14,15
/pscratch/sd/n/nlewi26/src/work_space/install/pdc/pdc_data/5000000000/server3/s0003.bin	1073741824	16	16777216	48,49,50,51,52,53,54,55,56,57,58,59,60,61,62,63
/pscratch/sd/n/nlewi26/src/work_space/install/pdc/pdc_data/5000000000/server1/s0001.bin	1073741824	16	16777216	16,17,18,19,20,21,22,23,24,25,26,27,28,29,30,31
/pscratch/sd/n/nlewi26/src/work_space/install/pdc/pdc_data/5000000000/server2/s0002.bin	1073741824	16	16777216	32,33,34,35,36,37,38,39,40,41,42,43,44,45,46,47
/pscratch/sd/n/nlewi26/src/work_space/install/pdc/pdc_data/5000000000/server4/s0004.bin	1073741824	16	16777216	64,65,66,67,68,69,70,71,72,73,74,75,76,77,78,79
/pscratch/sd/n/nlewi26/src/work_space/install/pdc/pdc_data/5000000000/server6/s0006.bin	1073741824	16	16777216	96,97,98,99,100,101,102,103,104,105,106,107,108,109,110,111
/pscratch/sd/n/nlewi26/src/work_space/install/pdc/pdc_data/5000000000/server5/s0005.bin	1073741824	16	16777216	80,81,82,83,84,85,86,87,88,89,90,91,92,93,94,95
/pscratch/sd/n/nlewi26/src/work_space/install/pdc/pdc_data/3000000005/server7/s0007.bin	1073741824	16	16777216	112,113,114,115,116,117,118,119,120,121,122,123,124,125,126,127
/pscratch/sd/n/nlewi26/src/work_space/install/pdc/pdc_data/3000000005/server0/s0000.bin	1073741824	16	16777216	0,1,2,3,4,5,6,7,8,9,10,11,12,13,14,15
/pscratch/sd/n/nlewi26/src/work_space/install/pdc/pdc_data/3000000005/server3/s0003.bin	1073741824	16	16777216	48,49,50,51,52,53,54,55,56,57,58,59,60,61,62,63
/pscratch/sd/n/nlewi26/src/work_space/install/pdc/pdc_data/3000000005/server1/s0001.bin	1073741824	16	16777216	16,17,18,19,20,21,22,23,24,25,26,27,28,29,30,31
/pscratch/sd/n/nlewi26/src/work_space/install/pdc/pdc_data/3000000005/server2/s0002.bin	1073741824	16	16777216	32,33,34,35,36,37,38,39,40,41,42,43,44,45,46,47
/pscratch/sd/n/nlewi26/src/work_space/install/pdc/pdc_data/3000000005/server4/s0004.bin	1073741824	16	16777216	64,65,66,67,68,69,70,71,72,73,74,75,76,77,78,79
/pscratch/sd/n/nlewi26/src/work_space/install/pdc/pdc_data/3000000005/server6/s0006.bin	1073741824	16	16777216	96,97,98,99,100,101,102,103,104,105,106,107,108,109,110,111
/pscratch/sd/n/nlewi26/src/work_space/install/pdc/pdc_data/3000000005/server5/s0005.bin	1073741824	16	16777216	80,81,82,83,84,85,86,87,88,89,90,91,92,93,94,95
/pscratch/sd/n/nlewi26/src/work_space/install/pdc/pdc_data/4000000002/server7/s0007.bin	1073741824	16	16777216	112,113,114,115,116,117,118,119,120,121,122,123,124,125,126,127
/pscratch/sd/n/nlewi26/src/work_space/install/pdc/pdc_data/4000000002/server0/s0000.bin	1073741824	16	16777216	0,1,2,3,4,5,6,7,8,9,10,11,12,13,14,15
/pscratch/sd/n/nlewi26/src/work_space/install/pdc/pdc_data/4000000002/server3/s0003.bin	1073741824	16	16777216	48,49,50,51,52,53,54,55,56,57,58,59,60,61,62,63
/pscratch/sd/n/nlewi26/src/work_space/install/pdc/pdc_data/4000000002/server1/s0001.bin	1073741824	16	16777216	16,17,18,19,20,21,22,23,24,25,26,27,28,29,30,31
/pscratch/sd/n/nlewi26/src/work_space/install/pdc/pdc_data/4000000002/server2/s0002.bin	1073741824	16	16777216	32,33,34,35,36,37,38,39,40,41,42,43,44,45,46,47
/pscratch/sd/n/nlewi26/src/work_space/install/pdc/pdc_data/4000000002/server4/s0004.bin	1073741824	16	16777216	64,65,66,67,68,69,70,71,72,73,74,75,76,77,78,79
/pscratch/sd/n/nlewi26/src/work_space/install/pdc/pdc_data/4000000002/server6/s0006.bin	1073741824	16	16777216	96,97,98,99,100,101,102,103,104,105,106,107,108,109,110,111
/pscratch/sd/n/nlewi26/src/work_space/install/pdc/pdc_data/4000000002/server5/s0005.bin	1073741824	16	16777216	80,81,82,83,84,85,86,87,88,89,90,91,92,93,94,95
/pscratch/sd/n/nlewi26/src/work_space/install/pdc/pdc_data/6000000002/server7/s0007.bin	1073741824	16	16777216	112,113,114,115,116,117,118,119,120,121,122,123,124,125,126,127
/pscratch/sd/n/nlewi26/src/work_space/install/pdc/pdc_data/6000000002/server0/s0000.bin	1073741824	16	16777216	0,1,2,3,4,5,6,7,8,9,10,11,12,13,14,15
/pscratch/sd/n/nlewi26/src/work_space/install/pdc/pdc_data/6000000002/server3/s0003.bin	1073741824	16	16777216	48,49,50,51,52,53,54,55,56,57,58,59,60,61,62,63
/pscratch/sd/n/nlewi26/src/work_space/install/pdc/pdc_data/6000000002/server1/s0001.bin	1073741824	16	16777216	16,17,18,19,20,21,22,23,24,25,26,27,28,29,30,31
/pscratch/sd/n/nlewi26/src/work_space/install/pdc/pdc_data/6000000002/server2/s0002.bin	1073741824	16	16777216	32,33,34,35,36,37,38,39,40,41,42,43,44,45,46,47
/pscratch/sd/n/nlewi26/src/work_space/install/pdc/pdc_data/6000000002/server4/s0004.bin	1073741824	16	16777216	64,65,66,67,68,69,70,71,72,73,74,75,76,77,78,79
/pscratch/sd/n/nlewi26/src/work_space/install/pdc/pdc_data/6000000002/server6/s0006.bin	1073741824	16	16777216	96,97,98,99,100,101,102,103,104,105,106,107,108,109,110,111
/pscratch/sd/n/nlewi26/src/work_space/install/pdc/pdc_data/6000000002/server5/s0005.bin	1073741824	16	16777216	80,81,82,83,84,85,86,87,88,89,90,91,92,93,94,95
/pscratch/sd/n/nlewi26/src/work_space/install/pdc/pdc_data/4000000004/server7/s0007.bin	1073741824	16	16777216	112,113,114,115,116,117,118,119,120,121,122,123,124,125,126,127
/pscratch/sd/n/nlewi26/src/work_space/install/pdc/pdc_data/4000000004/server0/s0000.bin	1073741824	16	16777216	0,1,2,3,4,5,6,7,8,9,10,11,12,13,14,15
/pscratch/sd/n/nlewi26/src/work_space/install/pdc/pdc_data/4000000004/server3/s0003.bin	1073741824	16	16777216	48,49,50,51,52,53,54,55,56,57,58,59,60,61,62,63
/pscratch/sd/n/nlewi26/src/work_space/install/pdc/pdc_data/4000000004/server1/s0001.bin	1073741824	16	16777216	16,17,18,19,20,21,22,23,24,25,26,27,28,29,30,31
/pscratch/sd/n/nlewi26/src/work_space/install/pdc/pdc_data/4000000004/server2/s0002.bin	1073741824	16	16777216	32,33,34,35,36,37,38,39,40,41,42,43,44,45,46,47
/pscratch/sd/n/nlewi26/src/work_space/install/pdc/pdc_data/4000000004/server4/s0004.bin	1073741824	16	16777216	64,65,66,67,68,69,70,71,72,73,74,75,76,77,78,79
/pscratch/sd/n/nlewi26/src/work_space/install/pdc/pdc_data/4000000004/server6/s0006.bin	1073741824	16	16777216	96,97,98,99,100,101,102,103,104,105,106,107,108,109,110,111
/pscratch/sd/n/nlewi26/src/work_space/install/pdc/pdc_data/4000000004/server5/s0005.bin	1073741824	16	16777216	80,81,82,83,84,85,86,87,88,89,90,91,92,93,94,95
/pscratch/sd/n/nlewi26/src/work_space/install/pdc/pdc_data/4000000003/server7/s0007.bin	1073741824	16	16777216	112,113,114,115,116,117,118,119,120,121,122,123,124,125,126,127
/pscratch/sd/n/nlewi26/src/work_space/install/pdc/pdc_data/4000000003/server0/s0000.bin	1073741824	16	16777216	0,1,2,3,4,5,6,7,8,9,10,11,12,13,14,15
/pscratch/sd/n/nlewi26/src/work_space/install/pdc/pdc_data/4000000003/server3/s0003.bin	1073741824	16	16777216	48,49,50,51,52,53,54,55,56,57,58,59,60,61,62,63
/pscratch/sd/n/nlewi26/src/work_space/install/pdc/pdc_data/4000000003/server1/s0001.bin	1073741824	16	16777216	16,17,18,19,20,21,22,23,24,25,26,27,28,29,30,31
/pscratch/sd/n/nlewi26/src/work_space/install/pdc/pdc_data/4000000003/server2/s0002.bin	1073741824	16	16777216	32,33,34,35,36,37,38,39,40,41,42,43,44,45,46,47
/pscratch/sd/n/nlewi26/src/work_space/install/pdc/pdc_data/4000000003/server4/s0004.bin	1073741824	16	16777216	64,65,66,67,68,69,70,71,72,73,74,75,76,77,78,79
/pscratch/sd/n/nlewi26/src/work_space/install/pdc/pdc_data/4000000003/server6/s0006.bin	1073741824	16	16777216	96,97,98,99,100,101,102,103,104,105,106,107,108,109,110,111
/pscratch/sd/n/nlewi26/src/work_space/install/pdc/pdc_data/4000000003/server5/s0005.bin	1073741824	16	16777216	80,81,82,83,84,85,86,87,88,89,90,91,92,93,94,95
/pscratch/sd/n/nlewi26/src/work_space/install/pdc/pdc_data/7000000003/server7/s0007.bin	1073741824	16	16777216	112,113,114,115,116,117,118,119,120,121,122,123,124,125,126,127
/pscratch/sd/n/nlewi26/src/work_space/install/pdc/pdc_data/7000000003/server0/s0000.bin	1073741824	16	16777216	0,1,2,3,4,5,6,7,8,9,10,11,12,13,14,15
/pscratch/sd/n/nlewi26/src/work_space/install/pdc/pdc_data/7000000003/server3/s0003.bin	1073741824	16	16777216	48,49,50,51,52,53,54,55,56,57,58,59,60,61,62,63
/pscratch/sd/n/nlewi26/src/work_space/install/pdc/pdc_data/7000000003/server1/s0001.bin	1073741824	16	16777216	16,17,18,19,20,21,22,23,24,25,26,27,28,29,30,31
/pscratch/sd/n/nlewi26/src/work_space/install/pdc/pdc_data/7000000003/server2/s0002.bin	1073741824	16	16777216	32,33,34,35,36,37,38,39,40,41,42,43,44,45,46,47
/pscratch/sd/n/nlewi26/src/work_space/install/pdc/pdc_data/7000000003/server4/s0004.bin	1073741824	16	16777216	64,65,66,67,68,69,70,71,72,73,74,75,76,77,78,79
/pscratch/sd/n/nlewi26/src/work_space/install/pdc/pdc_data/7000000003/server6/s0006.bin	1073741824	16	16777216	96,97,98,99,100,101,102,103,104,105,106,107,108,109,110,111
/pscratch/sd/n/nlewi26/src/work_space/install/pdc/pdc_data/7000000003/server5/s0005.bin	1073741824	16	16777216	80,81,82,83,84,85,86,87,88,89,90,91,92,93,94,95
/pscratch/sd/n/nlewi26/src/work_space/install/pdc/pdc_data/4000000001/server7/s0007.bin	1073741824	16	16777216	112,113,114,115,116,117,118,119,120,121,122,123,124,125,126,127
/pscratch/sd/n/nlewi26/src/work_space/install/pdc/pdc_data/4000000001/server0/s0000.bin	1073741824	16	16777216	0,1,2,3,4,5,6,7,8,9,10,11,12,13,14,15
/pscratch/sd/n/nlewi26/src/work_space/install/pdc/pdc_data/4000000001/server3/s0003.bin	1073741824	16	16777216	48,49,50,51,52,53,54,55,56,57,58,59,60,61,62,63
/pscratch/sd/n/nlewi26/src/work_space/install/pdc/pdc_data/4000000001/server1/s0001.bin	1073741824	16	16777216	16,17,18,19,20,21,22,23,24,25,26,27,28,29,30,31
/pscratch/sd/n/nlewi26/src/work_space/install/pdc/pdc_data/4000000001/server2/s0002.bin	1073741824	16	16777216	32,33,34,35,36,37,38,39,40,41,42,43,44,45,46,47
/pscratch/sd/n/nlewi26/src/work_space/install/pdc/pdc_data/4000000001/server4/s0004.bin	1073741824	16	16777216	64,65,66,67,68,69,70,71,72,73,74,75,76,77,78,79
/pscratch/sd/n/nlewi26/src/work_space/install/pdc/pdc_data/4000000001/server6/s0006.bin	1073741824	16	16777216	96,97,98,99,100,101,102,103,104,105,106,107,108,109,110,111
/pscratch/sd/n/nlewi26/src/work_space/install/pdc/pdc_data/4000000001/server5/s0005.bin	1073741824	16	16777216	80,81,82,83,84,85,86,87,88,89,90,91,92,93,94,95
/pscratch/sd/n/nlewi26/src/work_space/install/pdc/pdc_data/6000000000/server7/s0007.bin	1073741824	16	16777216	112,113,114,115,116,117,118,119,120,121,122,123,124,125,126,127
/pscratch/sd/n/nlewi26/src/work_space/install/pdc/pdc_data/6000000000/server0/s0000.bin	1073741824	16	16777216	0,1,2,3,4,5,6,7,8,9,10,11,12,13,14,15
/pscratch/sd/n/nlewi26/src/work_space/install/pdc/pdc_data/6000000000/server3/s0003.bin	1073741824	16	16777216	48,49,50,51,52,53,54,55,56,57,58,59,60,61,62,63
/pscratch/sd/n/nlewi26/src/work_space/install/pdc/pdc_data/6000000000/server1/s0001.bin	1073741824	16	16777216	16,17,18,19,20,21,22,23,24,25,26,27,28,29,30,31
/pscratch/sd/n/nlewi26/src/work_space/install/pdc/pdc_data/6000000000/server2/s0002.bin	1073741824	16	16777216	32,33,34,35,36,37,38,39,40,41,42,43,44,45,46,47
/pscratch/sd/n/nlewi26/src/work_space/install/pdc/pdc_data/6000000000/server4/s0004.bin	1073741824	16	16777216	64,65,66,67,68,69,70,71,72,73,74,75,76,77,78,79
/pscratch/sd/n/nlewi26/src/work_space/install/pdc/pdc_data/6000000000/server6/s0006.bin	1073741824	16	16777216	96,97,98,99,100,101,102,103,104,105,106,107,108,109,110,111
/pscratch/sd/n/nlewi26/src/work_space/install/pdc/pdc_data/6000000000/server5/s0005.bin	1073741824	16	16777216	80,81,82,83,84,85,86,87,88,89,90,91,92,93,94,95
/pscratch/sd/n/nlewi26/src/work_space/install/pdc/pdc_data/6000000001/server7/s0007.bin	1073741824	16	16777216	112,113,114,115,116,117,118,119,120,121,122,123,124,125,126,127
/pscratch/sd/n/nlewi26/src/work_space/install/pdc/pdc_data/6000000001/server0/s0000.bin	1073741824	16	16777216	0,1,2,3,4,5,6,7,8,9,10,11,12,13,14,15
/pscratch/sd/n/nlewi26/src/work_space/install/pdc/pdc_data/6000000001/server3/s0003.bin	1073741824	16	16777216	48,49,50,51,52,53,54,55,56,57,58,59,60,61,62,63
/pscratch/sd/n/nlewi26/src/work_space/install/pdc/pdc_data/6000000001/server1/s0001.bin	1073741824	16	16777216	16,17,18,19,20,21,22,23,24,25,26,27,28,29,30,31
/pscratch/sd/n/nlewi26/src/work_space/install/pdc/pdc_data/6000000001/server2/s0002.bin	1073741824	16	16777216	32,33,34,35,36,37,38,39,40,41,42,43,44,45,46,47
/pscratch/sd/n/nlewi26/src/work_space/install/pdc/pdc_data/6000000001/server4/s0004.bin	1073741824	16	16777216	64,65,66,67,68,69,70,71,72,73,74,75,76,77,78,79
/pscratch/sd/n/nlewi26/src/work_space/install/pdc/pdc_data/6000000001/server6/s0006.bin	1073741824	16	16777216	96,97,98,99,100,101,102,103,104,105,106,107,108,109,110,111
/pscratch/sd/n/nlewi26/src/work_space/install/pdc/pdc_data/6000000001/server5/s0005.bin	1073741824	16	16777216	80,81,82,83,84,85,86,87,88,89,90,91,92,93,94,95
/pscratch/sd/n/nlewi26/src/work_space/install/pdc/pdc_data/2000000002/server7/s0007.bin	1073741824	16	16777216	112,113,114,115,116,117,118,119,120,121,122,123,124,125,126,127
/pscratch/sd/n/nlewi26/src/work_space/install/pdc/pdc_data/2000000002/server0/s0000.bin	1073741824	16	16777216	0,1,2,3,4,5,6,7,8,9,10,11,12,13,14,15
/pscratch/sd/n/nlewi26/src/work_space/install/pdc/pdc_data/2000000002/server3/s0003.bin	1073741824	16	16777216	48,49,50,51,52,53,54,55,56,57,58,59,60,61,62,63
/pscratch/sd/n/nlewi26/src/work_space/install/pdc/pdc_data/2000000002/server1/s0001.bin	1073741824	16	16777216	16,17,18,19,20,21,22,23,24,25,26,27,28,29,30,31
/pscratch/sd/n/nlewi26/src/work_space/install/pdc/pdc_data/2000000002/server2/s0002.bin	1073741824	16	16777216	32,33,34,35,36,37,38,39,40,41,42,43,44,45,46,47
/pscratch/sd/n/nlewi26/src/work_space/install/pdc/pdc_data/2000000002/server4/s0004.bin	1073741824	16	16777216	64,65,66,67,68,69,70,71,72,73,74,75,76,77,78,79
/pscratch/sd/n/nlewi26/src/work_space/install/pdc/pdc_data/2000000002/server6/s0006.bin	1073741824	16	16777216	96,97,98,99,100,101,102,103,104,105,106,107,108,109,110,111
/pscratch/sd/n/nlewi26/src/work_space/install/pdc/pdc_data/2000000002/server5/s0005.bin	1073741824	16	16777216	80,81,82,83,84,85,86,87,88,89,90,91,92,93,94,95
/pscratch/sd/n/nlewi26/src/work_space/install/pdc/pdc_data/5000000006/server7/s0007.bin	1073741824	16	16777216	112,113,114,115,116,117,118,119,120,121,122,123,124,125,126,127
/pscratch/sd/n/nlewi26/src/work_space/install/pdc/pdc_data/5000000006/server0/s0000.bin	1073741824	16	16777216	0,1,2,3,4,5,6,7,8,9,10,11,12,13,14,15
/pscratch/sd/n/nlewi26/src/work_space/install/pdc/pdc_data/5000000006/server3/s0003.bin	1073741824	16	16777216	48,49,50,51,52,53,54,55,56,57,58,59,60,61,62,63
/pscratch/sd/n/nlewi26/src/work_space/install/pdc/pdc_data/5000000006/server1/s0001.bin	1073741824	16	16777216	16,17,18,19,20,21,22,23,24,25,26,27,28,29,30,31
/pscratch/sd/n/nlewi26/src/work_space/install/pdc/pdc_data/5000000006/server2/s0002.bin	1073741824	16	16777216	32,33,34,35,36,37,38,39,40,41,42,43,44,45,46,47
/pscratch/sd/n/nlewi26/src/work_space/install/pdc/pdc_data/5000000006/server4/s0004.bin	1073741824	16	16777216	64,65,66,67,68,69,70,71,72,73,74,75,76,77,78,79
/pscratch/sd/n/nlewi26/src/work_space/install/pdc/pdc_data/5000000006/server6/s0006.bin	1073741824	16	16777216	96,97,98,99,100,101,102,103,104,105,106,107,108,109,110,111
/pscratch/sd/n/nlewi26/src/work_space/install/pdc/pdc_data/5000000006/server5/s0005.bin	1073741824	16	16777216	80,81,82,83,84,85,86,87,88,89,90,91,92,93,94,95
/pscratch/sd/n/nlewi26/src/work_space/install/pdc/pdc_data/8000000000/server7/s0007.bin	1073741824	16	16777216	112,113,114,115,116,117,118,119,120,121,122,123,124,125,126,127
/pscratch/sd/n/nlewi26/src/work_space/install/pdc/pdc_data/8000000000/server0/s0000.bin	1073741824	16	16777216	0,1,2,3,4,5,6,7,8,9,10,11,12,13,14,15
/pscratch/sd/n/nlewi26/src/work_space/install/pdc/pdc_data/8000000000/server3/s0003.bin	1073741824	16	16777216	48,49,50,51,52,53,54,55,56,57,58,59,60,61,62,63
/pscratch/sd/n/nlewi26/src/work_space/install/pdc/pdc_data/8000000000/server1/s0001.bin	1073741824	16	16777216	16,17,18,19,20,21,22,23,24,25,26,27,28,29,30,31
/pscratch/sd/n/nlewi26/src/work_space/install/pdc/pdc_data/8000000000/server2/s0002.bin	1073741824	16	16777216	32,33,34,35,36,37,38,39,40,41,42,43,44,45,46,47
/pscratch/sd/n/nlewi26/src/work_space/install/pdc/pdc_data/8000000000/server4/s0004.bin	1073741824	16	16777216	64,65,66,67,68,69,70,71,72,73,74,75,76,77,78,79
/pscratch/sd/n/nlewi26/src/work_space/install/pdc/pdc_data/8000000000/server6/s0006.bin	1073741824	16	16777216	96,97,98,99,100,101,102,103,104,105,106,107,108,109,110,111
/pscratch/sd/n/nlewi26/src/work_space/install/pdc/pdc_data/8000000000/server5/s0005.bin	1073741824	16	16777216	80,81,82,83,84,85,86,87,88,89,90,91,92,93,94,95
/pscratch/sd/n/nlewi26/src/work_space/install/pdc/pdc_data/5000000002/server7/s0007.bin	1073741824	16	16777216	112,113,114,115,116,117,118,119,120,121,122,123,124,125,126,127
/pscratch/sd/n/nlewi26/src/work_space/install/pdc/pdc_data/5000000002/server0/s0000.bin	1073741824	16	16777216	0,1,2,3,4,5,6,7,8,9,10,11,12,13,14,15
/pscratch/sd/n/nlewi26/src/work_space/install/pdc/pdc_data/5000000002/server3/s0003.bin	1073741824	16	16777216	48,49,50,51,52,53,54,55,56,57,58,59,60,61,62,63
/pscratch/sd/n/nlewi26/src/work_space/install/pdc/pdc_data/5000000002/server1/s0001.bin	1073741824	16	16777216	16,17,18,19,20,21,22,23,24,25,26,27,28,29,30,31
/pscratch/sd/n/nlewi26/src/work_space/install/pdc/pdc_data/5000000002/server2/s0002.bin	1073741824	16	16777216	32,33,34,35,36,37,38,39,40,41,42,43,44,45,46,47
/pscratch/sd/n/nlewi26/src/work_space/install/pdc/pdc_data/5000000002/server4/s0004.bin	1073741824	16	16777216	64,65,66,67,68,69,70,71,72,73,74,75,76,77,78,79
/pscratch/sd/n/nlewi26/src/work_space/install/pdc/pdc_data/5000000002/server6/s0006.bin	1073741824	16	16777216	96,97,98,99,100,101,102,103,104,105,106,107,108,109,110,111
/pscratch/sd/n/nlewi26/src/work_space/install/pdc/pdc_data/5000000002/server5/s0005.bin	1073741824	16	16777216	80,81,82,83,84,85,86,87,88,89,90,91,92,93,94,95
/pscratch/sd/n/nlewi26/src/work_space/install/pdc/pdc_data/3000000000/server7/s0007.bin	1073741824	16	16777216	112,113,114,115,116,117,118,119,120,121,122,123,124,125,126,127
/pscratch/sd/n/nlewi26/src/work_space/install/pdc/pdc_data/3000000000/server0/s0000.bin	1073741824	16	16777216	0,1,2,3,4,5,6,7,8,9,10,11,12,13,14,15
/pscratch/sd/n/nlewi26/src/work_space/install/pdc/pdc_data/3000000000/server3/s0003.bin	1073741824	16	16777216	48,49,50,51,52,53,54,55,56,57,58,59,60,61,62,63
/pscratch/sd/n/nlewi26/src/work_space/install/pdc/pdc_data/3000000000/server1/s0001.bin	1073741824	16	16777216	16,17,18,19,20,21,22,23,24,25,26,27,28,29,30,31
/pscratch/sd/n/nlewi26/src/work_space/install/pdc/pdc_data/3000000000/server2/s0002.bin	1073741824	16	16777216	32,33,34,35,36,37,38,39,40,41,42,43,44,45,46,47
/pscratch/sd/n/nlewi26/src/work_space/install/pdc/pdc_data/3000000000/server4/s0004.bin	1073741824	16	16777216	64,65,66,67,68,69,70,71,72,73,74,75,76,77,78,79
/pscratch/sd/n/nlewi26/src/work_space/install/pdc/pdc_data/3000000000/server6/s0006.bin	1073741824	16	16777216	96,97,98,99,100,101,102,103,104,105,106,107,108,109,110,111
/pscratch/sd/n/nlewi26/src/work_space/install/pdc/pdc_data/3000000000/server5/s0005.bin	1073741824	16	16777216	80,81,82,83,84,85,86,87,88,89,90,91,92,93,94,95
/pscratch/sd/n/nlewi26/src/work_space/install/pdc/pdc_data/3000000001/server7/s0007.bin	1073741824	16	16777216	112,113,114,115,116,117,118,119,120,121,122,123,124,125,126,127
/pscratch/sd/n/nlewi26/src/work_space/install/pdc/pdc_data/3000000001/server0/s0000.bin	1073741824	16	16777216	0,1,2,3,4,5,6,7,8,9,10,11,12,13,14,15
/pscratch/sd/n/nlewi26/src/work_space/install/pdc/pdc_data/3000000001/server3/s0003.bin	1073741824	16	16777216	48,49,50,51,52,53,54,55,56,57,58,59,60,61,62,63
/pscratch/sd/n/nlewi26/src/work_space/install/pdc/pdc_data/3000000001/server1/s0001.bin	1073741824	16	16777216	16,17,18,19,20,21,22,23,24,25,26,27,28,29,30,31
/pscratch/sd/n/nlewi26/src/work_space/install/pdc/pdc_data/3000000001/server2/s0002.bin	1073741824	16	16777216	32,33,34,35,36,37,38,39,40,41,42,43,44,45,46,47
/pscratch/sd/n/nlewi26/src/work_space/install/pdc/pdc_data/3000000001/server4/s0004.bin	1073741824	16	16777216	64,65,66,67,68,69,70,71,72,73,74,75,76,77,78,79
/pscratch/sd/n/nlewi26/src/work_space/install/pdc/pdc_data/3000000001/server6/s0006.bin	1073741824	16	16777216	96,97,98,99,100,101,102,103,104,105,106,107,108,109,110,111
/pscratch/sd/n/nlewi26/src/work_space/install/pdc/pdc_data/3000000001/server5/s0005.bin	1073741824	16	16777216	80,81,82,83,84,85,86,87,88,89,90,91,92,93,94,95
/pscratch/sd/n/nlewi26/src/work_space/install/pdc/pdc_data/3000000004/server7/s0007.bin	1073741824	16	16777216	112,113,114,115,116,117,118,119,120,121,122,123,124,125,126,127
/pscratch/sd/n/nlewi26/src/work_space/install/pdc/pdc_data/3000000004/server0/s0000.bin	1073741824	16	16777216	0,1,2,3,4,5,6,7,8,9,10,11,12,13,14,15
/pscratch/sd/n/nlewi26/src/work_space/install/pdc/pdc_data/3000000004/server3/s0003.bin	1073741824	16	16777216	48,49,50,51,52,53,54,55,56,57,58,59,60,61,62,63
/pscratch/sd/n/nlewi26/src/work_space/install/pdc/pdc_data/3000000004/server1/s0001.bin	1073741824	16	16777216	16,17,18,19,20,21,22,23,24,25,26,27,28,29,30,31
/pscratch/sd/n/nlewi26/src/work_space/install/pdc/pdc_data/3000000004/server2/s0002.bin	1073741824	16	16777216	32,33,34,35,36,37,38,39,40,41,42,43,44,45,46,47
/pscratch/sd/n/nlewi26/src/work_space/install/pdc/pdc_data/3000000004/server4/s0004.bin	1073741824	16	16777216	64,65,66,67,68,69,70,71,72,73,74,75,76,77,78,79
/pscratch/sd/n/nlewi26/src/work_space/install/pdc/pdc_data/3000000004/server6/s0006.bin	1073741824	16	16777216	96,97,98,99,100,101,102,103,104,105,106,107,108,109,110,111
/pscratch/sd/n/nlewi26/src/work_space/install/pdc/pdc_data/3000000004/server5/s0005.bin	1073741824	16	16777216	80,81,82,83,84,85,86,87,88,89,90,91,92,93,94,95
/pscratch/sd/n/nlewi26/src/work_space/install/pdc/pdc_data/4000000000/server7/s0007.bin	1073741824	16	16777216	112,113,114,115,116,117,118,119,120,121,122,123,124,125,126,127
/pscratch/sd/n/nlewi26/src/work_space/install/pdc/pdc_data/4000000000/server0/s0000.bin	1073741824	16	16777216	0,1,2,3,4,5,6,7,8,9,10,11,12,13,14,15
/pscratch/sd/n/nlewi26/src/work_space/install/pdc/pdc_data/4000000000/server3/s0003.bin	1073741824	16	16777216	48,49,50,51,52,53,54,55,56,57,58,59,60,61,62,63
/pscratch/sd/n/nlewi26/src/work_space/install/pdc/pdc_data/4000000000/server1/s0001.bin	1073741824	16	16777216	16,17,18,19,20,21,22,23,24,25,26,27,28,29,30,31
/pscratch/sd/n/nlewi26/src/work_space/install/pdc/pdc_data/4000000000/server2/s0002.bin	1073741824	16	16777216	32,33,34,35,36,37,38,39,40,41,42,43,44,45,46,47
/pscratch/sd/n/nlewi26/src/work_space/install/pdc/pdc_data/4000000000/server4/s0004.bin	1073741824	16	16777216	64,65,66,67,68,69,70,71,72,73,74,75,76,77,78,79
/pscratch/sd/n/nlewi26/src/work_space/install/pdc/pdc_data/4000000000/server6/s0006.bin	1073741824	16	16777216	96,97,98,99,100,101,102,103,104,105,106,107,108,109,110,111
/pscratch/sd/n/nlewi26/src/work_space/install/pdc/pdc_data/4000000000/server5/s0005.bin	1073741824	16	16777216	80,81,82,83,84,85,86,87,88,89,90,91,92,93,94,95
/pscratch/sd/n/nlewi26/src/work_space/install/pdc/pdc_data/5000000007/server7/s0007.bin	1073741824	16	16777216	112,113,114,115,116,117,118,119,120,121,122,123,124,125,126,127
/pscratch/sd/n/nlewi26/src/work_space/install/pdc/pdc_data/5000000007/server0/s0000.bin	1073741824	16	16777216	0,1,2,3,4,5,6,7,8,9,10,11,12,13,14,15
/pscratch/sd/n/nlewi26/src/work_space/install/pdc/pdc_data/5000000007/server3/s0003.bin	1073741824	16	16777216	48,49,50,51,52,53,54,55,56,57,58,59,60,61,62,63
/pscratch/sd/n/nlewi26/src/work_space/install/pdc/pdc_data/5000000007/server1/s0001.bin	1073741824	16	16777216	16,17,18,19,20,21,22,23,24,25,26,27,28,29,30,31
/pscratch/sd/n/nlewi26/src/work_space/install/pdc/pdc_data/5000000007/server2/s0002.bin	1073741824	16	16777216	32,33,34,35,36,37,38,39,40,41,42,43,44,45,46,47
/pscratch/sd/n/nlewi26/src/work_space/install/pdc/pdc_data/5000000007/server4/s0004.bin	1073741824	16	16777216	64,65,66,67,68,69,70,71,72,73,74,75,76,77,78,79
/pscratch/sd/n/nlewi26/src/work_space/install/pdc/pdc_data/5000000007/server6/s0006.bin	1073741824	16	16777216	96,97,98,99,100,101,102,103,104,105,106,107,108,109,110,111
/pscratch/sd/n/nlewi26/src/work_space/install/pdc/pdc_data/5000000007/server5/s0005.bin	1073741824	16	16777216	80,81,82,83,84,85,86,87,88,89,90,91,92,93,94,95
/pscratch/sd/n/nlewi26/src/work_space/install/pdc/pdc_data/1000000001/server7/s0007.bin	1073741824	16	16777216	112,113,114,115,116,117,118,119,120,121,122,123,124,125,126,127
/pscratch/sd/n/nlewi26/src/work_space/install/pdc/pdc_data/1000000001/server0/s0000.bin	1073741824	16	16777216	0,1,2,3,4,5,6,7,8,9,10,11,12,13,14,15
/pscratch/sd/n/nlewi26/src/work_space/install/pdc/pdc_data/1000000001/server3/s0003.bin	1073741824	16	16777216	48,49,50,51,52,53,54,55,56,57,58,59,60,61,62,63
/pscratch/sd/n/nlewi26/src/work_space/install/pdc/pdc_data/1000000001/server1/s0001.bin	1073741824	16	16777216	16,17,18,19,20,21,22,23,24,25,26,27,28,29,30,31
/pscratch/sd/n/nlewi26/src/work_space/install/pdc/pdc_data/1000000001/server2/s0002.bin	1073741824	16	16777216	32,33,34,35,36,37,38,39,40,41,42,43,44,45,46,47
/pscratch/sd/n/nlewi26/src/work_space/install/pdc/pdc_data/1000000001/server4/s0004.bin	1073741824	16	16777216	64,65,66,67,68,69,70,71,72,73,74,75,76,77,78,79
/pscratch/sd/n/nlewi26/src/work_space/install/pdc/pdc_data/1000000001/server6/s0006.bin	1073741824	16	16777216	96,97,98,99,100,101,102,103,104,105,106,107,108,109,110,111
/pscratch/sd/n/nlewi26/src/work_space/install/pdc/pdc_data/1000000001/server5/s0005.bin	1073741824	16	16777216	80,81,82,83,84,85,86,87,88,89,90,91,92,93,94,95
running server script
+ pushd /pscratch/sd/n/nlewi26/src/work_space/source/pdc/build/bin
/pscratch/sd/n/nlewi26/src/work_space/source/pdc/build/bin /pscratch/sd/n/nlewi26/src/work_space/source/pdc/pdc_helper_scripts/vpicio_scripts
+ popd
+ srun -N 8 -n 8 --ntasks-per-node=1 --error=server_output_bdcats_raw_8.err --output=server_output_bdcats_raw_8.log ./pdc_server restart
/pscratch/sd/n/nlewi26/src/work_space/source/pdc/pdc_helper_scripts/vpicio_scripts

real	0m0.006s
user	0m0.000s
sys	0m0.005s
running client script
+ pushd /pscratch/sd/n/nlewi26/src/work_space/source/pdc/build/bin
/pscratch/sd/n/nlewi26/src/work_space/source/pdc/build/bin /pscratch/sd/n/nlewi26/src/work_space/source/pdc/pdc_helper_scripts/vpicio_scripts
+ srun -N 8 -n 256 --ntasks-per-node=32 --output=client_output_bdcats_raw_8.log --error=client_output_bdcats_raw_8.err ./bdcats_mts 8388608 5 40 raw
+ popd
/pscratch/sd/n/nlewi26/src/work_space/source/pdc/pdc_helper_scripts/vpicio_scripts

real	3m42.787s
user	0m0.057s
sys	0m0.124s
closing server script
+ pushd /pscratch/sd/n/nlewi26/src/work_space/source/pdc/build/bin
/pscratch/sd/n/nlewi26/src/work_space/source/pdc/build/bin /pscratch/sd/n/nlewi26/src/work_space/source/pdc/pdc_helper_scripts/vpicio_scripts
+ srun -N 8 -n 8 --ntasks-per-node=1 --error=close_server_output_bdcats_raw_8.err --output=close_server_output_bdcats_raw_8.log ./close_server
+ popd
/pscratch/sd/n/nlewi26/src/work_space/source/pdc/pdc_helper_scripts/vpicio_scripts

real	0m1.115s
user	0m0.059s
sys	0m0.021s
