[09:06:34.983100] [WARNING] [pdc_server.c:1641] PDC_SERVER[0]: Restart from checkpoint start
[09:06:34.985524] [WARNING] [pdc_server.c:1914] PDC_SERVER[0]: Reading checkpoint transformations start
[09:06:34.988266] [WARNING] [pdc_server.c:2040] PDC_SERVER[0]: Reading checkpoint transformations done
[09:06:34.991885] [WARNING] [pdc_server.c:2064] PDC_SERVER[0]: Restart from checkpoint done
[09:06:47.118024] [WARNING] [pdc_server_data.c:122] PDC_SERVER[0]: Total Lustre OSTs, PDC Servers: 256, 128
[09:06:47.118044] [WARNING] [pdc_server_data.c:123] PDC_SERVER[0]: Setting Lustre stripe count to 2 and size to 16 MB
[09:17:10.952720] [WARNING] [pdc_server.c:1184] PDC_SERVER[0]: Checkpoint start
[09:17:10.981112] [WARNING] [pdc_server.c:1376] PDC_SERVER[0]: Writing checkpoint transformations start
[09:17:10.982025] [WARNING] [pdc_server.c:1558] PDC_SERVER[0]: Writing checkpoint transformations done
[09:17:11.024295] [WARNING] [pdc_server.c:1595] PDC_SERVER[0]: Rank[ALL]: Total checkpoint time = 0.071557
[09:17:11.026064] [WARNING] [pdc_server.c:1602] PDC_SERVER[0]: Checkpointing done
[09:17:11.026121] [WARNING] [pdc_server.c:696] PDC_SERVER[0]: [TIMER] id=0, name=open, avg=0.000523, total=0.501993, count=960
[09:17:11.026132] [WARNING] [pdc_server.c:696] PDC_SERVER[0]: [TIMER] id=1, name=close, avg=0.000326, total=0.312489, count=960
[09:17:11.026137] [WARNING] [pdc_server.c:696] PDC_SERVER[0]: [TIMER] id=2, name=read, avg=0.041350, total=39.696269, count=960
[09:17:11.026142] [WARNING] [pdc_server.c:696] PDC_SERVER[0]: [TIMER] id=4, name=total_graph_exec, avg=0.402169, total=386.082485, count=960
[09:17:11.026158] [WARNING] [pdc_server.c:696] PDC_SERVER[25]: [TIMER] id=0, name=open, avg=0.000436, total=0.418202, count=960
[09:17:11.026224] [WARNING] [pdc_server.c:696] PDC_SERVER[25]: [TIMER] id=1, name=close, avg=0.000351, total=0.336960, count=960
[09:17:11.026230] [WARNING] [pdc_server.c:696] PDC_SERVER[25]: [TIMER] id=2, name=read, avg=0.025918, total=24.881080, count=960
[09:17:11.026234] [WARNING] [pdc_server.c:696] PDC_SERVER[25]: [TIMER] id=4, name=total_graph_exec, avg=0.398571, total=382.627893, count=960
[09:17:11.026133] [WARNING] [pdc_server.c:696] PDC_SERVER[16]: [TIMER] id=0, name=open, avg=0.000557, total=0.534653, count=960
[09:17:11.026216] [WARNING] [pdc_server.c:696] PDC_SERVER[16]: [TIMER] id=1, name=close, avg=0.000374, total=0.359005, count=960
[09:17:11.026222] [WARNING] [pdc_server.c:696] PDC_SERVER[16]: [TIMER] id=2, name=read, avg=0.016702, total=16.033833, count=960
[09:17:11.026227] [WARNING] [pdc_server.c:696] PDC_SERVER[16]: [TIMER] id=4, name=total_graph_exec, avg=0.395307, total=379.494935, count=960
[09:17:11.026157] [WARNING] [pdc_server.c:696] PDC_SERVER[56]: [TIMER] id=0, name=open, avg=0.000531, total=0.510069, count=960
[09:17:11.026238] [WARNING] [pdc_server.c:696] PDC_SERVER[56]: [TIMER] id=1, name=close, avg=0.000445, total=0.427604, count=960
[09:17:11.026243] [WARNING] [pdc_server.c:696] PDC_SERVER[56]: [TIMER] id=2, name=read, avg=0.017253, total=16.562751, count=960
[09:17:11.026247] [WARNING] [pdc_server.c:696] PDC_SERVER[56]: [TIMER] id=4, name=total_graph_exec, avg=0.395733, total=379.903215, count=960
[09:17:11.026141] [WARNING] [pdc_server.c:696] PDC_SERVER[32]: [TIMER] id=0, name=open, avg=0.000815, total=0.782696, count=960
[09:17:11.026209] [WARNING] [pdc_server.c:696] PDC_SERVER[32]: [TIMER] id=1, name=close, avg=0.000441, total=0.423113, count=960
[09:17:11.026226] [WARNING] [pdc_server.c:696] PDC_SERVER[32]: [TIMER] id=2, name=read, avg=0.016644, total=15.978085, count=960
[09:17:11.026231] [WARNING] [pdc_server.c:696] PDC_SERVER[32]: [TIMER] id=4, name=total_graph_exec, avg=0.395254, total=379.443767, count=960
[09:17:11.026162] [WARNING] [pdc_server.c:696] PDC_SERVER[30]: [TIMER] id=0, name=open, avg=0.000438, total=0.420083, count=960
[09:17:11.026229] [WARNING] [pdc_server.c:696] PDC_SERVER[30]: [TIMER] id=1, name=close, avg=0.000426, total=0.409037, count=960
[09:17:11.026235] [WARNING] [pdc_server.c:696] PDC_SERVER[30]: [TIMER] id=2, name=read, avg=0.016446, total=15.787723, count=960
[09:17:11.026240] [WARNING] [pdc_server.c:696] PDC_SERVER[30]: [TIMER] id=4, name=total_graph_exec, avg=0.394824, total=379.030726, count=960
[09:17:11.026140] [WARNING] [pdc_server.c:696] PDC_SERVER[22]: [TIMER] id=0, name=open, avg=0.000562, total=0.539753, count=960
[09:17:11.026213] [WARNING] [pdc_server.c:696] PDC_SERVER[22]: [TIMER] id=1, name=close, avg=0.000377, total=0.361620, count=960
[09:17:11.026220] [WARNING] [pdc_server.c:696] PDC_SERVER[22]: [TIMER] id=2, name=read, avg=0.030249, total=29.039456, count=960
[09:17:11.026225] [WARNING] [pdc_server.c:696] PDC_SERVER[22]: [TIMER] id=4, name=total_graph_exec, avg=0.401592, total=385.528349, count=960
[09:17:11.026162] [WARNING] [pdc_server.c:696] PDC_SERVER[73]: [TIMER] id=0, name=open, avg=0.000487, total=0.467707, count=960
[09:17:11.026229] [WARNING] [pdc_server.c:696] PDC_SERVER[73]: [TIMER] id=1, name=close, avg=0.000418, total=0.400891, count=960
[09:17:11.026235] [WARNING] [pdc_server.c:696] PDC_SERVER[73]: [TIMER] id=2, name=read, avg=0.017087, total=16.403788, count=960
[09:17:11.026239] [WARNING] [pdc_server.c:696] PDC_SERVER[73]: [TIMER] id=4, name=total_graph_exec, avg=0.407632, total=391.326498, count=960
[09:17:11.026169] [WARNING] [pdc_server.c:696] PDC_SERVER[115]: [TIMER] id=0, name=open, avg=0.000551, total=0.529070, count=960
[09:17:11.026234] [WARNING] [pdc_server.c:696] PDC_SERVER[115]: [TIMER] id=1, name=close, avg=0.000494, total=0.474635, count=960
[09:17:11.026247] [WARNING] [pdc_server.c:696] PDC_SERVER[115]: [TIMER] id=2, name=read, avg=0.016883, total=16.207726, count=960
[09:17:11.026252] [WARNING] [pdc_server.c:696] PDC_SERVER[115]: [TIMER] id=4, name=total_graph_exec, avg=0.395294, total=379.482419, count=960
[09:17:11.026153] [WARNING] [pdc_server.c:696] PDC_SERVER[83]: [TIMER] id=0, name=open, avg=0.000557, total=0.534512, count=960
[09:17:11.026220] [WARNING] [pdc_server.c:696] PDC_SERVER[83]: [TIMER] id=1, name=close, avg=0.000443, total=0.425449, count=960
[09:17:11.026225] [WARNING] [pdc_server.c:696] PDC_SERVER[83]: [TIMER] id=2, name=read, avg=0.017161, total=16.474275, count=960
[09:17:11.026230] [WARNING] [pdc_server.c:696] PDC_SERVER[83]: [TIMER] id=4, name=total_graph_exec, avg=0.396788, total=380.916766, count=960
[09:17:11.026142] [WARNING] [pdc_server.c:696] PDC_SERVER[18]: [TIMER] id=0, name=open, avg=0.000546, total=0.524614, count=960
[09:17:11.026212] [WARNING] [pdc_server.c:696] PDC_SERVER[18]: [TIMER] id=1, name=close, avg=0.000363, total=0.348286, count=960
[09:17:11.026218] [WARNING] [pdc_server.c:696] PDC_SERVER[18]: [TIMER] id=2, name=read, avg=0.030965, total=29.726422, count=960
[09:17:11.026222] [WARNING] [pdc_server.c:696] PDC_SERVER[18]: [TIMER] id=4, name=total_graph_exec, avg=0.401824, total=385.751070, count=960
[09:17:11.026170] [WARNING] [pdc_server.c:696] PDC_SERVER[45]: [TIMER] id=0, name=open, avg=0.000670, total=0.643407, count=960
[09:17:11.026240] [WARNING] [pdc_server.c:696] PDC_SERVER[45]: [TIMER] id=1, name=close, avg=0.000431, total=0.414062, count=960
[09:17:11.026246] [WARNING] [pdc_server.c:696] PDC_SERVER[45]: [TIMER] id=2, name=read, avg=0.016930, total=16.252694, count=960
[09:17:11.026250] [WARNING] [pdc_server.c:696] PDC_SERVER[45]: [TIMER] id=4, name=total_graph_exec, avg=0.395174, total=379.366753, count=960
[09:17:11.026219] [WARNING] [pdc_server.c:696] PDC_SERVER[52]: [TIMER] id=0, name=open, avg=0.000599, total=0.575091, count=960
[09:17:11.026283] [WARNING] [pdc_server.c:696] PDC_SERVER[52]: [TIMER] id=1, name=close, avg=0.000448, total=0.430207, count=960
[09:17:11.026296] [WARNING] [pdc_server.c:696] PDC_SERVER[52]: [TIMER] id=2, name=read, avg=0.030500, total=29.280475, count=960
[09:17:11.026301] [WARNING] [pdc_server.c:696] PDC_SERVER[52]: [TIMER] id=4, name=total_graph_exec, avg=0.401824, total=385.750654, count=960
[09:17:11.026161] [WARNING] [pdc_server.c:696] PDC_SERVER[40]: [TIMER] id=0, name=open, avg=0.000592, total=0.568285, count=960
[09:17:11.026246] [WARNING] [pdc_server.c:696] PDC_SERVER[40]: [TIMER] id=1, name=close, avg=0.000318, total=0.304917, count=960
[09:17:11.026252] [WARNING] [pdc_server.c:696] PDC_SERVER[40]: [TIMER] id=2, name=read, avg=0.037999, total=36.478630, count=960
[09:17:11.026256] [WARNING] [pdc_server.c:696] PDC_SERVER[40]: [TIMER] id=4, name=total_graph_exec, avg=0.403013, total=386.892114, count=960
[09:17:11.026173] [WARNING] [pdc_server.c:696] PDC_SERVER[28]: [TIMER] id=0, name=open, avg=0.000612, total=0.587225, count=960
[09:17:11.026248] [WARNING] [pdc_server.c:696] PDC_SERVER[28]: [TIMER] id=1, name=close, avg=0.000492, total=0.472034, count=960
[09:17:11.026254] [WARNING] [pdc_server.c:696] PDC_SERVER[28]: [TIMER] id=2, name=read, avg=0.024686, total=23.698398, count=960
[09:17:11.026258] [WARNING] [pdc_server.c:696] PDC_SERVER[28]: [TIMER] id=4, name=total_graph_exec, avg=0.399276, total=383.304645, count=960
[09:17:11.026137] [WARNING] [pdc_server.c:696] PDC_SERVER[64]: [TIMER] id=0, name=open, avg=0.000624, total=0.599435, count=960
[09:17:11.026204] [WARNING] [pdc_server.c:696] PDC_SERVER[64]: [TIMER] id=1, name=close, avg=0.000595, total=0.571122, count=960
[09:17:11.026209] [WARNING] [pdc_server.c:696] PDC_SERVER[64]: [TIMER] id=2, name=read, avg=0.017224, total=16.535442, count=960
[09:17:11.026214] [WARNING] [pdc_server.c:696] PDC_SERVER[64]: [TIMER] id=4, name=total_graph_exec, avg=0.396679, total=380.811447, count=960
[09:17:11.026146] [WARNING] [pdc_server.c:696] PDC_SERVER[88]: [TIMER] id=0, name=open, avg=0.000637, total=0.611426, count=960
[09:17:11.026210] [WARNING] [pdc_server.c:696] PDC_SERVER[88]: [TIMER] id=1, name=close, avg=0.000505, total=0.485257, count=960
[09:17:11.026216] [WARNING] [pdc_server.c:696] PDC_SERVER[88]: [TIMER] id=2, name=read, avg=0.016960, total=16.281895, count=960
[09:17:11.026220] [WARNING] [pdc_server.c:696] PDC_SERVER[88]: [TIMER] id=4, name=total_graph_exec, avg=0.396822, total=380.949104, count=960
[09:17:11.026147] [WARNING] [pdc_server.c:696] PDC_SERVER[8]: [TIMER] id=0, name=open, avg=0.000599, total=0.575310, count=960
[09:17:11.026208] [WARNING] [pdc_server.c:696] PDC_SERVER[8]: [TIMER] id=1, name=close, avg=0.000374, total=0.359171, count=960
[09:17:11.026221] [WARNING] [pdc_server.c:696] PDC_SERVER[8]: [TIMER] id=2, name=read, avg=0.030309, total=29.096499, count=960
[09:17:11.026226] [WARNING] [pdc_server.c:696] PDC_SERVER[8]: [TIMER] id=4, name=total_graph_exec, avg=0.402181, total=386.093633, count=960
[09:17:11.026147] [WARNING] [pdc_server.c:696] PDC_SERVER[48]: [TIMER] id=0, name=open, avg=0.000423, total=0.405767, count=960
[09:17:11.026204] [WARNING] [pdc_server.c:696] PDC_SERVER[48]: [TIMER] id=1, name=close, avg=0.000333, total=0.320032, count=960
[09:17:11.026216] [WARNING] [pdc_server.c:696] PDC_SERVER[48]: [TIMER] id=2, name=read, avg=0.019103, total=18.338693, count=960
[09:17:11.026221] [WARNING] [pdc_server.c:696] PDC_SERVER[48]: [TIMER] id=4, name=total_graph_exec, avg=0.396611, total=380.746652, count=960
[09:17:11.026147] [WARNING] [pdc_server.c:696] PDC_SERVER[80]: [TIMER] id=0, name=open, avg=0.000760, total=0.729876, count=960
[09:17:11.026232] [WARNING] [pdc_server.c:696] PDC_SERVER[80]: [TIMER] id=1, name=close, avg=0.000478, total=0.458789, count=960
[09:17:11.026237] [WARNING] [pdc_server.c:696] PDC_SERVER[80]: [TIMER] id=2, name=read, avg=0.041027, total=39.385693, count=960
[09:17:11.026242] [WARNING] [pdc_server.c:696] PDC_SERVER[80]: [TIMER] id=4, name=total_graph_exec, avg=0.401530, total=385.469241, count=960
[09:17:11.026142] [WARNING] [pdc_server.c:696] PDC_SERVER[24]: [TIMER] id=0, name=open, avg=0.000869, total=0.833905, count=960
[09:17:11.026201] [WARNING] [pdc_server.c:696] PDC_SERVER[24]: [TIMER] id=1, name=close, avg=0.000611, total=0.586935, count=960
[09:17:11.026214] [WARNING] [pdc_server.c:696] PDC_SERVER[24]: [TIMER] id=2, name=read, avg=0.030418, total=29.200990, count=960
[09:17:11.026218] [WARNING] [pdc_server.c:696] PDC_SERVER[24]: [TIMER] id=4, name=total_graph_exec, avg=0.401729, total=385.659807, count=960
[09:17:11.026157] [WARNING] [pdc_server.c:696] PDC_SERVER[51]: [TIMER] id=0, name=open, avg=0.000517, total=0.496736, count=960
[09:17:11.026220] [WARNING] [pdc_server.c:696] PDC_SERVER[51]: [TIMER] id=1, name=close, avg=0.000582, total=0.559020, count=960
[09:17:11.026226] [WARNING] [pdc_server.c:696] PDC_SERVER[51]: [TIMER] id=2, name=read, avg=0.025039, total=24.036977, count=960
[09:17:11.026231] [WARNING] [pdc_server.c:696] PDC_SERVER[51]: [TIMER] id=4, name=total_graph_exec, avg=0.398406, total=382.470172, count=960
[09:17:11.026147] [WARNING] [pdc_server.c:696] PDC_SERVER[112]: [TIMER] id=0, name=open, avg=0.000763, total=0.732692, count=960
[09:17:11.026224] [WARNING] [pdc_server.c:696] PDC_SERVER[112]: [TIMER] id=1, name=close, avg=0.000330, total=0.317057, count=960
[09:17:11.026230] [WARNING] [pdc_server.c:696] PDC_SERVER[112]: [TIMER] id=2, name=read, avg=0.030438, total=29.220447, count=960
[09:17:11.026234] [WARNING] [pdc_server.c:696] PDC_SERVER[112]: [TIMER] id=4, name=total_graph_exec, avg=0.400830, total=384.796991, count=960
[09:17:11.026144] [WARNING] [pdc_server.c:696] PDC_SERVER[4]: [TIMER] id=0, name=open, avg=0.000540, total=0.518178, count=960
[09:17:11.026216] [WARNING] [pdc_server.c:696] PDC_SERVER[4]: [TIMER] id=1, name=close, avg=0.000309, total=0.296903, count=960
[09:17:11.026222] [WARNING] [pdc_server.c:696] PDC_SERVER[4]: [TIMER] id=2, name=read, avg=0.029765, total=28.574729, count=960
[09:17:11.026227] [WARNING] [pdc_server.c:696] PDC_SERVER[4]: [TIMER] id=4, name=total_graph_exec, avg=0.399895, total=383.899404, count=960
[09:17:11.026150] [WARNING] [pdc_server.c:696] PDC_SERVER[34]: [TIMER] id=0, name=open, avg=0.000845, total=0.811485, count=960
[09:17:11.026225] [WARNING] [pdc_server.c:696] PDC_SERVER[34]: [TIMER] id=1, name=close, avg=0.000440, total=0.422410, count=960
[09:17:11.026231] [WARNING] [pdc_server.c:696] PDC_SERVER[34]: [TIMER] id=2, name=read, avg=0.017392, total=16.696053, count=960
[09:17:11.026235] [WARNING] [pdc_server.c:696] PDC_SERVER[34]: [TIMER] id=4, name=total_graph_exec, avg=0.396543, total=380.680822, count=960
[09:17:11.026159] [WARNING] [pdc_server.c:696] PDC_SERVER[53]: [TIMER] id=0, name=open, avg=0.000603, total=0.578944, count=960
[09:17:11.026236] [WARNING] [pdc_server.c:696] PDC_SERVER[53]: [TIMER] id=1, name=close, avg=0.000360, total=0.345400, count=960
[09:17:11.026241] [WARNING] [pdc_server.c:696] PDC_SERVER[53]: [TIMER] id=2, name=read, avg=0.030353, total=29.138495, count=960
[09:17:11.026246] [WARNING] [pdc_server.c:696] PDC_SERVER[53]: [TIMER] id=4, name=total_graph_exec, avg=0.402108, total=386.024002, count=960
[09:17:11.026147] [WARNING] [pdc_server.c:696] PDC_SERVER[6]: [TIMER] id=0, name=open, avg=0.000765, total=0.734384, count=960
[09:17:11.026221] [WARNING] [pdc_server.c:696] PDC_SERVER[6]: [TIMER] id=1, name=close, avg=0.000496, total=0.475880, count=960
[09:17:11.026226] [WARNING] [pdc_server.c:696] PDC_SERVER[6]: [TIMER] id=2, name=read, avg=0.029596, total=28.412622, count=960
[09:17:11.026231] [WARNING] [pdc_server.c:696] PDC_SERVER[6]: [TIMER] id=4, name=total_graph_exec, avg=0.399829, total=383.835897, count=960
[09:17:11.026152] [WARNING] [pdc_server.c:696] PDC_SERVER[19]: [TIMER] id=0, name=open, avg=0.000477, total=0.457831, count=960
[09:17:11.026220] [WARNING] [pdc_server.c:696] PDC_SERVER[19]: [TIMER] id=1, name=close, avg=0.000399, total=0.383237, count=960
[09:17:11.026226] [WARNING] [pdc_server.c:696] PDC_SERVER[19]: [TIMER] id=2, name=read, avg=0.025667, total=24.640220, count=960
[09:17:11.026231] [WARNING] [pdc_server.c:696] PDC_SERVER[19]: [TIMER] id=4, name=total_graph_exec, avg=0.398694, total=382.746227, count=960
[09:17:11.026166] [WARNING] [pdc_server.c:696] PDC_SERVER[41]: [TIMER] id=0, name=open, avg=0.000453, total=0.434554, count=960
[09:17:11.026227] [WARNING] [pdc_server.c:696] PDC_SERVER[41]: [TIMER] id=1, name=close, avg=0.000378, total=0.362749, count=960
[09:17:11.026240] [WARNING] [pdc_server.c:696] PDC_SERVER[41]: [TIMER] id=2, name=read, avg=0.016865, total=16.189928, count=960
[09:17:11.026245] [WARNING] [pdc_server.c:696] PDC_SERVER[41]: [TIMER] id=4, name=total_graph_exec, avg=0.397191, total=381.303537, count=960
[09:17:11.026183] [WARNING] [pdc_server.c:696] PDC_SERVER[36]: [TIMER] id=0, name=open, avg=0.000707, total=0.679118, count=960
[09:17:11.026250] [WARNING] [pdc_server.c:696] PDC_SERVER[36]: [TIMER] id=1, name=close, avg=0.000579, total=0.555428, count=960
[09:17:11.026256] [WARNING] [pdc_server.c:696] PDC_SERVER[36]: [TIMER] id=2, name=read, avg=0.017258, total=16.567985, count=960
[09:17:11.026260] [WARNING] [pdc_server.c:696] PDC_SERVER[36]: [TIMER] id=4, name=total_graph_exec, avg=0.395275, total=379.463811, count=960
[09:17:11.026161] [WARNING] [pdc_server.c:696] PDC_SERVER[116]: [TIMER] id=0, name=open, avg=0.000457, total=0.439004, count=960
[09:17:11.026234] [WARNING] [pdc_server.c:696] PDC_SERVER[116]: [TIMER] id=1, name=close, avg=0.000328, total=0.315176, count=960
[09:17:11.026240] [WARNING] [pdc_server.c:696] PDC_SERVER[116]: [TIMER] id=2, name=read, avg=0.030162, total=28.955992, count=960
[09:17:11.026244] [WARNING] [pdc_server.c:696] PDC_SERVER[116]: [TIMER] id=4, name=total_graph_exec, avg=0.399630, total=383.644460, count=960
[09:17:11.026151] [WARNING] [pdc_server.c:696] PDC_SERVER[82]: [TIMER] id=0, name=open, avg=0.000482, total=0.462347, count=960
[09:17:11.026216] [WARNING] [pdc_server.c:696] PDC_SERVER[82]: [TIMER] id=1, name=close, avg=0.000456, total=0.437467, count=960
[09:17:11.026222] [WARNING] [pdc_server.c:696] PDC_SERVER[82]: [TIMER] id=2, name=read, avg=0.020487, total=19.667166, count=960
[09:17:11.026227] [WARNING] [pdc_server.c:696] PDC_SERVER[82]: [TIMER] id=4, name=total_graph_exec, avg=0.399616, total=383.631172, count=960
[09:17:11.026129] [WARNING] [pdc_server.c:696] PDC_SERVER[66]: [TIMER] id=0, name=open, avg=0.000553, total=0.531076, count=960
[09:17:11.026197] [WARNING] [pdc_server.c:696] PDC_SERVER[66]: [TIMER] id=1, name=close, avg=0.000464, total=0.444993, count=960
[09:17:11.026203] [WARNING] [pdc_server.c:696] PDC_SERVER[66]: [TIMER] id=2, name=read, avg=0.016756, total=16.085582, count=960
[09:17:11.026207] [WARNING] [pdc_server.c:696] PDC_SERVER[66]: [TIMER] id=4, name=total_graph_exec, avg=0.395083, total=379.279243, count=960
[09:17:11.026167] [WARNING] [pdc_server.c:696] PDC_SERVER[121]: [TIMER] id=0, name=open, avg=0.000573, total=0.550487, count=960
[09:17:11.026229] [WARNING] [pdc_server.c:696] PDC_SERVER[121]: [TIMER] id=1, name=close, avg=0.000462, total=0.443569, count=960
[09:17:11.026241] [WARNING] [pdc_server.c:696] PDC_SERVER[121]: [TIMER] id=2, name=read, avg=0.017028, total=16.346468, count=960
[09:17:11.026247] [WARNING] [pdc_server.c:696] PDC_SERVER[121]: [TIMER] id=4, name=total_graph_exec, avg=0.395326, total=379.512803, count=960
[09:17:11.026157] [WARNING] [pdc_server.c:696] PDC_SERVER[85]: [TIMER] id=0, name=open, avg=0.000541, total=0.519185, count=960
[09:17:11.026238] [WARNING] [pdc_server.c:696] PDC_SERVER[85]: [TIMER] id=1, name=close, avg=0.000311, total=0.298803, count=960
[09:17:11.026244] [WARNING] [pdc_server.c:696] PDC_SERVER[85]: [TIMER] id=2, name=read, avg=0.040618, total=38.993584, count=960
[09:17:11.026248] [WARNING] [pdc_server.c:696] PDC_SERVER[85]: [TIMER] id=4, name=total_graph_exec, avg=0.403360, total=387.225740, count=960
[09:17:11.026153] [WARNING] [pdc_server.c:696] PDC_SERVER[14]: [TIMER] id=0, name=open, avg=0.000465, total=0.446526, count=960
[09:17:11.026219] [WARNING] [pdc_server.c:696] PDC_SERVER[14]: [TIMER] id=1, name=close, avg=0.000402, total=0.386167, count=960
[09:17:11.026225] [WARNING] [pdc_server.c:696] PDC_SERVER[14]: [TIMER] id=2, name=read, avg=0.029862, total=28.667953, count=960
[09:17:11.026229] [WARNING] [pdc_server.c:696] PDC_SERVER[14]: [TIMER] id=4, name=total_graph_exec, avg=0.399542, total=383.560382, count=960
[09:17:11.026149] [WARNING] [pdc_server.c:696] PDC_SERVER[113]: [TIMER] id=0, name=open, avg=0.000554, total=0.531638, count=960
[09:17:11.026224] [WARNING] [pdc_server.c:696] PDC_SERVER[113]: [TIMER] id=1, name=close, avg=0.000419, total=0.402435, count=960
[09:17:11.026229] [WARNING] [pdc_server.c:696] PDC_SERVER[113]: [TIMER] id=2, name=read, avg=0.029901, total=28.704786, count=960
[09:17:11.026234] [WARNING] [pdc_server.c:696] PDC_SERVER[113]: [TIMER] id=4, name=total_graph_exec, avg=0.401717, total=385.648104, count=960
[09:17:11.026211] [WARNING] [pdc_server.c:696] PDC_SERVER[71]: [TIMER] id=0, name=open, avg=0.000775, total=0.743951, count=960
[09:17:11.026274] [WARNING] [pdc_server.c:696] PDC_SERVER[71]: [TIMER] id=1, name=close, avg=0.000508, total=0.487454, count=960
[09:17:11.026287] [WARNING] [pdc_server.c:696] PDC_SERVER[71]: [TIMER] id=2, name=read, avg=0.017847, total=17.132748, count=960
[09:17:11.026292] [WARNING] [pdc_server.c:696] PDC_SERVER[71]: [TIMER] id=4, name=total_graph_exec, avg=0.394551, total=378.768639, count=960
[09:17:11.026152] [WARNING] [pdc_server.c:696] PDC_SERVER[99]: [TIMER] id=0, name=open, avg=0.000426, total=0.408786, count=960
[09:17:11.026211] [WARNING] [pdc_server.c:696] PDC_SERVER[99]: [TIMER] id=1, name=close, avg=0.000328, total=0.315109, count=960
[09:17:11.026223] [WARNING] [pdc_server.c:696] PDC_SERVER[99]: [TIMER] id=2, name=read, avg=0.019981, total=19.181907, count=960
[09:17:11.026228] [WARNING] [pdc_server.c:696] PDC_SERVER[99]: [TIMER] id=4, name=total_graph_exec, avg=0.397347, total=381.453467, count=960
[09:17:11.026143] [WARNING] [pdc_server.c:696] PDC_SERVER[21]: [TIMER] id=0, name=open, avg=0.000555, total=0.532616, count=960
[09:17:11.026210] [WARNING] [pdc_server.c:696] PDC_SERVER[21]: [TIMER] id=1, name=close, avg=0.000470, total=0.450910, count=960
[09:17:11.026215] [WARNING] [pdc_server.c:696] PDC_SERVER[21]: [TIMER] id=2, name=read, avg=0.017097, total=16.412974, count=960
[09:17:11.026220] [WARNING] [pdc_server.c:696] PDC_SERVER[21]: [TIMER] id=4, name=total_graph_exec, avg=0.396148, total=380.301922, count=960
[09:17:11.026157] [WARNING] [pdc_server.c:696] PDC_SERVER[69]: [TIMER] id=0, name=open, avg=0.000529, total=0.508014, count=960
[09:17:11.026229] [WARNING] [pdc_server.c:696] PDC_SERVER[69]: [TIMER] id=1, name=close, avg=0.000348, total=0.333929, count=960
[09:17:11.026235] [WARNING] [pdc_server.c:696] PDC_SERVER[69]: [TIMER] id=2, name=read, avg=0.016525, total=15.864343, count=960
[09:17:11.026239] [WARNING] [pdc_server.c:696] PDC_SERVER[69]: [TIMER] id=4, name=total_graph_exec, avg=0.394993, total=379.193290, count=960
[09:17:11.026173] [WARNING] [pdc_server.c:696] PDC_SERVER[126]: [TIMER] id=0, name=open, avg=0.000638, total=0.612108, count=960
[09:17:11.026238] [WARNING] [pdc_server.c:696] PDC_SERVER[126]: [TIMER] id=1, name=close, avg=0.000449, total=0.431231, count=960
[09:17:11.026243] [WARNING] [pdc_server.c:696] PDC_SERVER[126]: [TIMER] id=2, name=read, avg=0.023717, total=22.768579, count=960
[09:17:11.026248] [WARNING] [pdc_server.c:696] PDC_SERVER[126]: [TIMER] id=4, name=total_graph_exec, avg=0.398232, total=382.302939, count=960
[09:17:11.026175] [WARNING] [pdc_server.c:696] PDC_SERVER[67]: [TIMER] id=0, name=open, avg=0.000466, total=0.447049, count=960
[09:17:11.026245] [WARNING] [pdc_server.c:696] PDC_SERVER[67]: [TIMER] id=1, name=close, avg=0.000350, total=0.335997, count=960
[09:17:11.026251] [WARNING] [pdc_server.c:696] PDC_SERVER[67]: [TIMER] id=2, name=read, avg=0.017394, total=16.698531, count=960
[09:17:11.026255] [WARNING] [pdc_server.c:696] PDC_SERVER[67]: [TIMER] id=4, name=total_graph_exec, avg=0.396684, total=380.816849, count=960
[09:17:11.026156] [WARNING] [pdc_server.c:696] PDC_SERVER[37]: [TIMER] id=0, name=open, avg=0.001014, total=0.973819, count=960
[09:17:11.026223] [WARNING] [pdc_server.c:696] PDC_SERVER[37]: [TIMER] id=1, name=close, avg=0.000445, total=0.426775, count=960
[09:17:11.026229] [WARNING] [pdc_server.c:696] PDC_SERVER[37]: [TIMER] id=2, name=read, avg=0.016876, total=16.201223, count=960
[09:17:11.026233] [WARNING] [pdc_server.c:696] PDC_SERVER[37]: [TIMER] id=4, name=total_graph_exec, avg=0.395132, total=379.326602, count=960
[09:17:11.026162] [WARNING] [pdc_server.c:696] PDC_SERVER[118]: [TIMER] id=0, name=open, avg=0.000533, total=0.512082, count=960
[09:17:11.026231] [WARNING] [pdc_server.c:696] PDC_SERVER[118]: [TIMER] id=1, name=close, avg=0.000311, total=0.299012, count=960
[09:17:11.026237] [WARNING] [pdc_server.c:696] PDC_SERVER[118]: [TIMER] id=2, name=read, avg=0.029730, total=28.540482, count=960
[09:17:11.026241] [WARNING] [pdc_server.c:696] PDC_SERVER[118]: [TIMER] id=4, name=total_graph_exec, avg=0.399938, total=383.940217, count=960
[09:17:11.026162] [WARNING] [pdc_server.c:696] PDC_SERVER[46]: [TIMER] id=0, name=open, avg=0.000573, total=0.550436, count=960
[09:17:11.026238] [WARNING] [pdc_server.c:696] PDC_SERVER[46]: [TIMER] id=1, name=close, avg=0.000380, total=0.365277, count=960
[09:17:11.026244] [WARNING] [pdc_server.c:696] PDC_SERVER[46]: [TIMER] id=2, name=read, avg=0.030269, total=29.058541, count=960
[09:17:11.026249] [WARNING] [pdc_server.c:696] PDC_SERVER[46]: [TIMER] id=4, name=total_graph_exec, avg=0.400280, total=384.268630, count=960
[09:17:11.026178] [WARNING] [pdc_server.c:696] PDC_SERVER[100]: [TIMER] id=0, name=open, avg=0.000653, total=0.626655, count=960
[09:17:11.026258] [WARNING] [pdc_server.c:696] PDC_SERVER[100]: [TIMER] id=1, name=close, avg=0.000394, total=0.378248, count=960
[09:17:11.026263] [WARNING] [pdc_server.c:696] PDC_SERVER[100]: [TIMER] id=2, name=read, avg=0.029711, total=28.522645, count=960
[09:17:11.026268] [WARNING] [pdc_server.c:696] PDC_SERVER[100]: [TIMER] id=4, name=total_graph_exec, avg=0.399760, total=383.769481, count=960
[09:17:11.026157] [WARNING] [pdc_server.c:696] PDC_SERVER[77]: [TIMER] id=0, name=open, avg=0.000840, total=0.806734, count=960
[09:17:11.026231] [WARNING] [pdc_server.c:696] PDC_SERVER[77]: [TIMER] id=1, name=close, avg=0.000446, total=0.428014, count=960
[09:17:11.026237] [WARNING] [pdc_server.c:696] PDC_SERVER[77]: [TIMER] id=2, name=read, avg=0.030602, total=29.378372, count=960
[09:17:11.026241] [WARNING] [pdc_server.c:696] PDC_SERVER[77]: [TIMER] id=4, name=total_graph_exec, avg=0.401121, total=385.076456, count=960
[09:17:11.026138] [WARNING] [pdc_server.c:696] PDC_SERVER[2]: [TIMER] id=0, name=open, avg=0.000715, total=0.686787, count=960
[09:17:11.026219] [WARNING] [pdc_server.c:696] PDC_SERVER[2]: [TIMER] id=1, name=close, avg=0.000413, total=0.396315, count=960
[09:17:11.026224] [WARNING] [pdc_server.c:696] PDC_SERVER[2]: [TIMER] id=2, name=read, avg=0.023102, total=22.178197, count=960
[09:17:11.026229] [WARNING] [pdc_server.c:696] PDC_SERVER[2]: [TIMER] id=4, name=total_graph_exec, avg=0.395883, total=380.047712, count=960
[09:17:11.026146] [WARNING] [pdc_server.c:696] PDC_SERVER[33]: [TIMER] id=0, name=open, avg=0.000507, total=0.486289, count=960
[09:17:11.026215] [WARNING] [pdc_server.c:696] PDC_SERVER[33]: [TIMER] id=1, name=close, avg=0.000395, total=0.378740, count=960
[09:17:11.026221] [WARNING] [pdc_server.c:696] PDC_SERVER[33]: [TIMER] id=2, name=read, avg=0.017283, total=16.591923, count=960
[09:17:11.026225] [WARNING] [pdc_server.c:696] PDC_SERVER[33]: [TIMER] id=4, name=total_graph_exec, avg=0.397074, total=381.190630, count=960
[09:17:11.026158] [WARNING] [pdc_server.c:696] PDC_SERVER[35]: [TIMER] id=0, name=open, avg=0.000545, total=0.522751, count=960
[09:17:11.026230] [WARNING] [pdc_server.c:696] PDC_SERVER[35]: [TIMER] id=1, name=close, avg=0.000376, total=0.361272, count=960
[09:17:11.026236] [WARNING] [pdc_server.c:696] PDC_SERVER[35]: [TIMER] id=2, name=read, avg=0.031956, total=30.677422, count=960
[09:17:11.026240] [WARNING] [pdc_server.c:696] PDC_SERVER[35]: [TIMER] id=4, name=total_graph_exec, avg=0.402651, total=386.545319, count=960
[09:17:11.026142] [WARNING] [pdc_server.c:696] PDC_SERVER[96]: [TIMER] id=0, name=open, avg=0.000535, total=0.513179, count=960
[09:17:11.026215] [WARNING] [pdc_server.c:696] PDC_SERVER[96]: [TIMER] id=1, name=close, avg=0.000379, total=0.363561, count=960
[09:17:11.026220] [WARNING] [pdc_server.c:696] PDC_SERVER[96]: [TIMER] id=2, name=read, avg=0.032038, total=30.756200, count=960
[09:17:11.026225] [WARNING] [pdc_server.c:696] PDC_SERVER[96]: [TIMER] id=4, name=total_graph_exec, avg=0.400835, total=384.801570, count=960
[09:17:11.026155] [WARNING] [pdc_server.c:696] PDC_SERVER[50]: [TIMER] id=0, name=open, avg=0.000579, total=0.555458, count=960
[09:17:11.026230] [WARNING] [pdc_server.c:696] PDC_SERVER[50]: [TIMER] id=1, name=close, avg=0.000451, total=0.432762, count=960
[09:17:11.026235] [WARNING] [pdc_server.c:696] PDC_SERVER[50]: [TIMER] id=2, name=read, avg=0.017975, total=17.255703, count=960
[09:17:11.026240] [WARNING] [pdc_server.c:696] PDC_SERVER[50]: [TIMER] id=4, name=total_graph_exec, avg=0.397748, total=381.838347, count=960
[09:17:11.026160] [WARNING] [pdc_server.c:696] PDC_SERVER[38]: [TIMER] id=0, name=open, avg=0.000480, total=0.461084, count=960
[09:17:11.026225] [WARNING] [pdc_server.c:696] PDC_SERVER[38]: [TIMER] id=1, name=close, avg=0.000330, total=0.316459, count=960
[09:17:11.026238] [WARNING] [pdc_server.c:696] PDC_SERVER[38]: [TIMER] id=2, name=read, avg=0.021563, total=20.700246, count=960
[09:17:11.026243] [WARNING] [pdc_server.c:696] PDC_SERVER[38]: [TIMER] id=4, name=total_graph_exec, avg=0.396574, total=380.710842, count=960
[09:17:11.026145] [WARNING] [pdc_server.c:696] PDC_SERVER[3]: [TIMER] id=0, name=open, avg=0.000707, total=0.679042, count=960
[09:17:11.026217] [WARNING] [pdc_server.c:696] PDC_SERVER[3]: [TIMER] id=1, name=close, avg=0.000308, total=0.295988, count=960
[09:17:11.026222] [WARNING] [pdc_server.c:696] PDC_SERVER[3]: [TIMER] id=2, name=read, avg=0.033890, total=32.534757, count=960
[09:17:11.026227] [WARNING] [pdc_server.c:696] PDC_SERVER[3]: [TIMER] id=4, name=total_graph_exec, avg=0.402637, total=386.531505, count=960
[09:17:11.026144] [WARNING] [pdc_server.c:696] PDC_SERVER[81]: [TIMER] id=0, name=open, avg=0.000445, total=0.427235, count=960
[09:17:11.026208] [WARNING] [pdc_server.c:696] PDC_SERVER[81]: [TIMER] id=1, name=close, avg=0.000341, total=0.327566, count=960
[09:17:11.026221] [WARNING] [pdc_server.c:696] PDC_SERVER[81]: [TIMER] id=2, name=read, avg=0.018869, total=18.114014, count=960
[09:17:11.026226] [WARNING] [pdc_server.c:696] PDC_SERVER[81]: [TIMER] id=4, name=total_graph_exec, avg=0.396393, total=380.537643, count=960
[09:17:11.026167] [WARNING] [pdc_server.c:696] PDC_SERVER[57]: [TIMER] id=0, name=open, avg=0.000442, total=0.423982, count=960
[09:17:11.026224] [WARNING] [pdc_server.c:696] PDC_SERVER[57]: [TIMER] id=1, name=close, avg=0.000355, total=0.341133, count=960
[09:17:11.026237] [WARNING] [pdc_server.c:696] PDC_SERVER[57]: [TIMER] id=2, name=read, avg=0.026087, total=25.043465, count=960
[09:17:11.026242] [WARNING] [pdc_server.c:696] PDC_SERVER[57]: [TIMER] id=4, name=total_graph_exec, avg=0.398765, total=382.814193, count=960
[09:17:11.026156] [WARNING] [pdc_server.c:696] PDC_SERVER[10]: [TIMER] id=0, name=open, avg=0.000503, total=0.483333, count=960
[09:17:11.026226] [WARNING] [pdc_server.c:696] PDC_SERVER[10]: [TIMER] id=1, name=close, avg=0.000318, total=0.305111, count=960
[09:17:11.026231] [WARNING] [pdc_server.c:696] PDC_SERVER[10]: [TIMER] id=2, name=read, avg=0.030140, total=28.934015, count=960
[09:17:11.026236] [WARNING] [pdc_server.c:696] PDC_SERVER[10]: [TIMER] id=4, name=total_graph_exec, avg=0.400850, total=384.815724, count=960
[09:17:11.026146] [WARNING] [pdc_server.c:696] PDC_SERVER[9]: [TIMER] id=0, name=open, avg=0.000436, total=0.418116, count=960
[09:17:11.026224] [WARNING] [pdc_server.c:696] PDC_SERVER[9]: [TIMER] id=1, name=close, avg=0.000337, total=0.323897, count=960
[09:17:11.026242] [WARNING] [pdc_server.c:696] PDC_SERVER[9]: [TIMER] id=2, name=read, avg=0.028672, total=27.524679, count=960
[09:17:11.026248] [WARNING] [pdc_server.c:696] PDC_SERVER[9]: [TIMER] id=4, name=total_graph_exec, avg=0.401373, total=385.318520, count=960
[09:17:11.026174] [WARNING] [pdc_server.c:696] PDC_SERVER[119]: [TIMER] id=0, name=open, avg=0.000547, total=0.525566, count=960
[09:17:11.026240] [WARNING] [pdc_server.c:696] PDC_SERVER[119]: [TIMER] id=1, name=close, avg=0.000345, total=0.331130, count=960
[09:17:11.026246] [WARNING] [pdc_server.c:696] PDC_SERVER[119]: [TIMER] id=2, name=read, avg=0.027421, total=26.323876, count=960
[09:17:11.026250] [WARNING] [pdc_server.c:696] PDC_SERVER[119]: [TIMER] id=4, name=total_graph_exec, avg=0.397594, total=381.690146, count=960
[09:17:11.026146] [WARNING] [pdc_server.c:696] PDC_SERVER[20]: [TIMER] id=0, name=open, avg=0.000621, total=0.595764, count=960
[09:17:11.026219] [WARNING] [pdc_server.c:696] PDC_SERVER[20]: [TIMER] id=1, name=close, avg=0.000538, total=0.516069, count=960
[09:17:11.026225] [WARNING] [pdc_server.c:696] PDC_SERVER[20]: [TIMER] id=2, name=read, avg=0.016490, total=15.830473, count=960
[09:17:11.026229] [WARNING] [pdc_server.c:696] PDC_SERVER[20]: [TIMER] id=4, name=total_graph_exec, avg=0.395121, total=379.316239, count=960
[09:17:11.026161] [WARNING] [pdc_server.c:696] PDC_SERVER[89]: [TIMER] id=0, name=open, avg=0.000545, total=0.523297, count=960
[09:17:11.026228] [WARNING] [pdc_server.c:696] PDC_SERVER[89]: [TIMER] id=1, name=close, avg=0.000286, total=0.274880, count=960
[09:17:11.026241] [WARNING] [pdc_server.c:696] PDC_SERVER[89]: [TIMER] id=2, name=read, avg=0.030416, total=29.199180, count=960
[09:17:11.026246] [WARNING] [pdc_server.c:696] PDC_SERVER[89]: [TIMER] id=4, name=total_graph_exec, avg=0.401655, total=385.588757, count=960
[09:17:11.026143] [WARNING] [pdc_server.c:696] PDC_SERVER[78]: [TIMER] id=0, name=open, avg=0.000584, total=0.560235, count=960
[09:17:11.026216] [WARNING] [pdc_server.c:696] PDC_SERVER[78]: [TIMER] id=1, name=close, avg=0.000357, total=0.342798, count=960
[09:17:11.026221] [WARNING] [pdc_server.c:696] PDC_SERVER[78]: [TIMER] id=2, name=read, avg=0.030471, total=29.252637, count=960
[09:17:11.026226] [WARNING] [pdc_server.c:696] PDC_SERVER[78]: [TIMER] id=4, name=total_graph_exec, avg=0.400864, total=384.829054, count=960
[09:17:11.026147] [WARNING] [pdc_server.c:696] PDC_SERVER[72]: [TIMER] id=0, name=open, avg=0.000615, total=0.590212, count=960
[09:17:11.026232] [WARNING] [pdc_server.c:696] PDC_SERVER[72]: [TIMER] id=1, name=close, avg=0.000458, total=0.439752, count=960
[09:17:11.026239] [WARNING] [pdc_server.c:696] PDC_SERVER[72]: [TIMER] id=2, name=read, avg=0.030375, total=29.159766, count=960
[09:17:11.026244] [WARNING] [pdc_server.c:696] PDC_SERVER[72]: [TIMER] id=4, name=total_graph_exec, avg=0.401225, total=385.175938, count=960
[09:17:11.026162] [WARNING] [pdc_server.c:696] PDC_SERVER[12]: [TIMER] id=0, name=open, avg=0.000585, total=0.561899, count=960
[09:17:11.026237] [WARNING] [pdc_server.c:696] PDC_SERVER[12]: [TIMER] id=1, name=close, avg=0.000386, total=0.370727, count=960
[09:17:11.026242] [WARNING] [pdc_server.c:696] PDC_SERVER[12]: [TIMER] id=2, name=read, avg=0.027797, total=26.684999, count=960
[09:17:11.026247] [WARNING] [pdc_server.c:696] PDC_SERVER[12]: [TIMER] id=4, name=total_graph_exec, avg=0.399752, total=383.762022, count=960
[09:17:11.026159] [WARNING] [pdc_server.c:696] PDC_SERVER[49]: [TIMER] id=0, name=open, avg=0.000536, total=0.514898, count=960
[09:17:11.026223] [WARNING] [pdc_server.c:696] PDC_SERVER[49]: [TIMER] id=1, name=close, avg=0.000390, total=0.374474, count=960
[09:17:11.026235] [WARNING] [pdc_server.c:696] PDC_SERVER[49]: [TIMER] id=2, name=read, avg=0.030169, total=28.962171, count=960
[09:17:11.026241] [WARNING] [pdc_server.c:696] PDC_SERVER[49]: [TIMER] id=4, name=total_graph_exec, avg=0.400516, total=384.495233, count=960
[09:17:11.026180] [WARNING] [pdc_server.c:696] PDC_SERVER[125]: [TIMER] id=0, name=open, avg=0.000705, total=0.676362, count=960
[09:17:11.026241] [WARNING] [pdc_server.c:696] PDC_SERVER[125]: [TIMER] id=1, name=close, avg=0.000424, total=0.406773, count=960
[09:17:11.026253] [WARNING] [pdc_server.c:696] PDC_SERVER[125]: [TIMER] id=2, name=read, avg=0.036359, total=34.904554, count=960
[09:17:11.026258] [WARNING] [pdc_server.c:696] PDC_SERVER[125]: [TIMER] id=4, name=total_graph_exec, avg=0.401286, total=385.234289, count=960
[09:17:11.026151] [WARNING] [pdc_server.c:696] PDC_SERVER[104]: [TIMER] id=0, name=open, avg=0.000571, total=0.548107, count=960
[09:17:11.026223] [WARNING] [pdc_server.c:696] PDC_SERVER[104]: [TIMER] id=1, name=close, avg=0.000360, total=0.345906, count=960
[09:17:11.026229] [WARNING] [pdc_server.c:696] PDC_SERVER[104]: [TIMER] id=2, name=read, avg=0.031154, total=29.907777, count=960
[09:17:11.026233] [WARNING] [pdc_server.c:696] PDC_SERVER[104]: [TIMER] id=4, name=total_graph_exec, avg=0.401322, total=385.269280, count=960
[09:17:11.026180] [WARNING] [pdc_server.c:696] PDC_SERVER[90]: [TIMER] id=0, name=open, avg=0.000561, total=0.538398, count=960
[09:17:11.026252] [WARNING] [pdc_server.c:696] PDC_SERVER[90]: [TIMER] id=1, name=close, avg=0.000415, total=0.398550, count=960
[09:17:11.026258] [WARNING] [pdc_server.c:696] PDC_SERVER[90]: [TIMER] id=2, name=read, avg=0.030443, total=29.225369, count=960
[09:17:11.026262] [WARNING] [pdc_server.c:696] PDC_SERVER[90]: [TIMER] id=4, name=total_graph_exec, avg=0.400590, total=384.566464, count=960
[09:17:11.026194] [WARNING] [pdc_server.c:696] PDC_SERVER[39]: [TIMER] id=0, name=open, avg=0.000544, total=0.522625, count=960
[09:17:11.026269] [WARNING] [pdc_server.c:696] PDC_SERVER[39]: [TIMER] id=1, name=close, avg=0.000381, total=0.365820, count=960
[09:17:11.026275] [WARNING] [pdc_server.c:696] PDC_SERVER[39]: [TIMER] id=2, name=read, avg=0.031955, total=30.676762, count=960
[09:17:11.026279] [WARNING] [pdc_server.c:696] PDC_SERVER[39]: [TIMER] id=4, name=total_graph_exec, avg=0.401025, total=384.984287, count=960
[09:17:11.026140] [WARNING] [pdc_server.c:696] PDC_SERVER[101]: [TIMER] id=0, name=open, avg=0.000487, total=0.467360, count=960
[09:17:11.026202] [WARNING] [pdc_server.c:696] PDC_SERVER[101]: [TIMER] id=1, name=close, avg=0.000383, total=0.368002, count=960
[09:17:11.026215] [WARNING] [pdc_server.c:696] PDC_SERVER[101]: [TIMER] id=2, name=read, avg=0.017063, total=16.380228, count=960
[09:17:11.026219] [WARNING] [pdc_server.c:696] PDC_SERVER[101]: [TIMER] id=4, name=total_graph_exec, avg=0.396047, total=380.204659, count=960
[09:17:11.026179] [WARNING] [pdc_server.c:696] PDC_SERVER[122]: [TIMER] id=0, name=open, avg=0.000552, total=0.529718, count=960
[09:17:11.026242] [WARNING] [pdc_server.c:696] PDC_SERVER[122]: [TIMER] id=1, name=close, avg=0.000368, total=0.353491, count=960
[09:17:11.026253] [WARNING] [pdc_server.c:696] PDC_SERVER[122]: [TIMER] id=2, name=read, avg=0.029305, total=28.132420, count=960
[09:17:11.026258] [WARNING] [pdc_server.c:696] PDC_SERVER[122]: [TIMER] id=4, name=total_graph_exec, avg=0.400218, total=384.209173, count=960
[09:17:11.026159] [WARNING] [pdc_server.c:696] PDC_SERVER[105]: [TIMER] id=0, name=open, avg=0.000808, total=0.775285, count=960
[09:17:11.026227] [WARNING] [pdc_server.c:696] PDC_SERVER[105]: [TIMER] id=1, name=close, avg=0.000442, total=0.424796, count=960
[09:17:11.026239] [WARNING] [pdc_server.c:696] PDC_SERVER[105]: [TIMER] id=2, name=read, avg=0.030617, total=29.392209, count=960
[09:17:11.026244] [WARNING] [pdc_server.c:696] PDC_SERVER[105]: [TIMER] id=4, name=total_graph_exec, avg=0.402830, total=386.717040, count=960
[09:17:11.026158] [WARNING] [pdc_server.c:696] PDC_SERVER[102]: [TIMER] id=0, name=open, avg=0.000519, total=0.497987, count=960
[09:17:11.026236] [WARNING] [pdc_server.c:696] PDC_SERVER[102]: [TIMER] id=1, name=close, avg=0.000425, total=0.407658, count=960
[09:17:11.026242] [WARNING] [pdc_server.c:696] PDC_SERVER[102]: [TIMER] id=2, name=read, avg=0.034460, total=33.081363, count=960
[09:17:11.026246] [WARNING] [pdc_server.c:696] PDC_SERVER[102]: [TIMER] id=4, name=total_graph_exec, avg=0.402547, total=386.445119, count=960
[09:17:11.026152] [WARNING] [pdc_server.c:696] PDC_SERVER[84]: [TIMER] id=0, name=open, avg=0.000680, total=0.652852, count=960
[09:17:11.026223] [WARNING] [pdc_server.c:696] PDC_SERVER[84]: [TIMER] id=1, name=close, avg=0.000365, total=0.349953, count=960
[09:17:11.026229] [WARNING] [pdc_server.c:696] PDC_SERVER[84]: [TIMER] id=2, name=read, avg=0.030333, total=29.119967, count=960
[09:17:11.026234] [WARNING] [pdc_server.c:696] PDC_SERVER[84]: [TIMER] id=4, name=total_graph_exec, avg=0.400180, total=384.172948, count=960
[09:17:11.026163] [WARNING] [pdc_server.c:696] PDC_SERVER[93]: [TIMER] id=0, name=open, avg=0.000471, total=0.452363, count=960
[09:17:11.026241] [WARNING] [pdc_server.c:696] PDC_SERVER[93]: [TIMER] id=1, name=close, avg=0.000263, total=0.252229, count=960
[09:17:11.026247] [WARNING] [pdc_server.c:696] PDC_SERVER[93]: [TIMER] id=2, name=read, avg=0.033130, total=31.804897, count=960
[09:17:11.026251] [WARNING] [pdc_server.c:696] PDC_SERVER[93]: [TIMER] id=4, name=total_graph_exec, avg=0.402197, total=386.109265, count=960
[09:17:11.026163] [WARNING] [pdc_server.c:696] PDC_SERVER[94]: [TIMER] id=0, name=open, avg=0.000988, total=0.948707, count=960
[09:17:11.026237] [WARNING] [pdc_server.c:696] PDC_SERVER[94]: [TIMER] id=1, name=close, avg=0.000334, total=0.320461, count=960
[09:17:11.026242] [WARNING] [pdc_server.c:696] PDC_SERVER[94]: [TIMER] id=2, name=read, avg=0.031849, total=30.575341, count=960
[09:17:11.026247] [WARNING] [pdc_server.c:696] PDC_SERVER[94]: [TIMER] id=4, name=total_graph_exec, avg=0.400320, total=384.307654, count=960
[09:17:11.026174] [WARNING] [pdc_server.c:696] PDC_SERVER[106]: [TIMER] id=0, name=open, avg=0.000560, total=0.537846, count=960
[09:17:11.026242] [WARNING] [pdc_server.c:696] PDC_SERVER[106]: [TIMER] id=1, name=close, avg=0.000461, total=0.442439, count=960
[09:17:11.026247] [WARNING] [pdc_server.c:696] PDC_SERVER[106]: [TIMER] id=2, name=read, avg=0.033207, total=31.878958, count=960
[09:17:11.026252] [WARNING] [pdc_server.c:696] PDC_SERVER[106]: [TIMER] id=4, name=total_graph_exec, avg=0.404282, total=388.110778, count=960
[09:17:11.026174] [WARNING] [pdc_server.c:696] PDC_SERVER[61]: [TIMER] id=0, name=open, avg=0.000858, total=0.823584, count=960
[09:17:11.026245] [WARNING] [pdc_server.c:696] PDC_SERVER[61]: [TIMER] id=1, name=close, avg=0.000716, total=0.687700, count=960
[09:17:11.026250] [WARNING] [pdc_server.c:696] PDC_SERVER[61]: [TIMER] id=2, name=read, avg=0.030055, total=28.853225, count=960
[09:17:11.026255] [WARNING] [pdc_server.c:696] PDC_SERVER[61]: [TIMER] id=4, name=total_graph_exec, avg=0.400735, total=384.705603, count=960
[09:17:11.026148] [WARNING] [pdc_server.c:696] PDC_SERVER[62]: [TIMER] id=0, name=open, avg=0.000873, total=0.837844, count=960
[09:17:11.026208] [WARNING] [pdc_server.c:696] PDC_SERVER[62]: [TIMER] id=1, name=close, avg=0.000367, total=0.352333, count=960
[09:17:11.026222] [WARNING] [pdc_server.c:696] PDC_SERVER[62]: [TIMER] id=2, name=read, avg=0.021110, total=20.265844, count=960
[09:17:11.026227] [WARNING] [pdc_server.c:696] PDC_SERVER[62]: [TIMER] id=4, name=total_graph_exec, avg=0.397270, total=381.379525, count=960
[09:17:11.026134] [WARNING] [pdc_server.c:696] PDC_SERVER[98]: [TIMER] id=0, name=open, avg=0.000585, total=0.561875, count=960
[09:17:11.026227] [WARNING] [pdc_server.c:696] PDC_SERVER[98]: [TIMER] id=1, name=close, avg=0.000287, total=0.275948, count=960
[09:17:11.026233] [WARNING] [pdc_server.c:696] PDC_SERVER[98]: [TIMER] id=2, name=read, avg=0.042171, total=40.484119, count=960
[09:17:11.026237] [WARNING] [pdc_server.c:696] PDC_SERVER[98]: [TIMER] id=4, name=total_graph_exec, avg=0.403782, total=387.631153, count=960
[09:17:11.026174] [WARNING] [pdc_server.c:696] PDC_SERVER[74]: [TIMER] id=0, name=open, avg=0.000564, total=0.541147, count=960
[09:17:11.026243] [WARNING] [pdc_server.c:696] PDC_SERVER[74]: [TIMER] id=1, name=close, avg=0.000504, total=0.483828, count=960
[09:17:11.026249] [WARNING] [pdc_server.c:696] PDC_SERVER[74]: [TIMER] id=2, name=read, avg=0.016283, total=15.632026, count=960
[09:17:11.026253] [WARNING] [pdc_server.c:696] PDC_SERVER[74]: [TIMER] id=4, name=total_graph_exec, avg=0.396287, total=380.435462, count=960
[09:17:11.026204] [WARNING] [pdc_server.c:696] PDC_SERVER[123]: [TIMER] id=0, name=open, avg=0.000432, total=0.414746, count=960
[09:17:11.026269] [WARNING] [pdc_server.c:696] PDC_SERVER[123]: [TIMER] id=1, name=close, avg=0.000366, total=0.351807, count=960
[09:17:11.026275] [WARNING] [pdc_server.c:696] PDC_SERVER[123]: [TIMER] id=2, name=read, avg=0.025950, total=24.912004, count=960
[09:17:11.026280] [WARNING] [pdc_server.c:696] PDC_SERVER[123]: [TIMER] id=4, name=total_graph_exec, avg=0.399088, total=383.124600, count=960
[09:17:11.026196] [WARNING] [pdc_server.c:696] PDC_SERVER[42]: [TIMER] id=0, name=open, avg=0.000567, total=0.544591, count=960
[09:17:11.026268] [WARNING] [pdc_server.c:696] PDC_SERVER[42]: [TIMER] id=1, name=close, avg=0.000360, total=0.345339, count=960
[09:17:11.026273] [WARNING] [pdc_server.c:696] PDC_SERVER[42]: [TIMER] id=2, name=read, avg=0.030393, total=29.177478, count=960
[09:17:11.026278] [WARNING] [pdc_server.c:696] PDC_SERVER[42]: [TIMER] id=4, name=total_graph_exec, avg=0.401959, total=385.880665, count=960
[09:17:11.026158] [WARNING] [pdc_server.c:696] PDC_SERVER[120]: [TIMER] id=0, name=open, avg=0.000610, total=0.585861, count=960
[09:17:11.026231] [WARNING] [pdc_server.c:696] PDC_SERVER[120]: [TIMER] id=1, name=close, avg=0.000389, total=0.373802, count=960
[09:17:11.026236] [WARNING] [pdc_server.c:696] PDC_SERVER[120]: [TIMER] id=2, name=read, avg=0.028084, total=26.960844, count=960
[09:17:11.026241] [WARNING] [pdc_server.c:696] PDC_SERVER[120]: [TIMER] id=4, name=total_graph_exec, avg=0.399697, total=383.709411, count=960
[09:17:11.026165] [WARNING] [pdc_server.c:696] PDC_SERVER[87]: [TIMER] id=0, name=open, avg=0.000703, total=0.674680, count=960
[09:17:11.026233] [WARNING] [pdc_server.c:696] PDC_SERVER[87]: [TIMER] id=1, name=close, avg=0.000505, total=0.484958, count=960
[09:17:11.026239] [WARNING] [pdc_server.c:696] PDC_SERVER[87]: [TIMER] id=2, name=read, avg=0.030654, total=29.427587, count=960
[09:17:11.026243] [WARNING] [pdc_server.c:696] PDC_SERVER[87]: [TIMER] id=4, name=total_graph_exec, avg=0.399418, total=383.441277, count=960
[09:17:11.026189] [WARNING] [pdc_server.c:696] PDC_SERVER[79]: [TIMER] id=0, name=open, avg=0.000533, total=0.511825, count=960
[09:17:11.026258] [WARNING] [pdc_server.c:696] PDC_SERVER[79]: [TIMER] id=1, name=close, avg=0.000406, total=0.389956, count=960
[09:17:11.026274] [WARNING] [pdc_server.c:696] PDC_SERVER[79]: [TIMER] id=2, name=read, avg=0.041513, total=39.852916, count=960
[09:17:11.026279] [WARNING] [pdc_server.c:696] PDC_SERVER[79]: [TIMER] id=4, name=total_graph_exec, avg=0.403929, total=387.771479, count=960
[09:17:11.026178] [WARNING] [pdc_server.c:696] PDC_SERVER[11]: [TIMER] id=0, name=open, avg=0.000606, total=0.581874, count=960
[09:17:11.026248] [WARNING] [pdc_server.c:696] PDC_SERVER[11]: [TIMER] id=1, name=close, avg=0.000463, total=0.444734, count=960
[09:17:11.026253] [WARNING] [pdc_server.c:696] PDC_SERVER[11]: [TIMER] id=2, name=read, avg=0.018644, total=17.898027, count=960
[09:17:11.026258] [WARNING] [pdc_server.c:696] PDC_SERVER[11]: [TIMER] id=4, name=total_graph_exec, avg=0.396290, total=380.438569, count=960
[09:17:11.026180] [WARNING] [pdc_server.c:696] PDC_SERVER[108]: [TIMER] id=0, name=open, avg=0.000611, total=0.586456, count=960
[09:17:11.026245] [WARNING] [pdc_server.c:696] PDC_SERVER[108]: [TIMER] id=1, name=close, avg=0.000376, total=0.361297, count=960
[09:17:11.026260] [WARNING] [pdc_server.c:696] PDC_SERVER[108]: [TIMER] id=2, name=read, avg=0.030218, total=29.009338, count=960
[09:17:11.026264] [WARNING] [pdc_server.c:696] PDC_SERVER[108]: [TIMER] id=4, name=total_graph_exec, avg=0.400536, total=384.514781, count=960
[09:17:11.026171] [WARNING] [pdc_server.c:696] PDC_SERVER[117]: [TIMER] id=0, name=open, avg=0.000669, total=0.642510, count=960
[09:17:11.026243] [WARNING] [pdc_server.c:696] PDC_SERVER[117]: [TIMER] id=1, name=close, avg=0.000340, total=0.326616, count=960
[09:17:11.026249] [WARNING] [pdc_server.c:696] PDC_SERVER[117]: [TIMER] id=2, name=read, avg=0.030321, total=29.108215, count=960
[09:17:11.026253] [WARNING] [pdc_server.c:696] PDC_SERVER[117]: [TIMER] id=4, name=total_graph_exec, avg=0.400830, total=384.796884, count=960
[09:17:11.026159] [WARNING] [pdc_server.c:696] PDC_SERVER[23]: [TIMER] id=0, name=open, avg=0.000666, total=0.639799, count=960
[09:17:11.026235] [WARNING] [pdc_server.c:696] PDC_SERVER[23]: [TIMER] id=1, name=close, avg=0.000512, total=0.491876, count=960
[09:17:11.026241] [WARNING] [pdc_server.c:696] PDC_SERVER[23]: [TIMER] id=2, name=read, avg=0.029390, total=28.214563, count=960
[09:17:11.026245] [WARNING] [pdc_server.c:696] PDC_SERVER[23]: [TIMER] id=4, name=total_graph_exec, avg=0.399553, total=383.570972, count=960
[09:17:11.026160] [WARNING] [pdc_server.c:696] PDC_SERVER[86]: [TIMER] id=0, name=open, avg=0.000548, total=0.525639, count=960
[09:17:11.026236] [WARNING] [pdc_server.c:696] PDC_SERVER[86]: [TIMER] id=1, name=close, avg=0.000614, total=0.589227, count=960
[09:17:11.026241] [WARNING] [pdc_server.c:696] PDC_SERVER[86]: [TIMER] id=2, name=read, avg=0.029739, total=28.549853, count=960
[09:17:11.026246] [WARNING] [pdc_server.c:696] PDC_SERVER[86]: [TIMER] id=4, name=total_graph_exec, avg=0.400641, total=384.614937, count=960
[09:17:11.026171] [WARNING] [pdc_server.c:696] PDC_SERVER[26]: [TIMER] id=0, name=open, avg=0.000556, total=0.533708, count=960
[09:17:11.026257] [WARNING] [pdc_server.c:696] PDC_SERVER[26]: [TIMER] id=1, name=close, avg=0.000322, total=0.309569, count=960
[09:17:11.026262] [WARNING] [pdc_server.c:696] PDC_SERVER[26]: [TIMER] id=2, name=read, avg=0.039736, total=38.146116, count=960
[09:17:11.026267] [WARNING] [pdc_server.c:696] PDC_SERVER[26]: [TIMER] id=4, name=total_graph_exec, avg=0.401577, total=385.514198, count=960
[09:17:11.026152] [WARNING] [pdc_server.c:696] PDC_SERVER[29]: [TIMER] id=0, name=open, avg=0.000531, total=0.509689, count=960
[09:17:11.026231] [WARNING] [pdc_server.c:696] PDC_SERVER[29]: [TIMER] id=1, name=close, avg=0.000421, total=0.404324, count=960
[09:17:11.026237] [WARNING] [pdc_server.c:696] PDC_SERVER[29]: [TIMER] id=2, name=read, avg=0.016604, total=15.940114, count=960
[09:17:11.026242] [WARNING] [pdc_server.c:696] PDC_SERVER[29]: [TIMER] id=4, name=total_graph_exec, avg=0.395879, total=380.044052, count=960
[09:17:11.026191] [WARNING] [pdc_server.c:696] PDC_SERVER[107]: [TIMER] id=0, name=open, avg=0.000640, total=0.614433, count=960
[09:17:11.026262] [WARNING] [pdc_server.c:696] PDC_SERVER[107]: [TIMER] id=1, name=close, avg=0.000531, total=0.510092, count=960
[09:17:11.026268] [WARNING] [pdc_server.c:696] PDC_SERVER[107]: [TIMER] id=2, name=read, avg=0.022931, total=22.013454, count=960
[09:17:11.026273] [WARNING] [pdc_server.c:696] PDC_SERVER[107]: [TIMER] id=4, name=total_graph_exec, avg=0.399257, total=383.286803, count=960
[09:17:11.026193] [WARNING] [pdc_server.c:696] PDC_SERVER[15]: [TIMER] id=0, name=open, avg=0.000544, total=0.522229, count=960
[09:17:11.026267] [WARNING] [pdc_server.c:696] PDC_SERVER[15]: [TIMER] id=1, name=close, avg=0.000440, total=0.422644, count=960
[09:17:11.026278] [WARNING] [pdc_server.c:696] PDC_SERVER[15]: [TIMER] id=2, name=read, avg=0.030209, total=29.000202, count=960
[09:17:11.026284] [WARNING] [pdc_server.c:696] PDC_SERVER[15]: [TIMER] id=4, name=total_graph_exec, avg=0.400538, total=384.516435, count=960
[09:17:11.026168] [WARNING] [pdc_server.c:696] PDC_SERVER[54]: [TIMER] id=0, name=open, avg=0.000470, total=0.450911, count=960
[09:17:11.026242] [WARNING] [pdc_server.c:696] PDC_SERVER[54]: [TIMER] id=1, name=close, avg=0.000352, total=0.337512, count=960
[09:17:11.026248] [WARNING] [pdc_server.c:696] PDC_SERVER[54]: [TIMER] id=2, name=read, avg=0.032740, total=31.430060, count=960
[09:17:11.026253] [WARNING] [pdc_server.c:696] PDC_SERVER[54]: [TIMER] id=4, name=total_graph_exec, avg=0.400935, total=384.897820, count=960
[09:17:11.026152] [WARNING] [pdc_server.c:696] PDC_SERVER[70]: [TIMER] id=0, name=open, avg=0.000539, total=0.517871, count=960
[09:17:11.026226] [WARNING] [pdc_server.c:696] PDC_SERVER[70]: [TIMER] id=1, name=close, avg=0.000353, total=0.338630, count=960
[09:17:11.026231] [WARNING] [pdc_server.c:696] PDC_SERVER[70]: [TIMER] id=2, name=read, avg=0.030361, total=29.146646, count=960
[09:17:11.026236] [WARNING] [pdc_server.c:696] PDC_SERVER[70]: [TIMER] id=4, name=total_graph_exec, avg=0.401882, total=385.806815, count=960
[09:17:11.026161] [WARNING] [pdc_server.c:696] PDC_SERVER[109]: [TIMER] id=0, name=open, avg=0.000524, total=0.502960, count=960
[09:17:11.026224] [WARNING] [pdc_server.c:696] PDC_SERVER[109]: [TIMER] id=1, name=close, avg=0.000446, total=0.428357, count=960
[09:17:11.026244] [WARNING] [pdc_server.c:696] PDC_SERVER[109]: [TIMER] id=2, name=read, avg=0.030353, total=29.139131, count=960
[09:17:11.026249] [WARNING] [pdc_server.c:696] PDC_SERVER[109]: [TIMER] id=4, name=total_graph_exec, avg=0.400887, total=384.851630, count=960
[09:17:11.026214] [WARNING] [pdc_server.c:696] PDC_SERVER[127]: [TIMER] id=0, name=open, avg=0.000523, total=0.501802, count=960
[09:17:11.026288] [WARNING] [pdc_server.c:696] PDC_SERVER[127]: [TIMER] id=1, name=close, avg=0.000407, total=0.391182, count=960
[09:17:11.026293] [WARNING] [pdc_server.c:696] PDC_SERVER[127]: [TIMER] id=2, name=read, avg=0.029980, total=28.780543, count=960
[09:17:11.026298] [WARNING] [pdc_server.c:696] PDC_SERVER[127]: [TIMER] id=4, name=total_graph_exec, avg=0.400183, total=384.175637, count=960
[09:17:11.026130] [WARNING] [pdc_server.c:696] PDC_SERVER[47]: [TIMER] id=0, name=open, avg=0.000597, total=0.573537, count=960
[09:17:11.026210] [WARNING] [pdc_server.c:696] PDC_SERVER[47]: [TIMER] id=1, name=close, avg=0.000370, total=0.355411, count=960
[09:17:11.026215] [WARNING] [pdc_server.c:696] PDC_SERVER[47]: [TIMER] id=2, name=read, avg=0.030337, total=29.123806, count=960
[09:17:11.026220] [WARNING] [pdc_server.c:696] PDC_SERVER[47]: [TIMER] id=4, name=total_graph_exec, avg=0.401260, total=385.209141, count=960
[09:17:11.026197] [WARNING] [pdc_server.c:696] PDC_SERVER[95]: [TIMER] id=0, name=open, avg=0.000423, total=0.405741, count=960
[09:17:11.026266] [WARNING] [pdc_server.c:696] PDC_SERVER[95]: [TIMER] id=1, name=close, avg=0.000399, total=0.383124, count=960
[09:17:11.026271] [WARNING] [pdc_server.c:696] PDC_SERVER[95]: [TIMER] id=2, name=read, avg=0.030107, total=28.903068, count=960
[09:17:11.026276] [WARNING] [pdc_server.c:696] PDC_SERVER[95]: [TIMER] id=4, name=total_graph_exec, avg=0.399858, total=383.863859, count=960
[09:17:11.026168] [WARNING] [pdc_server.c:696] PDC_SERVER[110]: [TIMER] id=0, name=open, avg=0.000568, total=0.545154, count=960
[09:17:11.026247] [WARNING] [pdc_server.c:696] PDC_SERVER[110]: [TIMER] id=1, name=close, avg=0.000395, total=0.379132, count=960
[09:17:11.026253] [WARNING] [pdc_server.c:696] PDC_SERVER[110]: [TIMER] id=2, name=read, avg=0.030196, total=28.988217, count=960
[09:17:11.026258] [WARNING] [pdc_server.c:696] PDC_SERVER[110]: [TIMER] id=4, name=total_graph_exec, avg=0.400757, total=384.726577, count=960
[09:17:11.026289] [WARNING] [pdc_server.c:696] PDC_SERVER[75]: [TIMER] id=0, name=open, avg=0.000529, total=0.507733, count=960
[09:17:11.026361] [WARNING] [pdc_server.c:696] PDC_SERVER[75]: [TIMER] id=1, name=close, avg=0.000343, total=0.329497, count=960
[09:17:11.026367] [WARNING] [pdc_server.c:696] PDC_SERVER[75]: [TIMER] id=2, name=read, avg=0.034587, total=33.203265, count=960
[09:17:11.026372] [WARNING] [pdc_server.c:696] PDC_SERVER[75]: [TIMER] id=4, name=total_graph_exec, avg=0.401634, total=385.568646, count=960
[09:17:11.026187] [WARNING] [pdc_server.c:696] PDC_SERVER[27]: [TIMER] id=0, name=open, avg=0.000557, total=0.534892, count=960
[09:17:11.026269] [WARNING] [pdc_server.c:696] PDC_SERVER[27]: [TIMER] id=1, name=close, avg=0.000441, total=0.423566, count=960
[09:17:11.026275] [WARNING] [pdc_server.c:696] PDC_SERVER[27]: [TIMER] id=2, name=read, avg=0.030567, total=29.344598, count=960
[09:17:11.026279] [WARNING] [pdc_server.c:696] PDC_SERVER[27]: [TIMER] id=4, name=total_graph_exec, avg=0.402607, total=386.502453, count=960
[09:17:11.026181] [WARNING] [pdc_server.c:696] PDC_SERVER[103]: [TIMER] id=0, name=open, avg=0.000758, total=0.727559, count=960
[09:17:11.026256] [WARNING] [pdc_server.c:696] PDC_SERVER[103]: [TIMER] id=1, name=close, avg=0.000441, total=0.423713, count=960
[09:17:11.026262] [WARNING] [pdc_server.c:696] PDC_SERVER[103]: [TIMER] id=2, name=read, avg=0.030137, total=28.931177, count=960
[09:17:11.026267] [WARNING] [pdc_server.c:696] PDC_SERVER[103]: [TIMER] id=4, name=total_graph_exec, avg=0.401120, total=385.075209, count=960
[09:17:11.026172] [WARNING] [pdc_server.c:696] PDC_SERVER[55]: [TIMER] id=0, name=open, avg=0.000560, total=0.537913, count=960
[09:17:11.026254] [WARNING] [pdc_server.c:696] PDC_SERVER[55]: [TIMER] id=1, name=close, avg=0.000420, total=0.403591, count=960
[09:17:11.026259] [WARNING] [pdc_server.c:696] PDC_SERVER[55]: [TIMER] id=2, name=read, avg=0.030435, total=29.217323, count=960
[09:17:11.026264] [WARNING] [pdc_server.c:696] PDC_SERVER[55]: [TIMER] id=4, name=total_graph_exec, avg=0.405457, total=389.239077, count=960
[09:17:11.026156] [WARNING] [pdc_server.c:696] PDC_SERVER[97]: [TIMER] id=0, name=open, avg=0.000545, total=0.522836, count=960
[09:17:11.026229] [WARNING] [pdc_server.c:696] PDC_SERVER[97]: [TIMER] id=1, name=close, avg=0.000404, total=0.387735, count=960
[09:17:11.026243] [WARNING] [pdc_server.c:696] PDC_SERVER[97]: [TIMER] id=2, name=read, avg=0.030180, total=28.972573, count=960
[09:17:11.026247] [WARNING] [pdc_server.c:696] PDC_SERVER[97]: [TIMER] id=4, name=total_graph_exec, avg=0.400655, total=384.629092, count=960
[09:17:11.026200] [WARNING] [pdc_server.c:696] PDC_SERVER[59]: [TIMER] id=0, name=open, avg=0.000623, total=0.597648, count=960
[09:17:11.026268] [WARNING] [pdc_server.c:696] PDC_SERVER[59]: [TIMER] id=1, name=close, avg=0.000448, total=0.429928, count=960
[09:17:11.026273] [WARNING] [pdc_server.c:696] PDC_SERVER[59]: [TIMER] id=2, name=read, avg=0.023077, total=22.154275, count=960
[09:17:11.026278] [WARNING] [pdc_server.c:696] PDC_SERVER[59]: [TIMER] id=4, name=total_graph_exec, avg=0.399555, total=383.572812, count=960
[09:17:11.026196] [WARNING] [pdc_server.c:696] PDC_SERVER[63]: [TIMER] id=0, name=open, avg=0.000590, total=0.565958, count=960
[09:17:11.026273] [WARNING] [pdc_server.c:696] PDC_SERVER[63]: [TIMER] id=1, name=close, avg=0.000384, total=0.368251, count=960
[09:17:11.026278] [WARNING] [pdc_server.c:696] PDC_SERVER[63]: [TIMER] id=2, name=read, avg=0.032745, total=31.435190, count=960
[09:17:11.026283] [WARNING] [pdc_server.c:696] PDC_SERVER[63]: [TIMER] id=4, name=total_graph_exec, avg=0.401288, total=385.236660, count=960
[09:17:11.026189] [WARNING] [pdc_server.c:696] PDC_SERVER[111]: [TIMER] id=0, name=open, avg=0.000634, total=0.608470, count=960
[09:17:11.026256] [WARNING] [pdc_server.c:696] PDC_SERVER[111]: [TIMER] id=1, name=close, avg=0.000544, total=0.522487, count=960
[09:17:11.026262] [WARNING] [pdc_server.c:696] PDC_SERVER[111]: [TIMER] id=2, name=read, avg=0.018050, total=17.327646, count=960
[09:17:11.026266] [WARNING] [pdc_server.c:696] PDC_SERVER[111]: [TIMER] id=4, name=total_graph_exec, avg=0.394655, total=378.869243, count=960
[09:17:11.026189] [WARNING] [pdc_server.c:696] PDC_SERVER[91]: [TIMER] id=0, name=open, avg=0.000573, total=0.549794, count=960
[09:17:11.026277] [WARNING] [pdc_server.c:696] PDC_SERVER[91]: [TIMER] id=1, name=close, avg=0.000467, total=0.448019, count=960
[09:17:11.026283] [WARNING] [pdc_server.c:696] PDC_SERVER[91]: [TIMER] id=2, name=read, avg=0.030340, total=29.125962, count=960
[09:17:11.026287] [WARNING] [pdc_server.c:696] PDC_SERVER[91]: [TIMER] id=4, name=total_graph_exec, avg=0.401812, total=385.739190, count=960
[09:17:11.026175] [WARNING] [pdc_server.c:696] PDC_SERVER[31]: [TIMER] id=0, name=open, avg=0.000484, total=0.465079, count=960
[09:17:11.026246] [WARNING] [pdc_server.c:696] PDC_SERVER[31]: [TIMER] id=1, name=close, avg=0.000363, total=0.348539, count=960
[09:17:11.026252] [WARNING] [pdc_server.c:696] PDC_SERVER[31]: [TIMER] id=2, name=read, avg=0.033598, total=32.253748, count=960
[09:17:11.026256] [WARNING] [pdc_server.c:696] PDC_SERVER[31]: [TIMER] id=4, name=total_graph_exec, avg=0.401506, total=385.445474, count=960
[09:17:11.026213] [WARNING] [pdc_server.c:696] PDC_SERVER[124]: [TIMER] id=0, name=open, avg=0.000585, total=0.562057, count=960
[09:17:11.026298] [WARNING] [pdc_server.c:696] PDC_SERVER[124]: [TIMER] id=1, name=close, avg=0.000405, total=0.388813, count=960
[09:17:11.026304] [WARNING] [pdc_server.c:696] PDC_SERVER[124]: [TIMER] id=2, name=read, avg=0.029573, total=28.390286, count=960
[09:17:11.026308] [WARNING] [pdc_server.c:696] PDC_SERVER[124]: [TIMER] id=4, name=total_graph_exec, avg=0.400371, total=384.355726, count=960
[09:17:11.026205] [WARNING] [pdc_server.c:696] PDC_SERVER[60]: [TIMER] id=0, name=open, avg=0.000631, total=0.605353, count=960
[09:17:11.026278] [WARNING] [pdc_server.c:696] PDC_SERVER[60]: [TIMER] id=1, name=close, avg=0.000443, total=0.425502, count=960
[09:17:11.026292] [WARNING] [pdc_server.c:696] PDC_SERVER[60]: [TIMER] id=2, name=read, avg=0.030430, total=29.212903, count=960
[09:17:11.026297] [WARNING] [pdc_server.c:696] PDC_SERVER[60]: [TIMER] id=4, name=total_graph_exec, avg=0.401283, total=385.231765, count=960
[09:17:11.026179] [WARNING] [pdc_server.c:696] PDC_SERVER[58]: [TIMER] id=0, name=open, avg=0.000762, total=0.731203, count=960
[09:17:11.026235] [WARNING] [pdc_server.c:696] PDC_SERVER[58]: [TIMER] id=1, name=close, avg=0.000400, total=0.384457, count=960
[09:17:11.026247] [WARNING] [pdc_server.c:696] PDC_SERVER[58]: [TIMER] id=2, name=read, avg=0.025367, total=24.352625, count=960
[09:17:11.026252] [WARNING] [pdc_server.c:696] PDC_SERVER[58]: [TIMER] id=4, name=total_graph_exec, avg=0.397867, total=381.952105, count=960
[09:17:11.026188] [WARNING] [pdc_server.c:696] PDC_SERVER[44]: [TIMER] id=0, name=open, avg=0.000620, total=0.595108, count=960
[09:17:11.026261] [WARNING] [pdc_server.c:696] PDC_SERVER[44]: [TIMER] id=1, name=close, avg=0.000441, total=0.423516, count=960
[09:17:11.026267] [WARNING] [pdc_server.c:696] PDC_SERVER[44]: [TIMER] id=2, name=read, avg=0.030524, total=29.302811, count=960
[09:17:11.026271] [WARNING] [pdc_server.c:696] PDC_SERVER[44]: [TIMER] id=4, name=total_graph_exec, avg=0.400832, total=384.798885, count=960
[09:17:11.026556] [WARNING] [pdc_server.c:696] PDC_SERVER[5]: [TIMER] id=0, name=open, avg=0.000452, total=0.433800, count=960
[09:17:11.026643] [WARNING] [pdc_server.c:696] PDC_SERVER[5]: [TIMER] id=1, name=close, avg=0.000380, total=0.364646, count=960
[09:17:11.026650] [WARNING] [pdc_server.c:696] PDC_SERVER[5]: [TIMER] id=2, name=read, avg=0.035054, total=33.651750, count=960
[09:17:11.026655] [WARNING] [pdc_server.c:696] PDC_SERVER[5]: [TIMER] id=4, name=total_graph_exec, avg=0.402558, total=386.455589, count=960
[09:17:11.026602] [WARNING] [pdc_server.c:696] PDC_SERVER[1]: [TIMER] id=0, name=open, avg=0.000470, total=0.451466, count=960
[09:17:11.026707] [WARNING] [pdc_server.c:696] PDC_SERVER[1]: [TIMER] id=1, name=close, avg=0.000316, total=0.303385, count=960
[09:17:11.026713] [WARNING] [pdc_server.c:696] PDC_SERVER[1]: [TIMER] id=2, name=read, avg=0.032378, total=31.082974, count=960
[09:17:11.026718] [WARNING] [pdc_server.c:696] PDC_SERVER[1]: [TIMER] id=4, name=total_graph_exec, avg=0.402370, total=386.275424, count=960
[09:17:11.026989] [WARNING] [pdc_server.c:696] PDC_SERVER[76]: [TIMER] id=0, name=open, avg=0.000767, total=0.736633, count=960
[09:17:11.027085] [WARNING] [pdc_server.c:696] PDC_SERVER[76]: [TIMER] id=1, name=close, avg=0.000387, total=0.371422, count=960
[09:17:11.027092] [WARNING] [pdc_server.c:696] PDC_SERVER[76]: [TIMER] id=2, name=read, avg=0.040045, total=38.443606, count=960
[09:17:11.027097] [WARNING] [pdc_server.c:696] PDC_SERVER[76]: [TIMER] id=4, name=total_graph_exec, avg=0.402421, total=386.323710, count=960
[09:17:11.026951] [WARNING] [pdc_server.c:696] PDC_SERVER[43]: [TIMER] id=0, name=open, avg=0.000607, total=0.582454, count=960
[09:17:11.027041] [WARNING] [pdc_server.c:696] PDC_SERVER[43]: [TIMER] id=1, name=close, avg=0.000558, total=0.535693, count=960
[09:17:11.027059] [WARNING] [pdc_server.c:696] PDC_SERVER[43]: [TIMER] id=2, name=read, avg=0.036577, total=35.114190, count=960
[09:17:11.027065] [WARNING] [pdc_server.c:696] PDC_SERVER[43]: [TIMER] id=4, name=total_graph_exec, avg=0.402945, total=386.827307, count=960
[09:17:11.026551] [WARNING] [pdc_server.c:696] PDC_SERVER[7]: [TIMER] id=0, name=open, avg=0.000460, total=0.441619, count=960
[09:17:11.027006] [WARNING] [pdc_server.c:696] PDC_SERVER[7]: [TIMER] id=1, name=close, avg=0.000300, total=0.288211, count=960
[09:17:11.027012] [WARNING] [pdc_server.c:696] PDC_SERVER[7]: [TIMER] id=2, name=read, avg=0.043498, total=41.758131, count=960
[09:17:11.027017] [WARNING] [pdc_server.c:696] PDC_SERVER[7]: [TIMER] id=4, name=total_graph_exec, avg=0.402273, total=386.182518, count=960
[09:17:11.026735] [WARNING] [pdc_server.c:696] PDC_SERVER[17]: [TIMER] id=0, name=open, avg=0.000623, total=0.597919, count=960
[09:17:11.026825] [WARNING] [pdc_server.c:696] PDC_SERVER[17]: [TIMER] id=1, name=close, avg=0.000301, total=0.289011, count=960
[09:17:11.026844] [WARNING] [pdc_server.c:696] PDC_SERVER[17]: [TIMER] id=2, name=read, avg=0.048897, total=46.941340, count=960
[09:17:11.026849] [WARNING] [pdc_server.c:696] PDC_SERVER[17]: [TIMER] id=4, name=total_graph_exec, avg=0.404203, total=388.034830, count=960
[09:17:11.026802] [WARNING] [pdc_server.c:696] PDC_SERVER[65]: [TIMER] id=0, name=open, avg=0.000446, total=0.428295, count=960
[09:17:11.027282] [WARNING] [pdc_server.c:696] PDC_SERVER[65]: [TIMER] id=1, name=close, avg=0.000244, total=0.233961, count=960
[09:17:11.027289] [WARNING] [pdc_server.c:696] PDC_SERVER[65]: [TIMER] id=2, name=read, avg=0.040520, total=38.899678, count=960
[09:17:11.027294] [WARNING] [pdc_server.c:696] PDC_SERVER[65]: [TIMER] id=4, name=total_graph_exec, avg=0.403329, total=387.195965, count=960
[09:17:11.027086] [WARNING] [pdc_server.c:696] PDC_SERVER[92]: [TIMER] id=0, name=open, avg=0.000961, total=0.922380, count=960
[09:17:11.027186] [WARNING] [pdc_server.c:696] PDC_SERVER[92]: [TIMER] id=1, name=close, avg=0.000302, total=0.289756, count=960
[09:17:11.027193] [WARNING] [pdc_server.c:696] PDC_SERVER[92]: [TIMER] id=2, name=read, avg=0.034577, total=33.193673, count=960
[09:17:11.027198] [WARNING] [pdc_server.c:696] PDC_SERVER[92]: [TIMER] id=4, name=total_graph_exec, avg=0.402972, total=386.853251, count=960
[09:17:11.026675] [WARNING] [pdc_server.c:696] PDC_SERVER[68]: [TIMER] id=0, name=open, avg=0.000997, total=0.956998, count=960
[09:17:11.027122] [WARNING] [pdc_server.c:696] PDC_SERVER[68]: [TIMER] id=1, name=close, avg=0.000266, total=0.254989, count=960
[09:17:11.027142] [WARNING] [pdc_server.c:696] PDC_SERVER[68]: [TIMER] id=2, name=read, avg=0.043738, total=41.988090, count=960
[09:17:11.027148] [WARNING] [pdc_server.c:696] PDC_SERVER[68]: [TIMER] id=4, name=total_graph_exec, avg=0.403193, total=387.064814, count=960
[09:17:11.027042] [WARNING] [pdc_server.c:696] PDC_SERVER[114]: [TIMER] id=0, name=open, avg=0.000461, total=0.442563, count=960
[09:17:11.027126] [WARNING] [pdc_server.c:696] PDC_SERVER[114]: [TIMER] id=1, name=close, avg=0.000291, total=0.279721, count=960
[09:17:11.027132] [WARNING] [pdc_server.c:696] PDC_SERVER[114]: [TIMER] id=2, name=read, avg=0.030168, total=28.961409, count=960
[09:17:11.027138] [WARNING] [pdc_server.c:696] PDC_SERVER[114]: [TIMER] id=4, name=total_graph_exec, avg=0.400704, total=384.675770, count=960
[09:17:11.027002] [WARNING] [pdc_server.c:696] PDC_SERVER[13]: [TIMER] id=0, name=open, avg=0.000547, total=0.525338, count=960
[09:17:11.027558] [WARNING] [pdc_server.c:696] PDC_SERVER[13]: [TIMER] id=1, name=close, avg=0.000328, total=0.314932, count=960
[09:17:11.027564] [WARNING] [pdc_server.c:696] PDC_SERVER[13]: [TIMER] id=2, name=read, avg=0.034526, total=33.145359, count=960
[09:17:11.027569] [WARNING] [pdc_server.c:696] PDC_SERVER[13]: [TIMER] id=4, name=total_graph_exec, avg=0.402951, total=386.833008, count=960
