[08:59:14.831866] [WARNING] [pdc_server_data.c:122] PDC_SERVER[0]: Total Lustre OSTs, PDC Servers: 256, 128
[08:59:14.831909] [WARNING] [pdc_server_data.c:123] PDC_SERVER[0]: Setting Lustre stripe count to 2 and size to 16 MB
[09:06:15.723059] [WARNING] [pdc_server.c:1184] PDC_SERVER[0]: Checkpoint start
[09:06:15.752638] [WARNING] [pdc_server.c:1376] PDC_SERVER[0]: Writing checkpoint transformations start
[09:06:15.754116] [WARNING] [pdc_server.c:1558] PDC_SERVER[0]: Writing checkpoint transformations done
[09:06:33.994266] [WARNING] [pdc_server.c:1595] PDC_SERVER[0]: Rank[ALL]: Total checkpoint time = 18.270966
[09:06:33.996038] [WARNING] [pdc_server.c:1602] PDC_SERVER[0]: Checkpointing done
[09:06:33.996139] [WARNING] [pdc_server.c:696] PDC_SERVER[0]: [TIMER] id=0, name=open, avg=0.000567, total=0.544405, count=960
[09:06:33.996152] [WARNING] [pdc_server.c:696] PDC_SERVER[0]: [TIMER] id=1, name=close, avg=0.000213, total=0.204396, count=960
[09:06:33.996157] [WARNING] [pdc_server.c:696] PDC_SERVER[0]: [TIMER] id=3, name=write, avg=0.037547, total=36.044953, count=960
[09:06:33.996162] [WARNING] [pdc_server.c:696] PDC_SERVER[0]: [TIMER] id=4, name=total_graph_exec, avg=0.437460, total=419.961438, count=960
[09:06:33.996190] [WARNING] [pdc_server.c:696] PDC_SERVER[120]: [TIMER] id=0, name=open, avg=0.000632, total=0.607026, count=960
[09:06:33.996287] [WARNING] [pdc_server.c:696] PDC_SERVER[120]: [TIMER] id=1, name=close, avg=0.000233, total=0.223508, count=960
[09:06:33.996293] [WARNING] [pdc_server.c:696] PDC_SERVER[120]: [TIMER] id=3, name=write, avg=0.038077, total=36.553988, count=960
[09:06:33.996298] [WARNING] [pdc_server.c:696] PDC_SERVER[120]: [TIMER] id=4, name=total_graph_exec, avg=0.441777, total=424.106373, count=960
[09:06:33.996239] [WARNING] [pdc_server.c:696] PDC_SERVER[28]: [TIMER] id=0, name=open, avg=0.000721, total=0.692078, count=960
[09:06:33.996296] [WARNING] [pdc_server.c:696] PDC_SERVER[28]: [TIMER] id=1, name=close, avg=0.000359, total=0.344391, count=960
[09:06:33.996319] [WARNING] [pdc_server.c:696] PDC_SERVER[28]: [TIMER] id=3, name=write, avg=0.041762, total=40.091730, count=960
[09:06:33.996324] [WARNING] [pdc_server.c:696] PDC_SERVER[28]: [TIMER] id=4, name=total_graph_exec, avg=0.434318, total=416.944874, count=960
[09:06:33.996169] [WARNING] [pdc_server.c:696] PDC_SERVER[98]: [TIMER] id=0, name=open, avg=0.000568, total=0.545164, count=960
[09:06:33.996248] [WARNING] [pdc_server.c:696] PDC_SERVER[98]: [TIMER] id=1, name=close, avg=0.000222, total=0.213218, count=960
[09:06:33.996254] [WARNING] [pdc_server.c:696] PDC_SERVER[98]: [TIMER] id=3, name=write, avg=0.038012, total=36.491499, count=960
[09:06:33.996259] [WARNING] [pdc_server.c:696] PDC_SERVER[98]: [TIMER] id=4, name=total_graph_exec, avg=0.432592, total=415.287988, count=960
[09:06:33.996225] [WARNING] [pdc_server.c:696] PDC_SERVER[47]: [TIMER] id=0, name=open, avg=0.000576, total=0.553329, count=960
[09:06:33.996306] [WARNING] [pdc_server.c:696] PDC_SERVER[47]: [TIMER] id=1, name=close, avg=0.000226, total=0.216757, count=960
[09:06:33.996312] [WARNING] [pdc_server.c:696] PDC_SERVER[47]: [TIMER] id=3, name=write, avg=0.037860, total=36.345598, count=960
[09:06:33.996317] [WARNING] [pdc_server.c:696] PDC_SERVER[47]: [TIMER] id=4, name=total_graph_exec, avg=0.435132, total=417.726569, count=960
[09:06:33.996289] [WARNING] [pdc_server.c:696] PDC_SERVER[27]: [TIMER] id=0, name=open, avg=0.000597, total=0.573068, count=960
[09:06:33.996398] [WARNING] [pdc_server.c:696] PDC_SERVER[27]: [TIMER] id=1, name=close, avg=0.000225, total=0.215584, count=960
[09:06:33.996404] [WARNING] [pdc_server.c:696] PDC_SERVER[27]: [TIMER] id=3, name=write, avg=0.037819, total=36.306313, count=960
[09:06:33.996409] [WARNING] [pdc_server.c:696] PDC_SERVER[27]: [TIMER] id=4, name=total_graph_exec, avg=0.440492, total=422.871844, count=960
[09:06:33.996269] [WARNING] [pdc_server.c:696] PDC_SERVER[6]: [TIMER] id=0, name=open, avg=0.000932, total=0.894260, count=960
[09:06:33.996365] [WARNING] [pdc_server.c:696] PDC_SERVER[6]: [TIMER] id=1, name=close, avg=0.000383, total=0.367626, count=960
[09:06:33.996371] [WARNING] [pdc_server.c:696] PDC_SERVER[6]: [TIMER] id=3, name=write, avg=0.037762, total=36.251271, count=960
[09:06:33.996376] [WARNING] [pdc_server.c:696] PDC_SERVER[6]: [TIMER] id=4, name=total_graph_exec, avg=0.442445, total=424.747377, count=960
[09:06:33.996673] [WARNING] [pdc_server.c:696] PDC_SERVER[76]: [TIMER] id=0, name=open, avg=0.000589, total=0.565230, count=960
[09:06:33.996742] [WARNING] [pdc_server.c:696] PDC_SERVER[76]: [TIMER] id=1, name=close, avg=0.000247, total=0.237223, count=960
[09:06:33.996762] [WARNING] [pdc_server.c:696] PDC_SERVER[76]: [TIMER] id=3, name=write, avg=0.039283, total=37.712104, count=960
[09:06:33.996768] [WARNING] [pdc_server.c:696] PDC_SERVER[76]: [TIMER] id=4, name=total_graph_exec, avg=0.452877, total=434.762050, count=960
[09:06:33.996887] [WARNING] [pdc_server.c:696] PDC_SERVER[64]: [TIMER] id=0, name=open, avg=0.000699, total=0.670571, count=960
[09:06:33.996947] [WARNING] [pdc_server.c:696] PDC_SERVER[64]: [TIMER] id=1, name=close, avg=0.000364, total=0.349896, count=960
[09:06:33.996954] [WARNING] [pdc_server.c:696] PDC_SERVER[64]: [TIMER] id=3, name=write, avg=0.039194, total=37.626563, count=960
[09:06:33.996959] [WARNING] [pdc_server.c:696] PDC_SERVER[64]: [TIMER] id=4, name=total_graph_exec, avg=0.434271, total=416.900617, count=960
[09:06:33.996911] [WARNING] [pdc_server.c:696] PDC_SERVER[104]: [TIMER] id=0, name=open, avg=0.000560, total=0.537289, count=960
[09:06:33.996997] [WARNING] [pdc_server.c:696] PDC_SERVER[104]: [TIMER] id=1, name=close, avg=0.000233, total=0.223515, count=960
[09:06:33.997004] [WARNING] [pdc_server.c:696] PDC_SERVER[104]: [TIMER] id=3, name=write, avg=0.037779, total=36.267930, count=960
[09:06:33.996956] [WARNING] [pdc_server.c:696] PDC_SERVER[88]: [TIMER] id=0, name=open, avg=0.000768, total=0.737553, count=960
[09:06:33.997026] [WARNING] [pdc_server.c:696] PDC_SERVER[88]: [TIMER] id=1, name=close, avg=0.000339, total=0.325843, count=960
[09:06:33.997032] [WARNING] [pdc_server.c:696] PDC_SERVER[88]: [TIMER] id=3, name=write, avg=0.037870, total=36.354734, count=960
[09:06:33.997038] [WARNING] [pdc_server.c:696] PDC_SERVER[88]: [TIMER] id=4, name=total_graph_exec, avg=0.434637, total=417.251571, count=960
[09:06:33.996908] [WARNING] [pdc_server.c:696] PDC_SERVER[80]: [TIMER] id=0, name=open, avg=0.000541, total=0.519550, count=960
[09:06:33.997013] [WARNING] [pdc_server.c:696] PDC_SERVER[80]: [TIMER] id=1, name=close, avg=0.000226, total=0.217048, count=960
[09:06:33.997020] [WARNING] [pdc_server.c:696] PDC_SERVER[80]: [TIMER] id=3, name=write, avg=0.037663, total=36.156157, count=960
[09:06:33.997025] [WARNING] [pdc_server.c:696] PDC_SERVER[80]: [TIMER] id=4, name=total_graph_exec, avg=0.436566, total=419.103321, count=960
[09:06:33.997009] [WARNING] [pdc_server.c:696] PDC_SERVER[104]: [TIMER] id=4, name=total_graph_exec, avg=0.432964, total=415.645738, count=960
[09:06:33.996969] [WARNING] [pdc_server.c:696] PDC_SERVER[32]: [TIMER] id=0, name=open, avg=0.000695, total=0.667027, count=960
[09:06:33.997029] [WARNING] [pdc_server.c:696] PDC_SERVER[32]: [TIMER] id=1, name=close, avg=0.000231, total=0.222238, count=960
[09:06:33.997048] [WARNING] [pdc_server.c:696] PDC_SERVER[32]: [TIMER] id=3, name=write, avg=0.049597, total=47.612962, count=960
[09:06:33.997054] [WARNING] [pdc_server.c:696] PDC_SERVER[32]: [TIMER] id=4, name=total_graph_exec, avg=0.428498, total=411.357699, count=960
[09:06:33.997037] [WARNING] [pdc_server.c:696] PDC_SERVER[24]: [TIMER] id=0, name=open, avg=0.000797, total=0.765575, count=960
[09:06:33.997125] [WARNING] [pdc_server.c:696] PDC_SERVER[24]: [TIMER] id=1, name=close, avg=0.000214, total=0.205182, count=960
[09:06:33.997131] [WARNING] [pdc_server.c:696] PDC_SERVER[24]: [TIMER] id=3, name=write, avg=0.037534, total=36.032512, count=960
[09:06:33.997137] [WARNING] [pdc_server.c:696] PDC_SERVER[24]: [TIMER] id=4, name=total_graph_exec, avg=0.436621, total=419.155894, count=960
[09:06:33.997019] [WARNING] [pdc_server.c:696] PDC_SERVER[72]: [TIMER] id=0, name=open, avg=0.000767, total=0.735891, count=960
[09:06:33.997109] [WARNING] [pdc_server.c:696] PDC_SERVER[72]: [TIMER] id=1, name=close, avg=0.000383, total=0.367743, count=960
[09:06:33.997116] [WARNING] [pdc_server.c:696] PDC_SERVER[72]: [TIMER] id=3, name=write, avg=0.037857, total=36.343144, count=960
[09:06:33.997121] [WARNING] [pdc_server.c:696] PDC_SERVER[72]: [TIMER] id=4, name=total_graph_exec, avg=0.434027, total=416.665472, count=960
[09:06:33.997171] [WARNING] [pdc_server.c:696] PDC_SERVER[56]: [TIMER] id=0, name=open, avg=0.000607, total=0.582886, count=960
[09:06:33.997240] [WARNING] [pdc_server.c:696] PDC_SERVER[56]: [TIMER] id=1, name=close, avg=0.000234, total=0.224230, count=960
[09:06:33.997246] [WARNING] [pdc_server.c:696] PDC_SERVER[56]: [TIMER] id=3, name=write, avg=0.038174, total=36.646817, count=960
[09:06:33.997251] [WARNING] [pdc_server.c:696] PDC_SERVER[56]: [TIMER] id=4, name=total_graph_exec, avg=0.433957, total=416.599128, count=960
[09:06:33.997207] [WARNING] [pdc_server.c:696] PDC_SERVER[8]: [TIMER] id=0, name=open, avg=0.000630, total=0.605058, count=960
[09:06:33.997294] [WARNING] [pdc_server.c:696] PDC_SERVER[8]: [TIMER] id=1, name=close, avg=0.000208, total=0.199926, count=960
[09:06:33.997301] [WARNING] [pdc_server.c:696] PDC_SERVER[8]: [TIMER] id=3, name=write, avg=0.037596, total=36.092453, count=960
[09:06:33.997306] [WARNING] [pdc_server.c:696] PDC_SERVER[8]: [TIMER] id=4, name=total_graph_exec, avg=0.437062, total=419.579712, count=960
[09:06:33.997219] [WARNING] [pdc_server.c:696] PDC_SERVER[96]: [TIMER] id=0, name=open, avg=0.000549, total=0.526592, count=960
[09:06:33.997315] [WARNING] [pdc_server.c:696] PDC_SERVER[96]: [TIMER] id=1, name=close, avg=0.000241, total=0.231470, count=960
[09:06:33.997322] [WARNING] [pdc_server.c:696] PDC_SERVER[96]: [TIMER] id=3, name=write, avg=0.039927, total=38.329884, count=960
[09:06:33.997327] [WARNING] [pdc_server.c:696] PDC_SERVER[96]: [TIMER] id=4, name=total_graph_exec, avg=0.440631, total=423.005358, count=960
[09:06:33.997326] [WARNING] [pdc_server.c:696] PDC_SERVER[49]: [TIMER] id=0, name=open, avg=0.000703, total=0.674721, count=960
[09:06:33.997395] [WARNING] [pdc_server.c:696] PDC_SERVER[49]: [TIMER] id=1, name=close, avg=0.000410, total=0.393592, count=960
[09:06:33.997418] [WARNING] [pdc_server.c:696] PDC_SERVER[49]: [TIMER] id=3, name=write, avg=0.037568, total=36.065159, count=960
[09:06:33.997424] [WARNING] [pdc_server.c:696] PDC_SERVER[49]: [TIMER] id=4, name=total_graph_exec, avg=0.434203, total=416.835280, count=960
[09:06:33.997365] [WARNING] [pdc_server.c:696] PDC_SERVER[15]: [TIMER] id=0, name=open, avg=0.000585, total=0.561391, count=960
[09:06:33.997457] [WARNING] [pdc_server.c:696] PDC_SERVER[15]: [TIMER] id=1, name=close, avg=0.000246, total=0.235680, count=960
[09:06:33.997463] [WARNING] [pdc_server.c:696] PDC_SERVER[15]: [TIMER] id=3, name=write, avg=0.037795, total=36.283453, count=960
[09:06:33.997469] [WARNING] [pdc_server.c:696] PDC_SERVER[15]: [TIMER] id=4, name=total_graph_exec, avg=0.436680, total=419.212432, count=960
[09:06:33.997434] [WARNING] [pdc_server.c:696] PDC_SERVER[4]: [TIMER] id=0, name=open, avg=0.000509, total=0.488418, count=960
[09:06:33.997514] [WARNING] [pdc_server.c:696] PDC_SERVER[4]: [TIMER] id=1, name=close, avg=0.000227, total=0.217479, count=960
[09:06:33.997541] [WARNING] [pdc_server.c:696] PDC_SERVER[4]: [TIMER] id=3, name=write, avg=0.037955, total=36.436638, count=960
[09:06:33.997547] [WARNING] [pdc_server.c:696] PDC_SERVER[4]: [TIMER] id=4, name=total_graph_exec, avg=0.443694, total=425.946319, count=960
[09:06:33.997556] [WARNING] [pdc_server.c:696] PDC_SERVER[74]: [TIMER] id=0, name=open, avg=0.000558, total=0.535443, count=960
[09:06:33.997641] [WARNING] [pdc_server.c:696] PDC_SERVER[74]: [TIMER] id=1, name=close, avg=0.000209, total=0.200466, count=960
[09:06:33.997647] [WARNING] [pdc_server.c:696] PDC_SERVER[74]: [TIMER] id=3, name=write, avg=0.038073, total=36.550263, count=960
[09:06:33.997652] [WARNING] [pdc_server.c:696] PDC_SERVER[74]: [TIMER] id=4, name=total_graph_exec, avg=0.442040, total=424.358825, count=960
[09:06:33.997540] [WARNING] [pdc_server.c:696] PDC_SERVER[50]: [TIMER] id=0, name=open, avg=0.000806, total=0.774077, count=960
[09:06:33.997603] [WARNING] [pdc_server.c:696] PDC_SERVER[50]: [TIMER] id=1, name=close, avg=0.000326, total=0.313349, count=960
[09:06:33.997622] [WARNING] [pdc_server.c:696] PDC_SERVER[50]: [TIMER] id=3, name=write, avg=0.038114, total=36.589348, count=960
[09:06:33.997628] [WARNING] [pdc_server.c:696] PDC_SERVER[50]: [TIMER] id=4, name=total_graph_exec, avg=0.437178, total=419.690989, count=960
[09:06:33.996205] [WARNING] [pdc_server.c:696] PDC_SERVER[9]: [TIMER] id=0, name=open, avg=0.000541, total=0.519153, count=960
[09:06:33.997688] [WARNING] [pdc_server.c:696] PDC_SERVER[9]: [TIMER] id=1, name=close, avg=0.000238, total=0.228900, count=960
[09:06:33.997695] [WARNING] [pdc_server.c:696] PDC_SERVER[9]: [TIMER] id=3, name=write, avg=0.037807, total=36.294409, count=960
[09:06:33.997700] [WARNING] [pdc_server.c:696] PDC_SERVER[9]: [TIMER] id=4, name=total_graph_exec, avg=0.436081, total=418.637535, count=960
[09:06:33.997630] [WARNING] [pdc_server.c:696] PDC_SERVER[5]: [TIMER] id=0, name=open, avg=0.000550, total=0.527609, count=960
[09:06:33.997709] [WARNING] [pdc_server.c:696] PDC_SERVER[5]: [TIMER] id=1, name=close, avg=0.000218, total=0.208946, count=960
[09:06:33.997715] [WARNING] [pdc_server.c:696] PDC_SERVER[5]: [TIMER] id=3, name=write, avg=0.049310, total=47.337941, count=960
[09:06:33.997720] [WARNING] [pdc_server.c:696] PDC_SERVER[5]: [TIMER] id=4, name=total_graph_exec, avg=0.433028, total=415.706861, count=960
[09:06:33.997583] [WARNING] [pdc_server.c:696] PDC_SERVER[101]: [TIMER] id=0, name=open, avg=0.000584, total=0.560324, count=960
[09:06:33.997669] [WARNING] [pdc_server.c:696] PDC_SERVER[101]: [TIMER] id=1, name=close, avg=0.000295, total=0.282842, count=960
[09:06:33.997677] [WARNING] [pdc_server.c:696] PDC_SERVER[101]: [TIMER] id=3, name=write, avg=0.042285, total=40.593374, count=960
[09:06:33.997682] [WARNING] [pdc_server.c:696] PDC_SERVER[101]: [TIMER] id=4, name=total_graph_exec, avg=0.435995, total=418.554948, count=960
[09:06:33.997767] [WARNING] [pdc_server.c:696] PDC_SERVER[16]: [TIMER] id=0, name=open, avg=0.000642, total=0.616685, count=960
[09:06:33.997832] [WARNING] [pdc_server.c:696] PDC_SERVER[16]: [TIMER] id=1, name=close, avg=0.000393, total=0.376836, count=960
[09:06:33.997854] [WARNING] [pdc_server.c:696] PDC_SERVER[16]: [TIMER] id=3, name=write, avg=0.046121, total=44.275968, count=960
[09:06:33.997860] [WARNING] [pdc_server.c:696] PDC_SERVER[16]: [TIMER] id=4, name=total_graph_exec, avg=0.431036, total=413.794607, count=960
[09:06:33.997770] [WARNING] [pdc_server.c:696] PDC_SERVER[68]: [TIMER] id=0, name=open, avg=0.000730, total=0.700851, count=960
[09:06:33.997855] [WARNING] [pdc_server.c:696] PDC_SERVER[68]: [TIMER] id=1, name=close, avg=0.000533, total=0.511219, count=960
[09:06:33.997862] [WARNING] [pdc_server.c:696] PDC_SERVER[68]: [TIMER] id=3, name=write, avg=0.037966, total=36.447529, count=960
[09:06:33.997868] [WARNING] [pdc_server.c:696] PDC_SERVER[68]: [TIMER] id=4, name=total_graph_exec, avg=0.436003, total=418.562478, count=960
[09:06:33.997921] [WARNING] [pdc_server.c:696] PDC_SERVER[71]: [TIMER] id=0, name=open, avg=0.000870, total=0.834886, count=960
[09:06:33.998013] [WARNING] [pdc_server.c:696] PDC_SERVER[71]: [TIMER] id=1, name=close, avg=0.000235, total=0.225263, count=960
[09:06:33.998020] [WARNING] [pdc_server.c:696] PDC_SERVER[71]: [TIMER] id=3, name=write, avg=0.037985, total=36.466014, count=960
[09:06:33.998026] [WARNING] [pdc_server.c:696] PDC_SERVER[71]: [TIMER] id=4, name=total_graph_exec, avg=0.443476, total=425.736977, count=960
[09:06:33.997925] [WARNING] [pdc_server.c:696] PDC_SERVER[105]: [TIMER] id=0, name=open, avg=0.000586, total=0.562261, count=960
[09:06:33.998018] [WARNING] [pdc_server.c:696] PDC_SERVER[105]: [TIMER] id=1, name=close, avg=0.000226, total=0.216594, count=960
[09:06:33.998025] [WARNING] [pdc_server.c:696] PDC_SERVER[105]: [TIMER] id=3, name=write, avg=0.042731, total=41.021377, count=960
[09:06:33.998030] [WARNING] [pdc_server.c:696] PDC_SERVER[105]: [TIMER] id=4, name=total_graph_exec, avg=0.434076, total=416.712937, count=960
[09:06:33.996241] [WARNING] [pdc_server.c:696] PDC_SERVER[99]: [TIMER] id=0, name=open, avg=0.000518, total=0.497639, count=960
[09:06:33.997977] [WARNING] [pdc_server.c:696] PDC_SERVER[99]: [TIMER] id=1, name=close, avg=0.000236, total=0.226275, count=960
[09:06:33.997984] [WARNING] [pdc_server.c:696] PDC_SERVER[99]: [TIMER] id=3, name=write, avg=0.037999, total=36.479436, count=960
[09:06:33.997990] [WARNING] [pdc_server.c:696] PDC_SERVER[99]: [TIMER] id=4, name=total_graph_exec, avg=0.440892, total=423.256500, count=960
[09:06:33.997983] [WARNING] [pdc_server.c:696] PDC_SERVER[84]: [TIMER] id=0, name=open, avg=0.000839, total=0.805407, count=960
[09:06:33.998074] [WARNING] [pdc_server.c:696] PDC_SERVER[84]: [TIMER] id=1, name=close, avg=0.000226, total=0.216817, count=960
[09:06:33.998081] [WARNING] [pdc_server.c:696] PDC_SERVER[84]: [TIMER] id=3, name=write, avg=0.042187, total=40.499318, count=960
[09:06:33.998086] [WARNING] [pdc_server.c:696] PDC_SERVER[84]: [TIMER] id=4, name=total_graph_exec, avg=0.435351, total=417.937282, count=960
[09:06:33.998023] [WARNING] [pdc_server.c:696] PDC_SERVER[117]: [TIMER] id=0, name=open, avg=0.001008, total=0.967924, count=960
[09:06:33.998122] [WARNING] [pdc_server.c:696] PDC_SERVER[117]: [TIMER] id=1, name=close, avg=0.000260, total=0.249166, count=960
[09:06:33.998129] [WARNING] [pdc_server.c:696] PDC_SERVER[117]: [TIMER] id=3, name=write, avg=0.037720, total=36.211403, count=960
[09:06:33.998135] [WARNING] [pdc_server.c:696] PDC_SERVER[117]: [TIMER] id=4, name=total_graph_exec, avg=0.436229, total=418.780317, count=960
[09:06:33.998049] [WARNING] [pdc_server.c:696] PDC_SERVER[112]: [TIMER] id=0, name=open, avg=0.000594, total=0.570631, count=960
[09:06:33.998144] [WARNING] [pdc_server.c:696] PDC_SERVER[112]: [TIMER] id=1, name=close, avg=0.000518, total=0.497291, count=960
[09:06:33.998150] [WARNING] [pdc_server.c:696] PDC_SERVER[112]: [TIMER] id=3, name=write, avg=0.037725, total=36.215681, count=960
[09:06:33.998155] [WARNING] [pdc_server.c:696] PDC_SERVER[112]: [TIMER] id=4, name=total_graph_exec, avg=0.437527, total=420.025922, count=960
[09:06:33.998114] [WARNING] [pdc_server.c:696] PDC_SERVER[83]: [TIMER] id=0, name=open, avg=0.000625, total=0.599764, count=960
[09:06:33.998179] [WARNING] [pdc_server.c:696] PDC_SERVER[83]: [TIMER] id=1, name=close, avg=0.000226, total=0.216558, count=960
[09:06:33.998186] [WARNING] [pdc_server.c:696] PDC_SERVER[83]: [TIMER] id=3, name=write, avg=0.038159, total=36.632317, count=960
[09:06:33.998191] [WARNING] [pdc_server.c:696] PDC_SERVER[83]: [TIMER] id=4, name=total_graph_exec, avg=0.436366, total=418.911428, count=960
[09:06:33.998141] [WARNING] [pdc_server.c:696] PDC_SERVER[12]: [TIMER] id=0, name=open, avg=0.000613, total=0.588154, count=960
[09:06:33.998257] [WARNING] [pdc_server.c:696] PDC_SERVER[12]: [TIMER] id=1, name=close, avg=0.000213, total=0.204346, count=960
[09:06:33.998264] [WARNING] [pdc_server.c:696] PDC_SERVER[12]: [TIMER] id=3, name=write, avg=0.038042, total=36.520030, count=960
[09:06:33.998271] [WARNING] [pdc_server.c:696] PDC_SERVER[12]: [TIMER] id=4, name=total_graph_exec, avg=0.440712, total=423.083106, count=960
[09:06:33.998254] [WARNING] [pdc_server.c:696] PDC_SERVER[93]: [TIMER] id=0, name=open, avg=0.000533, total=0.511720, count=960
[09:06:33.998335] [WARNING] [pdc_server.c:696] PDC_SERVER[93]: [TIMER] id=1, name=close, avg=0.000232, total=0.222671, count=960
[09:06:33.998361] [WARNING] [pdc_server.c:696] PDC_SERVER[93]: [TIMER] id=3, name=write, avg=0.040439, total=38.821264, count=960
[09:06:33.998367] [WARNING] [pdc_server.c:696] PDC_SERVER[93]: [TIMER] id=4, name=total_graph_exec, avg=0.439518, total=421.937125, count=960
[09:06:33.998368] [WARNING] [pdc_server.c:696] PDC_SERVER[1]: [TIMER] id=0, name=open, avg=0.000589, total=0.565733, count=960
[09:06:33.998454] [WARNING] [pdc_server.c:696] PDC_SERVER[1]: [TIMER] id=1, name=close, avg=0.000229, total=0.219860, count=960
[09:06:33.998483] [WARNING] [pdc_server.c:696] PDC_SERVER[1]: [TIMER] id=3, name=write, avg=0.037939, total=36.421604, count=960
[09:06:33.998490] [WARNING] [pdc_server.c:696] PDC_SERVER[1]: [TIMER] id=4, name=total_graph_exec, avg=0.443599, total=425.854960, count=960
[09:06:33.998481] [WARNING] [pdc_server.c:696] PDC_SERVER[25]: [TIMER] id=0, name=open, avg=0.000726, total=0.696516, count=960
[09:06:33.998580] [WARNING] [pdc_server.c:696] PDC_SERVER[25]: [TIMER] id=1, name=close, avg=0.000225, total=0.215935, count=960
[09:06:33.998589] [WARNING] [pdc_server.c:696] PDC_SERVER[25]: [TIMER] id=3, name=write, avg=0.037898, total=36.382085, count=960
[09:06:33.998596] [WARNING] [pdc_server.c:696] PDC_SERVER[25]: [TIMER] id=4, name=total_graph_exec, avg=0.437107, total=419.622812, count=960
[09:06:33.998546] [WARNING] [pdc_server.c:696] PDC_SERVER[41]: [TIMER] id=0, name=open, avg=0.000556, total=0.533702, count=960
[09:06:33.998612] [WARNING] [pdc_server.c:696] PDC_SERVER[41]: [TIMER] id=1, name=close, avg=0.000234, total=0.224366, count=960
[09:06:33.998617] [WARNING] [pdc_server.c:696] PDC_SERVER[41]: [TIMER] id=3, name=write, avg=0.037973, total=36.454087, count=960
[09:06:33.998622] [WARNING] [pdc_server.c:696] PDC_SERVER[41]: [TIMER] id=4, name=total_graph_exec, avg=0.434441, total=417.063773, count=960
[09:06:33.997044] [WARNING] [pdc_server.c:696] PDC_SERVER[48]: [TIMER] id=0, name=open, avg=0.000527, total=0.506230, count=960
[09:06:33.998806] [WARNING] [pdc_server.c:696] PDC_SERVER[48]: [TIMER] id=1, name=close, avg=0.000242, total=0.232730, count=960
[09:06:33.998813] [WARNING] [pdc_server.c:696] PDC_SERVER[48]: [TIMER] id=3, name=write, avg=0.038773, total=37.222158, count=960
[09:06:33.998819] [WARNING] [pdc_server.c:696] PDC_SERVER[48]: [TIMER] id=4, name=total_graph_exec, avg=0.436086, total=418.642950, count=960
[09:06:33.998278] [WARNING] [pdc_server.c:696] PDC_SERVER[17]: [TIMER] id=0, name=open, avg=0.000589, total=0.565046, count=960
[09:06:33.998837] [WARNING] [pdc_server.c:696] PDC_SERVER[17]: [TIMER] id=1, name=close, avg=0.000223, total=0.214428, count=960
[09:06:33.998866] [WARNING] [pdc_server.c:696] PDC_SERVER[17]: [TIMER] id=3, name=write, avg=0.040964, total=39.325916, count=960
[09:06:33.998874] [WARNING] [pdc_server.c:696] PDC_SERVER[17]: [TIMER] id=4, name=total_graph_exec, avg=0.433290, total=415.958480, count=960
[09:06:33.998714] [WARNING] [pdc_server.c:696] PDC_SERVER[13]: [TIMER] id=0, name=open, avg=0.000608, total=0.583943, count=960
[09:06:33.998790] [WARNING] [pdc_server.c:696] PDC_SERVER[13]: [TIMER] id=1, name=close, avg=0.000244, total=0.234643, count=960
[09:06:33.998817] [WARNING] [pdc_server.c:696] PDC_SERVER[13]: [TIMER] id=3, name=write, avg=0.037642, total=36.135975, count=960
[09:06:33.998823] [WARNING] [pdc_server.c:696] PDC_SERVER[13]: [TIMER] id=4, name=total_graph_exec, avg=0.436150, total=418.703992, count=960
[09:06:33.998805] [WARNING] [pdc_server.c:696] PDC_SERVER[73]: [TIMER] id=0, name=open, avg=0.000553, total=0.530731, count=960
[09:06:33.998884] [WARNING] [pdc_server.c:696] PDC_SERVER[73]: [TIMER] id=1, name=close, avg=0.000260, total=0.249798, count=960
[09:06:33.998892] [WARNING] [pdc_server.c:696] PDC_SERVER[73]: [TIMER] id=3, name=write, avg=0.039267, total=37.695988, count=960
[09:06:33.998899] [WARNING] [pdc_server.c:696] PDC_SERVER[73]: [TIMER] id=4, name=total_graph_exec, avg=0.434579, total=417.195435, count=960
[09:06:33.998840] [WARNING] [pdc_server.c:696] PDC_SERVER[90]: [TIMER] id=0, name=open, avg=0.000578, total=0.554522, count=960
[09:06:33.998941] [WARNING] [pdc_server.c:696] PDC_SERVER[90]: [TIMER] id=1, name=close, avg=0.000238, total=0.228068, count=960
[09:06:33.998971] [WARNING] [pdc_server.c:696] PDC_SERVER[90]: [TIMER] id=3, name=write, avg=0.037923, total=36.405758, count=960
[09:06:33.998979] [WARNING] [pdc_server.c:696] PDC_SERVER[90]: [TIMER] id=4, name=total_graph_exec, avg=0.435022, total=417.621543, count=960
[09:06:33.998968] [WARNING] [pdc_server.c:696] PDC_SERVER[40]: [TIMER] id=0, name=open, avg=0.000739, total=0.709310, count=960
[09:06:33.999045] [WARNING] [pdc_server.c:696] PDC_SERVER[40]: [TIMER] id=1, name=close, avg=0.000212, total=0.203311, count=960
[09:06:33.999074] [WARNING] [pdc_server.c:696] PDC_SERVER[40]: [TIMER] id=3, name=write, avg=0.038498, total=36.958556, count=960
[09:06:33.999081] [WARNING] [pdc_server.c:696] PDC_SERVER[40]: [TIMER] id=4, name=total_graph_exec, avg=0.435152, total=417.746053, count=960
[09:06:33.999173] [WARNING] [pdc_server.c:696] PDC_SERVER[29]: [TIMER] id=0, name=open, avg=0.000561, total=0.538317, count=960
[09:06:33.999227] [WARNING] [pdc_server.c:696] PDC_SERVER[29]: [TIMER] id=1, name=close, avg=0.000248, total=0.238105, count=960
[09:06:33.999248] [WARNING] [pdc_server.c:696] PDC_SERVER[29]: [TIMER] id=3, name=write, avg=0.039495, total=37.915009, count=960
[09:06:33.999253] [WARNING] [pdc_server.c:696] PDC_SERVER[29]: [TIMER] id=4, name=total_graph_exec, avg=0.435115, total=417.710757, count=960
[09:06:33.999083] [WARNING] [pdc_server.c:696] PDC_SERVER[36]: [TIMER] id=0, name=open, avg=0.000742, total=0.712347, count=960
[09:06:33.999170] [WARNING] [pdc_server.c:696] PDC_SERVER[36]: [TIMER] id=1, name=close, avg=0.000360, total=0.345865, count=960
[09:06:33.999178] [WARNING] [pdc_server.c:696] PDC_SERVER[36]: [TIMER] id=3, name=write, avg=0.041582, total=39.919063, count=960
[09:06:33.999185] [WARNING] [pdc_server.c:696] PDC_SERVER[36]: [TIMER] id=4, name=total_graph_exec, avg=0.432824, total=415.511123, count=960
[09:06:33.999225] [WARNING] [pdc_server.c:696] PDC_SERVER[42]: [TIMER] id=0, name=open, avg=0.000622, total=0.596876, count=960
[09:06:33.999330] [WARNING] [pdc_server.c:696] PDC_SERVER[42]: [TIMER] id=1, name=close, avg=0.000244, total=0.233985, count=960
[09:06:33.999339] [WARNING] [pdc_server.c:696] PDC_SERVER[42]: [TIMER] id=3, name=write, avg=0.037831, total=36.317904, count=960
[09:06:33.999346] [WARNING] [pdc_server.c:696] PDC_SERVER[42]: [TIMER] id=4, name=total_graph_exec, avg=0.437060, total=419.577281, count=960
[09:06:33.999229] [WARNING] [pdc_server.c:696] PDC_SERVER[122]: [TIMER] id=0, name=open, avg=0.000589, total=0.565184, count=960
[09:06:33.999293] [WARNING] [pdc_server.c:696] PDC_SERVER[122]: [TIMER] id=1, name=close, avg=0.000225, total=0.216163, count=960
[09:06:33.999317] [WARNING] [pdc_server.c:696] PDC_SERVER[122]: [TIMER] id=3, name=write, avg=0.041947, total=40.269047, count=960
[09:06:33.999324] [WARNING] [pdc_server.c:696] PDC_SERVER[122]: [TIMER] id=4, name=total_graph_exec, avg=0.440787, total=423.155795, count=960
[09:06:33.999165] [WARNING] [pdc_server.c:696] PDC_SERVER[118]: [TIMER] id=0, name=open, avg=0.000503, total=0.482988, count=960
[09:06:33.999259] [WARNING] [pdc_server.c:696] PDC_SERVER[118]: [TIMER] id=1, name=close, avg=0.000230, total=0.220560, count=960
[09:06:33.999268] [WARNING] [pdc_server.c:696] PDC_SERVER[118]: [TIMER] id=3, name=write, avg=0.037488, total=35.988151, count=960
[09:06:33.999275] [WARNING] [pdc_server.c:696] PDC_SERVER[118]: [TIMER] id=4, name=total_graph_exec, avg=0.442760, total=425.049382, count=960
[09:06:33.999287] [WARNING] [pdc_server.c:696] PDC_SERVER[102]: [TIMER] id=0, name=open, avg=0.000662, total=0.635538, count=960
[09:06:33.999390] [WARNING] [pdc_server.c:696] PDC_SERVER[102]: [TIMER] id=1, name=close, avg=0.000411, total=0.394547, count=960
[09:06:33.999398] [WARNING] [pdc_server.c:696] PDC_SERVER[102]: [TIMER] id=3, name=write, avg=0.043815, total=42.062479, count=960
[09:06:33.999405] [WARNING] [pdc_server.c:696] PDC_SERVER[102]: [TIMER] id=4, name=total_graph_exec, avg=0.437389, total=419.893652, count=960
[09:06:33.999344] [WARNING] [pdc_server.c:696] PDC_SERVER[115]: [TIMER] id=0, name=open, avg=0.000706, total=0.677973, count=960
[09:06:33.999445] [WARNING] [pdc_server.c:696] PDC_SERVER[115]: [TIMER] id=1, name=close, avg=0.000384, total=0.369085, count=960
[09:06:33.999453] [WARNING] [pdc_server.c:696] PDC_SERVER[115]: [TIMER] id=3, name=write, avg=0.037696, total=36.187748, count=960
[09:06:33.999458] [WARNING] [pdc_server.c:696] PDC_SERVER[115]: [TIMER] id=4, name=total_graph_exec, avg=0.435056, total=417.654239, count=960
[09:06:33.999305] [WARNING] [pdc_server.c:696] PDC_SERVER[57]: [TIMER] id=0, name=open, avg=0.000491, total=0.471832, count=960
[09:06:33.999379] [WARNING] [pdc_server.c:696] PDC_SERVER[57]: [TIMER] id=1, name=close, avg=0.000227, total=0.218188, count=960
[09:06:33.999408] [WARNING] [pdc_server.c:696] PDC_SERVER[57]: [TIMER] id=3, name=write, avg=0.041354, total=39.699556, count=960
[09:06:33.999416] [WARNING] [pdc_server.c:696] PDC_SERVER[57]: [TIMER] id=4, name=total_graph_exec, avg=0.433192, total=415.864630, count=960
[09:06:33.999424] [WARNING] [pdc_server.c:696] PDC_SERVER[33]: [TIMER] id=0, name=open, avg=0.000632, total=0.606512, count=960
[09:06:33.999509] [WARNING] [pdc_server.c:696] PDC_SERVER[33]: [TIMER] id=1, name=close, avg=0.000240, total=0.229927, count=960
[09:06:33.999517] [WARNING] [pdc_server.c:696] PDC_SERVER[33]: [TIMER] id=3, name=write, avg=0.038194, total=36.666682, count=960
[09:06:33.999524] [WARNING] [pdc_server.c:696] PDC_SERVER[33]: [TIMER] id=4, name=total_graph_exec, avg=0.435855, total=418.420881, count=960
[09:06:33.999222] [WARNING] [pdc_server.c:696] PDC_SERVER[19]: [TIMER] id=0, name=open, avg=0.000544, total=0.522073, count=960
[09:06:33.999312] [WARNING] [pdc_server.c:696] PDC_SERVER[19]: [TIMER] id=1, name=close, avg=0.000229, total=0.220092, count=960
[09:06:33.999321] [WARNING] [pdc_server.c:696] PDC_SERVER[19]: [TIMER] id=3, name=write, avg=0.038197, total=36.669035, count=960
[09:06:33.999328] [WARNING] [pdc_server.c:696] PDC_SERVER[19]: [TIMER] id=4, name=total_graph_exec, avg=0.437208, total=419.719418, count=960
[09:06:33.999435] [WARNING] [pdc_server.c:696] PDC_SERVER[54]: [TIMER] id=0, name=open, avg=0.000633, total=0.607560, count=960
[09:06:33.999537] [WARNING] [pdc_server.c:696] PDC_SERVER[54]: [TIMER] id=1, name=close, avg=0.000235, total=0.225737, count=960
[09:06:33.999546] [WARNING] [pdc_server.c:696] PDC_SERVER[54]: [TIMER] id=3, name=write, avg=0.037531, total=36.029680, count=960
[09:06:33.999553] [WARNING] [pdc_server.c:696] PDC_SERVER[54]: [TIMER] id=4, name=total_graph_exec, avg=0.436379, total=418.924153, count=960
[09:06:33.999595] [WARNING] [pdc_server.c:696] PDC_SERVER[44]: [TIMER] id=0, name=open, avg=0.000692, total=0.664516, count=960
[09:06:33.999685] [WARNING] [pdc_server.c:696] PDC_SERVER[44]: [TIMER] id=1, name=close, avg=0.000370, total=0.354758, count=960
[09:06:33.999715] [WARNING] [pdc_server.c:696] PDC_SERVER[44]: [TIMER] id=3, name=write, avg=0.037750, total=36.240396, count=960
[09:06:33.999723] [WARNING] [pdc_server.c:696] PDC_SERVER[44]: [TIMER] id=4, name=total_graph_exec, avg=0.436337, total=418.883316, count=960
[09:06:33.999611] [WARNING] [pdc_server.c:696] PDC_SERVER[124]: [TIMER] id=0, name=open, avg=0.000618, total=0.593210, count=960
[09:06:33.999719] [WARNING] [pdc_server.c:696] PDC_SERVER[124]: [TIMER] id=1, name=close, avg=0.000397, total=0.380759, count=960
[09:06:33.999728] [WARNING] [pdc_server.c:696] PDC_SERVER[124]: [TIMER] id=3, name=write, avg=0.037838, total=36.324488, count=960
[09:06:33.999735] [WARNING] [pdc_server.c:696] PDC_SERVER[124]: [TIMER] id=4, name=total_graph_exec, avg=0.443918, total=426.161666, count=960
[09:06:33.999744] [WARNING] [pdc_server.c:696] PDC_SERVER[97]: [TIMER] id=0, name=open, avg=0.000631, total=0.605313, count=960
[09:06:33.999840] [WARNING] [pdc_server.c:696] PDC_SERVER[97]: [TIMER] id=1, name=close, avg=0.000243, total=0.233452, count=960
[09:06:33.999848] [WARNING] [pdc_server.c:696] PDC_SERVER[97]: [TIMER] id=3, name=write, avg=0.037800, total=36.288451, count=960
[09:06:33.999855] [WARNING] [pdc_server.c:696] PDC_SERVER[97]: [TIMER] id=4, name=total_graph_exec, avg=0.437819, total=420.306484, count=960
[09:06:33.999911] [WARNING] [pdc_server.c:696] PDC_SERVER[45]: [TIMER] id=0, name=open, avg=0.000591, total=0.566996, count=960
[09:06:33.999991] [WARNING] [pdc_server.c:696] PDC_SERVER[45]: [TIMER] id=1, name=close, avg=0.000204, total=0.195432, count=960
[09:06:33.999998] [WARNING] [pdc_server.c:696] PDC_SERVER[45]: [TIMER] id=3, name=write, avg=0.045102, total=43.297758, count=960
[09:06:34.000004] [WARNING] [pdc_server.c:696] PDC_SERVER[45]: [TIMER] id=4, name=total_graph_exec, avg=0.432202, total=414.914236, count=960
[09:06:33.999783] [WARNING] [pdc_server.c:696] PDC_SERVER[125]: [TIMER] id=0, name=open, avg=0.000720, total=0.690734, count=960
[09:06:33.999880] [WARNING] [pdc_server.c:696] PDC_SERVER[125]: [TIMER] id=1, name=close, avg=0.000237, total=0.227796, count=960
[09:06:33.999888] [WARNING] [pdc_server.c:696] PDC_SERVER[125]: [TIMER] id=3, name=write, avg=0.038642, total=37.096799, count=960
[09:06:33.999894] [WARNING] [pdc_server.c:696] PDC_SERVER[125]: [TIMER] id=4, name=total_graph_exec, avg=0.434217, total=416.848550, count=960
[09:06:33.999938] [WARNING] [pdc_server.c:696] PDC_SERVER[82]: [TIMER] id=0, name=open, avg=0.000721, total=0.691763, count=960
[09:06:34.000038] [WARNING] [pdc_server.c:696] PDC_SERVER[82]: [TIMER] id=1, name=close, avg=0.000392, total=0.376274, count=960
[09:06:34.000048] [WARNING] [pdc_server.c:696] PDC_SERVER[82]: [TIMER] id=3, name=write, avg=0.037762, total=36.251262, count=960
[09:06:34.000055] [WARNING] [pdc_server.c:696] PDC_SERVER[82]: [TIMER] id=4, name=total_graph_exec, avg=0.436292, total=418.840554, count=960
[09:06:33.999954] [WARNING] [pdc_server.c:696] PDC_SERVER[51]: [TIMER] id=0, name=open, avg=0.000547, total=0.525393, count=960
[09:06:34.000047] [WARNING] [pdc_server.c:696] PDC_SERVER[51]: [TIMER] id=1, name=close, avg=0.000204, total=0.195614, count=960
[09:06:34.000056] [WARNING] [pdc_server.c:696] PDC_SERVER[51]: [TIMER] id=3, name=write, avg=0.038711, total=37.163001, count=960
[09:06:34.000064] [WARNING] [pdc_server.c:696] PDC_SERVER[51]: [TIMER] id=4, name=total_graph_exec, avg=0.438669, total=421.122124, count=960
[09:06:34.000208] [WARNING] [pdc_server.c:696] PDC_SERVER[108]: [TIMER] id=0, name=open, avg=0.000589, total=0.565043, count=960
[09:06:34.000314] [WARNING] [pdc_server.c:696] PDC_SERVER[108]: [TIMER] id=1, name=close, avg=0.000238, total=0.228424, count=960
[09:06:34.000323] [WARNING] [pdc_server.c:696] PDC_SERVER[108]: [TIMER] id=3, name=write, avg=0.037717, total=36.208270, count=960
[09:06:34.000330] [WARNING] [pdc_server.c:696] PDC_SERVER[108]: [TIMER] id=4, name=total_graph_exec, avg=0.434305, total=416.932771, count=960
[09:06:34.000235] [WARNING] [pdc_server.c:696] PDC_SERVER[10]: [TIMER] id=0, name=open, avg=0.000597, total=0.573362, count=960
[09:06:34.000312] [WARNING] [pdc_server.c:696] PDC_SERVER[10]: [TIMER] id=1, name=close, avg=0.000270, total=0.259389, count=960
[09:06:34.000341] [WARNING] [pdc_server.c:696] PDC_SERVER[10]: [TIMER] id=3, name=write, avg=0.037705, total=36.196589, count=960
[09:06:34.000349] [WARNING] [pdc_server.c:696] PDC_SERVER[10]: [TIMER] id=4, name=total_graph_exec, avg=0.436868, total=419.393654, count=960
[09:06:33.999721] [WARNING] [pdc_server.c:696] PDC_SERVER[85]: [TIMER] id=0, name=open, avg=0.000605, total=0.581210, count=960
[09:06:34.000365] [WARNING] [pdc_server.c:696] PDC_SERVER[85]: [TIMER] id=1, name=close, avg=0.000237, total=0.227635, count=960
[09:06:34.000372] [WARNING] [pdc_server.c:696] PDC_SERVER[85]: [TIMER] id=3, name=write, avg=0.038021, total=36.500240, count=960
[09:06:34.000378] [WARNING] [pdc_server.c:696] PDC_SERVER[85]: [TIMER] id=4, name=total_graph_exec, avg=0.437098, total=419.614156, count=960
[09:06:34.000474] [WARNING] [pdc_server.c:696] PDC_SERVER[116]: [TIMER] id=0, name=open, avg=0.000553, total=0.531184, count=960
[09:06:34.000570] [WARNING] [pdc_server.c:696] PDC_SERVER[116]: [TIMER] id=1, name=close, avg=0.000233, total=0.223719, count=960
[09:06:34.000579] [WARNING] [pdc_server.c:696] PDC_SERVER[116]: [TIMER] id=3, name=write, avg=0.037698, total=36.189750, count=960
[09:06:34.000586] [WARNING] [pdc_server.c:696] PDC_SERVER[116]: [TIMER] id=4, name=total_graph_exec, avg=0.437229, total=419.739954, count=960
[09:06:34.000676] [WARNING] [pdc_server.c:696] PDC_SERVER[110]: [TIMER] id=0, name=open, avg=0.000853, total=0.819333, count=960
[09:06:34.000801] [WARNING] [pdc_server.c:696] PDC_SERVER[110]: [TIMER] id=1, name=close, avg=0.000234, total=0.224282, count=960
[09:06:34.000809] [WARNING] [pdc_server.c:696] PDC_SERVER[110]: [TIMER] id=3, name=write, avg=0.037917, total=36.400601, count=960
[09:06:34.000817] [WARNING] [pdc_server.c:696] PDC_SERVER[110]: [TIMER] id=4, name=total_graph_exec, avg=0.434854, total=417.459497, count=960
[09:06:33.998845] [WARNING] [pdc_server.c:696] PDC_SERVER[11]: [TIMER] id=0, name=open, avg=0.000616, total=0.591033, count=960
[09:06:34.000723] [WARNING] [pdc_server.c:696] PDC_SERVER[11]: [TIMER] id=1, name=close, avg=0.000224, total=0.214772, count=960
[09:06:34.000731] [WARNING] [pdc_server.c:696] PDC_SERVER[11]: [TIMER] id=3, name=write, avg=0.037909, total=36.392921, count=960
[09:06:34.000736] [WARNING] [pdc_server.c:696] PDC_SERVER[11]: [TIMER] id=4, name=total_graph_exec, avg=0.436187, total=418.739928, count=960
[09:06:34.000592] [WARNING] [pdc_server.c:696] PDC_SERVER[100]: [TIMER] id=0, name=open, avg=0.000626, total=0.600873, count=960
[09:06:34.000716] [WARNING] [pdc_server.c:696] PDC_SERVER[100]: [TIMER] id=1, name=close, avg=0.000228, total=0.218646, count=960
[09:06:34.000724] [WARNING] [pdc_server.c:696] PDC_SERVER[100]: [TIMER] id=3, name=write, avg=0.038465, total=36.926776, count=960
[09:06:34.000731] [WARNING] [pdc_server.c:696] PDC_SERVER[100]: [TIMER] id=4, name=total_graph_exec, avg=0.442510, total=424.809958, count=960
[09:06:34.000584] [WARNING] [pdc_server.c:696] PDC_SERVER[121]: [TIMER] id=0, name=open, avg=0.000590, total=0.566200, count=960
[09:06:34.000663] [WARNING] [pdc_server.c:696] PDC_SERVER[121]: [TIMER] id=1, name=close, avg=0.000244, total=0.234381, count=960
[09:06:34.000671] [WARNING] [pdc_server.c:696] PDC_SERVER[121]: [TIMER] id=3, name=write, avg=0.041065, total=39.422686, count=960
[09:06:34.000679] [WARNING] [pdc_server.c:696] PDC_SERVER[121]: [TIMER] id=4, name=total_graph_exec, avg=0.433007, total=415.686514, count=960
[09:06:34.000733] [WARNING] [pdc_server.c:696] PDC_SERVER[67]: [TIMER] id=0, name=open, avg=0.000559, total=0.536931, count=960
[09:06:34.000794] [WARNING] [pdc_server.c:696] PDC_SERVER[67]: [TIMER] id=1, name=close, avg=0.000228, total=0.219292, count=960
[09:06:34.000815] [WARNING] [pdc_server.c:696] PDC_SERVER[67]: [TIMER] id=3, name=write, avg=0.037859, total=36.344675, count=960
[09:06:34.000822] [WARNING] [pdc_server.c:696] PDC_SERVER[67]: [TIMER] id=4, name=total_graph_exec, avg=0.436213, total=418.764587, count=960
[09:06:34.000811] [WARNING] [pdc_server.c:696] PDC_SERVER[77]: [TIMER] id=0, name=open, avg=0.000805, total=0.773202, count=960
[09:06:34.000886] [WARNING] [pdc_server.c:696] PDC_SERVER[77]: [TIMER] id=1, name=close, avg=0.000238, total=0.228719, count=960
[09:06:34.000914] [WARNING] [pdc_server.c:696] PDC_SERVER[77]: [TIMER] id=3, name=write, avg=0.037638, total=36.132206, count=960
[09:06:34.000921] [WARNING] [pdc_server.c:696] PDC_SERVER[77]: [TIMER] id=4, name=total_graph_exec, avg=0.435749, total=418.319094, count=960
[09:06:34.000695] [WARNING] [pdc_server.c:696] PDC_SERVER[66]: [TIMER] id=0, name=open, avg=0.000579, total=0.555586, count=960
[09:06:34.000784] [WARNING] [pdc_server.c:696] PDC_SERVER[66]: [TIMER] id=1, name=close, avg=0.000224, total=0.215339, count=960
[09:06:34.000793] [WARNING] [pdc_server.c:696] PDC_SERVER[66]: [TIMER] id=3, name=write, avg=0.037904, total=36.387825, count=960
[09:06:34.000800] [WARNING] [pdc_server.c:696] PDC_SERVER[66]: [TIMER] id=4, name=total_graph_exec, avg=0.434266, total=416.895823, count=960
[09:06:34.000632] [WARNING] [pdc_server.c:696] PDC_SERVER[127]: [TIMER] id=0, name=open, avg=0.000622, total=0.596733, count=960
[09:06:34.000727] [WARNING] [pdc_server.c:696] PDC_SERVER[127]: [TIMER] id=1, name=close, avg=0.000241, total=0.231215, count=960
[09:06:34.000760] [WARNING] [pdc_server.c:696] PDC_SERVER[127]: [TIMER] id=3, name=write, avg=0.037865, total=36.350339, count=960
[09:06:34.000768] [WARNING] [pdc_server.c:696] PDC_SERVER[127]: [TIMER] id=4, name=total_graph_exec, avg=0.441395, total=423.739358, count=960
[09:06:34.000798] [WARNING] [pdc_server.c:696] PDC_SERVER[106]: [TIMER] id=0, name=open, avg=0.000749, total=0.718903, count=960
[09:06:34.000899] [WARNING] [pdc_server.c:696] PDC_SERVER[106]: [TIMER] id=1, name=close, avg=0.000375, total=0.359537, count=960
[09:06:34.000908] [WARNING] [pdc_server.c:696] PDC_SERVER[106]: [TIMER] id=3, name=write, avg=0.040269, total=38.658537, count=960
[09:06:34.000915] [WARNING] [pdc_server.c:696] PDC_SERVER[106]: [TIMER] id=4, name=total_graph_exec, avg=0.436422, total=418.964646, count=960
[09:06:34.000597] [WARNING] [pdc_server.c:696] PDC_SERVER[52]: [TIMER] id=0, name=open, avg=0.000705, total=0.677101, count=960
[09:06:34.000693] [WARNING] [pdc_server.c:696] PDC_SERVER[52]: [TIMER] id=1, name=close, avg=0.000367, total=0.352783, count=960
[09:06:34.000701] [WARNING] [pdc_server.c:696] PDC_SERVER[52]: [TIMER] id=3, name=write, avg=0.039206, total=37.637351, count=960
[09:06:34.000708] [WARNING] [pdc_server.c:696] PDC_SERVER[52]: [TIMER] id=4, name=total_graph_exec, avg=0.435733, total=418.303542, count=960
[09:06:34.000905] [WARNING] [pdc_server.c:696] PDC_SERVER[69]: [TIMER] id=0, name=open, avg=0.000838, total=0.804463, count=960
[09:06:34.001021] [WARNING] [pdc_server.c:696] PDC_SERVER[69]: [TIMER] id=1, name=close, avg=0.000358, total=0.343310, count=960
[09:06:34.001055] [WARNING] [pdc_server.c:696] PDC_SERVER[69]: [TIMER] id=3, name=write, avg=0.038327, total=36.793830, count=960
[09:06:34.001064] [WARNING] [pdc_server.c:696] PDC_SERVER[69]: [TIMER] id=4, name=total_graph_exec, avg=0.441417, total=423.760547, count=960
[09:06:34.001079] [WARNING] [pdc_server.c:696] PDC_SERVER[92]: [TIMER] id=0, name=open, avg=0.000587, total=0.563783, count=960
[09:06:34.001192] [WARNING] [pdc_server.c:696] PDC_SERVER[92]: [TIMER] id=1, name=close, avg=0.000374, total=0.359040, count=960
[09:06:34.001201] [WARNING] [pdc_server.c:696] PDC_SERVER[92]: [TIMER] id=3, name=write, avg=0.037554, total=36.052214, count=960
[09:06:34.001208] [WARNING] [pdc_server.c:696] PDC_SERVER[92]: [TIMER] id=4, name=total_graph_exec, avg=0.435002, total=417.602210, count=960
[09:06:34.001020] [WARNING] [pdc_server.c:696] PDC_SERVER[37]: [TIMER] id=0, name=open, avg=0.000757, total=0.726507, count=960
[09:06:34.001081] [WARNING] [pdc_server.c:696] PDC_SERVER[37]: [TIMER] id=1, name=close, avg=0.000225, total=0.216436, count=960
[09:06:34.001104] [WARNING] [pdc_server.c:696] PDC_SERVER[37]: [TIMER] id=3, name=write, avg=0.037817, total=36.304780, count=960
[09:06:34.001112] [WARNING] [pdc_server.c:696] PDC_SERVER[37]: [TIMER] id=4, name=total_graph_exec, avg=0.435464, total=418.045445, count=960
[09:06:34.001083] [WARNING] [pdc_server.c:696] PDC_SERVER[70]: [TIMER] id=0, name=open, avg=0.000610, total=0.585547, count=960
[09:06:34.001183] [WARNING] [pdc_server.c:696] PDC_SERVER[70]: [TIMER] id=1, name=close, avg=0.000246, total=0.236138, count=960
[09:06:34.001190] [WARNING] [pdc_server.c:696] PDC_SERVER[70]: [TIMER] id=3, name=write, avg=0.037403, total=35.907098, count=960
[09:06:34.001196] [WARNING] [pdc_server.c:696] PDC_SERVER[70]: [TIMER] id=4, name=total_graph_exec, avg=0.434414, total=417.037097, count=960
[09:06:34.000800] [WARNING] [pdc_server.c:696] PDC_SERVER[7]: [TIMER] id=0, name=open, avg=0.000582, total=0.558311, count=960
[09:06:34.001261] [WARNING] [pdc_server.c:696] PDC_SERVER[7]: [TIMER] id=1, name=close, avg=0.000238, total=0.228672, count=960
[09:06:34.001287] [WARNING] [pdc_server.c:696] PDC_SERVER[7]: [TIMER] id=3, name=write, avg=0.037961, total=36.442661, count=960
[09:06:34.001295] [WARNING] [pdc_server.c:696] PDC_SERVER[7]: [TIMER] id=4, name=total_graph_exec, avg=0.439383, total=421.807673, count=960
[09:06:34.000386] [WARNING] [pdc_server.c:696] PDC_SERVER[43]: [TIMER] id=0, name=open, avg=0.000581, total=0.558106, count=960
[09:06:34.001260] [WARNING] [pdc_server.c:696] PDC_SERVER[43]: [TIMER] id=1, name=close, avg=0.000217, total=0.208462, count=960
[09:06:34.001267] [WARNING] [pdc_server.c:696] PDC_SERVER[43]: [TIMER] id=3, name=write, avg=0.037486, total=35.987027, count=960
[09:06:34.001272] [WARNING] [pdc_server.c:696] PDC_SERVER[43]: [TIMER] id=4, name=total_graph_exec, avg=0.435571, total=418.148610, count=960
[09:06:34.001273] [WARNING] [pdc_server.c:696] PDC_SERVER[23]: [TIMER] id=0, name=open, avg=0.000892, total=0.856217, count=960
[09:06:34.001377] [WARNING] [pdc_server.c:696] PDC_SERVER[23]: [TIMER] id=1, name=close, avg=0.000216, total=0.207829, count=960
[09:06:34.001385] [WARNING] [pdc_server.c:696] PDC_SERVER[23]: [TIMER] id=3, name=write, avg=0.037956, total=36.437979, count=960
[09:06:34.001392] [WARNING] [pdc_server.c:696] PDC_SERVER[23]: [TIMER] id=4, name=total_graph_exec, avg=0.442933, total=425.216040, count=960
[09:06:34.001155] [WARNING] [pdc_server.c:696] PDC_SERVER[87]: [TIMER] id=0, name=open, avg=0.000698, total=0.670393, count=960
[09:06:34.001282] [WARNING] [pdc_server.c:696] PDC_SERVER[87]: [TIMER] id=1, name=close, avg=0.000228, total=0.219158, count=960
[09:06:34.001291] [WARNING] [pdc_server.c:696] PDC_SERVER[87]: [TIMER] id=3, name=write, avg=0.037776, total=36.265122, count=960
[09:06:34.001297] [WARNING] [pdc_server.c:696] PDC_SERVER[87]: [TIMER] id=4, name=total_graph_exec, avg=0.441663, total=423.996092, count=960
[09:06:34.001263] [WARNING] [pdc_server.c:696] PDC_SERVER[86]: [TIMER] id=0, name=open, avg=0.000880, total=0.845109, count=960
[09:06:34.001406] [WARNING] [pdc_server.c:696] PDC_SERVER[86]: [TIMER] id=1, name=close, avg=0.000345, total=0.331361, count=960
[09:06:34.001415] [WARNING] [pdc_server.c:696] PDC_SERVER[86]: [TIMER] id=3, name=write, avg=0.038450, total=36.912263, count=960
[09:06:34.001422] [WARNING] [pdc_server.c:696] PDC_SERVER[86]: [TIMER] id=4, name=total_graph_exec, avg=0.443385, total=425.649408, count=960
[09:06:34.001388] [WARNING] [pdc_server.c:696] PDC_SERVER[35]: [TIMER] id=0, name=open, avg=0.000607, total=0.582879, count=960
[09:06:34.001506] [WARNING] [pdc_server.c:696] PDC_SERVER[35]: [TIMER] id=1, name=close, avg=0.000247, total=0.236913, count=960
[09:06:34.001515] [WARNING] [pdc_server.c:696] PDC_SERVER[35]: [TIMER] id=3, name=write, avg=0.037956, total=36.437802, count=960
[09:06:34.001523] [WARNING] [pdc_server.c:696] PDC_SERVER[35]: [TIMER] id=4, name=total_graph_exec, avg=0.441714, total=424.045456, count=960
[09:06:34.001358] [WARNING] [pdc_server.c:696] PDC_SERVER[53]: [TIMER] id=0, name=open, avg=0.000591, total=0.567125, count=960
[09:06:34.001462] [WARNING] [pdc_server.c:696] PDC_SERVER[53]: [TIMER] id=1, name=close, avg=0.000240, total=0.230266, count=960
[09:06:34.000095] [WARNING] [pdc_server.c:696] PDC_SERVER[107]: [TIMER] id=0, name=open, avg=0.000690, total=0.661938, count=960
[09:06:34.001506] [WARNING] [pdc_server.c:696] PDC_SERVER[107]: [TIMER] id=1, name=close, avg=0.000371, total=0.356231, count=960
[09:06:34.001514] [WARNING] [pdc_server.c:696] PDC_SERVER[107]: [TIMER] id=3, name=write, avg=0.038182, total=36.655051, count=960
[09:06:34.001519] [WARNING] [pdc_server.c:696] PDC_SERVER[107]: [TIMER] id=4, name=total_graph_exec, avg=0.434977, total=417.578067, count=960
[09:06:34.001470] [WARNING] [pdc_server.c:696] PDC_SERVER[53]: [TIMER] id=3, name=write, avg=0.037757, total=36.246790, count=960
[09:06:34.001478] [WARNING] [pdc_server.c:696] PDC_SERVER[53]: [TIMER] id=4, name=total_graph_exec, avg=0.436190, total=418.742101, count=960
[09:06:34.001648] [WARNING] [pdc_server.c:696] PDC_SERVER[123]: [TIMER] id=0, name=open, avg=0.000527, total=0.506135, count=960
[09:06:34.001744] [WARNING] [pdc_server.c:696] PDC_SERVER[123]: [TIMER] id=1, name=close, avg=0.000231, total=0.221506, count=960
[09:06:34.001753] [WARNING] [pdc_server.c:696] PDC_SERVER[123]: [TIMER] id=3, name=write, avg=0.037967, total=36.448301, count=960
[09:06:34.001760] [WARNING] [pdc_server.c:696] PDC_SERVER[123]: [TIMER] id=4, name=total_graph_exec, avg=0.436716, total=419.247139, count=960
[09:06:34.001584] [WARNING] [pdc_server.c:696] PDC_SERVER[20]: [TIMER] id=0, name=open, avg=0.000686, total=0.658473, count=960
[09:06:34.001702] [WARNING] [pdc_server.c:696] PDC_SERVER[20]: [TIMER] id=1, name=close, avg=0.000411, total=0.394936, count=960
[09:06:34.001711] [WARNING] [pdc_server.c:696] PDC_SERVER[20]: [TIMER] id=3, name=write, avg=0.040309, total=38.697111, count=960
[09:06:34.001718] [WARNING] [pdc_server.c:696] PDC_SERVER[20]: [TIMER] id=4, name=total_graph_exec, avg=0.440199, total=422.590960, count=960
[09:06:34.001460] [WARNING] [pdc_server.c:696] PDC_SERVER[65]: [TIMER] id=0, name=open, avg=0.000502, total=0.481971, count=960
[09:06:34.001898] [WARNING] [pdc_server.c:696] PDC_SERVER[65]: [TIMER] id=1, name=close, avg=0.000230, total=0.220896, count=960
[09:06:34.001924] [WARNING] [pdc_server.c:696] PDC_SERVER[65]: [TIMER] id=3, name=write, avg=0.040676, total=39.048852, count=960
[09:06:34.001930] [WARNING] [pdc_server.c:696] PDC_SERVER[65]: [TIMER] id=4, name=total_graph_exec, avg=0.435887, total=418.451298, count=960
[09:06:34.001809] [WARNING] [pdc_server.c:696] PDC_SERVER[39]: [TIMER] id=0, name=open, avg=0.000623, total=0.598178, count=960
[09:06:34.001941] [WARNING] [pdc_server.c:696] PDC_SERVER[39]: [TIMER] id=1, name=close, avg=0.000242, total=0.232423, count=960
[09:06:34.001950] [WARNING] [pdc_server.c:696] PDC_SERVER[39]: [TIMER] id=3, name=write, avg=0.042075, total=40.391883, count=960
[09:06:34.001957] [WARNING] [pdc_server.c:696] PDC_SERVER[39]: [TIMER] id=4, name=total_graph_exec, avg=0.441733, total=424.064082, count=960
[09:06:34.001771] [WARNING] [pdc_server.c:696] PDC_SERVER[78]: [TIMER] id=0, name=open, avg=0.000550, total=0.527587, count=960
[09:06:34.001866] [WARNING] [pdc_server.c:696] PDC_SERVER[78]: [TIMER] id=1, name=close, avg=0.000239, total=0.228970, count=960
[09:06:34.001875] [WARNING] [pdc_server.c:696] PDC_SERVER[78]: [TIMER] id=3, name=write, avg=0.037626, total=36.121220, count=960
[09:06:34.001882] [WARNING] [pdc_server.c:696] PDC_SERVER[78]: [TIMER] id=4, name=total_graph_exec, avg=0.436841, total=419.366981, count=960
[09:06:34.001835] [WARNING] [pdc_server.c:696] PDC_SERVER[95]: [TIMER] id=0, name=open, avg=0.000567, total=0.544497, count=960
[09:06:34.001940] [WARNING] [pdc_server.c:696] PDC_SERVER[95]: [TIMER] id=1, name=close, avg=0.000234, total=0.224933, count=960
[09:06:34.001982] [WARNING] [pdc_server.c:696] PDC_SERVER[95]: [TIMER] id=3, name=write, avg=0.038293, total=36.761562, count=960
[09:06:34.001993] [WARNING] [pdc_server.c:696] PDC_SERVER[95]: [TIMER] id=4, name=total_graph_exec, avg=0.439312, total=421.739841, count=960
[09:06:34.001982] [WARNING] [pdc_server.c:696] PDC_SERVER[31]: [TIMER] id=0, name=open, avg=0.000556, total=0.534092, count=960
[09:06:34.002083] [WARNING] [pdc_server.c:696] PDC_SERVER[31]: [TIMER] id=1, name=close, avg=0.000247, total=0.236839, count=960
[09:06:34.002090] [WARNING] [pdc_server.c:696] PDC_SERVER[31]: [TIMER] id=3, name=write, avg=0.042503, total=40.803029, count=960
[09:06:34.002095] [WARNING] [pdc_server.c:696] PDC_SERVER[31]: [TIMER] id=4, name=total_graph_exec, avg=0.435772, total=418.341035, count=960
[09:06:34.000910] [WARNING] [pdc_server.c:696] PDC_SERVER[75]: [TIMER] id=0, name=open, avg=0.000643, total=0.617709, count=960
[09:06:34.002306] [WARNING] [pdc_server.c:696] PDC_SERVER[75]: [TIMER] id=1, name=close, avg=0.000228, total=0.219327, count=960
[09:06:34.002314] [WARNING] [pdc_server.c:696] PDC_SERVER[75]: [TIMER] id=3, name=write, avg=0.037740, total=36.230314, count=960
[09:06:34.002320] [WARNING] [pdc_server.c:696] PDC_SERVER[75]: [TIMER] id=4, name=total_graph_exec, avg=0.440864, total=423.229415, count=960
[09:06:34.002085] [WARNING] [pdc_server.c:696] PDC_SERVER[61]: [TIMER] id=0, name=open, avg=0.000641, total=0.615509, count=960
[09:06:34.002168] [WARNING] [pdc_server.c:696] PDC_SERVER[61]: [TIMER] id=1, name=close, avg=0.000233, total=0.223932, count=960
[09:06:34.002198] [WARNING] [pdc_server.c:696] PDC_SERVER[61]: [TIMER] id=3, name=write, avg=0.037843, total=36.328959, count=960
[09:06:34.002206] [WARNING] [pdc_server.c:696] PDC_SERVER[61]: [TIMER] id=4, name=total_graph_exec, avg=0.436693, total=419.225529, count=960
[09:06:34.002134] [WARNING] [pdc_server.c:696] PDC_SERVER[91]: [TIMER] id=0, name=open, avg=0.000611, total=0.586589, count=960
[09:06:34.002232] [WARNING] [pdc_server.c:696] PDC_SERVER[91]: [TIMER] id=1, name=close, avg=0.000227, total=0.218361, count=960
[09:06:34.002241] [WARNING] [pdc_server.c:696] PDC_SERVER[91]: [TIMER] id=3, name=write, avg=0.042125, total=40.440171, count=960
[09:06:34.002248] [WARNING] [pdc_server.c:696] PDC_SERVER[91]: [TIMER] id=4, name=total_graph_exec, avg=0.434749, total=417.359350, count=960
[09:06:34.002133] [WARNING] [pdc_server.c:696] PDC_SERVER[14]: [TIMER] id=0, name=open, avg=0.000498, total=0.478353, count=960
[09:06:34.002258] [WARNING] [pdc_server.c:696] PDC_SERVER[14]: [TIMER] id=1, name=close, avg=0.000228, total=0.219137, count=960
[09:06:34.002267] [WARNING] [pdc_server.c:696] PDC_SERVER[14]: [TIMER] id=3, name=write, avg=0.039637, total=38.051471, count=960
[09:06:34.002273] [WARNING] [pdc_server.c:696] PDC_SERVER[14]: [TIMER] id=4, name=total_graph_exec, avg=0.443197, total=425.469105, count=960
[09:06:34.002187] [WARNING] [pdc_server.c:696] PDC_SERVER[46]: [TIMER] id=0, name=open, avg=0.000589, total=0.564966, count=960
[09:06:34.002305] [WARNING] [pdc_server.c:696] PDC_SERVER[46]: [TIMER] id=1, name=close, avg=0.000231, total=0.221528, count=960
[09:06:34.002313] [WARNING] [pdc_server.c:696] PDC_SERVER[46]: [TIMER] id=3, name=write, avg=0.037639, total=36.133588, count=960
[09:06:34.002320] [WARNING] [pdc_server.c:696] PDC_SERVER[46]: [TIMER] id=4, name=total_graph_exec, avg=0.434580, total=417.196767, count=960
[09:06:34.002170] [WARNING] [pdc_server.c:696] PDC_SERVER[103]: [TIMER] id=0, name=open, avg=0.000636, total=0.610227, count=960
[09:06:34.002261] [WARNING] [pdc_server.c:696] PDC_SERVER[103]: [TIMER] id=1, name=close, avg=0.000231, total=0.221836, count=960
[09:06:34.002292] [WARNING] [pdc_server.c:696] PDC_SERVER[103]: [TIMER] id=3, name=write, avg=0.037630, total=36.124479, count=960
[09:06:34.002300] [WARNING] [pdc_server.c:696] PDC_SERVER[103]: [TIMER] id=4, name=total_graph_exec, avg=0.435903, total=418.466575, count=960
[09:06:34.002186] [WARNING] [pdc_server.c:696] PDC_SERVER[89]: [TIMER] id=0, name=open, avg=0.000584, total=0.560485, count=960
[09:06:34.002286] [WARNING] [pdc_server.c:696] PDC_SERVER[89]: [TIMER] id=1, name=close, avg=0.000371, total=0.356096, count=960
[09:06:34.002294] [WARNING] [pdc_server.c:696] PDC_SERVER[89]: [TIMER] id=3, name=write, avg=0.037968, total=36.448833, count=960
[09:06:34.002301] [WARNING] [pdc_server.c:696] PDC_SERVER[89]: [TIMER] id=4, name=total_graph_exec, avg=0.435066, total=417.663694, count=960
[09:06:34.002295] [WARNING] [pdc_server.c:696] PDC_SERVER[2]: [TIMER] id=0, name=open, avg=0.000570, total=0.547046, count=960
[09:06:34.002426] [WARNING] [pdc_server.c:696] PDC_SERVER[2]: [TIMER] id=1, name=close, avg=0.000395, total=0.379175, count=960
[09:06:34.002440] [WARNING] [pdc_server.c:696] PDC_SERVER[2]: [TIMER] id=3, name=write, avg=0.037987, total=36.467080, count=960
[09:06:34.002448] [WARNING] [pdc_server.c:696] PDC_SERVER[2]: [TIMER] id=4, name=total_graph_exec, avg=0.443129, total=425.403592, count=960
[09:06:34.002482] [WARNING] [pdc_server.c:696] PDC_SERVER[58]: [TIMER] id=0, name=open, avg=0.000604, total=0.580087, count=960
[09:06:34.002584] [WARNING] [pdc_server.c:696] PDC_SERVER[58]: [TIMER] id=1, name=close, avg=0.000397, total=0.381535, count=960
[09:06:34.002593] [WARNING] [pdc_server.c:696] PDC_SERVER[58]: [TIMER] id=3, name=write, avg=0.038031, total=36.509902, count=960
[09:06:34.002600] [WARNING] [pdc_server.c:696] PDC_SERVER[58]: [TIMER] id=4, name=total_graph_exec, avg=0.437531, total=420.029753, count=960
[09:06:34.002586] [WARNING] [pdc_server.c:696] PDC_SERVER[18]: [TIMER] id=0, name=open, avg=0.000587, total=0.563497, count=960
[09:06:34.002683] [WARNING] [pdc_server.c:696] PDC_SERVER[18]: [TIMER] id=1, name=close, avg=0.000247, total=0.237204, count=960
[09:06:34.002691] [WARNING] [pdc_server.c:696] PDC_SERVER[18]: [TIMER] id=3, name=write, avg=0.037921, total=36.404068, count=960
[09:06:34.002698] [WARNING] [pdc_server.c:696] PDC_SERVER[18]: [TIMER] id=4, name=total_graph_exec, avg=0.435656, total=418.229342, count=960
[09:06:34.002634] [WARNING] [pdc_server.c:696] PDC_SERVER[3]: [TIMER] id=0, name=open, avg=0.000733, total=0.704009, count=960
[09:06:34.002756] [WARNING] [pdc_server.c:696] PDC_SERVER[3]: [TIMER] id=1, name=close, avg=0.000337, total=0.323461, count=960
[09:06:34.002765] [WARNING] [pdc_server.c:696] PDC_SERVER[3]: [TIMER] id=3, name=write, avg=0.038217, total=36.687910, count=960
[09:06:34.002772] [WARNING] [pdc_server.c:696] PDC_SERVER[3]: [TIMER] id=4, name=total_graph_exec, avg=0.445111, total=427.306471, count=960
[09:06:34.002685] [WARNING] [pdc_server.c:696] PDC_SERVER[94]: [TIMER] id=0, name=open, avg=0.000909, total=0.872777, count=960
[09:06:34.002802] [WARNING] [pdc_server.c:696] PDC_SERVER[94]: [TIMER] id=1, name=close, avg=0.000333, total=0.320140, count=960
[09:06:34.002811] [WARNING] [pdc_server.c:696] PDC_SERVER[94]: [TIMER] id=3, name=write, avg=0.037852, total=36.337812, count=960
[09:06:34.002818] [WARNING] [pdc_server.c:696] PDC_SERVER[94]: [TIMER] id=4, name=total_graph_exec, avg=0.442702, total=424.994202, count=960
[09:06:34.002761] [WARNING] [pdc_server.c:696] PDC_SERVER[62]: [TIMER] id=0, name=open, avg=0.000886, total=0.850239, count=960
[09:06:34.002859] [WARNING] [pdc_server.c:696] PDC_SERVER[62]: [TIMER] id=1, name=close, avg=0.000224, total=0.215429, count=960
[09:06:34.002867] [WARNING] [pdc_server.c:696] PDC_SERVER[62]: [TIMER] id=3, name=write, avg=0.037857, total=36.342622, count=960
[09:06:34.002874] [WARNING] [pdc_server.c:696] PDC_SERVER[62]: [TIMER] id=4, name=total_graph_exec, avg=0.434231, total=416.861986, count=960
[09:06:34.001354] [WARNING] [pdc_server.c:696] PDC_SERVER[38]: [TIMER] id=0, name=open, avg=0.000489, total=0.469774, count=960
[09:06:34.002879] [WARNING] [pdc_server.c:696] PDC_SERVER[38]: [TIMER] id=1, name=close, avg=0.000239, total=0.229865, count=960
[09:06:34.002906] [WARNING] [pdc_server.c:696] PDC_SERVER[38]: [TIMER] id=3, name=write, avg=0.037853, total=36.339091, count=960
[09:06:34.002451] [WARNING] [pdc_server.c:696] PDC_SERVER[126]: [TIMER] id=0, name=open, avg=0.000775, total=0.743615, count=960
[09:06:34.002563] [WARNING] [pdc_server.c:696] PDC_SERVER[126]: [TIMER] id=1, name=close, avg=0.000604, total=0.579903, count=960
[09:06:34.002571] [WARNING] [pdc_server.c:696] PDC_SERVER[126]: [TIMER] id=3, name=write, avg=0.038297, total=36.765180, count=960
[09:06:34.002577] [WARNING] [pdc_server.c:696] PDC_SERVER[126]: [TIMER] id=4, name=total_graph_exec, avg=0.441647, total=423.981478, count=960
[09:06:34.002912] [WARNING] [pdc_server.c:696] PDC_SERVER[38]: [TIMER] id=4, name=total_graph_exec, avg=0.435431, total=418.013771, count=960
[09:06:34.002985] [WARNING] [pdc_server.c:696] PDC_SERVER[30]: [TIMER] id=0, name=open, avg=0.000521, total=0.500009, count=960
[09:06:34.003060] [WARNING] [pdc_server.c:696] PDC_SERVER[30]: [TIMER] id=1, name=close, avg=0.000235, total=0.226077, count=960
[09:06:34.003088] [WARNING] [pdc_server.c:696] PDC_SERVER[30]: [TIMER] id=3, name=write, avg=0.038160, total=36.633256, count=960
[09:06:34.003095] [WARNING] [pdc_server.c:696] PDC_SERVER[30]: [TIMER] id=4, name=total_graph_exec, avg=0.443521, total=425.779751, count=960
[09:06:34.003017] [WARNING] [pdc_server.c:696] PDC_SERVER[55]: [TIMER] id=0, name=open, avg=0.000638, total=0.612579, count=960
[09:06:34.003127] [WARNING] [pdc_server.c:696] PDC_SERVER[55]: [TIMER] id=1, name=close, avg=0.000248, total=0.238377, count=960
[09:06:34.002589] [WARNING] [pdc_server.c:696] PDC_SERVER[79]: [TIMER] id=0, name=open, avg=0.000708, total=0.679970, count=960
[09:06:34.003099] [WARNING] [pdc_server.c:696] PDC_SERVER[79]: [TIMER] id=1, name=close, avg=0.000376, total=0.360546, count=960
[09:06:34.003106] [WARNING] [pdc_server.c:696] PDC_SERVER[79]: [TIMER] id=3, name=write, avg=0.037082, total=35.598972, count=960
[09:06:34.003111] [WARNING] [pdc_server.c:696] PDC_SERVER[79]: [TIMER] id=4, name=total_graph_exec, avg=0.435661, total=418.234185, count=960
[09:06:34.003136] [WARNING] [pdc_server.c:696] PDC_SERVER[55]: [TIMER] id=3, name=write, avg=0.037752, total=36.242017, count=960
[09:06:34.003143] [WARNING] [pdc_server.c:696] PDC_SERVER[55]: [TIMER] id=4, name=total_graph_exec, avg=0.436112, total=418.667360, count=960
[09:06:34.003018] [WARNING] [pdc_server.c:696] PDC_SERVER[60]: [TIMER] id=0, name=open, avg=0.000765, total=0.734412, count=960
[09:06:34.003122] [WARNING] [pdc_server.c:696] PDC_SERVER[60]: [TIMER] id=1, name=close, avg=0.000349, total=0.334720, count=960
[09:06:34.003130] [WARNING] [pdc_server.c:696] PDC_SERVER[60]: [TIMER] id=3, name=write, avg=0.039957, total=38.358339, count=960
[09:06:34.003137] [WARNING] [pdc_server.c:696] PDC_SERVER[60]: [TIMER] id=4, name=total_graph_exec, avg=0.435193, total=417.785399, count=960
[09:06:34.003122] [WARNING] [pdc_server.c:696] PDC_SERVER[109]: [TIMER] id=0, name=open, avg=0.000544, total=0.521966, count=960
[09:06:34.003226] [WARNING] [pdc_server.c:696] PDC_SERVER[109]: [TIMER] id=1, name=close, avg=0.000254, total=0.244166, count=960
[09:06:34.003235] [WARNING] [pdc_server.c:696] PDC_SERVER[109]: [TIMER] id=3, name=write, avg=0.037973, total=36.453964, count=960
[09:06:34.003242] [WARNING] [pdc_server.c:696] PDC_SERVER[109]: [TIMER] id=4, name=total_graph_exec, avg=0.435396, total=417.980306, count=960
[09:06:34.003190] [WARNING] [pdc_server.c:696] PDC_SERVER[22]: [TIMER] id=0, name=open, avg=0.000623, total=0.598220, count=960
[09:06:34.003250] [WARNING] [pdc_server.c:696] PDC_SERVER[22]: [TIMER] id=1, name=close, avg=0.000236, total=0.226324, count=960
[09:06:34.003272] [WARNING] [pdc_server.c:696] PDC_SERVER[22]: [TIMER] id=3, name=write, avg=0.040797, total=39.165095, count=960
[09:06:34.003278] [WARNING] [pdc_server.c:696] PDC_SERVER[22]: [TIMER] id=4, name=total_graph_exec, avg=0.433004, total=415.683738, count=960
[09:06:34.003192] [WARNING] [pdc_server.c:696] PDC_SERVER[113]: [TIMER] id=0, name=open, avg=0.000674, total=0.647422, count=960
[09:06:34.003291] [WARNING] [pdc_server.c:696] PDC_SERVER[113]: [TIMER] id=1, name=close, avg=0.000367, total=0.352699, count=960
[09:06:34.003327] [WARNING] [pdc_server.c:696] PDC_SERVER[113]: [TIMER] id=3, name=write, avg=0.037723, total=36.214370, count=960
[09:06:34.003335] [WARNING] [pdc_server.c:696] PDC_SERVER[113]: [TIMER] id=4, name=total_graph_exec, avg=0.441317, total=423.664290, count=960
[09:06:34.003321] [WARNING] [pdc_server.c:696] PDC_SERVER[34]: [TIMER] id=0, name=open, avg=0.000739, total=0.709502, count=960
[09:06:34.003411] [WARNING] [pdc_server.c:696] PDC_SERVER[34]: [TIMER] id=1, name=close, avg=0.000218, total=0.209267, count=960
[09:06:34.003419] [WARNING] [pdc_server.c:696] PDC_SERVER[34]: [TIMER] id=3, name=write, avg=0.037830, total=36.316690, count=960
[09:06:34.003425] [WARNING] [pdc_server.c:696] PDC_SERVER[34]: [TIMER] id=4, name=total_graph_exec, avg=0.434741, total=417.351572, count=960
[09:06:34.003320] [WARNING] [pdc_server.c:696] PDC_SERVER[119]: [TIMER] id=0, name=open, avg=0.000822, total=0.788969, count=960
[09:06:34.003392] [WARNING] [pdc_server.c:696] PDC_SERVER[119]: [TIMER] id=1, name=close, avg=0.000519, total=0.498168, count=960
[09:06:34.003422] [WARNING] [pdc_server.c:696] PDC_SERVER[119]: [TIMER] id=3, name=write, avg=0.037969, total=36.449783, count=960
[09:06:34.003430] [WARNING] [pdc_server.c:696] PDC_SERVER[119]: [TIMER] id=4, name=total_graph_exec, avg=0.438227, total=420.698276, count=960
[09:06:34.003393] [WARNING] [pdc_server.c:696] PDC_SERVER[21]: [TIMER] id=0, name=open, avg=0.000626, total=0.601304, count=960
[09:06:34.003473] [WARNING] [pdc_server.c:696] PDC_SERVER[21]: [TIMER] id=1, name=close, avg=0.000236, total=0.226724, count=960
[09:06:34.003482] [WARNING] [pdc_server.c:696] PDC_SERVER[21]: [TIMER] id=3, name=write, avg=0.037894, total=36.378698, count=960
[09:06:34.003489] [WARNING] [pdc_server.c:696] PDC_SERVER[21]: [TIMER] id=4, name=total_graph_exec, avg=0.435482, total=418.062887, count=960
[09:06:34.003528] [WARNING] [pdc_server.c:696] PDC_SERVER[63]: [TIMER] id=0, name=open, avg=0.000602, total=0.578141, count=960
[09:06:34.003642] [WARNING] [pdc_server.c:696] PDC_SERVER[63]: [TIMER] id=1, name=close, avg=0.000226, total=0.217403, count=960
[09:06:34.003677] [WARNING] [pdc_server.c:696] PDC_SERVER[63]: [TIMER] id=3, name=write, avg=0.037727, total=36.218397, count=960
[09:06:34.003685] [WARNING] [pdc_server.c:696] PDC_SERVER[63]: [TIMER] id=4, name=total_graph_exec, avg=0.442440, total=424.742580, count=960
[09:06:34.003796] [WARNING] [pdc_server.c:696] PDC_SERVER[114]: [TIMER] id=0, name=open, avg=0.000526, total=0.504860, count=960
[09:06:34.003886] [WARNING] [pdc_server.c:696] PDC_SERVER[114]: [TIMER] id=1, name=close, avg=0.000232, total=0.222637, count=960
[09:06:34.003894] [WARNING] [pdc_server.c:696] PDC_SERVER[114]: [TIMER] id=3, name=write, avg=0.037668, total=36.161305, count=960
[09:06:34.003901] [WARNING] [pdc_server.c:696] PDC_SERVER[114]: [TIMER] id=4, name=total_graph_exec, avg=0.438341, total=420.807356, count=960
[09:06:34.001507] [WARNING] [pdc_server.c:696] PDC_SERVER[26]: [TIMER] id=0, name=open, avg=0.000641, total=0.615040, count=960
[09:06:34.004185] [WARNING] [pdc_server.c:696] PDC_SERVER[26]: [TIMER] id=1, name=close, avg=0.000262, total=0.251794, count=960
[09:06:34.004192] [WARNING] [pdc_server.c:696] PDC_SERVER[26]: [TIMER] id=3, name=write, avg=0.037767, total=36.256109, count=960
[09:06:34.004197] [WARNING] [pdc_server.c:696] PDC_SERVER[26]: [TIMER] id=4, name=total_graph_exec, avg=0.443672, total=425.924652, count=960
[09:06:34.002790] [WARNING] [pdc_server.c:696] PDC_SERVER[59]: [TIMER] id=0, name=open, avg=0.000663, total=0.636042, count=960
[09:06:34.004050] [WARNING] [pdc_server.c:696] PDC_SERVER[59]: [TIMER] id=1, name=close, avg=0.000349, total=0.335085, count=960
[09:06:34.004076] [WARNING] [pdc_server.c:696] PDC_SERVER[59]: [TIMER] id=3, name=write, avg=0.038025, total=36.503548, count=960
[09:06:34.004082] [WARNING] [pdc_server.c:696] PDC_SERVER[59]: [TIMER] id=4, name=total_graph_exec, avg=0.434004, total=416.644223, count=960
[09:06:34.003056] [WARNING] [pdc_server.c:696] PDC_SERVER[81]: [TIMER] id=0, name=open, avg=0.000563, total=0.540739, count=960
[09:06:34.004759] [WARNING] [pdc_server.c:696] PDC_SERVER[81]: [TIMER] id=1, name=close, avg=0.000225, total=0.216205, count=960
[09:06:34.004766] [WARNING] [pdc_server.c:696] PDC_SERVER[81]: [TIMER] id=3, name=write, avg=0.037934, total=36.416986, count=960
[09:06:34.004772] [WARNING] [pdc_server.c:696] PDC_SERVER[81]: [TIMER] id=4, name=total_graph_exec, avg=0.435463, total=418.044674, count=960
[09:06:34.003097] [WARNING] [pdc_server.c:696] PDC_SERVER[111]: [TIMER] id=0, name=open, avg=0.000736, total=0.707037, count=960
[09:06:34.005083] [WARNING] [pdc_server.c:696] PDC_SERVER[111]: [TIMER] id=1, name=close, avg=0.000366, total=0.351411, count=960
[09:06:34.005108] [WARNING] [pdc_server.c:696] PDC_SERVER[111]: [TIMER] id=3, name=write, avg=0.042353, total=40.659142, count=960
[09:06:34.005114] [WARNING] [pdc_server.c:696] PDC_SERVER[111]: [TIMER] id=4, name=total_graph_exec, avg=0.432250, total=414.959972, count=960
