[14:40:02.072512] [WARNING] [pdc_server.c:1641] PDC_SERVER[0]: Restart from checkpoint start
[14:40:02.074150] [WARNING] [pdc_server.c:1914] PDC_SERVER[0]: Reading checkpoint transformations start
[14:40:02.076553] [WARNING] [pdc_server.c:2040] PDC_SERVER[0]: Reading checkpoint transformations done
[14:40:02.079100] [WARNING] [pdc_server.c:2064] PDC_SERVER[0]: Restart from checkpoint done
[14:40:10.902042] [WARNING] [pdc_server_data.c:122] PDC_SERVER[0]: Total Lustre OSTs, PDC Servers: 256, 64
[14:40:10.902062] [WARNING] [pdc_server_data.c:123] PDC_SERVER[0]: Setting Lustre stripe count to 4 and size to 16 MB
[14:50:25.889525] [WARNING] [pdc_server.c:1184] PDC_SERVER[0]: Checkpoint start
[14:50:25.913292] [WARNING] [pdc_server.c:1376] PDC_SERVER[0]: Writing checkpoint transformations start
[14:50:25.914199] [WARNING] [pdc_server.c:1558] PDC_SERVER[0]: Writing checkpoint transformations done
[14:50:25.974792] [WARNING] [pdc_server.c:1595] PDC_SERVER[0]: Rank[ALL]: Total checkpoint time = 0.085251
[14:50:25.976283] [WARNING] [pdc_server.c:1602] PDC_SERVER[0]: Checkpointing done
[14:50:25.976338] [WARNING] [pdc_server.c:696] PDC_SERVER[0]: [TIMER] id=0, name=open, avg=0.005111, total=4.906087, count=960
[14:50:25.976352] [WARNING] [pdc_server.c:696] PDC_SERVER[0]: [TIMER] id=1, name=close, avg=0.002638, total=2.532092, count=960
[14:50:25.976360] [WARNING] [pdc_server.c:696] PDC_SERVER[0]: [TIMER] id=2, name=read, avg=0.031361, total=30.106215, count=960
[14:50:25.976368] [WARNING] [pdc_server.c:696] PDC_SERVER[0]: [TIMER] id=4, name=total_graph_exec, avg=0.400862, total=384.827138, count=960
[14:50:25.976353] [WARNING] [pdc_server.c:696] PDC_SERVER[8]: [TIMER] id=0, name=open, avg=0.003643, total=3.496858, count=960
[14:50:25.976423] [WARNING] [pdc_server.c:696] PDC_SERVER[8]: [TIMER] id=1, name=close, avg=0.004687, total=4.499058, count=960
[14:50:25.976441] [WARNING] [pdc_server.c:696] PDC_SERVER[8]: [TIMER] id=2, name=read, avg=0.041860, total=40.185225, count=960
[14:50:25.976446] [WARNING] [pdc_server.c:696] PDC_SERVER[8]: [TIMER] id=4, name=total_graph_exec, avg=0.398541, total=382.599599, count=960
[14:50:25.976347] [WARNING] [pdc_server.c:696] PDC_SERVER[6]: [TIMER] id=0, name=open, avg=0.005120, total=4.915179, count=960
[14:50:25.976419] [WARNING] [pdc_server.c:696] PDC_SERVER[6]: [TIMER] id=1, name=close, avg=0.002555, total=2.452774, count=960
[14:50:25.976424] [WARNING] [pdc_server.c:696] PDC_SERVER[6]: [TIMER] id=2, name=read, avg=0.030865, total=29.630613, count=960
[14:50:25.976429] [WARNING] [pdc_server.c:696] PDC_SERVER[6]: [TIMER] id=4, name=total_graph_exec, avg=0.391211, total=375.562448, count=960
[14:50:25.976343] [WARNING] [pdc_server.c:696] PDC_SERVER[52]: [TIMER] id=0, name=open, avg=0.005694, total=5.466263, count=960
[14:50:25.976418] [WARNING] [pdc_server.c:696] PDC_SERVER[52]: [TIMER] id=1, name=close, avg=0.002687, total=2.579628, count=960
[14:50:25.976424] [WARNING] [pdc_server.c:696] PDC_SERVER[52]: [TIMER] id=2, name=read, avg=0.030970, total=29.731277, count=960
[14:50:25.976429] [WARNING] [pdc_server.c:696] PDC_SERVER[52]: [TIMER] id=4, name=total_graph_exec, avg=0.391109, total=375.465026, count=960
[14:50:25.976333] [WARNING] [pdc_server.c:696] PDC_SERVER[56]: [TIMER] id=0, name=open, avg=0.005137, total=4.931678, count=960
[14:50:25.976412] [WARNING] [pdc_server.c:696] PDC_SERVER[56]: [TIMER] id=1, name=close, avg=0.002928, total=2.811358, count=960
[14:50:25.976418] [WARNING] [pdc_server.c:696] PDC_SERVER[56]: [TIMER] id=2, name=read, avg=0.031371, total=30.116278, count=960
[14:50:25.976422] [WARNING] [pdc_server.c:696] PDC_SERVER[56]: [TIMER] id=4, name=total_graph_exec, avg=0.401259, total=385.208768, count=960
[14:50:25.976338] [WARNING] [pdc_server.c:696] PDC_SERVER[32]: [TIMER] id=0, name=open, avg=0.005558, total=5.335407, count=960
[14:50:25.976404] [WARNING] [pdc_server.c:696] PDC_SERVER[32]: [TIMER] id=1, name=close, avg=0.002570, total=2.466971, count=960
[14:50:25.976409] [WARNING] [pdc_server.c:696] PDC_SERVER[32]: [TIMER] id=2, name=read, avg=0.026062, total=25.019582, count=960
[14:50:25.976414] [WARNING] [pdc_server.c:696] PDC_SERVER[32]: [TIMER] id=4, name=total_graph_exec, avg=0.391860, total=376.185299, count=960
[14:50:25.976357] [WARNING] [pdc_server.c:696] PDC_SERVER[54]: [TIMER] id=0, name=open, avg=0.005264, total=5.053545, count=960
[14:50:25.976439] [WARNING] [pdc_server.c:696] PDC_SERVER[54]: [TIMER] id=1, name=close, avg=0.002896, total=2.780307, count=960
[14:50:25.976445] [WARNING] [pdc_server.c:696] PDC_SERVER[54]: [TIMER] id=2, name=read, avg=0.029321, total=28.148178, count=960
[14:50:25.976449] [WARNING] [pdc_server.c:696] PDC_SERVER[54]: [TIMER] id=4, name=total_graph_exec, avg=0.401173, total=385.126067, count=960
[14:50:25.976367] [WARNING] [pdc_server.c:696] PDC_SERVER[35]: [TIMER] id=0, name=open, avg=0.005557, total=5.334808, count=960
[14:50:25.976443] [WARNING] [pdc_server.c:696] PDC_SERVER[35]: [TIMER] id=1, name=close, avg=0.002669, total=2.561798, count=960
[14:50:25.976448] [WARNING] [pdc_server.c:696] PDC_SERVER[35]: [TIMER] id=2, name=read, avg=0.030594, total=29.370054, count=960
[14:50:25.976453] [WARNING] [pdc_server.c:696] PDC_SERVER[35]: [TIMER] id=4, name=total_graph_exec, avg=0.409300, total=392.927989, count=960
[14:50:25.976367] [WARNING] [pdc_server.c:696] PDC_SERVER[27]: [TIMER] id=0, name=open, avg=0.005105, total=4.900682, count=960
[14:50:25.976456] [WARNING] [pdc_server.c:696] PDC_SERVER[27]: [TIMER] id=1, name=close, avg=0.002573, total=2.470197, count=960
[14:50:25.976462] [WARNING] [pdc_server.c:696] PDC_SERVER[27]: [TIMER] id=2, name=read, avg=0.030426, total=29.208809, count=960
[14:50:25.976467] [WARNING] [pdc_server.c:696] PDC_SERVER[27]: [TIMER] id=4, name=total_graph_exec, avg=0.393853, total=378.098442, count=960
[14:50:25.976372] [WARNING] [pdc_server.c:696] PDC_SERVER[23]: [TIMER] id=0, name=open, avg=0.005133, total=4.927656, count=960
[14:50:25.976447] [WARNING] [pdc_server.c:696] PDC_SERVER[23]: [TIMER] id=1, name=close, avg=0.002565, total=2.462092, count=960
[14:50:25.976453] [WARNING] [pdc_server.c:696] PDC_SERVER[23]: [TIMER] id=2, name=read, avg=0.031029, total=29.788135, count=960
[14:50:25.976457] [WARNING] [pdc_server.c:696] PDC_SERVER[23]: [TIMER] id=4, name=total_graph_exec, avg=0.401225, total=385.175903, count=960
[14:50:25.976365] [WARNING] [pdc_server.c:696] PDC_SERVER[37]: [TIMER] id=0, name=open, avg=0.005141, total=4.935254, count=960
[14:50:25.976438] [WARNING] [pdc_server.c:696] PDC_SERVER[37]: [TIMER] id=1, name=close, avg=0.002582, total=2.479069, count=960
[14:50:25.976443] [WARNING] [pdc_server.c:696] PDC_SERVER[37]: [TIMER] id=2, name=read, avg=0.030295, total=29.083026, count=960
[14:50:25.976448] [WARNING] [pdc_server.c:696] PDC_SERVER[37]: [TIMER] id=4, name=total_graph_exec, avg=0.401657, total=385.590667, count=960
[14:50:25.976369] [WARNING] [pdc_server.c:696] PDC_SERVER[43]: [TIMER] id=0, name=open, avg=0.005217, total=5.008782, count=960
[14:50:25.976461] [WARNING] [pdc_server.c:696] PDC_SERVER[43]: [TIMER] id=1, name=close, avg=0.002738, total=2.628226, count=960
[14:50:25.976466] [WARNING] [pdc_server.c:696] PDC_SERVER[43]: [TIMER] id=2, name=read, avg=0.026492, total=25.432785, count=960
[14:50:25.976470] [WARNING] [pdc_server.c:696] PDC_SERVER[43]: [TIMER] id=4, name=total_graph_exec, avg=0.390149, total=374.542814, count=960
[14:50:25.976342] [WARNING] [pdc_server.c:696] PDC_SERVER[20]: [TIMER] id=0, name=open, avg=0.004772, total=4.580753, count=960
[14:50:25.976402] [WARNING] [pdc_server.c:696] PDC_SERVER[20]: [TIMER] id=1, name=close, avg=0.002719, total=2.610095, count=960
[14:50:25.976414] [WARNING] [pdc_server.c:696] PDC_SERVER[20]: [TIMER] id=2, name=read, avg=0.018775, total=18.024164, count=960
[14:50:25.976419] [WARNING] [pdc_server.c:696] PDC_SERVER[20]: [TIMER] id=4, name=total_graph_exec, avg=0.397897, total=381.981226, count=960
[14:50:25.976348] [WARNING] [pdc_server.c:696] PDC_SERVER[34]: [TIMER] id=0, name=open, avg=0.003800, total=3.648066, count=960
[14:50:25.976416] [WARNING] [pdc_server.c:696] PDC_SERVER[34]: [TIMER] id=1, name=close, avg=0.004876, total=4.680976, count=960
[14:50:25.976421] [WARNING] [pdc_server.c:696] PDC_SERVER[34]: [TIMER] id=2, name=read, avg=0.017029, total=16.348319, count=960
[14:50:25.976426] [WARNING] [pdc_server.c:696] PDC_SERVER[34]: [TIMER] id=4, name=total_graph_exec, avg=0.389381, total=373.805529, count=960
[14:50:25.976370] [WARNING] [pdc_server.c:696] PDC_SERVER[58]: [TIMER] id=0, name=open, avg=0.005801, total=5.569329, count=960
[14:50:25.976455] [WARNING] [pdc_server.c:696] PDC_SERVER[58]: [TIMER] id=1, name=close, avg=0.002699, total=2.590774, count=960
[14:50:25.976461] [WARNING] [pdc_server.c:696] PDC_SERVER[58]: [TIMER] id=2, name=read, avg=0.029009, total=27.848912, count=960
[14:50:25.976465] [WARNING] [pdc_server.c:696] PDC_SERVER[58]: [TIMER] id=4, name=total_graph_exec, avg=0.400340, total=384.326422, count=960
[14:50:25.976343] [WARNING] [pdc_server.c:696] PDC_SERVER[50]: [TIMER] id=0, name=open, avg=0.005553, total=5.330474, count=960
[14:50:25.976422] [WARNING] [pdc_server.c:696] PDC_SERVER[50]: [TIMER] id=1, name=close, avg=0.002700, total=2.591575, count=960
[14:50:25.976428] [WARNING] [pdc_server.c:696] PDC_SERVER[50]: [TIMER] id=2, name=read, avg=0.031362, total=30.107680, count=960
[14:50:25.976433] [WARNING] [pdc_server.c:696] PDC_SERVER[50]: [TIMER] id=4, name=total_graph_exec, avg=0.402849, total=386.734908, count=960
[14:50:25.976342] [WARNING] [pdc_server.c:696] PDC_SERVER[18]: [TIMER] id=0, name=open, avg=0.003864, total=3.709005, count=960
[14:50:25.976428] [WARNING] [pdc_server.c:696] PDC_SERVER[18]: [TIMER] id=1, name=close, avg=0.004706, total=4.517394, count=960
[14:50:25.976434] [WARNING] [pdc_server.c:696] PDC_SERVER[18]: [TIMER] id=2, name=read, avg=0.039022, total=37.461254, count=960
[14:50:25.976439] [WARNING] [pdc_server.c:696] PDC_SERVER[18]: [TIMER] id=4, name=total_graph_exec, avg=0.401912, total=385.835098, count=960
[14:50:25.976365] [WARNING] [pdc_server.c:696] PDC_SERVER[30]: [TIMER] id=0, name=open, avg=0.004557, total=4.375199, count=960
[14:50:25.976427] [WARNING] [pdc_server.c:696] PDC_SERVER[30]: [TIMER] id=1, name=close, avg=0.002752, total=2.642172, count=960
[14:50:25.976439] [WARNING] [pdc_server.c:696] PDC_SERVER[30]: [TIMER] id=2, name=read, avg=0.017209, total=16.520979, count=960
[14:50:25.976444] [WARNING] [pdc_server.c:696] PDC_SERVER[30]: [TIMER] id=4, name=total_graph_exec, avg=0.397260, total=381.369320, count=960
[14:50:25.976373] [WARNING] [pdc_server.c:696] PDC_SERVER[41]: [TIMER] id=0, name=open, avg=0.005119, total=4.914351, count=960
[14:50:25.976442] [WARNING] [pdc_server.c:696] PDC_SERVER[41]: [TIMER] id=1, name=close, avg=0.002792, total=2.680368, count=960
[14:50:25.976448] [WARNING] [pdc_server.c:696] PDC_SERVER[41]: [TIMER] id=2, name=read, avg=0.018087, total=17.363085, count=960
[14:50:25.976453] [WARNING] [pdc_server.c:696] PDC_SERVER[41]: [TIMER] id=4, name=total_graph_exec, avg=0.398260, total=382.329390, count=960
[14:50:25.976363] [WARNING] [pdc_server.c:696] PDC_SERVER[5]: [TIMER] id=0, name=open, avg=0.005158, total=4.951884, count=960
[14:50:25.976434] [WARNING] [pdc_server.c:696] PDC_SERVER[5]: [TIMER] id=1, name=close, avg=0.002758, total=2.647431, count=960
[14:50:25.976439] [WARNING] [pdc_server.c:696] PDC_SERVER[5]: [TIMER] id=2, name=read, avg=0.018115, total=17.390478, count=960
[14:50:25.976444] [WARNING] [pdc_server.c:696] PDC_SERVER[5]: [TIMER] id=4, name=total_graph_exec, avg=0.390475, total=374.856339, count=960
[14:50:25.976353] [WARNING] [pdc_server.c:696] PDC_SERVER[44]: [TIMER] id=0, name=open, avg=0.007107, total=6.822428, count=960
[14:50:25.976424] [WARNING] [pdc_server.c:696] PDC_SERVER[44]: [TIMER] id=1, name=close, avg=0.000454, total=0.435986, count=960
[14:50:25.976430] [WARNING] [pdc_server.c:696] PDC_SERVER[44]: [TIMER] id=2, name=read, avg=0.031219, total=29.970697, count=960
[14:50:25.976434] [WARNING] [pdc_server.c:696] PDC_SERVER[44]: [TIMER] id=4, name=total_graph_exec, avg=0.392528, total=376.826585, count=960
[14:50:25.976370] [WARNING] [pdc_server.c:696] PDC_SERVER[3]: [TIMER] id=0, name=open, avg=0.005583, total=5.359279, count=960
[14:50:25.976446] [WARNING] [pdc_server.c:696] PDC_SERVER[3]: [TIMER] id=1, name=close, avg=0.002807, total=2.695156, count=960
[14:50:25.976452] [WARNING] [pdc_server.c:696] PDC_SERVER[3]: [TIMER] id=2, name=read, avg=0.023578, total=22.634523, count=960
[14:50:25.976456] [WARNING] [pdc_server.c:696] PDC_SERVER[3]: [TIMER] id=4, name=total_graph_exec, avg=0.392153, total=376.466871, count=960
[14:50:25.976365] [WARNING] [pdc_server.c:696] PDC_SERVER[53]: [TIMER] id=0, name=open, avg=0.004612, total=4.427541, count=960
[14:50:25.976434] [WARNING] [pdc_server.c:696] PDC_SERVER[53]: [TIMER] id=1, name=close, avg=0.003599, total=3.455363, count=960
[14:50:25.976440] [WARNING] [pdc_server.c:696] PDC_SERVER[53]: [TIMER] id=2, name=read, avg=0.030268, total=29.056844, count=960
[14:50:25.976445] [WARNING] [pdc_server.c:696] PDC_SERVER[53]: [TIMER] id=4, name=total_graph_exec, avg=0.401065, total=385.022504, count=960
[14:50:25.976375] [WARNING] [pdc_server.c:696] PDC_SERVER[7]: [TIMER] id=0, name=open, avg=0.005808, total=5.575790, count=960
[14:50:25.976440] [WARNING] [pdc_server.c:696] PDC_SERVER[7]: [TIMER] id=1, name=close, avg=0.002989, total=2.869646, count=960
[14:50:25.976453] [WARNING] [pdc_server.c:696] PDC_SERVER[7]: [TIMER] id=2, name=read, avg=0.030680, total=29.452363, count=960
[14:50:25.976458] [WARNING] [pdc_server.c:696] PDC_SERVER[7]: [TIMER] id=4, name=total_graph_exec, avg=0.396860, total=380.985861, count=960
[14:50:25.976350] [WARNING] [pdc_server.c:696] PDC_SERVER[4]: [TIMER] id=0, name=open, avg=0.003706, total=3.557539, count=960
[14:50:25.976417] [WARNING] [pdc_server.c:696] PDC_SERVER[4]: [TIMER] id=1, name=close, avg=0.004887, total=4.691509, count=960
[14:50:25.976422] [WARNING] [pdc_server.c:696] PDC_SERVER[4]: [TIMER] id=2, name=read, avg=0.025991, total=24.951659, count=960
[14:50:25.976427] [WARNING] [pdc_server.c:696] PDC_SERVER[4]: [TIMER] id=4, name=total_graph_exec, avg=0.398270, total=382.338923, count=960
[14:50:25.976319] [WARNING] [pdc_server.c:696] PDC_SERVER[40]: [TIMER] id=0, name=open, avg=0.005437, total=5.219408, count=960
[14:50:25.976391] [WARNING] [pdc_server.c:696] PDC_SERVER[40]: [TIMER] id=1, name=close, avg=0.002724, total=2.614594, count=960
[14:50:25.976396] [WARNING] [pdc_server.c:696] PDC_SERVER[40]: [TIMER] id=2, name=read, avg=0.030152, total=28.945525, count=960
[14:50:25.976401] [WARNING] [pdc_server.c:696] PDC_SERVER[40]: [TIMER] id=4, name=total_graph_exec, avg=0.392314, total=376.621807, count=960
[14:50:25.976343] [WARNING] [pdc_server.c:696] PDC_SERVER[24]: [TIMER] id=0, name=open, avg=0.005038, total=4.836043, count=960
[14:50:25.976412] [WARNING] [pdc_server.c:696] PDC_SERVER[24]: [TIMER] id=1, name=close, avg=0.002788, total=2.676079, count=960
[14:50:25.976418] [WARNING] [pdc_server.c:696] PDC_SERVER[24]: [TIMER] id=2, name=read, avg=0.030729, total=29.499936, count=960
[14:50:25.976422] [WARNING] [pdc_server.c:696] PDC_SERVER[24]: [TIMER] id=4, name=total_graph_exec, avg=0.396400, total=380.544006, count=960
[14:50:25.976374] [WARNING] [pdc_server.c:696] PDC_SERVER[1]: [TIMER] id=0, name=open, avg=0.005922, total=5.685047, count=960
[14:50:25.976448] [WARNING] [pdc_server.c:696] PDC_SERVER[1]: [TIMER] id=1, name=close, avg=0.002641, total=2.534912, count=960
[14:50:25.976453] [WARNING] [pdc_server.c:696] PDC_SERVER[1]: [TIMER] id=2, name=read, avg=0.025982, total=24.942765, count=960
[14:50:25.976458] [WARNING] [pdc_server.c:696] PDC_SERVER[1]: [TIMER] id=4, name=total_graph_exec, avg=0.393620, total=377.875544, count=960
[14:50:25.976373] [WARNING] [pdc_server.c:696] PDC_SERVER[11]: [TIMER] id=0, name=open, avg=0.004415, total=4.238442, count=960
[14:50:25.976442] [WARNING] [pdc_server.c:696] PDC_SERVER[11]: [TIMER] id=1, name=close, avg=0.002697, total=2.588680, count=960
[14:50:25.976448] [WARNING] [pdc_server.c:696] PDC_SERVER[11]: [TIMER] id=2, name=read, avg=0.017228, total=16.539022, count=960
[14:50:25.976452] [WARNING] [pdc_server.c:696] PDC_SERVER[11]: [TIMER] id=4, name=total_graph_exec, avg=0.389556, total=373.973424, count=960
[14:50:25.976381] [WARNING] [pdc_server.c:696] PDC_SERVER[29]: [TIMER] id=0, name=open, avg=0.005661, total=5.434125, count=960
[14:50:25.976452] [WARNING] [pdc_server.c:696] PDC_SERVER[29]: [TIMER] id=1, name=close, avg=0.002592, total=2.487886, count=960
[14:50:25.976458] [WARNING] [pdc_server.c:696] PDC_SERVER[29]: [TIMER] id=2, name=read, avg=0.031127, total=29.882166, count=960
[14:50:25.976462] [WARNING] [pdc_server.c:696] PDC_SERVER[29]: [TIMER] id=4, name=total_graph_exec, avg=0.392166, total=376.478946, count=960
[14:50:25.976384] [WARNING] [pdc_server.c:696] PDC_SERVER[13]: [TIMER] id=0, name=open, avg=0.004839, total=4.645384, count=960
[14:50:25.976455] [WARNING] [pdc_server.c:696] PDC_SERVER[13]: [TIMER] id=1, name=close, avg=0.002737, total=2.627603, count=960
[14:50:25.976461] [WARNING] [pdc_server.c:696] PDC_SERVER[13]: [TIMER] id=2, name=read, avg=0.017004, total=16.324039, count=960
[14:50:25.976465] [WARNING] [pdc_server.c:696] PDC_SERVER[13]: [TIMER] id=4, name=total_graph_exec, avg=0.389006, total=373.446018, count=960
[14:50:25.976359] [WARNING] [pdc_server.c:696] PDC_SERVER[9]: [TIMER] id=0, name=open, avg=0.003629, total=3.483881, count=960
[14:50:25.976431] [WARNING] [pdc_server.c:696] PDC_SERVER[9]: [TIMER] id=1, name=close, avg=0.002680, total=2.573273, count=960
[14:50:25.976436] [WARNING] [pdc_server.c:696] PDC_SERVER[9]: [TIMER] id=2, name=read, avg=0.030218, total=29.008953, count=960
[14:50:25.976441] [WARNING] [pdc_server.c:696] PDC_SERVER[9]: [TIMER] id=4, name=total_graph_exec, avg=0.392918, total=377.200874, count=960
[14:50:25.976374] [WARNING] [pdc_server.c:696] PDC_SERVER[47]: [TIMER] id=0, name=open, avg=0.006873, total=6.598025, count=960
[14:50:25.976449] [WARNING] [pdc_server.c:696] PDC_SERVER[47]: [TIMER] id=1, name=close, avg=0.000440, total=0.422563, count=960
[14:50:25.976454] [WARNING] [pdc_server.c:696] PDC_SERVER[47]: [TIMER] id=2, name=read, avg=0.031068, total=29.825236, count=960
[14:50:25.976459] [WARNING] [pdc_server.c:696] PDC_SERVER[47]: [TIMER] id=4, name=total_graph_exec, avg=0.395034, total=379.232514, count=960
[14:50:25.976366] [WARNING] [pdc_server.c:696] PDC_SERVER[16]: [TIMER] id=0, name=open, avg=0.005349, total=5.134677, count=960
[14:50:25.976435] [WARNING] [pdc_server.c:696] PDC_SERVER[16]: [TIMER] id=1, name=close, avg=0.002666, total=2.559270, count=960
[14:50:25.976440] [WARNING] [pdc_server.c:696] PDC_SERVER[16]: [TIMER] id=2, name=read, avg=0.031490, total=30.230052, count=960
[14:50:25.976445] [WARNING] [pdc_server.c:696] PDC_SERVER[16]: [TIMER] id=4, name=total_graph_exec, avg=0.401160, total=385.113285, count=960
[14:50:25.976343] [WARNING] [pdc_server.c:696] PDC_SERVER[10]: [TIMER] id=0, name=open, avg=0.005710, total=5.482010, count=960
[14:50:25.976409] [WARNING] [pdc_server.c:696] PDC_SERVER[10]: [TIMER] id=1, name=close, avg=0.000523, total=0.502552, count=960
[14:50:25.976415] [WARNING] [pdc_server.c:696] PDC_SERVER[10]: [TIMER] id=2, name=read, avg=0.017427, total=16.730047, count=960
[14:50:25.976419] [WARNING] [pdc_server.c:696] PDC_SERVER[10]: [TIMER] id=4, name=total_graph_exec, avg=0.397647, total=381.741179, count=960
[14:50:25.976379] [WARNING] [pdc_server.c:696] PDC_SERVER[46]: [TIMER] id=0, name=open, avg=0.005546, total=5.323963, count=960
[14:50:25.976447] [WARNING] [pdc_server.c:696] PDC_SERVER[46]: [TIMER] id=1, name=close, avg=0.002786, total=2.674960, count=960
[14:50:25.976459] [WARNING] [pdc_server.c:696] PDC_SERVER[46]: [TIMER] id=2, name=read, avg=0.030979, total=29.740009, count=960
[14:50:25.976464] [WARNING] [pdc_server.c:696] PDC_SERVER[46]: [TIMER] id=4, name=total_graph_exec, avg=0.391867, total=376.192082, count=960
[14:50:25.976381] [WARNING] [pdc_server.c:696] PDC_SERVER[14]: [TIMER] id=0, name=open, avg=0.005100, total=4.896248, count=960
[14:50:25.976453] [WARNING] [pdc_server.c:696] PDC_SERVER[14]: [TIMER] id=1, name=close, avg=0.002553, total=2.451066, count=960
[14:50:25.976459] [WARNING] [pdc_server.c:696] PDC_SERVER[14]: [TIMER] id=2, name=read, avg=0.031196, total=29.948579, count=960
[14:50:25.976463] [WARNING] [pdc_server.c:696] PDC_SERVER[14]: [TIMER] id=4, name=total_graph_exec, avg=0.392476, total=376.776989, count=960
[14:50:25.976346] [WARNING] [pdc_server.c:696] PDC_SERVER[26]: [TIMER] id=0, name=open, avg=0.005554, total=5.332126, count=960
[14:50:25.976438] [WARNING] [pdc_server.c:696] PDC_SERVER[26]: [TIMER] id=1, name=close, avg=0.002802, total=2.690169, count=960
[14:50:25.976444] [WARNING] [pdc_server.c:696] PDC_SERVER[26]: [TIMER] id=2, name=read, avg=0.017194, total=16.506127, count=960
[14:50:25.976449] [WARNING] [pdc_server.c:696] PDC_SERVER[26]: [TIMER] id=4, name=total_graph_exec, avg=0.397311, total=381.418729, count=960
[14:50:25.976359] [WARNING] [pdc_server.c:696] PDC_SERVER[60]: [TIMER] id=0, name=open, avg=0.005130, total=4.924880, count=960
[14:50:25.976451] [WARNING] [pdc_server.c:696] PDC_SERVER[60]: [TIMER] id=1, name=close, avg=0.002524, total=2.422938, count=960
[14:50:25.976457] [WARNING] [pdc_server.c:696] PDC_SERVER[60]: [TIMER] id=2, name=read, avg=0.038510, total=36.969297, count=960
[14:50:25.976462] [WARNING] [pdc_server.c:696] PDC_SERVER[60]: [TIMER] id=4, name=total_graph_exec, avg=0.401718, total=385.649561, count=960
[14:50:25.976340] [WARNING] [pdc_server.c:696] PDC_SERVER[36]: [TIMER] id=0, name=open, avg=0.005539, total=5.317871, count=960
[14:50:25.976426] [WARNING] [pdc_server.c:696] PDC_SERVER[36]: [TIMER] id=1, name=close, avg=0.002651, total=2.544986, count=960
[14:50:25.976432] [WARNING] [pdc_server.c:696] PDC_SERVER[36]: [TIMER] id=2, name=read, avg=0.025183, total=24.175901, count=960
[14:50:25.976437] [WARNING] [pdc_server.c:696] PDC_SERVER[36]: [TIMER] id=4, name=total_graph_exec, avg=0.402060, total=385.978011, count=960
[14:50:25.976348] [WARNING] [pdc_server.c:696] PDC_SERVER[28]: [TIMER] id=0, name=open, avg=0.005425, total=5.208181, count=960
[14:50:25.976422] [WARNING] [pdc_server.c:696] PDC_SERVER[28]: [TIMER] id=1, name=close, avg=0.002747, total=2.636878, count=960
[14:50:25.976428] [WARNING] [pdc_server.c:696] PDC_SERVER[28]: [TIMER] id=2, name=read, avg=0.030706, total=29.477743, count=960
[14:50:25.976432] [WARNING] [pdc_server.c:696] PDC_SERVER[28]: [TIMER] id=4, name=total_graph_exec, avg=0.394192, total=378.424169, count=960
[14:50:25.976363] [WARNING] [pdc_server.c:696] PDC_SERVER[19]: [TIMER] id=0, name=open, avg=0.005879, total=5.643365, count=960
[14:50:25.976443] [WARNING] [pdc_server.c:696] PDC_SERVER[19]: [TIMER] id=1, name=close, avg=0.002920, total=2.803103, count=960
[14:50:25.976448] [WARNING] [pdc_server.c:696] PDC_SERVER[19]: [TIMER] id=2, name=read, avg=0.030529, total=29.307618, count=960
[14:50:25.976453] [WARNING] [pdc_server.c:696] PDC_SERVER[19]: [TIMER] id=4, name=total_graph_exec, avg=0.392439, total=376.741373, count=960
[14:50:25.976380] [WARNING] [pdc_server.c:696] PDC_SERVER[15]: [TIMER] id=0, name=open, avg=0.005470, total=5.251327, count=960
[14:50:25.976448] [WARNING] [pdc_server.c:696] PDC_SERVER[15]: [TIMER] id=1, name=close, avg=0.002659, total=2.552454, count=960
[14:50:25.976461] [WARNING] [pdc_server.c:696] PDC_SERVER[15]: [TIMER] id=2, name=read, avg=0.031224, total=29.975426, count=960
[14:50:25.976466] [WARNING] [pdc_server.c:696] PDC_SERVER[15]: [TIMER] id=4, name=total_graph_exec, avg=0.400858, total=384.824006, count=960
[14:50:25.976360] [WARNING] [pdc_server.c:696] PDC_SERVER[21]: [TIMER] id=0, name=open, avg=0.004011, total=3.850738, count=960
[14:50:25.976422] [WARNING] [pdc_server.c:696] PDC_SERVER[21]: [TIMER] id=1, name=close, avg=0.002800, total=2.687910, count=960
[14:50:25.976435] [WARNING] [pdc_server.c:696] PDC_SERVER[21]: [TIMER] id=2, name=read, avg=0.017311, total=16.618686, count=960
[14:50:25.976439] [WARNING] [pdc_server.c:696] PDC_SERVER[21]: [TIMER] id=4, name=total_graph_exec, avg=0.397962, total=382.043431, count=960
[14:50:25.976399] [WARNING] [pdc_server.c:696] PDC_SERVER[61]: [TIMER] id=0, name=open, avg=0.005061, total=4.858689, count=960
[14:50:25.976471] [WARNING] [pdc_server.c:696] PDC_SERVER[61]: [TIMER] id=1, name=close, avg=0.002570, total=2.467052, count=960
[14:50:25.976477] [WARNING] [pdc_server.c:696] PDC_SERVER[61]: [TIMER] id=2, name=read, avg=0.030839, total=29.605686, count=960
[14:50:25.976481] [WARNING] [pdc_server.c:696] PDC_SERVER[61]: [TIMER] id=4, name=total_graph_exec, avg=0.403485, total=387.345690, count=960
[14:50:25.976377] [WARNING] [pdc_server.c:696] PDC_SERVER[17]: [TIMER] id=0, name=open, avg=0.005033, total=4.831713, count=960
[14:50:25.976447] [WARNING] [pdc_server.c:696] PDC_SERVER[17]: [TIMER] id=1, name=close, avg=0.002661, total=2.554931, count=960
[14:50:25.976452] [WARNING] [pdc_server.c:696] PDC_SERVER[17]: [TIMER] id=2, name=read, avg=0.031042, total=29.800100, count=960
[14:50:25.976457] [WARNING] [pdc_server.c:696] PDC_SERVER[17]: [TIMER] id=4, name=total_graph_exec, avg=0.400963, total=384.924395, count=960
[14:50:25.976345] [WARNING] [pdc_server.c:696] PDC_SERVER[2]: [TIMER] id=0, name=open, avg=0.002613, total=2.508342, count=960
[14:50:25.976411] [WARNING] [pdc_server.c:696] PDC_SERVER[2]: [TIMER] id=1, name=close, avg=0.004882, total=4.687114, count=960
[14:50:25.976424] [WARNING] [pdc_server.c:696] PDC_SERVER[2]: [TIMER] id=2, name=read, avg=0.016720, total=16.051673, count=960
[14:50:25.976429] [WARNING] [pdc_server.c:696] PDC_SERVER[2]: [TIMER] id=4, name=total_graph_exec, avg=0.388817, total=373.264368, count=960
[14:50:25.976388] [WARNING] [pdc_server.c:696] PDC_SERVER[25]: [TIMER] id=0, name=open, avg=0.005508, total=5.287547, count=960
[14:50:25.976463] [WARNING] [pdc_server.c:696] PDC_SERVER[25]: [TIMER] id=1, name=close, avg=0.002637, total=2.531231, count=960
[14:50:25.976468] [WARNING] [pdc_server.c:696] PDC_SERVER[25]: [TIMER] id=2, name=read, avg=0.030821, total=29.587873, count=960
[14:50:25.976473] [WARNING] [pdc_server.c:696] PDC_SERVER[25]: [TIMER] id=4, name=total_graph_exec, avg=0.395171, total=379.364345, count=960
[14:50:25.976377] [WARNING] [pdc_server.c:696] PDC_SERVER[51]: [TIMER] id=0, name=open, avg=0.002533, total=2.431971, count=960
[14:50:25.976468] [WARNING] [pdc_server.c:696] PDC_SERVER[51]: [TIMER] id=1, name=close, avg=0.004524, total=4.342996, count=960
[14:50:25.976474] [WARNING] [pdc_server.c:696] PDC_SERVER[51]: [TIMER] id=2, name=read, avg=0.043493, total=41.753139, count=960
[14:50:25.976478] [WARNING] [pdc_server.c:696] PDC_SERVER[51]: [TIMER] id=4, name=total_graph_exec, avg=0.395009, total=379.208219, count=960
[14:50:25.976380] [WARNING] [pdc_server.c:696] PDC_SERVER[63]: [TIMER] id=0, name=open, avg=0.005634, total=5.408541, count=960
[14:50:25.976469] [WARNING] [pdc_server.c:696] PDC_SERVER[63]: [TIMER] id=1, name=close, avg=0.002643, total=2.537402, count=960
[14:50:25.976475] [WARNING] [pdc_server.c:696] PDC_SERVER[63]: [TIMER] id=2, name=read, avg=0.031250, total=29.999592, count=960
[14:50:25.976480] [WARNING] [pdc_server.c:696] PDC_SERVER[63]: [TIMER] id=4, name=total_graph_exec, avg=0.391156, total=375.509579, count=960
[14:50:25.976378] [WARNING] [pdc_server.c:696] PDC_SERVER[62]: [TIMER] id=0, name=open, avg=0.005055, total=4.852531, count=960
[14:50:25.976475] [WARNING] [pdc_server.c:696] PDC_SERVER[62]: [TIMER] id=1, name=close, avg=0.002618, total=2.513629, count=960
[14:50:25.976480] [WARNING] [pdc_server.c:696] PDC_SERVER[62]: [TIMER] id=2, name=read, avg=0.031045, total=29.802972, count=960
[14:50:25.976485] [WARNING] [pdc_server.c:696] PDC_SERVER[62]: [TIMER] id=4, name=total_graph_exec, avg=0.402314, total=386.220973, count=960
[14:50:25.976346] [WARNING] [pdc_server.c:696] PDC_SERVER[38]: [TIMER] id=0, name=open, avg=0.005706, total=5.478099, count=960
[14:50:25.976848] [WARNING] [pdc_server.c:696] PDC_SERVER[38]: [TIMER] id=1, name=close, avg=0.002869, total=2.754101, count=960
[14:50:25.976865] [WARNING] [pdc_server.c:696] PDC_SERVER[38]: [TIMER] id=2, name=read, avg=0.041993, total=40.312969, count=960
[14:50:25.976870] [WARNING] [pdc_server.c:696] PDC_SERVER[38]: [TIMER] id=4, name=total_graph_exec, avg=0.397960, total=382.041279, count=960
[14:50:25.976363] [WARNING] [pdc_server.c:696] PDC_SERVER[33]: [TIMER] id=0, name=open, avg=0.005317, total=5.104262, count=960
[14:50:25.976423] [WARNING] [pdc_server.c:696] PDC_SERVER[33]: [TIMER] id=1, name=close, avg=0.002714, total=2.605578, count=960
[14:50:25.976436] [WARNING] [pdc_server.c:696] PDC_SERVER[33]: [TIMER] id=2, name=read, avg=0.017820, total=17.107553, count=960
[14:50:25.976440] [WARNING] [pdc_server.c:696] PDC_SERVER[33]: [TIMER] id=4, name=total_graph_exec, avg=0.388963, total=373.404889, count=960
[14:50:25.976380] [WARNING] [pdc_server.c:696] PDC_SERVER[45]: [TIMER] id=0, name=open, avg=0.005130, total=4.924338, count=960
[14:50:25.976456] [WARNING] [pdc_server.c:696] PDC_SERVER[45]: [TIMER] id=1, name=close, avg=0.002969, total=2.850536, count=960
[14:50:25.976469] [WARNING] [pdc_server.c:696] PDC_SERVER[45]: [TIMER] id=2, name=read, avg=0.031349, total=30.095390, count=960
[14:50:25.976473] [WARNING] [pdc_server.c:696] PDC_SERVER[45]: [TIMER] id=4, name=total_graph_exec, avg=0.395642, total=379.816160, count=960
[14:50:25.976372] [WARNING] [pdc_server.c:696] PDC_SERVER[55]: [TIMER] id=0, name=open, avg=0.005504, total=5.283439, count=960
[14:50:25.976445] [WARNING] [pdc_server.c:696] PDC_SERVER[55]: [TIMER] id=1, name=close, avg=0.002756, total=2.645550, count=960
[14:50:25.976450] [WARNING] [pdc_server.c:696] PDC_SERVER[55]: [TIMER] id=2, name=read, avg=0.030719, total=29.489859, count=960
[14:50:25.976454] [WARNING] [pdc_server.c:696] PDC_SERVER[55]: [TIMER] id=4, name=total_graph_exec, avg=0.393689, total=377.941104, count=960
[14:50:25.976379] [WARNING] [pdc_server.c:696] PDC_SERVER[59]: [TIMER] id=0, name=open, avg=0.005817, total=5.583907, count=960
[14:50:25.976455] [WARNING] [pdc_server.c:696] PDC_SERVER[59]: [TIMER] id=1, name=close, avg=0.002698, total=2.590196, count=960
[14:50:25.976460] [WARNING] [pdc_server.c:696] PDC_SERVER[59]: [TIMER] id=2, name=read, avg=0.030735, total=29.505372, count=960
[14:50:25.976465] [WARNING] [pdc_server.c:696] PDC_SERVER[59]: [TIMER] id=4, name=total_graph_exec, avg=0.401246, total=385.195805, count=960
[14:50:25.976401] [WARNING] [pdc_server.c:696] PDC_SERVER[49]: [TIMER] id=0, name=open, avg=0.004076, total=3.912672, count=960
[14:50:25.976475] [WARNING] [pdc_server.c:696] PDC_SERVER[49]: [TIMER] id=1, name=close, avg=0.002703, total=2.594939, count=960
[14:50:25.976481] [WARNING] [pdc_server.c:696] PDC_SERVER[49]: [TIMER] id=2, name=read, avg=0.028584, total=27.441006, count=960
[14:50:25.976486] [WARNING] [pdc_server.c:696] PDC_SERVER[49]: [TIMER] id=4, name=total_graph_exec, avg=0.401166, total=385.119134, count=960
[14:50:25.976391] [WARNING] [pdc_server.c:696] PDC_SERVER[57]: [TIMER] id=0, name=open, avg=0.005844, total=5.610531, count=960
[14:50:25.976479] [WARNING] [pdc_server.c:696] PDC_SERVER[57]: [TIMER] id=1, name=close, avg=0.002521, total=2.420213, count=960
[14:50:25.976484] [WARNING] [pdc_server.c:696] PDC_SERVER[57]: [TIMER] id=2, name=read, avg=0.041575, total=39.911543, count=960
[14:50:25.976489] [WARNING] [pdc_server.c:696] PDC_SERVER[57]: [TIMER] id=4, name=total_graph_exec, avg=0.403431, total=387.293569, count=960
[14:50:25.977125] [WARNING] [pdc_server.c:696] PDC_SERVER[39]: [TIMER] id=0, name=open, avg=0.005590, total=5.366620, count=960
[14:50:25.977222] [WARNING] [pdc_server.c:696] PDC_SERVER[39]: [TIMER] id=1, name=close, avg=0.002496, total=2.395965, count=960
[14:50:25.977228] [WARNING] [pdc_server.c:696] PDC_SERVER[39]: [TIMER] id=2, name=read, avg=0.036957, total=35.479060, count=960
[14:50:25.977233] [WARNING] [pdc_server.c:696] PDC_SERVER[39]: [TIMER] id=4, name=total_graph_exec, avg=0.395610, total=379.785794, count=960
[14:50:25.976983] [WARNING] [pdc_server.c:696] PDC_SERVER[22]: [TIMER] id=0, name=open, avg=0.005248, total=5.038500, count=960
[14:50:25.977454] [WARNING] [pdc_server.c:696] PDC_SERVER[22]: [TIMER] id=1, name=close, avg=0.002506, total=2.405931, count=960
[14:50:25.977460] [WARNING] [pdc_server.c:696] PDC_SERVER[22]: [TIMER] id=2, name=read, avg=0.041339, total=39.685448, count=960
[14:50:25.977466] [WARNING] [pdc_server.c:696] PDC_SERVER[22]: [TIMER] id=4, name=total_graph_exec, avg=0.403116, total=386.991146, count=960
[14:50:25.977058] [WARNING] [pdc_server.c:696] PDC_SERVER[12]: [TIMER] id=0, name=open, avg=0.005083, total=4.880075, count=960
[14:50:25.977591] [WARNING] [pdc_server.c:696] PDC_SERVER[12]: [TIMER] id=1, name=close, avg=0.002677, total=2.570201, count=960
[14:50:25.977598] [WARNING] [pdc_server.c:696] PDC_SERVER[12]: [TIMER] id=2, name=read, avg=0.029955, total=28.756843, count=960
[14:50:25.977603] [WARNING] [pdc_server.c:696] PDC_SERVER[12]: [TIMER] id=4, name=total_graph_exec, avg=0.401610, total=385.545688, count=960
[14:50:25.977134] [WARNING] [pdc_server.c:696] PDC_SERVER[31]: [TIMER] id=0, name=open, avg=0.005221, total=5.011696, count=960
[14:50:25.977616] [WARNING] [pdc_server.c:696] PDC_SERVER[31]: [TIMER] id=1, name=close, avg=0.002871, total=2.756565, count=960
[14:50:25.977622] [WARNING] [pdc_server.c:696] PDC_SERVER[31]: [TIMER] id=2, name=read, avg=0.042031, total=40.349644, count=960
[14:50:25.977627] [WARNING] [pdc_server.c:696] PDC_SERVER[31]: [TIMER] id=4, name=total_graph_exec, avg=0.396204, total=380.355506, count=960
[14:50:25.977197] [WARNING] [pdc_server.c:696] PDC_SERVER[48]: [TIMER] id=0, name=open, avg=0.004888, total=4.692359, count=960
[14:50:25.977736] [WARNING] [pdc_server.c:696] PDC_SERVER[48]: [TIMER] id=1, name=close, avg=0.002544, total=2.442078, count=960
[14:50:25.977742] [WARNING] [pdc_server.c:696] PDC_SERVER[48]: [TIMER] id=2, name=read, avg=0.034120, total=32.755608, count=960
[14:50:25.977747] [WARNING] [pdc_server.c:696] PDC_SERVER[48]: [TIMER] id=4, name=total_graph_exec, avg=0.395199, total=379.390978, count=960
[14:50:25.977136] [WARNING] [pdc_server.c:696] PDC_SERVER[42]: [TIMER] id=0, name=open, avg=0.003822, total=3.668771, count=960
[14:50:25.977699] [WARNING] [pdc_server.c:696] PDC_SERVER[42]: [TIMER] id=1, name=close, avg=0.003408, total=3.271476, count=960
[14:50:25.977705] [WARNING] [pdc_server.c:696] PDC_SERVER[42]: [TIMER] id=2, name=read, avg=0.044161, total=42.394081, count=960
[14:50:25.977711] [WARNING] [pdc_server.c:696] PDC_SERVER[42]: [TIMER] id=4, name=total_graph_exec, avg=0.399342, total=383.368305, count=960
