NUM_NODES=64
DATA_SERVERS_PER_NODE=1
CLIENTS_PER_NODE=32
SERVER_TOTAL_TASKS=64
CLIENT_TOTAL_TASKS=2048
PDC_LUSTRE_STRIPE_SIZE=8
removing old logs
running server script
+ pushd /pscratch/sd/n/nlewi26/src/work_space/source/pdc/build/bin
/pscratch/sd/n/nlewi26/src/work_space/source/pdc/build/bin /pscratch/sd/n/nlewi26/src/work_space/source/pdc/pdc_helper_scripts/vpicio_scripts
+ rm -rf /pscratch/sd/n/nlewi26/src/work_space/install/pdc/pdc_data
+ popd
+ srun -N 64 -n 64 --ntasks-per-node=1 --error=server_output_vpicio_zfp_64.err --output=server_output_vpicio_zfp_64.log ./pdc_server
/pscratch/sd/n/nlewi26/src/work_space/source/pdc/pdc_helper_scripts/vpicio_scripts

real	0m12.752s
user	0m0.037s
sys	0m2.934s
running client script
+ pushd /pscratch/sd/n/nlewi26/src/work_space/source/pdc/build/bin
/pscratch/sd/n/nlewi26/src/work_space/source/pdc/build/bin /pscratch/sd/n/nlewi26/src/work_space/source/pdc/pdc_helper_scripts/vpicio_scripts
+ srun -N 64 -n 2048 --ntasks-per-node=32 --output=client_output_vpicio_zfp_64.log --error=client_output_vpicio_zfp_64.err ./vpicio_mts 8388608 5 100 zfp
+ popd
/pscratch/sd/n/nlewi26/src/work_space/source/pdc/pdc_helper_scripts/vpicio_scripts

real	9m1.062s
user	0m0.073s
sys	0m0.093s
closing server script
+ pushd /pscratch/sd/n/nlewi26/src/work_space/source/pdc/build/bin
/pscratch/sd/n/nlewi26/src/work_space/source/pdc/build/bin /pscratch/sd/n/nlewi26/src/work_space/source/pdc/pdc_helper_scripts/vpicio_scripts
+ srun -N 64 -n 64 --ntasks-per-node=1 --error=close_server_output_vpicio_zfp_64.err --output=close_server_output_vpicio_zfp_64.log ./close_server
+ popd
/pscratch/sd/n/nlewi26/src/work_space/source/pdc/pdc_helper_scripts/vpicio_scripts

real	1m57.446s
user	0m0.057s
sys	0m0.070s
running server script
+ pushd /pscratch/sd/n/nlewi26/src/work_space/source/pdc/build/bin
/pscratch/sd/n/nlewi26/src/work_space/source/pdc/build/bin /pscratch/sd/n/nlewi26/src/work_space/source/pdc/pdc_helper_scripts/vpicio_scripts
+ popd
/pscratch/sd/n/nlewi26/src/work_space/source/pdc/pdc_helper_scripts/vpicio_scripts
+ srun -N 64 -n 64 --ntasks-per-node=1 --error=server_output_bdcats_zfp_64.err --output=server_output_bdcats_zfp_64.log ./pdc_server restart

real	0m0.009s
user	0m0.000s
sys	0m0.006s
running client script
+ pushd /pscratch/sd/n/nlewi26/src/work_space/source/pdc/build/bin
/pscratch/sd/n/nlewi26/src/work_space/source/pdc/build/bin /pscratch/sd/n/nlewi26/src/work_space/source/pdc/pdc_helper_scripts/vpicio_scripts
+ srun -N 64 -n 2048 --ntasks-per-node=32 --output=client_output_bdcats_zfp_64.log --error=client_output_bdcats_zfp_64.err ./bdcats_mts 8388608 5 100 zfp
+ popd
/pscratch/sd/n/nlewi26/src/work_space/source/pdc/pdc_helper_scripts/vpicio_scripts

real	10m23.763s
user	0m0.106s
sys	0m0.775s
closing server script
+ pushd /pscratch/sd/n/nlewi26/src/work_space/source/pdc/build/bin
/pscratch/sd/n/nlewi26/src/work_space/source/pdc/build/bin /pscratch/sd/n/nlewi26/src/work_space/source/pdc/pdc_helper_scripts/vpicio_scripts
+ srun -N 64 -n 64 --ntasks-per-node=1 --error=close_server_output_bdcats_zfp_64.err --output=close_server_output_bdcats_zfp_64.log ./close_server
+ popd
/pscratch/sd/n/nlewi26/src/work_space/source/pdc/pdc_helper_scripts/vpicio_scripts

real	0m1.116s
user	0m0.066s
sys	0m0.041s
