NUM_NODES=8
DATA_SERVERS_PER_NODE=1
CLIENTS_PER_NODE=32
SERVER_TOTAL_TASKS=8
CLIENT_TOTAL_TASKS=256
removing old logs
running server script
+ pushd /pscratch/sd/n/nlewi26/src/work_space/source/pdc/build/bin
/pscratch/sd/n/nlewi26/src/work_space/source/pdc/build/bin /pscratch/sd/n/nlewi26/src/work_space/source/pdc/pdc_helper_scripts/vpicio_scripts
+ rm -rf /pscratch/sd/n/nlewi26/src/work_space/install/pdc/pdc_data
+ popd
+ srun -N 8 -n 8 --ntasks-per-node=1 --error=server_output_vpicio_zfp_libsod_8.err --output=server_output_vpicio_zfp_libsod_8.log ./pdc_server
/pscratch/sd/n/nlewi26/src/work_space/source/pdc/pdc_helper_scripts/vpicio_scripts

real	0m1.581s
user	0m0.010s
sys	0m0.493s
running client script
+ pushd /pscratch/sd/n/nlewi26/src/work_space/source/pdc/build/bin
/pscratch/sd/n/nlewi26/src/work_space/source/pdc/build/bin /pscratch/sd/n/nlewi26/src/work_space/source/pdc/pdc_helper_scripts/vpicio_scripts
+ srun -N 8 -n 256 --ntasks-per-node=32 --output=client_output_vpicio_zfp_libsod_8.log --error=client_output_vpicio_zfp_libsod_8.err ./vpicio_mts 8388608 5 40 zfp_libsod
+ popd
/pscratch/sd/n/nlewi26/src/work_space/source/pdc/pdc_helper_scripts/vpicio_scripts

real	3m53.649s
user	0m0.070s
sys	0m0.039s
closing server script
+ pushd /pscratch/sd/n/nlewi26/src/work_space/source/pdc/build/bin
/pscratch/sd/n/nlewi26/src/work_space/source/pdc/build/bin /pscratch/sd/n/nlewi26/src/work_space/source/pdc/pdc_helper_scripts/vpicio_scripts
+ srun -N 8 -n 8 --ntasks-per-node=1 --error=close_server_output_vpicio_zfp_libsod_8.err --output=close_server_output_vpicio_zfp_libsod_8.log ./close_server
+ popd
/pscratch/sd/n/nlewi26/src/work_space/source/pdc/pdc_helper_scripts/vpicio_scripts

real	1m2.044s
user	0m0.049s
sys	0m0.031s
running server script
+ pushd /pscratch/sd/n/nlewi26/src/work_space/source/pdc/build/bin
/pscratch/sd/n/nlewi26/src/work_space/source/pdc/build/bin /pscratch/sd/n/nlewi26/src/work_space/source/pdc/pdc_helper_scripts/vpicio_scripts
+ popd
/pscratch/sd/n/nlewi26/src/work_space/source/pdc/pdc_helper_scripts/vpicio_scripts
+ srun -N 8 -n 8 --ntasks-per-node=1 --error=server_output_bdcats_zfp_libsod_8.err --output=server_output_bdcats_zfp_libsod_8.log ./pdc_server restart

real	0m0.007s
user	0m0.006s
sys	0m0.000s
running client script
+ pushd /pscratch/sd/n/nlewi26/src/work_space/source/pdc/build/bin
/pscratch/sd/n/nlewi26/src/work_space/source/pdc/build/bin /pscratch/sd/n/nlewi26/src/work_space/source/pdc/pdc_helper_scripts/vpicio_scripts
+ srun -N 8 -n 256 --ntasks-per-node=32 --output=client_output_bdcats_zfp_libsod_8.log --error=client_output_bdcats_zfp_libsod_8.err ./bdcats_mts 8388608 5 40 zfp_libsod
srun: Step created for StepId=48788369.4
+ popd
/pscratch/sd/n/nlewi26/src/work_space/source/pdc/pdc_helper_scripts/vpicio_scripts

real	4m8.161s
user	0m0.059s
sys	0m0.138s
closing server script
+ pushd /pscratch/sd/n/nlewi26/src/work_space/source/pdc/build/bin
/pscratch/sd/n/nlewi26/src/work_space/source/pdc/build/bin /pscratch/sd/n/nlewi26/src/work_space/source/pdc/pdc_helper_scripts/vpicio_scripts
+ srun -N 8 -n 8 --ntasks-per-node=1 --error=close_server_output_bdcats_zfp_libsod_8.err --output=close_server_output_bdcats_zfp_libsod_8.log ./close_server
+ popd
/pscratch/sd/n/nlewi26/src/work_space/source/pdc/pdc_helper_scripts/vpicio_scripts

real	0m3.679s
user	0m0.050s
sys	0m0.032s
