[15:25:39.837268] [WARNING] [pdc_server_data.c:122] PDC_SERVER[0]: Total Lustre OSTs, PDC Servers: 256, 128
[15:25:39.837319] [WARNING] [pdc_server_data.c:123] PDC_SERVER[0]: Setting Lustre stripe count to 2 and size to 16 MB
[15:30:33.624453] [WARNING] [pdc_server.c:1184] PDC_SERVER[0]: Checkpoint start
[15:30:33.663687] [WARNING] [pdc_server.c:1376] PDC_SERVER[0]: Writing checkpoint transformations start
[15:30:33.664837] [WARNING] [pdc_server.c:1558] PDC_SERVER[0]: Writing checkpoint transformations done
[15:30:37.733115] [WARNING] [pdc_server.c:1595] PDC_SERVER[0]: Rank[ALL]: Total checkpoint time = 4.108641
[15:30:37.737122] [WARNING] [pdc_server.c:1602] PDC_SERVER[0]: Checkpointing done
[15:30:37.737666] [WARNING] [pdc_server.c:696] PDC_SERVER[0]: [TIMER] id=0, name=open, avg=0.000457, total=0.438760, count=960
[15:30:37.737682] [WARNING] [pdc_server.c:696] PDC_SERVER[0]: [TIMER] id=1, name=close, avg=0.000206, total=0.197926, count=960
[15:30:37.737687] [WARNING] [pdc_server.c:696] PDC_SERVER[0]: [TIMER] id=3, name=write, avg=0.034365, total=32.990864, count=960
[15:30:37.737692] [WARNING] [pdc_server.c:696] PDC_SERVER[0]: [TIMER] id=4, name=total_graph_exec, avg=0.349224, total=335.255208, count=960
[15:30:37.737601] [WARNING] [pdc_server.c:696] PDC_SERVER[18]: [TIMER] id=0, name=open, avg=0.000439, total=0.421531, count=960
[15:30:37.737690] [WARNING] [pdc_server.c:696] PDC_SERVER[18]: [TIMER] id=1, name=close, avg=0.000223, total=0.214555, count=960
[15:30:37.737697] [WARNING] [pdc_server.c:696] PDC_SERVER[18]: [TIMER] id=3, name=write, avg=0.034600, total=33.216371, count=960
[15:30:37.737702] [WARNING] [pdc_server.c:696] PDC_SERVER[18]: [TIMER] id=4, name=total_graph_exec, avg=0.344676, total=330.888648, count=960
[15:30:37.737574] [WARNING] [pdc_server.c:696] PDC_SERVER[2]: [TIMER] id=0, name=open, avg=0.000538, total=0.516042, count=960
[15:30:37.737646] [WARNING] [pdc_server.c:696] PDC_SERVER[2]: [TIMER] id=1, name=close, avg=0.000237, total=0.227690, count=960
[15:30:37.737672] [WARNING] [pdc_server.c:696] PDC_SERVER[2]: [TIMER] id=3, name=write, avg=0.034750, total=33.360323, count=960
[15:30:37.737677] [WARNING] [pdc_server.c:696] PDC_SERVER[2]: [TIMER] id=4, name=total_graph_exec, avg=0.337680, total=324.172653, count=960
[15:30:37.737611] [WARNING] [pdc_server.c:696] PDC_SERVER[21]: [TIMER] id=0, name=open, avg=0.000460, total=0.441521, count=960
[15:30:37.737689] [WARNING] [pdc_server.c:696] PDC_SERVER[21]: [TIMER] id=1, name=close, avg=0.000195, total=0.186787, count=960
[15:30:37.737717] [WARNING] [pdc_server.c:696] PDC_SERVER[21]: [TIMER] id=3, name=write, avg=0.034194, total=32.826274, count=960
[15:30:37.737722] [WARNING] [pdc_server.c:696] PDC_SERVER[21]: [TIMER] id=4, name=total_graph_exec, avg=0.337256, total=323.765993, count=960
[15:30:37.737526] [WARNING] [pdc_server.c:696] PDC_SERVER[33]: [TIMER] id=0, name=open, avg=0.000461, total=0.442756, count=960
[15:30:37.737637] [WARNING] [pdc_server.c:696] PDC_SERVER[33]: [TIMER] id=1, name=close, avg=0.000219, total=0.209855, count=960
[15:30:37.737643] [WARNING] [pdc_server.c:696] PDC_SERVER[33]: [TIMER] id=3, name=write, avg=0.034439, total=33.061164, count=960
[15:30:37.737648] [WARNING] [pdc_server.c:696] PDC_SERVER[33]: [TIMER] id=4, name=total_graph_exec, avg=0.337745, total=324.235159, count=960
[15:30:37.737593] [WARNING] [pdc_server.c:696] PDC_SERVER[119]: [TIMER] id=0, name=open, avg=0.000454, total=0.435933, count=960
[15:30:37.737678] [WARNING] [pdc_server.c:696] PDC_SERVER[119]: [TIMER] id=1, name=close, avg=0.000225, total=0.215567, count=960
[15:30:37.737684] [WARNING] [pdc_server.c:696] PDC_SERVER[119]: [TIMER] id=3, name=write, avg=0.034401, total=33.025228, count=960
[15:30:37.737689] [WARNING] [pdc_server.c:696] PDC_SERVER[119]: [TIMER] id=4, name=total_graph_exec, avg=0.335910, total=322.473641, count=960
[15:30:37.737602] [WARNING] [pdc_server.c:696] PDC_SERVER[109]: [TIMER] id=0, name=open, avg=0.000473, total=0.453875, count=960
[15:30:37.737704] [WARNING] [pdc_server.c:696] PDC_SERVER[109]: [TIMER] id=1, name=close, avg=0.000217, total=0.207978, count=960
[15:30:37.737710] [WARNING] [pdc_server.c:696] PDC_SERVER[109]: [TIMER] id=3, name=write, avg=0.034456, total=33.077974, count=960
[15:30:37.737715] [WARNING] [pdc_server.c:696] PDC_SERVER[109]: [TIMER] id=4, name=total_graph_exec, avg=0.336638, total=323.172656, count=960
[15:30:37.737595] [WARNING] [pdc_server.c:696] PDC_SERVER[59]: [TIMER] id=0, name=open, avg=0.000453, total=0.435121, count=960
[15:30:37.737665] [WARNING] [pdc_server.c:696] PDC_SERVER[59]: [TIMER] id=1, name=close, avg=0.000199, total=0.190659, count=960
[15:30:37.737690] [WARNING] [pdc_server.c:696] PDC_SERVER[59]: [TIMER] id=3, name=write, avg=0.034304, total=32.931883, count=960
[15:30:37.737695] [WARNING] [pdc_server.c:696] PDC_SERVER[59]: [TIMER] id=4, name=total_graph_exec, avg=0.337823, total=324.309810, count=960
[15:30:37.737613] [WARNING] [pdc_server.c:696] PDC_SERVER[103]: [TIMER] id=0, name=open, avg=0.000429, total=0.411407, count=960
[15:30:37.737714] [WARNING] [pdc_server.c:696] PDC_SERVER[103]: [TIMER] id=1, name=close, avg=0.000244, total=0.234450, count=960
[15:30:37.737720] [WARNING] [pdc_server.c:696] PDC_SERVER[103]: [TIMER] id=3, name=write, avg=0.034758, total=33.367418, count=960
[15:30:37.737725] [WARNING] [pdc_server.c:696] PDC_SERVER[103]: [TIMER] id=4, name=total_graph_exec, avg=0.353929, total=339.771954, count=960
[15:30:37.737655] [WARNING] [pdc_server.c:696] PDC_SERVER[125]: [TIMER] id=0, name=open, avg=0.000448, total=0.430112, count=960
[15:30:37.737730] [WARNING] [pdc_server.c:696] PDC_SERVER[125]: [TIMER] id=1, name=close, avg=0.000206, total=0.197295, count=960
[15:30:37.737756] [WARNING] [pdc_server.c:696] PDC_SERVER[125]: [TIMER] id=3, name=write, avg=0.034594, total=33.210586, count=960
[15:30:37.737761] [WARNING] [pdc_server.c:696] PDC_SERVER[125]: [TIMER] id=4, name=total_graph_exec, avg=0.347241, total=333.351716, count=960
[15:30:37.737796] [WARNING] [pdc_server.c:696] PDC_SERVER[52]: [TIMER] id=0, name=open, avg=0.000484, total=0.464667, count=960
[15:30:37.737855] [WARNING] [pdc_server.c:696] PDC_SERVER[52]: [TIMER] id=1, name=close, avg=0.000216, total=0.207200, count=960
[15:30:37.737862] [WARNING] [pdc_server.c:696] PDC_SERVER[52]: [TIMER] id=3, name=write, avg=0.034830, total=33.436690, count=960
[15:30:37.737867] [WARNING] [pdc_server.c:696] PDC_SERVER[52]: [TIMER] id=4, name=total_graph_exec, avg=0.354804, total=340.611892, count=960
[15:30:37.737631] [WARNING] [pdc_server.c:696] PDC_SERVER[47]: [TIMER] id=0, name=open, avg=0.000435, total=0.417877, count=960
[15:30:37.738018] [WARNING] [pdc_server.c:696] PDC_SERVER[47]: [TIMER] id=1, name=close, avg=0.000209, total=0.200506, count=960
[15:30:37.738040] [WARNING] [pdc_server.c:696] PDC_SERVER[47]: [TIMER] id=3, name=write, avg=0.034740, total=33.350437, count=960
[15:30:37.738045] [WARNING] [pdc_server.c:696] PDC_SERVER[47]: [TIMER] id=4, name=total_graph_exec, avg=0.351409, total=337.352820, count=960
[15:30:37.738123] [WARNING] [pdc_server.c:696] PDC_SERVER[32]: [TIMER] id=0, name=open, avg=0.000470, total=0.451459, count=960
[15:30:37.738194] [WARNING] [pdc_server.c:696] PDC_SERVER[32]: [TIMER] id=1, name=close, avg=0.000221, total=0.212098, count=960
[15:30:37.738221] [WARNING] [pdc_server.c:696] PDC_SERVER[32]: [TIMER] id=3, name=write, avg=0.035610, total=34.185298, count=960
[15:30:37.738227] [WARNING] [pdc_server.c:696] PDC_SERVER[32]: [TIMER] id=4, name=total_graph_exec, avg=0.337587, total=324.083176, count=960
[15:30:37.738193] [WARNING] [pdc_server.c:696] PDC_SERVER[64]: [TIMER] id=0, name=open, avg=0.000443, total=0.425056, count=960
[15:30:37.738291] [WARNING] [pdc_server.c:696] PDC_SERVER[64]: [TIMER] id=1, name=close, avg=0.000215, total=0.206823, count=960
[15:30:37.738298] [WARNING] [pdc_server.c:696] PDC_SERVER[64]: [TIMER] id=3, name=write, avg=0.034694, total=33.305972, count=960
[15:30:37.738303] [WARNING] [pdc_server.c:696] PDC_SERVER[64]: [TIMER] id=4, name=total_graph_exec, avg=0.346779, total=332.907883, count=960
[15:30:37.738297] [WARNING] [pdc_server.c:696] PDC_SERVER[104]: [TIMER] id=0, name=open, avg=0.000465, total=0.446339, count=960
[15:30:37.738368] [WARNING] [pdc_server.c:696] PDC_SERVER[104]: [TIMER] id=1, name=close, avg=0.000210, total=0.201942, count=960
[15:30:37.738391] [WARNING] [pdc_server.c:696] PDC_SERVER[104]: [TIMER] id=3, name=write, avg=0.034728, total=33.338411, count=960
[15:30:37.738398] [WARNING] [pdc_server.c:696] PDC_SERVER[104]: [TIMER] id=4, name=total_graph_exec, avg=0.344020, total=330.259127, count=960
[15:30:37.738347] [WARNING] [pdc_server.c:696] PDC_SERVER[100]: [TIMER] id=0, name=open, avg=0.000524, total=0.503426, count=960
[15:30:37.738422] [WARNING] [pdc_server.c:696] PDC_SERVER[100]: [TIMER] id=1, name=close, avg=0.000207, total=0.198423, count=960
[15:30:37.738445] [WARNING] [pdc_server.c:696] PDC_SERVER[100]: [TIMER] id=3, name=write, avg=0.034142, total=32.776490, count=960
[15:30:37.738451] [WARNING] [pdc_server.c:696] PDC_SERVER[100]: [TIMER] id=4, name=total_graph_exec, avg=0.334555, total=321.173209, count=960
[15:30:37.738207] [WARNING] [pdc_server.c:696] PDC_SERVER[85]: [TIMER] id=0, name=open, avg=0.000417, total=0.400477, count=960
[15:30:37.738549] [WARNING] [pdc_server.c:696] PDC_SERVER[85]: [TIMER] id=1, name=close, avg=0.000234, total=0.224611, count=960
[15:30:37.738556] [WARNING] [pdc_server.c:696] PDC_SERVER[85]: [TIMER] id=3, name=write, avg=0.034653, total=33.267144, count=960
[15:30:37.738561] [WARNING] [pdc_server.c:696] PDC_SERVER[85]: [TIMER] id=4, name=total_graph_exec, avg=0.352730, total=338.620855, count=960
[15:30:37.738423] [WARNING] [pdc_server.c:696] PDC_SERVER[96]: [TIMER] id=0, name=open, avg=0.000455, total=0.436331, count=960
[15:30:37.738496] [WARNING] [pdc_server.c:696] PDC_SERVER[96]: [TIMER] id=1, name=close, avg=0.000200, total=0.192045, count=960
[15:30:37.738523] [WARNING] [pdc_server.c:696] PDC_SERVER[96]: [TIMER] id=3, name=write, avg=0.034187, total=32.819562, count=960
[15:30:37.738528] [WARNING] [pdc_server.c:696] PDC_SERVER[96]: [TIMER] id=4, name=total_graph_exec, avg=0.337282, total=323.790686, count=960
[15:30:37.738547] [WARNING] [pdc_server.c:696] PDC_SERVER[72]: [TIMER] id=0, name=open, avg=0.000475, total=0.455866, count=960
[15:30:37.738659] [WARNING] [pdc_server.c:696] PDC_SERVER[72]: [TIMER] id=1, name=close, avg=0.000198, total=0.189755, count=960
[15:30:37.739099] [WARNING] [pdc_server.c:696] PDC_SERVER[24]: [TIMER] id=0, name=open, avg=0.000540, total=0.518456, count=960
[15:30:37.739198] [WARNING] [pdc_server.c:696] PDC_SERVER[24]: [TIMER] id=1, name=close, avg=0.000201, total=0.192655, count=960
[15:30:37.739205] [WARNING] [pdc_server.c:696] PDC_SERVER[24]: [TIMER] id=3, name=write, avg=0.034178, total=32.811036, count=960
[15:30:37.739210] [WARNING] [pdc_server.c:696] PDC_SERVER[24]: [TIMER] id=4, name=total_graph_exec, avg=0.338023, total=324.502007, count=960
[15:30:37.738666] [WARNING] [pdc_server.c:696] PDC_SERVER[72]: [TIMER] id=3, name=write, avg=0.034125, total=32.759957, count=960
[15:30:37.738671] [WARNING] [pdc_server.c:696] PDC_SERVER[72]: [TIMER] id=4, name=total_graph_exec, avg=0.339205, total=325.636448, count=960
[15:30:37.738639] [WARNING] [pdc_server.c:696] PDC_SERVER[108]: [TIMER] id=0, name=open, avg=0.000489, total=0.469289, count=960
[15:30:37.738714] [WARNING] [pdc_server.c:696] PDC_SERVER[108]: [TIMER] id=1, name=close, avg=0.000214, total=0.205563, count=960
[15:30:37.738735] [WARNING] [pdc_server.c:696] PDC_SERVER[108]: [TIMER] id=3, name=write, avg=0.034819, total=33.426657, count=960
[15:30:37.738741] [WARNING] [pdc_server.c:696] PDC_SERVER[108]: [TIMER] id=4, name=total_graph_exec, avg=0.345455, total=331.636337, count=960
[15:30:37.738786] [WARNING] [pdc_server.c:696] PDC_SERVER[120]: [TIMER] id=0, name=open, avg=0.000552, total=0.529796, count=960
[15:30:37.738874] [WARNING] [pdc_server.c:696] PDC_SERVER[120]: [TIMER] id=1, name=close, avg=0.000205, total=0.196536, count=960
[15:30:37.738881] [WARNING] [pdc_server.c:696] PDC_SERVER[120]: [TIMER] id=3, name=write, avg=0.034847, total=33.452892, count=960
[15:30:37.738886] [WARNING] [pdc_server.c:696] PDC_SERVER[120]: [TIMER] id=4, name=total_graph_exec, avg=0.346399, total=332.543085, count=960
[15:30:37.738793] [WARNING] [pdc_server.c:696] PDC_SERVER[88]: [TIMER] id=0, name=open, avg=0.000550, total=0.527922, count=960
[15:30:37.738891] [WARNING] [pdc_server.c:696] PDC_SERVER[88]: [TIMER] id=1, name=close, avg=0.000212, total=0.203286, count=960
[15:30:37.738897] [WARNING] [pdc_server.c:696] PDC_SERVER[88]: [TIMER] id=3, name=write, avg=0.034267, total=32.896570, count=960
[15:30:37.738903] [WARNING] [pdc_server.c:696] PDC_SERVER[88]: [TIMER] id=4, name=total_graph_exec, avg=0.337256, total=323.766161, count=960
[15:30:37.738879] [WARNING] [pdc_server.c:696] PDC_SERVER[5]: [TIMER] id=0, name=open, avg=0.000439, total=0.421543, count=960
[15:30:37.738978] [WARNING] [pdc_server.c:696] PDC_SERVER[5]: [TIMER] id=1, name=close, avg=0.000231, total=0.221703, count=960
[15:30:37.738984] [WARNING] [pdc_server.c:696] PDC_SERVER[5]: [TIMER] id=3, name=write, avg=0.034421, total=33.044337, count=960
[15:30:37.738989] [WARNING] [pdc_server.c:696] PDC_SERVER[5]: [TIMER] id=4, name=total_graph_exec, avg=0.337556, total=324.054080, count=960
[15:30:37.738987] [WARNING] [pdc_server.c:696] PDC_SERVER[11]: [TIMER] id=0, name=open, avg=0.000438, total=0.420417, count=960
[15:30:37.739081] [WARNING] [pdc_server.c:696] PDC_SERVER[11]: [TIMER] id=1, name=close, avg=0.000213, total=0.204799, count=960
[15:30:37.739088] [WARNING] [pdc_server.c:696] PDC_SERVER[11]: [TIMER] id=3, name=write, avg=0.034370, total=32.995580, count=960
[15:30:37.739093] [WARNING] [pdc_server.c:696] PDC_SERVER[11]: [TIMER] id=4, name=total_graph_exec, avg=0.355986, total=341.746264, count=960
[15:30:37.738999] [WARNING] [pdc_server.c:696] PDC_SERVER[98]: [TIMER] id=0, name=open, avg=0.000480, total=0.460603, count=960
[15:30:37.739103] [WARNING] [pdc_server.c:696] PDC_SERVER[98]: [TIMER] id=1, name=close, avg=0.000227, total=0.218193, count=960
[15:30:37.739109] [WARNING] [pdc_server.c:696] PDC_SERVER[98]: [TIMER] id=3, name=write, avg=0.034736, total=33.346493, count=960
[15:30:37.739114] [WARNING] [pdc_server.c:696] PDC_SERVER[98]: [TIMER] id=4, name=total_graph_exec, avg=0.346649, total=332.783311, count=960
[15:30:37.739342] [WARNING] [pdc_server.c:696] PDC_SERVER[16]: [TIMER] id=0, name=open, avg=0.000417, total=0.400128, count=960
[15:30:37.739452] [WARNING] [pdc_server.c:696] PDC_SERVER[16]: [TIMER] id=1, name=close, avg=0.000209, total=0.200651, count=960
[15:30:37.739458] [WARNING] [pdc_server.c:696] PDC_SERVER[16]: [TIMER] id=3, name=write, avg=0.034188, total=32.820173, count=960
[15:30:37.739464] [WARNING] [pdc_server.c:696] PDC_SERVER[16]: [TIMER] id=4, name=total_graph_exec, avg=0.336337, total=322.883324, count=960
[15:30:37.739279] [WARNING] [pdc_server.c:696] PDC_SERVER[35]: [TIMER] id=0, name=open, avg=0.000522, total=0.500932, count=960
[15:30:37.739384] [WARNING] [pdc_server.c:696] PDC_SERVER[35]: [TIMER] id=1, name=close, avg=0.000200, total=0.192434, count=960
[15:30:37.739390] [WARNING] [pdc_server.c:696] PDC_SERVER[35]: [TIMER] id=3, name=write, avg=0.034664, total=33.277316, count=960
[15:30:37.739396] [WARNING] [pdc_server.c:696] PDC_SERVER[35]: [TIMER] id=4, name=total_graph_exec, avg=0.345697, total=331.869141, count=960
[15:30:37.739327] [WARNING] [pdc_server.c:696] PDC_SERVER[82]: [TIMER] id=0, name=open, avg=0.000468, total=0.448910, count=960
[15:30:37.739399] [WARNING] [pdc_server.c:696] PDC_SERVER[82]: [TIMER] id=1, name=close, avg=0.000253, total=0.242571, count=960
[15:30:37.739419] [WARNING] [pdc_server.c:696] PDC_SERVER[82]: [TIMER] id=3, name=write, avg=0.034531, total=33.150224, count=960
[15:30:37.739425] [WARNING] [pdc_server.c:696] PDC_SERVER[82]: [TIMER] id=4, name=total_graph_exec, avg=0.346529, total=332.667899, count=960
[15:30:37.737966] [WARNING] [pdc_server.c:696] PDC_SERVER[48]: [TIMER] id=0, name=open, avg=0.000437, total=0.419517, count=960
[15:30:37.739471] [WARNING] [pdc_server.c:696] PDC_SERVER[48]: [TIMER] id=1, name=close, avg=0.000223, total=0.214261, count=960
[15:30:37.739411] [WARNING] [pdc_server.c:696] PDC_SERVER[50]: [TIMER] id=0, name=open, avg=0.000435, total=0.417931, count=960
[15:30:37.739522] [WARNING] [pdc_server.c:696] PDC_SERVER[50]: [TIMER] id=1, name=close, avg=0.000217, total=0.208469, count=960
[15:30:37.739529] [WARNING] [pdc_server.c:696] PDC_SERVER[50]: [TIMER] id=3, name=write, avg=0.034554, total=33.172006, count=960
[15:30:37.739535] [WARNING] [pdc_server.c:696] PDC_SERVER[50]: [TIMER] id=4, name=total_graph_exec, avg=0.338482, total=324.942999, count=960
[15:30:37.739478] [WARNING] [pdc_server.c:696] PDC_SERVER[48]: [TIMER] id=3, name=write, avg=0.034075, total=32.712125, count=960
[15:30:37.739484] [WARNING] [pdc_server.c:696] PDC_SERVER[48]: [TIMER] id=4, name=total_graph_exec, avg=0.345003, total=331.202790, count=960
[15:30:37.739190] [WARNING] [pdc_server.c:696] PDC_SERVER[9]: [TIMER] id=0, name=open, avg=0.000423, total=0.406305, count=960
[15:30:37.739614] [WARNING] [pdc_server.c:696] PDC_SERVER[9]: [TIMER] id=1, name=close, avg=0.000211, total=0.202420, count=960
[15:30:37.739647] [WARNING] [pdc_server.c:696] PDC_SERVER[9]: [TIMER] id=3, name=write, avg=0.034745, total=33.355109, count=960
[15:30:37.739655] [WARNING] [pdc_server.c:696] PDC_SERVER[9]: [TIMER] id=4, name=total_graph_exec, avg=0.346324, total=332.471516, count=960
[15:30:37.739464] [WARNING] [pdc_server.c:696] PDC_SERVER[118]: [TIMER] id=0, name=open, avg=0.000530, total=0.509273, count=960
[15:30:37.739580] [WARNING] [pdc_server.c:696] PDC_SERVER[118]: [TIMER] id=1, name=close, avg=0.000216, total=0.207245, count=960
[15:30:37.739589] [WARNING] [pdc_server.c:696] PDC_SERVER[118]: [TIMER] id=3, name=write, avg=0.034519, total=33.137953, count=960
[15:30:37.739637] [WARNING] [pdc_server.c:696] PDC_SERVER[118]: [TIMER] id=4, name=total_graph_exec, avg=0.346410, total=332.554053, count=960
[15:30:37.739593] [WARNING] [pdc_server.c:696] PDC_SERVER[49]: [TIMER] id=0, name=open, avg=0.000419, total=0.402095, count=960
[15:30:37.739668] [WARNING] [pdc_server.c:696] PDC_SERVER[49]: [TIMER] id=1, name=close, avg=0.000210, total=0.201939, count=960
[15:30:37.739694] [WARNING] [pdc_server.c:696] PDC_SERVER[49]: [TIMER] id=3, name=write, avg=0.034839, total=33.444999, count=960
[15:30:37.739700] [WARNING] [pdc_server.c:696] PDC_SERVER[49]: [TIMER] id=4, name=total_graph_exec, avg=0.346755, total=332.884759, count=960
[15:30:37.739908] [WARNING] [pdc_server.c:696] PDC_SERVER[115]: [TIMER] id=0, name=open, avg=0.000433, total=0.416100, count=960
[15:30:37.740034] [WARNING] [pdc_server.c:696] PDC_SERVER[115]: [TIMER] id=1, name=close, avg=0.000207, total=0.199043, count=960
[15:30:37.740043] [WARNING] [pdc_server.c:696] PDC_SERVER[115]: [TIMER] id=3, name=write, avg=0.034323, total=32.949621, count=960
[15:30:37.740050] [WARNING] [pdc_server.c:696] PDC_SERVER[115]: [TIMER] id=4, name=total_graph_exec, avg=0.340171, total=326.564562, count=960
[15:30:37.739733] [WARNING] [pdc_server.c:696] PDC_SERVER[30]: [TIMER] id=0, name=open, avg=0.000440, total=0.422251, count=960
[15:30:37.739849] [WARNING] [pdc_server.c:696] PDC_SERVER[30]: [TIMER] id=1, name=close, avg=0.000219, total=0.210417, count=960
[15:30:37.739857] [WARNING] [pdc_server.c:696] PDC_SERVER[30]: [TIMER] id=3, name=write, avg=0.034380, total=33.005073, count=960
[15:30:37.739864] [WARNING] [pdc_server.c:696] PDC_SERVER[30]: [TIMER] id=4, name=total_graph_exec, avg=0.347392, total=333.496296, count=960
[15:30:37.739891] [WARNING] [pdc_server.c:696] PDC_SERVER[73]: [TIMER] id=0, name=open, avg=0.000473, total=0.453767, count=960
[15:30:37.739977] [WARNING] [pdc_server.c:696] PDC_SERVER[73]: [TIMER] id=1, name=close, avg=0.000217, total=0.208683, count=960
[15:30:37.739983] [WARNING] [pdc_server.c:696] PDC_SERVER[73]: [TIMER] id=3, name=write, avg=0.034612, total=33.227841, count=960
[15:30:37.739989] [WARNING] [pdc_server.c:696] PDC_SERVER[73]: [TIMER] id=4, name=total_graph_exec, avg=0.350512, total=336.491434, count=960
[15:30:37.739794] [WARNING] [pdc_server.c:696] PDC_SERVER[44]: [TIMER] id=0, name=open, avg=0.000422, total=0.405284, count=960
[15:30:37.739909] [WARNING] [pdc_server.c:696] PDC_SERVER[44]: [TIMER] id=1, name=close, avg=0.000233, total=0.223378, count=960
[15:30:37.739915] [WARNING] [pdc_server.c:696] PDC_SERVER[44]: [TIMER] id=3, name=write, avg=0.034361, total=32.986095, count=960
[15:30:37.739921] [WARNING] [pdc_server.c:696] PDC_SERVER[44]: [TIMER] id=4, name=total_graph_exec, avg=0.337799, total=324.286780, count=960
[15:30:37.740010] [WARNING] [pdc_server.c:696] PDC_SERVER[86]: [TIMER] id=0, name=open, avg=0.000475, total=0.456159, count=960
[15:30:37.740137] [WARNING] [pdc_server.c:696] PDC_SERVER[86]: [TIMER] id=1, name=close, avg=0.000217, total=0.208017, count=960
[15:30:37.740145] [WARNING] [pdc_server.c:696] PDC_SERVER[86]: [TIMER] id=3, name=write, avg=0.034536, total=33.154127, count=960
[15:30:37.740152] [WARNING] [pdc_server.c:696] PDC_SERVER[86]: [TIMER] id=4, name=total_graph_exec, avg=0.346322, total=332.469114, count=960
[15:30:37.740148] [WARNING] [pdc_server.c:696] PDC_SERVER[66]: [TIMER] id=0, name=open, avg=0.000527, total=0.505876, count=960
[15:30:37.740230] [WARNING] [pdc_server.c:696] PDC_SERVER[66]: [TIMER] id=1, name=close, avg=0.000241, total=0.231581, count=960
[15:30:37.740256] [WARNING] [pdc_server.c:696] PDC_SERVER[66]: [TIMER] id=3, name=write, avg=0.034301, total=32.928632, count=960
[15:30:37.740264] [WARNING] [pdc_server.c:696] PDC_SERVER[66]: [TIMER] id=4, name=total_graph_exec, avg=0.336720, total=323.251314, count=960
[15:30:37.740240] [WARNING] [pdc_server.c:696] PDC_SERVER[43]: [TIMER] id=0, name=open, avg=0.000454, total=0.435905, count=960
[15:30:37.740347] [WARNING] [pdc_server.c:696] PDC_SERVER[43]: [TIMER] id=1, name=close, avg=0.000200, total=0.191564, count=960
[15:30:37.740354] [WARNING] [pdc_server.c:696] PDC_SERVER[43]: [TIMER] id=3, name=write, avg=0.034283, total=32.911623, count=960
[15:30:37.740360] [WARNING] [pdc_server.c:696] PDC_SERVER[43]: [TIMER] id=4, name=total_graph_exec, avg=0.337501, total=324.000846, count=960
[15:30:37.740375] [WARNING] [pdc_server.c:696] PDC_SERVER[75]: [TIMER] id=0, name=open, avg=0.000427, total=0.410103, count=960
[15:30:37.740456] [WARNING] [pdc_server.c:696] PDC_SERVER[75]: [TIMER] id=1, name=close, avg=0.000224, total=0.214582, count=960
[15:30:37.740485] [WARNING] [pdc_server.c:696] PDC_SERVER[75]: [TIMER] id=3, name=write, avg=0.034187, total=32.819042, count=960
[15:30:37.740342] [WARNING] [pdc_server.c:696] PDC_SERVER[91]: [TIMER] id=0, name=open, avg=0.000381, total=0.365418, count=960
[15:30:37.740465] [WARNING] [pdc_server.c:696] PDC_SERVER[91]: [TIMER] id=1, name=close, avg=0.000223, total=0.214239, count=960
[15:30:37.740352] [WARNING] [pdc_server.c:696] PDC_SERVER[111]: [TIMER] id=0, name=open, avg=0.000402, total=0.385706, count=960
[15:30:37.740536] [WARNING] [pdc_server.c:696] PDC_SERVER[111]: [TIMER] id=1, name=close, avg=0.000218, total=0.209396, count=960
[15:30:37.740491] [WARNING] [pdc_server.c:696] PDC_SERVER[75]: [TIMER] id=4, name=total_graph_exec, avg=0.337384, total=323.888518, count=960
[15:30:37.740477] [WARNING] [pdc_server.c:696] PDC_SERVER[91]: [TIMER] id=3, name=write, avg=0.034389, total=33.013806, count=960
[15:30:37.740486] [WARNING] [pdc_server.c:696] PDC_SERVER[91]: [TIMER] id=4, name=total_graph_exec, avg=0.337240, total=323.750499, count=960
[15:30:37.740564] [WARNING] [pdc_server.c:696] PDC_SERVER[111]: [TIMER] id=3, name=write, avg=0.034453, total=33.074871, count=960
[15:30:37.740575] [WARNING] [pdc_server.c:696] PDC_SERVER[111]: [TIMER] id=4, name=total_graph_exec, avg=0.336957, total=323.478729, count=960
[15:30:37.740562] [WARNING] [pdc_server.c:696] PDC_SERVER[3]: [TIMER] id=0, name=open, avg=0.000500, total=0.479843, count=960
[15:30:37.740647] [WARNING] [pdc_server.c:696] PDC_SERVER[3]: [TIMER] id=1, name=close, avg=0.000233, total=0.223443, count=960
[15:30:37.740678] [WARNING] [pdc_server.c:696] PDC_SERVER[3]: [TIMER] id=3, name=write, avg=0.034881, total=33.485634, count=960
[15:30:37.740687] [WARNING] [pdc_server.c:696] PDC_SERVER[3]: [TIMER] id=4, name=total_graph_exec, avg=0.345787, total=331.955226, count=960
[15:30:37.740483] [WARNING] [pdc_server.c:696] PDC_SERVER[22]: [TIMER] id=0, name=open, avg=0.000524, total=0.502682, count=960
[15:30:37.740602] [WARNING] [pdc_server.c:696] PDC_SERVER[22]: [TIMER] id=1, name=close, avg=0.000215, total=0.206115, count=960
[15:30:37.740636] [WARNING] [pdc_server.c:696] PDC_SERVER[22]: [TIMER] id=3, name=write, avg=0.034484, total=33.104578, count=960
[15:30:37.740645] [WARNING] [pdc_server.c:696] PDC_SERVER[22]: [TIMER] id=4, name=total_graph_exec, avg=0.347379, total=333.483982, count=960
[15:30:37.741039] [WARNING] [pdc_server.c:696] PDC_SERVER[110]: [TIMER] id=0, name=open, avg=0.000429, total=0.411651, count=960
[15:30:37.741141] [WARNING] [pdc_server.c:696] PDC_SERVER[110]: [TIMER] id=1, name=close, avg=0.000233, total=0.223854, count=960
[15:30:37.741147] [WARNING] [pdc_server.c:696] PDC_SERVER[110]: [TIMER] id=3, name=write, avg=0.034611, total=33.226455, count=960
[15:30:37.741152] [WARNING] [pdc_server.c:696] PDC_SERVER[110]: [TIMER] id=4, name=total_graph_exec, avg=0.348458, total=334.519515, count=960
[15:30:37.740960] [WARNING] [pdc_server.c:696] PDC_SERVER[23]: [TIMER] id=0, name=open, avg=0.000472, total=0.453343, count=960
[15:30:37.741036] [WARNING] [pdc_server.c:696] PDC_SERVER[23]: [TIMER] id=1, name=close, avg=0.000210, total=0.201890, count=960
[15:30:37.741065] [WARNING] [pdc_server.c:696] PDC_SERVER[23]: [TIMER] id=3, name=write, avg=0.034362, total=32.987060, count=960
[15:30:37.741073] [WARNING] [pdc_server.c:696] PDC_SERVER[23]: [TIMER] id=4, name=total_graph_exec, avg=0.346666, total=332.799546, count=960
[15:30:37.741169] [WARNING] [pdc_server.c:696] PDC_SERVER[14]: [TIMER] id=0, name=open, avg=0.000438, total=0.420711, count=960
[15:30:37.741260] [WARNING] [pdc_server.c:696] PDC_SERVER[14]: [TIMER] id=1, name=close, avg=0.000208, total=0.200120, count=960
[15:30:37.741288] [WARNING] [pdc_server.c:696] PDC_SERVER[14]: [TIMER] id=3, name=write, avg=0.034646, total=33.260056, count=960
[15:30:37.741295] [WARNING] [pdc_server.c:696] PDC_SERVER[14]: [TIMER] id=4, name=total_graph_exec, avg=0.348991, total=335.031782, count=960
[15:30:37.739758] [WARNING] [pdc_server.c:696] PDC_SERVER[20]: [TIMER] id=0, name=open, avg=0.000485, total=0.465981, count=960
[15:30:37.741087] [WARNING] [pdc_server.c:696] PDC_SERVER[20]: [TIMER] id=1, name=close, avg=0.000234, total=0.224851, count=960
[15:30:37.741094] [WARNING] [pdc_server.c:696] PDC_SERVER[20]: [TIMER] id=3, name=write, avg=0.033880, total=32.525217, count=960
[15:30:37.741099] [WARNING] [pdc_server.c:696] PDC_SERVER[20]: [TIMER] id=4, name=total_graph_exec, avg=0.331590, total=318.326082, count=960
[15:30:37.741045] [WARNING] [pdc_server.c:696] PDC_SERVER[124]: [TIMER] id=0, name=open, avg=0.000599, total=0.574887, count=960
[15:30:37.741164] [WARNING] [pdc_server.c:696] PDC_SERVER[124]: [TIMER] id=1, name=close, avg=0.000184, total=0.176403, count=960
[15:30:37.741175] [WARNING] [pdc_server.c:696] PDC_SERVER[124]: [TIMER] id=3, name=write, avg=0.034228, total=32.859166, count=960
[15:30:37.741185] [WARNING] [pdc_server.c:696] PDC_SERVER[124]: [TIMER] id=4, name=total_graph_exec, avg=0.336869, total=323.394157, count=960
[15:30:37.741184] [WARNING] [pdc_server.c:696] PDC_SERVER[84]: [TIMER] id=0, name=open, avg=0.000411, total=0.394322, count=960
[15:30:37.741275] [WARNING] [pdc_server.c:696] PDC_SERVER[84]: [TIMER] id=1, name=close, avg=0.000210, total=0.201242, count=960
[15:30:37.741283] [WARNING] [pdc_server.c:696] PDC_SERVER[84]: [TIMER] id=3, name=write, avg=0.034296, total=32.924303, count=960
[15:30:37.741288] [WARNING] [pdc_server.c:696] PDC_SERVER[84]: [TIMER] id=4, name=total_graph_exec, avg=0.335287, total=321.875467, count=960
[15:30:37.741142] [WARNING] [pdc_server.c:696] PDC_SERVER[70]: [TIMER] id=0, name=open, avg=0.000433, total=0.415828, count=960
[15:30:37.741257] [WARNING] [pdc_server.c:696] PDC_SERVER[70]: [TIMER] id=1, name=close, avg=0.000205, total=0.196884, count=960
[15:30:37.741263] [WARNING] [pdc_server.c:696] PDC_SERVER[70]: [TIMER] id=3, name=write, avg=0.034888, total=33.492300, count=960
[15:30:37.741268] [WARNING] [pdc_server.c:696] PDC_SERVER[70]: [TIMER] id=4, name=total_graph_exec, avg=0.338574, total=325.030879, count=960
[15:30:37.741275] [WARNING] [pdc_server.c:696] PDC_SERVER[1]: [TIMER] id=0, name=open, avg=0.000449, total=0.430905, count=960
[15:30:37.741391] [WARNING] [pdc_server.c:696] PDC_SERVER[1]: [TIMER] id=1, name=close, avg=0.000226, total=0.217080, count=960
[15:30:37.741399] [WARNING] [pdc_server.c:696] PDC_SERVER[1]: [TIMER] id=3, name=write, avg=0.034576, total=33.192766, count=960
[15:30:37.741405] [WARNING] [pdc_server.c:696] PDC_SERVER[1]: [TIMER] id=4, name=total_graph_exec, avg=0.335284, total=321.872994, count=960
[15:30:37.741303] [WARNING] [pdc_server.c:696] PDC_SERVER[99]: [TIMER] id=0, name=open, avg=0.000411, total=0.394804, count=960
[15:30:37.741411] [WARNING] [pdc_server.c:696] PDC_SERVER[99]: [TIMER] id=1, name=close, avg=0.000220, total=0.211281, count=960
[15:30:37.741420] [WARNING] [pdc_server.c:696] PDC_SERVER[99]: [TIMER] id=3, name=write, avg=0.034869, total=33.474536, count=960
[15:30:37.741426] [WARNING] [pdc_server.c:696] PDC_SERVER[99]: [TIMER] id=4, name=total_graph_exec, avg=0.338562, total=325.019394, count=960
[15:30:37.741449] [WARNING] [pdc_server.c:696] PDC_SERVER[81]: [TIMER] id=0, name=open, avg=0.000479, total=0.460050, count=960
[15:30:37.741586] [WARNING] [pdc_server.c:696] PDC_SERVER[81]: [TIMER] id=1, name=close, avg=0.000205, total=0.197074, count=960
[15:30:37.741598] [WARNING] [pdc_server.c:696] PDC_SERVER[81]: [TIMER] id=3, name=write, avg=0.034514, total=33.133803, count=960
[15:30:37.741607] [WARNING] [pdc_server.c:696] PDC_SERVER[81]: [TIMER] id=4, name=total_graph_exec, avg=0.338715, total=325.166544, count=960
[15:30:37.741486] [WARNING] [pdc_server.c:696] PDC_SERVER[39]: [TIMER] id=0, name=open, avg=0.000521, total=0.500455, count=960
[15:30:37.741574] [WARNING] [pdc_server.c:696] PDC_SERVER[39]: [TIMER] id=1, name=close, avg=0.000204, total=0.195839, count=960
[15:30:37.741609] [WARNING] [pdc_server.c:696] PDC_SERVER[39]: [TIMER] id=3, name=write, avg=0.034287, total=32.915547, count=960
[15:30:37.741617] [WARNING] [pdc_server.c:696] PDC_SERVER[39]: [TIMER] id=4, name=total_graph_exec, avg=0.338072, total=324.549339, count=960
[15:30:37.741511] [WARNING] [pdc_server.c:696] PDC_SERVER[56]: [TIMER] id=0, name=open, avg=0.000482, total=0.462247, count=960
[15:30:37.741618] [WARNING] [pdc_server.c:696] PDC_SERVER[56]: [TIMER] id=1, name=close, avg=0.000244, total=0.233766, count=960
[15:30:37.741625] [WARNING] [pdc_server.c:696] PDC_SERVER[56]: [TIMER] id=3, name=write, avg=0.034385, total=33.009464, count=960
[15:30:37.741630] [WARNING] [pdc_server.c:696] PDC_SERVER[56]: [TIMER] id=4, name=total_graph_exec, avg=0.338578, total=325.035153, count=960
[15:30:37.741629] [WARNING] [pdc_server.c:696] PDC_SERVER[25]: [TIMER] id=0, name=open, avg=0.000483, total=0.463497, count=960
[15:30:37.741746] [WARNING] [pdc_server.c:696] PDC_SERVER[25]: [TIMER] id=1, name=close, avg=0.000215, total=0.206170, count=960
[15:30:37.741753] [WARNING] [pdc_server.c:696] PDC_SERVER[25]: [TIMER] id=3, name=write, avg=0.034468, total=33.089023, count=960
[15:30:37.741758] [WARNING] [pdc_server.c:696] PDC_SERVER[25]: [TIMER] id=4, name=total_graph_exec, avg=0.337901, total=324.385201, count=960
[15:30:37.741763] [WARNING] [pdc_server.c:696] PDC_SERVER[4]: [TIMER] id=0, name=open, avg=0.000462, total=0.443565, count=960
[15:30:37.741871] [WARNING] [pdc_server.c:696] PDC_SERVER[4]: [TIMER] id=1, name=close, avg=0.000208, total=0.199553, count=960
[15:30:37.741878] [WARNING] [pdc_server.c:696] PDC_SERVER[4]: [TIMER] id=3, name=write, avg=0.034669, total=33.281922, count=960
[15:30:37.741883] [WARNING] [pdc_server.c:696] PDC_SERVER[4]: [TIMER] id=4, name=total_graph_exec, avg=0.336937, total=323.459672, count=960
[15:30:37.741737] [WARNING] [pdc_server.c:696] PDC_SERVER[92]: [TIMER] id=0, name=open, avg=0.000460, total=0.441790, count=960
[15:30:37.741834] [WARNING] [pdc_server.c:696] PDC_SERVER[92]: [TIMER] id=1, name=close, avg=0.000209, total=0.200745, count=960
[15:30:37.741840] [WARNING] [pdc_server.c:696] PDC_SERVER[92]: [TIMER] id=3, name=write, avg=0.034479, total=33.099439, count=960
[15:30:37.741845] [WARNING] [pdc_server.c:696] PDC_SERVER[92]: [TIMER] id=4, name=total_graph_exec, avg=0.336245, total=322.795626, count=960
[15:30:37.741748] [WARNING] [pdc_server.c:696] PDC_SERVER[117]: [TIMER] id=0, name=open, avg=0.000477, total=0.458122, count=960
[15:30:37.741842] [WARNING] [pdc_server.c:696] PDC_SERVER[117]: [TIMER] id=1, name=close, avg=0.000215, total=0.206117, count=960
[15:30:37.741849] [WARNING] [pdc_server.c:696] PDC_SERVER[117]: [TIMER] id=3, name=write, avg=0.034305, total=32.933264, count=960
[15:30:37.741855] [WARNING] [pdc_server.c:696] PDC_SERVER[117]: [TIMER] id=4, name=total_graph_exec, avg=0.335219, total=321.809993, count=960
[15:30:37.740709] [WARNING] [pdc_server.c:696] PDC_SERVER[12]: [TIMER] id=0, name=open, avg=0.000430, total=0.412624, count=960
[15:30:37.742112] [WARNING] [pdc_server.c:696] PDC_SERVER[12]: [TIMER] id=1, name=close, avg=0.000223, total=0.214200, count=960
[15:30:37.742119] [WARNING] [pdc_server.c:696] PDC_SERVER[12]: [TIMER] id=3, name=write, avg=0.034254, total=32.884009, count=960
[15:30:37.742124] [WARNING] [pdc_server.c:696] PDC_SERVER[12]: [TIMER] id=4, name=total_graph_exec, avg=0.340822, total=327.189057, count=960
[15:30:37.741880] [WARNING] [pdc_server.c:696] PDC_SERVER[67]: [TIMER] id=0, name=open, avg=0.000470, total=0.451322, count=960
[15:30:37.741956] [WARNING] [pdc_server.c:696] PDC_SERVER[67]: [TIMER] id=1, name=close, avg=0.000208, total=0.199790, count=960
[15:30:37.741980] [WARNING] [pdc_server.c:696] PDC_SERVER[67]: [TIMER] id=3, name=write, avg=0.034278, total=32.907254, count=960
[15:30:37.741986] [WARNING] [pdc_server.c:696] PDC_SERVER[67]: [TIMER] id=4, name=total_graph_exec, avg=0.337117, total=323.632137, count=960
[15:30:37.741952] [WARNING] [pdc_server.c:696] PDC_SERVER[113]: [TIMER] id=0, name=open, avg=0.000465, total=0.446593, count=960
[15:30:37.742060] [WARNING] [pdc_server.c:696] PDC_SERVER[113]: [TIMER] id=1, name=close, avg=0.000215, total=0.206737, count=960
[15:30:37.742067] [WARNING] [pdc_server.c:696] PDC_SERVER[113]: [TIMER] id=3, name=write, avg=0.034274, total=32.903450, count=960
[15:30:37.742073] [WARNING] [pdc_server.c:696] PDC_SERVER[113]: [TIMER] id=4, name=total_graph_exec, avg=0.337611, total=324.106175, count=960
[15:30:37.742146] [WARNING] [pdc_server.c:696] PDC_SERVER[116]: [TIMER] id=0, name=open, avg=0.000431, total=0.413508, count=960
[15:30:37.742272] [WARNING] [pdc_server.c:696] PDC_SERVER[116]: [TIMER] id=1, name=close, avg=0.000228, total=0.218410, count=960
[15:30:37.742280] [WARNING] [pdc_server.c:696] PDC_SERVER[116]: [TIMER] id=3, name=write, avg=0.034420, total=33.043476, count=960
[15:30:37.742287] [WARNING] [pdc_server.c:696] PDC_SERVER[116]: [TIMER] id=4, name=total_graph_exec, avg=0.338671, total=325.123836, count=960
[15:30:37.742514] [WARNING] [pdc_server.c:696] PDC_SERVER[112]: [TIMER] id=0, name=open, avg=0.000453, total=0.434658, count=960
[15:30:37.742618] [WARNING] [pdc_server.c:696] PDC_SERVER[112]: [TIMER] id=1, name=close, avg=0.000210, total=0.201726, count=960
[15:30:37.742624] [WARNING] [pdc_server.c:696] PDC_SERVER[112]: [TIMER] id=3, name=write, avg=0.034527, total=33.145917, count=960
[15:30:37.742628] [WARNING] [pdc_server.c:696] PDC_SERVER[112]: [TIMER] id=4, name=total_graph_exec, avg=0.346044, total=332.202656, count=960
[15:30:37.740809] [WARNING] [pdc_server.c:696] PDC_SERVER[58]: [TIMER] id=0, name=open, avg=0.000482, total=0.462503, count=960
[15:30:37.742286] [WARNING] [pdc_server.c:696] PDC_SERVER[58]: [TIMER] id=1, name=close, avg=0.000199, total=0.190915, count=960
[15:30:37.742293] [WARNING] [pdc_server.c:696] PDC_SERVER[58]: [TIMER] id=3, name=write, avg=0.034101, total=32.737214, count=960
[15:30:37.742298] [WARNING] [pdc_server.c:696] PDC_SERVER[58]: [TIMER] id=4, name=total_graph_exec, avg=0.341455, total=327.796870, count=960
[15:30:37.742204] [WARNING] [pdc_server.c:696] PDC_SERVER[87]: [TIMER] id=0, name=open, avg=0.000444, total=0.426423, count=960
[15:30:37.742314] [WARNING] [pdc_server.c:696] PDC_SERVER[87]: [TIMER] id=1, name=close, avg=0.000255, total=0.244883, count=960
[15:30:37.742323] [WARNING] [pdc_server.c:696] PDC_SERVER[87]: [TIMER] id=3, name=write, avg=0.034593, total=33.209266, count=960
[15:30:37.742330] [WARNING] [pdc_server.c:696] PDC_SERVER[87]: [TIMER] id=4, name=total_graph_exec, avg=0.341514, total=327.853405, count=960
[15:30:37.742310] [WARNING] [pdc_server.c:696] PDC_SERVER[53]: [TIMER] id=0, name=open, avg=0.000480, total=0.460796, count=960
[15:30:37.742431] [WARNING] [pdc_server.c:696] PDC_SERVER[53]: [TIMER] id=1, name=close, avg=0.000259, total=0.248709, count=960
[15:30:37.742438] [WARNING] [pdc_server.c:696] PDC_SERVER[53]: [TIMER] id=3, name=write, avg=0.034771, total=33.379707, count=960
[15:30:37.742445] [WARNING] [pdc_server.c:696] PDC_SERVER[53]: [TIMER] id=4, name=total_graph_exec, avg=0.346866, total=332.991431, count=960
[15:30:37.742369] [WARNING] [pdc_server.c:696] PDC_SERVER[68]: [TIMER] id=0, name=open, avg=0.000421, total=0.404094, count=960
[15:30:37.742467] [WARNING] [pdc_server.c:696] PDC_SERVER[68]: [TIMER] id=1, name=close, avg=0.000212, total=0.203406, count=960
[15:30:37.742474] [WARNING] [pdc_server.c:696] PDC_SERVER[68]: [TIMER] id=3, name=write, avg=0.034373, total=32.998268, count=960
[15:30:37.742479] [WARNING] [pdc_server.c:696] PDC_SERVER[68]: [TIMER] id=4, name=total_graph_exec, avg=0.340211, total=326.602105, count=960
[15:30:37.742534] [WARNING] [pdc_server.c:696] PDC_SERVER[36]: [TIMER] id=0, name=open, avg=0.000447, total=0.428986, count=960
[15:30:37.742616] [WARNING] [pdc_server.c:696] PDC_SERVER[36]: [TIMER] id=1, name=close, avg=0.000229, total=0.219630, count=960
[15:30:37.742643] [WARNING] [pdc_server.c:696] PDC_SERVER[36]: [TIMER] id=3, name=write, avg=0.034549, total=33.166990, count=960
[15:30:37.742649] [WARNING] [pdc_server.c:696] PDC_SERVER[36]: [TIMER] id=4, name=total_graph_exec, avg=0.349222, total=335.252933, count=960
[15:30:37.742531] [WARNING] [pdc_server.c:696] PDC_SERVER[40]: [TIMER] id=0, name=open, avg=0.000448, total=0.430340, count=960
[15:30:37.742626] [WARNING] [pdc_server.c:696] PDC_SERVER[40]: [TIMER] id=1, name=close, avg=0.000212, total=0.203934, count=960
[15:30:37.742632] [WARNING] [pdc_server.c:696] PDC_SERVER[40]: [TIMER] id=3, name=write, avg=0.034125, total=32.760390, count=960
[15:30:37.742637] [WARNING] [pdc_server.c:696] PDC_SERVER[40]: [TIMER] id=4, name=total_graph_exec, avg=0.335716, total=322.287421, count=960
[15:30:37.742478] [WARNING] [pdc_server.c:696] PDC_SERVER[51]: [TIMER] id=0, name=open, avg=0.000410, total=0.393582, count=960
[15:30:37.742633] [WARNING] [pdc_server.c:696] PDC_SERVER[51]: [TIMER] id=1, name=close, avg=0.000203, total=0.195140, count=960
[15:30:37.742645] [WARNING] [pdc_server.c:696] PDC_SERVER[51]: [TIMER] id=3, name=write, avg=0.034993, total=33.593646, count=960
[15:30:37.742655] [WARNING] [pdc_server.c:696] PDC_SERVER[51]: [TIMER] id=4, name=total_graph_exec, avg=0.347774, total=333.863228, count=960
[15:30:37.742613] [WARNING] [pdc_server.c:696] PDC_SERVER[8]: [TIMER] id=0, name=open, avg=0.000453, total=0.434543, count=960
[15:30:37.742729] [WARNING] [pdc_server.c:696] PDC_SERVER[8]: [TIMER] id=1, name=close, avg=0.000256, total=0.245486, count=960
[15:30:37.742738] [WARNING] [pdc_server.c:696] PDC_SERVER[8]: [TIMER] id=3, name=write, avg=0.034768, total=33.377387, count=960
[15:30:37.742745] [WARNING] [pdc_server.c:696] PDC_SERVER[8]: [TIMER] id=4, name=total_graph_exec, avg=0.346410, total=332.553380, count=960
[15:30:37.742810] [WARNING] [pdc_server.c:696] PDC_SERVER[94]: [TIMER] id=0, name=open, avg=0.000454, total=0.435959, count=960
[15:30:37.742905] [WARNING] [pdc_server.c:696] PDC_SERVER[94]: [TIMER] id=1, name=close, avg=0.000202, total=0.193912, count=960
[15:30:37.742912] [WARNING] [pdc_server.c:696] PDC_SERVER[94]: [TIMER] id=3, name=write, avg=0.034238, total=32.868154, count=960
[15:30:37.742918] [WARNING] [pdc_server.c:696] PDC_SERVER[94]: [TIMER] id=4, name=total_graph_exec, avg=0.338714, total=325.165556, count=960
[15:30:37.742850] [WARNING] [pdc_server.c:696] PDC_SERVER[37]: [TIMER] id=0, name=open, avg=0.000447, total=0.429046, count=960
[15:30:37.742952] [WARNING] [pdc_server.c:696] PDC_SERVER[37]: [TIMER] id=1, name=close, avg=0.000213, total=0.204560, count=960
[15:30:37.742958] [WARNING] [pdc_server.c:696] PDC_SERVER[37]: [TIMER] id=3, name=write, avg=0.033993, total=32.633287, count=960
[15:30:37.742963] [WARNING] [pdc_server.c:696] PDC_SERVER[34]: [TIMER] id=0, name=open, avg=0.000461, total=0.442186, count=960
[15:30:37.743076] [WARNING] [pdc_server.c:696] PDC_SERVER[34]: [TIMER] id=1, name=close, avg=0.000222, total=0.213593, count=960
[15:30:37.743085] [WARNING] [pdc_server.c:696] PDC_SERVER[34]: [TIMER] id=3, name=write, avg=0.034228, total=32.859026, count=960
[15:30:37.743093] [WARNING] [pdc_server.c:696] PDC_SERVER[34]: [TIMER] id=4, name=total_graph_exec, avg=0.337792, total=324.279875, count=960
[15:30:37.743082] [WARNING] [pdc_server.c:696] PDC_SERVER[79]: [TIMER] id=0, name=open, avg=0.000551, total=0.528981, count=960
[15:30:37.743202] [WARNING] [pdc_server.c:696] PDC_SERVER[79]: [TIMER] id=1, name=close, avg=0.000211, total=0.202127, count=960
[15:30:37.742962] [WARNING] [pdc_server.c:696] PDC_SERVER[37]: [TIMER] id=4, name=total_graph_exec, avg=0.336714, total=323.245519, count=960
[15:30:37.743120] [WARNING] [pdc_server.c:696] PDC_SERVER[54]: [TIMER] id=0, name=open, avg=0.000496, total=0.475788, count=960
[15:30:37.743241] [WARNING] [pdc_server.c:696] PDC_SERVER[54]: [TIMER] id=1, name=close, avg=0.000203, total=0.195026, count=960
[15:30:37.743249] [WARNING] [pdc_server.c:696] PDC_SERVER[54]: [TIMER] id=3, name=write, avg=0.034209, total=32.841000, count=960
[15:30:37.743256] [WARNING] [pdc_server.c:696] PDC_SERVER[54]: [TIMER] id=4, name=total_graph_exec, avg=0.340241, total=326.630929, count=960
[15:30:37.743211] [WARNING] [pdc_server.c:696] PDC_SERVER[79]: [TIMER] id=3, name=write, avg=0.034642, total=33.256285, count=960
[15:30:37.743218] [WARNING] [pdc_server.c:696] PDC_SERVER[79]: [TIMER] id=4, name=total_graph_exec, avg=0.347068, total=333.185027, count=960
[15:30:37.743156] [WARNING] [pdc_server.c:696] PDC_SERVER[107]: [TIMER] id=0, name=open, avg=0.000420, total=0.402840, count=960
[15:30:37.741442] [WARNING] [pdc_server.c:696] PDC_SERVER[62]: [TIMER] id=0, name=open, avg=0.000433, total=0.416022, count=960
[15:30:37.743257] [WARNING] [pdc_server.c:696] PDC_SERVER[62]: [TIMER] id=1, name=close, avg=0.000224, total=0.214972, count=960
[15:30:37.743264] [WARNING] [pdc_server.c:696] PDC_SERVER[62]: [TIMER] id=3, name=write, avg=0.033993, total=32.633650, count=960
[15:30:37.743270] [WARNING] [pdc_server.c:696] PDC_SERVER[62]: [TIMER] id=4, name=total_graph_exec, avg=0.338118, total=324.593399, count=960
[15:30:37.743258] [WARNING] [pdc_server.c:696] PDC_SERVER[107]: [TIMER] id=1, name=close, avg=0.000238, total=0.228108, count=960
[15:30:37.743264] [WARNING] [pdc_server.c:696] PDC_SERVER[107]: [TIMER] id=3, name=write, avg=0.034325, total=32.951587, count=960
[15:30:37.743270] [WARNING] [pdc_server.c:696] PDC_SERVER[107]: [TIMER] id=4, name=total_graph_exec, avg=0.337697, total=324.188867, count=960
[15:30:37.743308] [WARNING] [pdc_server.c:696] PDC_SERVER[57]: [TIMER] id=0, name=open, avg=0.000430, total=0.412960, count=960
[15:30:37.743420] [WARNING] [pdc_server.c:696] PDC_SERVER[57]: [TIMER] id=1, name=close, avg=0.000216, total=0.206990, count=960
[15:30:37.743428] [WARNING] [pdc_server.c:696] PDC_SERVER[57]: [TIMER] id=3, name=write, avg=0.034070, total=32.707617, count=960
[15:30:37.743433] [WARNING] [pdc_server.c:696] PDC_SERVER[57]: [TIMER] id=4, name=total_graph_exec, avg=0.337542, total=324.040349, count=960
[15:30:37.743332] [WARNING] [pdc_server.c:696] PDC_SERVER[114]: [TIMER] id=0, name=open, avg=0.000489, total=0.469878, count=960
[15:30:37.743463] [WARNING] [pdc_server.c:696] PDC_SERVER[114]: [TIMER] id=1, name=close, avg=0.000219, total=0.209840, count=960
[15:30:37.743472] [WARNING] [pdc_server.c:696] PDC_SERVER[114]: [TIMER] id=3, name=write, avg=0.034441, total=33.063060, count=960
[15:30:37.743479] [WARNING] [pdc_server.c:696] PDC_SERVER[114]: [TIMER] id=4, name=total_graph_exec, avg=0.337694, total=324.186604, count=960
[15:30:37.743472] [WARNING] [pdc_server.c:696] PDC_SERVER[97]: [TIMER] id=0, name=open, avg=0.000466, total=0.447283, count=960
[15:30:37.743593] [WARNING] [pdc_server.c:696] PDC_SERVER[97]: [TIMER] id=1, name=close, avg=0.000234, total=0.224280, count=960
[15:30:37.743589] [WARNING] [pdc_server.c:696] PDC_SERVER[102]: [TIMER] id=0, name=open, avg=0.000494, total=0.474108, count=960
[15:30:37.743708] [WARNING] [pdc_server.c:696] PDC_SERVER[102]: [TIMER] id=1, name=close, avg=0.000227, total=0.217750, count=960
[15:30:37.743601] [WARNING] [pdc_server.c:696] PDC_SERVER[97]: [TIMER] id=3, name=write, avg=0.034687, total=33.299653, count=960
[15:30:37.743608] [WARNING] [pdc_server.c:696] PDC_SERVER[97]: [TIMER] id=4, name=total_graph_exec, avg=0.346502, total=332.641530, count=960
[15:30:37.743563] [WARNING] [pdc_server.c:696] PDC_SERVER[123]: [TIMER] id=0, name=open, avg=0.000452, total=0.433972, count=960
[15:30:37.743636] [WARNING] [pdc_server.c:696] PDC_SERVER[123]: [TIMER] id=1, name=close, avg=0.000207, total=0.198596, count=960
[15:30:37.743662] [WARNING] [pdc_server.c:696] PDC_SERVER[123]: [TIMER] id=3, name=write, avg=0.033947, total=32.588902, count=960
[15:30:37.743716] [WARNING] [pdc_server.c:696] PDC_SERVER[102]: [TIMER] id=3, name=write, avg=0.033974, total=32.614992, count=960
[15:30:37.743722] [WARNING] [pdc_server.c:696] PDC_SERVER[102]: [TIMER] id=4, name=total_graph_exec, avg=0.336100, total=322.655543, count=960
[15:30:37.741994] [WARNING] [pdc_server.c:696] PDC_SERVER[17]: [TIMER] id=0, name=open, avg=0.000449, total=0.431186, count=960
[15:30:37.743643] [WARNING] [pdc_server.c:696] PDC_SERVER[17]: [TIMER] id=1, name=close, avg=0.000220, total=0.211359, count=960
[15:30:37.743651] [WARNING] [pdc_server.c:696] PDC_SERVER[17]: [TIMER] id=3, name=write, avg=0.034058, total=32.695560, count=960
[15:30:37.743657] [WARNING] [pdc_server.c:696] PDC_SERVER[17]: [TIMER] id=4, name=total_graph_exec, avg=0.336915, total=323.438188, count=960
[15:30:37.743669] [WARNING] [pdc_server.c:696] PDC_SERVER[123]: [TIMER] id=4, name=total_graph_exec, avg=0.334233, total=320.864064, count=960
[15:30:37.743739] [WARNING] [pdc_server.c:696] PDC_SERVER[15]: [TIMER] id=0, name=open, avg=0.000422, total=0.405126, count=960
[15:30:37.743821] [WARNING] [pdc_server.c:696] PDC_SERVER[15]: [TIMER] id=1, name=close, avg=0.000225, total=0.216231, count=960
[15:30:37.743851] [WARNING] [pdc_server.c:696] PDC_SERVER[15]: [TIMER] id=3, name=write, avg=0.034311, total=32.938207, count=960
[15:30:37.743858] [WARNING] [pdc_server.c:696] PDC_SERVER[15]: [TIMER] id=4, name=total_graph_exec, avg=0.338771, total=325.220077, count=960
[15:30:37.743650] [WARNING] [pdc_server.c:696] PDC_SERVER[10]: [TIMER] id=0, name=open, avg=0.000450, total=0.431992, count=960
[15:30:37.743756] [WARNING] [pdc_server.c:696] PDC_SERVER[10]: [TIMER] id=1, name=close, avg=0.000205, total=0.196559, count=960
[15:30:37.743764] [WARNING] [pdc_server.c:696] PDC_SERVER[10]: [TIMER] id=3, name=write, avg=0.034350, total=32.976020, count=960
[15:30:37.743771] [WARNING] [pdc_server.c:696] PDC_SERVER[10]: [TIMER] id=4, name=total_graph_exec, avg=0.337490, total=323.990356, count=960
[15:30:37.743844] [WARNING] [pdc_server.c:696] PDC_SERVER[55]: [TIMER] id=0, name=open, avg=0.000474, total=0.455044, count=960
[15:30:37.743963] [WARNING] [pdc_server.c:696] PDC_SERVER[55]: [TIMER] id=1, name=close, avg=0.000199, total=0.191212, count=960
[15:30:37.743971] [WARNING] [pdc_server.c:696] PDC_SERVER[55]: [TIMER] id=3, name=write, avg=0.034636, total=33.250294, count=960
[15:30:37.743979] [WARNING] [pdc_server.c:696] PDC_SERVER[55]: [TIMER] id=4, name=total_graph_exec, avg=0.336860, total=323.385287, count=960
[15:30:37.743924] [WARNING] [pdc_server.c:696] PDC_SERVER[127]: [TIMER] id=0, name=open, avg=0.000469, total=0.450685, count=960
[15:30:37.744055] [WARNING] [pdc_server.c:696] PDC_SERVER[127]: [TIMER] id=1, name=close, avg=0.000207, total=0.198608, count=960
[15:30:37.744064] [WARNING] [pdc_server.c:696] PDC_SERVER[127]: [TIMER] id=3, name=write, avg=0.034570, total=33.187116, count=960
[15:30:37.744071] [WARNING] [pdc_server.c:696] PDC_SERVER[127]: [TIMER] id=4, name=total_graph_exec, avg=0.346222, total=332.372841, count=960
[15:30:37.744027] [WARNING] [pdc_server.c:696] PDC_SERVER[95]: [TIMER] id=0, name=open, avg=0.000465, total=0.446499, count=960
[15:30:37.744128] [WARNING] [pdc_server.c:696] PDC_SERVER[95]: [TIMER] id=1, name=close, avg=0.000213, total=0.204162, count=960
[15:30:37.744136] [WARNING] [pdc_server.c:696] PDC_SERVER[95]: [TIMER] id=3, name=write, avg=0.034373, total=32.997703, count=960
[15:30:37.744143] [WARNING] [pdc_server.c:696] PDC_SERVER[95]: [TIMER] id=4, name=total_graph_exec, avg=0.337919, total=324.401979, count=960
[15:30:37.744109] [WARNING] [pdc_server.c:696] PDC_SERVER[76]: [TIMER] id=0, name=open, avg=0.000449, total=0.430982, count=960
[15:30:37.744204] [WARNING] [pdc_server.c:696] PDC_SERVER[76]: [TIMER] id=1, name=close, avg=0.000227, total=0.217518, count=960
[15:30:37.744236] [WARNING] [pdc_server.c:696] PDC_SERVER[76]: [TIMER] id=3, name=write, avg=0.034341, total=32.967521, count=960
[15:30:37.744242] [WARNING] [pdc_server.c:696] PDC_SERVER[76]: [TIMER] id=4, name=total_graph_exec, avg=0.337688, total=324.180820, count=960
[15:30:37.744078] [WARNING] [pdc_server.c:696] PDC_SERVER[121]: [TIMER] id=0, name=open, avg=0.000476, total=0.456802, count=960
[15:30:37.744213] [WARNING] [pdc_server.c:696] PDC_SERVER[121]: [TIMER] id=1, name=close, avg=0.000211, total=0.202247, count=960
[15:30:37.744222] [WARNING] [pdc_server.c:696] PDC_SERVER[121]: [TIMER] id=3, name=write, avg=0.035180, total=33.772803, count=960
[15:30:37.744228] [WARNING] [pdc_server.c:696] PDC_SERVER[121]: [TIMER] id=4, name=total_graph_exec, avg=0.337184, total=323.696473, count=960
[15:30:37.744245] [WARNING] [pdc_server.c:696] PDC_SERVER[38]: [TIMER] id=0, name=open, avg=0.000534, total=0.512316, count=960
[15:30:37.744357] [WARNING] [pdc_server.c:696] PDC_SERVER[38]: [TIMER] id=1, name=close, avg=0.000200, total=0.191624, count=960
[15:30:37.744367] [WARNING] [pdc_server.c:696] PDC_SERVER[38]: [TIMER] id=3, name=write, avg=0.034376, total=33.001401, count=960
[15:30:37.744377] [WARNING] [pdc_server.c:696] PDC_SERVER[38]: [TIMER] id=4, name=total_graph_exec, avg=0.337570, total=324.067676, count=960
[15:30:37.744343] [WARNING] [pdc_server.c:696] PDC_SERVER[61]: [TIMER] id=0, name=open, avg=0.000499, total=0.479498, count=960
[15:30:37.744426] [WARNING] [pdc_server.c:696] PDC_SERVER[61]: [TIMER] id=1, name=close, avg=0.000220, total=0.211132, count=960
[15:30:37.744455] [WARNING] [pdc_server.c:696] PDC_SERVER[61]: [TIMER] id=3, name=write, avg=0.034691, total=33.303746, count=960
[15:30:37.744462] [WARNING] [pdc_server.c:696] PDC_SERVER[61]: [TIMER] id=4, name=total_graph_exec, avg=0.337030, total=323.549040, count=960
[15:30:37.744421] [WARNING] [pdc_server.c:696] PDC_SERVER[89]: [TIMER] id=0, name=open, avg=0.000446, total=0.428049, count=960
[15:30:37.744514] [WARNING] [pdc_server.c:696] PDC_SERVER[89]: [TIMER] id=1, name=close, avg=0.000211, total=0.202958, count=960
[15:30:37.744523] [WARNING] [pdc_server.c:696] PDC_SERVER[89]: [TIMER] id=3, name=write, avg=0.034434, total=33.056170, count=960
[15:30:37.744530] [WARNING] [pdc_server.c:696] PDC_SERVER[89]: [TIMER] id=4, name=total_graph_exec, avg=0.343512, total=329.771928, count=960
[15:30:37.744550] [WARNING] [pdc_server.c:696] PDC_SERVER[41]: [TIMER] id=0, name=open, avg=0.000454, total=0.435662, count=960
[15:30:37.744657] [WARNING] [pdc_server.c:696] PDC_SERVER[41]: [TIMER] id=1, name=close, avg=0.000200, total=0.191741, count=960
[15:30:37.744507] [WARNING] [pdc_server.c:696] PDC_SERVER[90]: [TIMER] id=0, name=open, avg=0.000473, total=0.454500, count=960
[15:30:37.744608] [WARNING] [pdc_server.c:696] PDC_SERVER[90]: [TIMER] id=1, name=close, avg=0.000228, total=0.218587, count=960
[15:30:37.744645] [WARNING] [pdc_server.c:696] PDC_SERVER[90]: [TIMER] id=3, name=write, avg=0.034326, total=32.953274, count=960
[15:30:37.744653] [WARNING] [pdc_server.c:696] PDC_SERVER[90]: [TIMER] id=4, name=total_graph_exec, avg=0.337707, total=324.198547, count=960
[15:30:37.744693] [WARNING] [pdc_server.c:696] PDC_SERVER[41]: [TIMER] id=3, name=write, avg=0.034264, total=32.893062, count=960
[15:30:37.744701] [WARNING] [pdc_server.c:696] PDC_SERVER[41]: [TIMER] id=4, name=total_graph_exec, avg=0.338177, total=324.650286, count=960
[15:30:37.744740] [WARNING] [pdc_server.c:696] PDC_SERVER[71]: [TIMER] id=0, name=open, avg=0.000510, total=0.489869, count=960
[15:30:37.744866] [WARNING] [pdc_server.c:696] PDC_SERVER[71]: [TIMER] id=1, name=close, avg=0.000223, total=0.214549, count=960
[15:30:37.744669] [WARNING] [pdc_server.c:696] PDC_SERVER[122]: [TIMER] id=0, name=open, avg=0.000486, total=0.466463, count=960
[15:30:37.744817] [WARNING] [pdc_server.c:696] PDC_SERVER[122]: [TIMER] id=1, name=close, avg=0.000202, total=0.194006, count=960
[15:30:37.744825] [WARNING] [pdc_server.c:696] PDC_SERVER[122]: [TIMER] id=3, name=write, avg=0.034343, total=32.968805, count=960
[15:30:37.744833] [WARNING] [pdc_server.c:696] PDC_SERVER[122]: [TIMER] id=4, name=total_graph_exec, avg=0.345811, total=331.978950, count=960
[15:30:37.744877] [WARNING] [pdc_server.c:696] PDC_SERVER[7]: [TIMER] id=0, name=open, avg=0.000426, total=0.408622, count=960
[15:30:37.744993] [WARNING] [pdc_server.c:696] PDC_SERVER[7]: [TIMER] id=1, name=close, avg=0.000217, total=0.208361, count=960
[15:30:37.745001] [WARNING] [pdc_server.c:696] PDC_SERVER[7]: [TIMER] id=3, name=write, avg=0.034821, total=33.428060, count=960
[15:30:37.745008] [WARNING] [pdc_server.c:696] PDC_SERVER[7]: [TIMER] id=4, name=total_graph_exec, avg=0.343889, total=330.133122, count=960
[15:30:37.744878] [WARNING] [pdc_server.c:696] PDC_SERVER[71]: [TIMER] id=3, name=write, avg=0.034272, total=32.900945, count=960
[15:30:37.744888] [WARNING] [pdc_server.c:696] PDC_SERVER[71]: [TIMER] id=4, name=total_graph_exec, avg=0.338998, total=325.438139, count=960
[15:30:37.744948] [WARNING] [pdc_server.c:696] PDC_SERVER[65]: [TIMER] id=0, name=open, avg=0.000472, total=0.452935, count=960
[15:30:37.745075] [WARNING] [pdc_server.c:696] PDC_SERVER[65]: [TIMER] id=1, name=close, avg=0.000216, total=0.207033, count=960
[15:30:37.745087] [WARNING] [pdc_server.c:696] PDC_SERVER[65]: [TIMER] id=3, name=write, avg=0.034464, total=33.085766, count=960
[15:30:37.745096] [WARNING] [pdc_server.c:696] PDC_SERVER[65]: [TIMER] id=4, name=total_graph_exec, avg=0.338157, total=324.630597, count=960
[15:30:37.745053] [WARNING] [pdc_server.c:696] PDC_SERVER[69]: [TIMER] id=0, name=open, avg=0.000417, total=0.400635, count=960
[15:30:37.745142] [WARNING] [pdc_server.c:696] PDC_SERVER[69]: [TIMER] id=1, name=close, avg=0.000207, total=0.198688, count=960
[15:30:37.745150] [WARNING] [pdc_server.c:696] PDC_SERVER[69]: [TIMER] id=3, name=write, avg=0.034725, total=33.336405, count=960
[15:30:37.745157] [WARNING] [pdc_server.c:696] PDC_SERVER[69]: [TIMER] id=4, name=total_graph_exec, avg=0.343506, total=329.765691, count=960
[15:30:37.743903] [WARNING] [pdc_server.c:696] PDC_SERVER[63]: [TIMER] id=0, name=open, avg=0.000449, total=0.431268, count=960
[15:30:37.745211] [WARNING] [pdc_server.c:696] PDC_SERVER[63]: [TIMER] id=1, name=close, avg=0.000221, total=0.212216, count=960
[15:30:37.745240] [WARNING] [pdc_server.c:696] PDC_SERVER[63]: [TIMER] id=3, name=write, avg=0.034067, total=32.704246, count=960
[15:30:37.745246] [WARNING] [pdc_server.c:696] PDC_SERVER[63]: [TIMER] id=4, name=total_graph_exec, avg=0.341660, total=327.993298, count=960
[15:30:37.745138] [WARNING] [pdc_server.c:696] PDC_SERVER[42]: [TIMER] id=0, name=open, avg=0.000495, total=0.475366, count=960
[15:30:37.745273] [WARNING] [pdc_server.c:696] PDC_SERVER[42]: [TIMER] id=1, name=close, avg=0.000210, total=0.201739, count=960
[15:30:37.745281] [WARNING] [pdc_server.c:696] PDC_SERVER[42]: [TIMER] id=3, name=write, avg=0.034164, total=32.797228, count=960
[15:30:37.745301] [WARNING] [pdc_server.c:696] PDC_SERVER[42]: [TIMER] id=4, name=total_graph_exec, avg=0.335868, total=322.433198, count=960
[15:30:37.745485] [WARNING] [pdc_server.c:696] PDC_SERVER[29]: [TIMER] id=0, name=open, avg=0.000463, total=0.444428, count=960
[15:30:37.745613] [WARNING] [pdc_server.c:696] PDC_SERVER[29]: [TIMER] id=1, name=close, avg=0.000258, total=0.247763, count=960
[15:30:37.745621] [WARNING] [pdc_server.c:696] PDC_SERVER[29]: [TIMER] id=3, name=write, avg=0.034297, total=32.924880, count=960
[15:30:37.745628] [WARNING] [pdc_server.c:696] PDC_SERVER[29]: [TIMER] id=4, name=total_graph_exec, avg=0.337405, total=323.908854, count=960
[15:30:37.745507] [WARNING] [pdc_server.c:696] PDC_SERVER[93]: [TIMER] id=0, name=open, avg=0.000458, total=0.439394, count=960
[15:30:37.745643] [WARNING] [pdc_server.c:696] PDC_SERVER[93]: [TIMER] id=1, name=close, avg=0.000207, total=0.198354, count=960
[15:30:37.745651] [WARNING] [pdc_server.c:696] PDC_SERVER[93]: [TIMER] id=3, name=write, avg=0.034451, total=33.073037, count=960
[15:30:37.745563] [WARNING] [pdc_server.c:696] PDC_SERVER[46]: [TIMER] id=0, name=open, avg=0.000463, total=0.444952, count=960
[15:30:37.745659] [WARNING] [pdc_server.c:696] PDC_SERVER[46]: [TIMER] id=1, name=close, avg=0.000217, total=0.208663, count=960
[15:30:37.745691] [WARNING] [pdc_server.c:696] PDC_SERVER[46]: [TIMER] id=3, name=write, avg=0.034798, total=33.406119, count=960
[15:30:37.745699] [WARNING] [pdc_server.c:696] PDC_SERVER[46]: [TIMER] id=4, name=total_graph_exec, avg=0.346585, total=332.721701, count=960
[15:30:37.745658] [WARNING] [pdc_server.c:696] PDC_SERVER[93]: [TIMER] id=4, name=total_graph_exec, avg=0.338233, total=324.703443, count=960
[15:30:37.745683] [WARNING] [pdc_server.c:696] PDC_SERVER[45]: [TIMER] id=0, name=open, avg=0.000485, total=0.465437, count=960
[15:30:37.745789] [WARNING] [pdc_server.c:696] PDC_SERVER[45]: [TIMER] id=1, name=close, avg=0.000193, total=0.185613, count=960
[15:30:37.745796] [WARNING] [pdc_server.c:696] PDC_SERVER[45]: [TIMER] id=3, name=write, avg=0.034897, total=33.501127, count=960
[15:30:37.745802] [WARNING] [pdc_server.c:696] PDC_SERVER[45]: [TIMER] id=4, name=total_graph_exec, avg=0.345354, total=331.539464, count=960
[15:30:37.745570] [WARNING] [pdc_server.c:696] PDC_SERVER[77]: [TIMER] id=0, name=open, avg=0.000448, total=0.430015, count=960
[15:30:37.745699] [WARNING] [pdc_server.c:696] PDC_SERVER[77]: [TIMER] id=1, name=close, avg=0.000209, total=0.200313, count=960
[15:30:37.745708] [WARNING] [pdc_server.c:696] PDC_SERVER[77]: [TIMER] id=3, name=write, avg=0.034798, total=33.405643, count=960
[15:30:37.745715] [WARNING] [pdc_server.c:696] PDC_SERVER[77]: [TIMER] id=4, name=total_graph_exec, avg=0.336782, total=323.310559, count=960
[15:30:37.745748] [WARNING] [pdc_server.c:696] PDC_SERVER[31]: [TIMER] id=0, name=open, avg=0.000438, total=0.420496, count=960
[15:30:37.745834] [WARNING] [pdc_server.c:696] PDC_SERVER[31]: [TIMER] id=1, name=close, avg=0.000213, total=0.204135, count=960
[15:30:37.745868] [WARNING] [pdc_server.c:696] PDC_SERVER[31]: [TIMER] id=3, name=write, avg=0.034948, total=33.549967, count=960
[15:30:37.745875] [WARNING] [pdc_server.c:696] PDC_SERVER[31]: [TIMER] id=4, name=total_graph_exec, avg=0.347341, total=333.447338, count=960
[15:30:37.745823] [WARNING] [pdc_server.c:696] PDC_SERVER[105]: [TIMER] id=0, name=open, avg=0.000449, total=0.430822, count=960
[15:30:37.745915] [WARNING] [pdc_server.c:696] PDC_SERVER[105]: [TIMER] id=1, name=close, avg=0.000211, total=0.202529, count=960
[15:30:37.745922] [WARNING] [pdc_server.c:696] PDC_SERVER[105]: [TIMER] id=3, name=write, avg=0.034900, total=33.503652, count=960
[15:30:37.745927] [WARNING] [pdc_server.c:696] PDC_SERVER[105]: [TIMER] id=4, name=total_graph_exec, avg=0.346695, total=332.827293, count=960
[15:30:37.745830] [WARNING] [pdc_server.c:696] PDC_SERVER[28]: [TIMER] id=0, name=open, avg=0.000420, total=0.403518, count=960
[15:30:37.745958] [WARNING] [pdc_server.c:696] PDC_SERVER[28]: [TIMER] id=1, name=close, avg=0.000217, total=0.208370, count=960
[15:30:37.745966] [WARNING] [pdc_server.c:696] PDC_SERVER[28]: [TIMER] id=3, name=write, avg=0.034437, total=33.059239, count=960
[15:30:37.745636] [WARNING] [pdc_server.c:696] PDC_SERVER[6]: [TIMER] id=0, name=open, avg=0.000464, total=0.445884, count=960
[15:30:37.745764] [WARNING] [pdc_server.c:696] PDC_SERVER[6]: [TIMER] id=1, name=close, avg=0.000218, total=0.209054, count=960
[15:30:37.745773] [WARNING] [pdc_server.c:696] PDC_SERVER[6]: [TIMER] id=3, name=write, avg=0.034263, total=32.892485, count=960
[15:30:37.745780] [WARNING] [pdc_server.c:696] PDC_SERVER[6]: [TIMER] id=4, name=total_graph_exec, avg=0.337736, total=324.227032, count=960
[15:30:37.745973] [WARNING] [pdc_server.c:696] PDC_SERVER[28]: [TIMER] id=4, name=total_graph_exec, avg=0.346958, total=333.079705, count=960
[15:30:37.745935] [WARNING] [pdc_server.c:696] PDC_SERVER[83]: [TIMER] id=0, name=open, avg=0.000490, total=0.470558, count=960
[15:30:37.746019] [WARNING] [pdc_server.c:696] PDC_SERVER[83]: [TIMER] id=1, name=close, avg=0.000206, total=0.198141, count=960
[15:30:37.746027] [WARNING] [pdc_server.c:696] PDC_SERVER[83]: [TIMER] id=3, name=write, avg=0.036129, total=34.683816, count=960
[15:30:37.746034] [WARNING] [pdc_server.c:696] PDC_SERVER[83]: [TIMER] id=4, name=total_graph_exec, avg=0.345084, total=331.280521, count=960
[15:30:37.745973] [WARNING] [pdc_server.c:696] PDC_SERVER[101]: [TIMER] id=0, name=open, avg=0.000498, total=0.478006, count=960
[15:30:37.746077] [WARNING] [pdc_server.c:696] PDC_SERVER[101]: [TIMER] id=1, name=close, avg=0.000245, total=0.234971, count=960
[15:30:37.746084] [WARNING] [pdc_server.c:696] PDC_SERVER[101]: [TIMER] id=3, name=write, avg=0.035071, total=33.667809, count=960
[15:30:37.746090] [WARNING] [pdc_server.c:696] PDC_SERVER[101]: [TIMER] id=4, name=total_graph_exec, avg=0.345842, total=332.008395, count=960
[15:30:37.746114] [WARNING] [pdc_server.c:696] PDC_SERVER[126]: [TIMER] id=0, name=open, avg=0.000489, total=0.469465, count=960
[15:30:37.746185] [WARNING] [pdc_server.c:696] PDC_SERVER[126]: [TIMER] id=1, name=close, avg=0.000221, total=0.212351, count=960
[15:30:37.746217] [WARNING] [pdc_server.c:696] PDC_SERVER[126]: [TIMER] id=3, name=write, avg=0.034426, total=33.049129, count=960
[15:30:37.746224] [WARNING] [pdc_server.c:696] PDC_SERVER[126]: [TIMER] id=4, name=total_graph_exec, avg=0.337415, total=323.918800, count=960
[15:30:37.744414] [WARNING] [pdc_server.c:696] PDC_SERVER[74]: [TIMER] id=0, name=open, avg=0.000480, total=0.461066, count=960
[15:30:37.746201] [WARNING] [pdc_server.c:696] PDC_SERVER[74]: [TIMER] id=1, name=close, avg=0.000205, total=0.196978, count=960
[15:30:37.746210] [WARNING] [pdc_server.c:696] PDC_SERVER[74]: [TIMER] id=3, name=write, avg=0.034132, total=32.766637, count=960
[15:30:37.746215] [WARNING] [pdc_server.c:696] PDC_SERVER[74]: [TIMER] id=4, name=total_graph_exec, avg=0.337928, total=324.411321, count=960
[15:30:37.744938] [WARNING] [pdc_server.c:696] PDC_SERVER[19]: [TIMER] id=0, name=open, avg=0.000476, total=0.456669, count=960
[15:30:37.746560] [WARNING] [pdc_server.c:696] PDC_SERVER[19]: [TIMER] id=1, name=close, avg=0.000228, total=0.219053, count=960
[15:30:37.746567] [WARNING] [pdc_server.c:696] PDC_SERVER[19]: [TIMER] id=3, name=write, avg=0.034100, total=32.736003, count=960
[15:30:37.746913] [WARNING] [pdc_server.c:696] PDC_SERVER[26]: [TIMER] id=0, name=open, avg=0.000526, total=0.504714, count=960
[15:30:37.747034] [WARNING] [pdc_server.c:696] PDC_SERVER[26]: [TIMER] id=1, name=close, avg=0.000201, total=0.192599, count=960
[15:30:37.747043] [WARNING] [pdc_server.c:696] PDC_SERVER[26]: [TIMER] id=3, name=write, avg=0.034387, total=33.011541, count=960
[15:30:37.747050] [WARNING] [pdc_server.c:696] PDC_SERVER[26]: [TIMER] id=4, name=total_graph_exec, avg=0.337396, total=323.900482, count=960
[15:30:37.746574] [WARNING] [pdc_server.c:696] PDC_SERVER[19]: [TIMER] id=4, name=total_graph_exec, avg=0.334083, total=320.720118, count=960
[15:30:37.746325] [WARNING] [pdc_server.c:696] PDC_SERVER[78]: [TIMER] id=0, name=open, avg=0.000461, total=0.442478, count=960
[15:30:37.746413] [WARNING] [pdc_server.c:696] PDC_SERVER[78]: [TIMER] id=1, name=close, avg=0.000238, total=0.228879, count=960
[15:30:37.746331] [WARNING] [pdc_server.c:696] PDC_SERVER[80]: [TIMER] id=0, name=open, avg=0.000472, total=0.452694, count=960
[15:30:37.746405] [WARNING] [pdc_server.c:696] PDC_SERVER[80]: [TIMER] id=1, name=close, avg=0.000227, total=0.218218, count=960
[15:30:37.746436] [WARNING] [pdc_server.c:696] PDC_SERVER[80]: [TIMER] id=3, name=write, avg=0.034576, total=33.192542, count=960
[15:30:37.746443] [WARNING] [pdc_server.c:696] PDC_SERVER[80]: [TIMER] id=4, name=total_graph_exec, avg=0.338097, total=324.573110, count=960
[15:30:37.746423] [WARNING] [pdc_server.c:696] PDC_SERVER[78]: [TIMER] id=3, name=write, avg=0.034849, total=33.454881, count=960
[15:30:37.746432] [WARNING] [pdc_server.c:696] PDC_SERVER[78]: [TIMER] id=4, name=total_graph_exec, avg=0.345226, total=331.416706, count=960
[15:30:37.746437] [WARNING] [pdc_server.c:696] PDC_SERVER[106]: [TIMER] id=0, name=open, avg=0.000428, total=0.410583, count=960
[15:30:37.746558] [WARNING] [pdc_server.c:696] PDC_SERVER[106]: [TIMER] id=1, name=close, avg=0.000225, total=0.216341, count=960
[15:30:37.746566] [WARNING] [pdc_server.c:696] PDC_SERVER[106]: [TIMER] id=3, name=write, avg=0.034895, total=33.498951, count=960
[15:30:37.746525] [WARNING] [pdc_server.c:696] PDC_SERVER[60]: [TIMER] id=0, name=open, avg=0.000453, total=0.434572, count=960
[15:30:37.746611] [WARNING] [pdc_server.c:696] PDC_SERVER[60]: [TIMER] id=1, name=close, avg=0.000228, total=0.219131, count=960
[15:30:37.746642] [WARNING] [pdc_server.c:696] PDC_SERVER[60]: [TIMER] id=3, name=write, avg=0.034568, total=33.185142, count=960
[15:30:37.746650] [WARNING] [pdc_server.c:696] PDC_SERVER[60]: [TIMER] id=4, name=total_graph_exec, avg=0.344784, total=330.992393, count=960
[15:30:37.746573] [WARNING] [pdc_server.c:696] PDC_SERVER[106]: [TIMER] id=4, name=total_graph_exec, avg=0.346998, total=333.118199, count=960
[15:30:37.746260] [WARNING] [pdc_server.c:696] PDC_SERVER[27]: [TIMER] id=0, name=open, avg=0.000444, total=0.426028, count=960
[15:30:37.748253] [WARNING] [pdc_server.c:696] PDC_SERVER[27]: [TIMER] id=1, name=close, avg=0.000216, total=0.207334, count=960
[15:30:37.748261] [WARNING] [pdc_server.c:696] PDC_SERVER[27]: [TIMER] id=3, name=write, avg=0.033957, total=32.598633, count=960
[15:30:37.748266] [WARNING] [pdc_server.c:696] PDC_SERVER[27]: [TIMER] id=4, name=total_graph_exec, avg=0.338035, total=324.514058, count=960
[15:30:37.746181] [WARNING] [pdc_server.c:696] PDC_SERVER[13]: [TIMER] id=0, name=open, avg=0.000455, total=0.436441, count=960
[15:30:37.748113] [WARNING] [pdc_server.c:696] PDC_SERVER[13]: [TIMER] id=1, name=close, avg=0.000204, total=0.195998, count=960
[15:30:37.748140] [WARNING] [pdc_server.c:696] PDC_SERVER[13]: [TIMER] id=3, name=write, avg=0.034441, total=33.063416, count=960
[15:30:37.748147] [WARNING] [pdc_server.c:696] PDC_SERVER[13]: [TIMER] id=4, name=total_graph_exec, avg=0.346726, total=332.857172, count=960
