[15:30:38.788153] [WARNING] [pdc_server.c:1641] PDC_SERVER[0]: Restart from checkpoint start
[15:30:38.790237] [WARNING] [pdc_server.c:1914] PDC_SERVER[0]: Reading checkpoint transformations start
[15:30:38.794334] [WARNING] [pdc_server.c:2040] PDC_SERVER[0]: Reading checkpoint transformations done
[15:30:38.795279] [WARNING] [pdc_server.c:2064] PDC_SERVER[0]: Restart from checkpoint done
[15:30:51.318849] [WARNING] [pdc_server_data.c:122] PDC_SERVER[0]: Total Lustre OSTs, PDC Servers: 256, 128
[15:30:51.318872] [WARNING] [pdc_server_data.c:123] PDC_SERVER[0]: Setting Lustre stripe count to 2 and size to 16 MB
[15:39:54.210450] [WARNING] [pdc_server.c:1184] PDC_SERVER[0]: Checkpoint start
[15:39:54.232745] [WARNING] [pdc_server.c:1376] PDC_SERVER[0]: Writing checkpoint transformations start
[15:39:54.233670] [WARNING] [pdc_server.c:1558] PDC_SERVER[0]: Writing checkpoint transformations done
[15:39:54.250633] [WARNING] [pdc_server.c:1595] PDC_SERVER[0]: Rank[ALL]: Total checkpoint time = 0.040165
[15:39:54.252081] [WARNING] [pdc_server.c:1602] PDC_SERVER[0]: Checkpointing done
[15:39:54.252143] [WARNING] [pdc_server.c:696] PDC_SERVER[0]: [TIMER] id=0, name=open, avg=0.000537, total=0.515763, count=960
[15:39:54.252158] [WARNING] [pdc_server.c:696] PDC_SERVER[0]: [TIMER] id=1, name=close, avg=0.000231, total=0.222044, count=960
[15:39:54.252166] [WARNING] [pdc_server.c:696] PDC_SERVER[0]: [TIMER] id=2, name=read, avg=0.041260, total=39.609447, count=960
[15:39:54.252151] [WARNING] [pdc_server.c:696] PDC_SERVER[1]: [TIMER] id=0, name=open, avg=0.000503, total=0.482867, count=960
[15:39:54.252221] [WARNING] [pdc_server.c:696] PDC_SERVER[1]: [TIMER] id=1, name=close, avg=0.000307, total=0.294745, count=960
[15:39:54.252227] [WARNING] [pdc_server.c:696] PDC_SERVER[1]: [TIMER] id=2, name=read, avg=0.023116, total=22.191493, count=960
[15:39:54.252231] [WARNING] [pdc_server.c:696] PDC_SERVER[1]: [TIMER] id=4, name=total_graph_exec, avg=0.389298, total=373.726194, count=960
[15:39:54.252150] [WARNING] [pdc_server.c:696] PDC_SERVER[34]: [TIMER] id=0, name=open, avg=0.000603, total=0.578932, count=960
[15:39:54.252224] [WARNING] [pdc_server.c:696] PDC_SERVER[34]: [TIMER] id=1, name=close, avg=0.000445, total=0.426982, count=960
[15:39:54.252230] [WARNING] [pdc_server.c:696] PDC_SERVER[34]: [TIMER] id=2, name=read, avg=0.023416, total=22.478893, count=960
[15:39:54.252234] [WARNING] [pdc_server.c:696] PDC_SERVER[34]: [TIMER] id=4, name=total_graph_exec, avg=0.392730, total=377.020841, count=960
[15:39:54.252150] [WARNING] [pdc_server.c:696] PDC_SERVER[77]: [TIMER] id=0, name=open, avg=0.000547, total=0.525452, count=960
[15:39:54.252224] [WARNING] [pdc_server.c:696] PDC_SERVER[77]: [TIMER] id=1, name=close, avg=0.000394, total=0.378415, count=960
[15:39:54.252229] [WARNING] [pdc_server.c:696] PDC_SERVER[77]: [TIMER] id=2, name=read, avg=0.023375, total=22.439895, count=960
[15:39:54.252234] [WARNING] [pdc_server.c:696] PDC_SERVER[77]: [TIMER] id=4, name=total_graph_exec, avg=0.393273, total=377.542518, count=960
[15:39:54.252150] [WARNING] [pdc_server.c:696] PDC_SERVER[24]: [TIMER] id=0, name=open, avg=0.000559, total=0.536396, count=960
[15:39:54.252220] [WARNING] [pdc_server.c:696] PDC_SERVER[24]: [TIMER] id=1, name=close, avg=0.000412, total=0.395441, count=960
[15:39:54.252226] [WARNING] [pdc_server.c:696] PDC_SERVER[24]: [TIMER] id=2, name=read, avg=0.016383, total=15.728142, count=960
[15:39:54.252230] [WARNING] [pdc_server.c:696] PDC_SERVER[24]: [TIMER] id=4, name=total_graph_exec, avg=0.393946, total=378.187798, count=960
[15:39:54.252150] [WARNING] [pdc_server.c:696] PDC_SERVER[123]: [TIMER] id=0, name=open, avg=0.000574, total=0.551473, count=960
[15:39:54.252219] [WARNING] [pdc_server.c:696] PDC_SERVER[123]: [TIMER] id=1, name=close, avg=0.000359, total=0.344497, count=960
[15:39:54.252225] [WARNING] [pdc_server.c:696] PDC_SERVER[123]: [TIMER] id=2, name=read, avg=0.023702, total=22.754148, count=960
[15:39:54.252230] [WARNING] [pdc_server.c:696] PDC_SERVER[123]: [TIMER] id=4, name=total_graph_exec, avg=0.400576, total=384.553216, count=960
[15:39:54.252142] [WARNING] [pdc_server.c:696] PDC_SERVER[104]: [TIMER] id=0, name=open, avg=0.000584, total=0.560320, count=960
[15:39:54.252213] [WARNING] [pdc_server.c:696] PDC_SERVER[104]: [TIMER] id=1, name=close, avg=0.000407, total=0.390948, count=960
[15:39:54.252218] [WARNING] [pdc_server.c:696] PDC_SERVER[104]: [TIMER] id=2, name=read, avg=0.016713, total=16.044103, count=960
[15:39:54.252222] [WARNING] [pdc_server.c:696] PDC_SERVER[104]: [TIMER] id=4, name=total_graph_exec, avg=0.390755, total=375.124399, count=960
[15:39:54.252164] [WARNING] [pdc_server.c:696] PDC_SERVER[68]: [TIMER] id=0, name=open, avg=0.000491, total=0.471421, count=960
[15:39:54.252233] [WARNING] [pdc_server.c:696] PDC_SERVER[68]: [TIMER] id=1, name=close, avg=0.000205, total=0.196812, count=960
[15:39:54.252238] [WARNING] [pdc_server.c:696] PDC_SERVER[68]: [TIMER] id=2, name=read, avg=0.039134, total=37.568201, count=960
[15:39:54.252242] [WARNING] [pdc_server.c:696] PDC_SERVER[68]: [TIMER] id=4, name=total_graph_exec, avg=0.404721, total=388.531797, count=960
[15:39:54.252173] [WARNING] [pdc_server.c:696] PDC_SERVER[0]: [TIMER] id=4, name=total_graph_exec, avg=0.405939, total=389.701673, count=960
[15:39:54.252161] [WARNING] [pdc_server.c:696] PDC_SERVER[120]: [TIMER] id=0, name=open, avg=0.000447, total=0.428904, count=960
[15:39:54.252227] [WARNING] [pdc_server.c:696] PDC_SERVER[120]: [TIMER] id=1, name=close, avg=0.000303, total=0.290944, count=960
[15:39:54.252241] [WARNING] [pdc_server.c:696] PDC_SERVER[120]: [TIMER] id=2, name=read, avg=0.021836, total=20.962093, count=960
[15:39:54.252246] [WARNING] [pdc_server.c:696] PDC_SERVER[120]: [TIMER] id=4, name=total_graph_exec, avg=0.401634, total=385.568211, count=960
[15:39:54.252148] [WARNING] [pdc_server.c:696] PDC_SERVER[81]: [TIMER] id=0, name=open, avg=0.000421, total=0.403945, count=960
[15:39:54.252221] [WARNING] [pdc_server.c:696] PDC_SERVER[81]: [TIMER] id=1, name=close, avg=0.000292, total=0.280182, count=960
[15:39:54.252227] [WARNING] [pdc_server.c:696] PDC_SERVER[81]: [TIMER] id=2, name=read, avg=0.016888, total=16.212699, count=960
[15:39:54.252231] [WARNING] [pdc_server.c:696] PDC_SERVER[81]: [TIMER] id=4, name=total_graph_exec, avg=0.391564, total=375.901038, count=960
[15:39:54.252140] [WARNING] [pdc_server.c:696] PDC_SERVER[82]: [TIMER] id=0, name=open, avg=0.000427, total=0.409613, count=960
[15:39:54.252216] [WARNING] [pdc_server.c:696] PDC_SERVER[82]: [TIMER] id=1, name=close, avg=0.000309, total=0.296973, count=960
[15:39:54.252223] [WARNING] [pdc_server.c:696] PDC_SERVER[82]: [TIMER] id=2, name=read, avg=0.016159, total=15.512455, count=960
[15:39:54.252228] [WARNING] [pdc_server.c:696] PDC_SERVER[82]: [TIMER] id=4, name=total_graph_exec, avg=0.400326, total=384.312733, count=960
[15:39:54.252150] [WARNING] [pdc_server.c:696] PDC_SERVER[125]: [TIMER] id=0, name=open, avg=0.000419, total=0.402511, count=960
[15:39:54.252223] [WARNING] [pdc_server.c:696] PDC_SERVER[125]: [TIMER] id=1, name=close, avg=0.000271, total=0.260562, count=960
[15:39:54.252228] [WARNING] [pdc_server.c:696] PDC_SERVER[125]: [TIMER] id=2, name=read, avg=0.022784, total=21.872780, count=960
[15:39:54.252233] [WARNING] [pdc_server.c:696] PDC_SERVER[125]: [TIMER] id=4, name=total_graph_exec, avg=0.400862, total=384.827537, count=960
[15:39:54.252144] [WARNING] [pdc_server.c:696] PDC_SERVER[4]: [TIMER] id=0, name=open, avg=0.000406, total=0.389471, count=960
[15:39:54.252215] [WARNING] [pdc_server.c:696] PDC_SERVER[4]: [TIMER] id=1, name=close, avg=0.000287, total=0.275342, count=960
[15:39:54.252221] [WARNING] [pdc_server.c:696] PDC_SERVER[4]: [TIMER] id=2, name=read, avg=0.016617, total=15.952118, count=960
[15:39:54.252225] [WARNING] [pdc_server.c:696] PDC_SERVER[4]: [TIMER] id=4, name=total_graph_exec, avg=0.400505, total=384.484423, count=960
[15:39:54.252155] [WARNING] [pdc_server.c:696] PDC_SERVER[28]: [TIMER] id=0, name=open, avg=0.000498, total=0.478443, count=960
[15:39:54.252227] [WARNING] [pdc_server.c:696] PDC_SERVER[28]: [TIMER] id=1, name=close, avg=0.000386, total=0.370486, count=960
[15:39:54.252232] [WARNING] [pdc_server.c:696] PDC_SERVER[28]: [TIMER] id=2, name=read, avg=0.022868, total=21.953759, count=960
[15:39:54.252237] [WARNING] [pdc_server.c:696] PDC_SERVER[28]: [TIMER] id=4, name=total_graph_exec, avg=0.401435, total=385.377637, count=960
[15:39:54.252145] [WARNING] [pdc_server.c:696] PDC_SERVER[64]: [TIMER] id=0, name=open, avg=0.000546, total=0.524091, count=960
[15:39:54.252231] [WARNING] [pdc_server.c:696] PDC_SERVER[64]: [TIMER] id=1, name=close, avg=0.000443, total=0.424990, count=960
[15:39:54.252238] [WARNING] [pdc_server.c:696] PDC_SERVER[64]: [TIMER] id=2, name=read, avg=0.022988, total=22.068266, count=960
[15:39:54.252243] [WARNING] [pdc_server.c:696] PDC_SERVER[64]: [TIMER] id=4, name=total_graph_exec, avg=0.400577, total=384.554269, count=960
[15:39:54.252153] [WARNING] [pdc_server.c:696] PDC_SERVER[12]: [TIMER] id=0, name=open, avg=0.000602, total=0.578128, count=960
[15:39:54.252228] [WARNING] [pdc_server.c:696] PDC_SERVER[12]: [TIMER] id=1, name=close, avg=0.000320, total=0.307314, count=960
[15:39:54.252234] [WARNING] [pdc_server.c:696] PDC_SERVER[12]: [TIMER] id=2, name=read, avg=0.039880, total=38.284468, count=960
[15:39:54.252238] [WARNING] [pdc_server.c:696] PDC_SERVER[12]: [TIMER] id=4, name=total_graph_exec, avg=0.396907, total=381.031032, count=960
[15:39:54.252153] [WARNING] [pdc_server.c:696] PDC_SERVER[99]: [TIMER] id=0, name=open, avg=0.000457, total=0.438279, count=960
[15:39:54.252230] [WARNING] [pdc_server.c:696] PDC_SERVER[99]: [TIMER] id=1, name=close, avg=0.000281, total=0.269963, count=960
[15:39:54.252236] [WARNING] [pdc_server.c:696] PDC_SERVER[99]: [TIMER] id=2, name=read, avg=0.022706, total=21.797871, count=960
[15:39:54.252240] [WARNING] [pdc_server.c:696] PDC_SERVER[99]: [TIMER] id=4, name=total_graph_exec, avg=0.396485, total=380.625697, count=960
[15:39:54.252152] [WARNING] [pdc_server.c:696] PDC_SERVER[18]: [TIMER] id=0, name=open, avg=0.000531, total=0.509342, count=960
[15:39:54.252219] [WARNING] [pdc_server.c:696] PDC_SERVER[18]: [TIMER] id=1, name=close, avg=0.000371, total=0.356078, count=960
[15:39:54.252231] [WARNING] [pdc_server.c:696] PDC_SERVER[18]: [TIMER] id=2, name=read, avg=0.020493, total=19.673387, count=960
[15:39:54.252235] [WARNING] [pdc_server.c:696] PDC_SERVER[18]: [TIMER] id=4, name=total_graph_exec, avg=0.399941, total=383.943534, count=960
[15:39:54.252146] [WARNING] [pdc_server.c:696] PDC_SERVER[102]: [TIMER] id=0, name=open, avg=0.000543, total=0.521085, count=960
[15:39:54.252219] [WARNING] [pdc_server.c:696] PDC_SERVER[102]: [TIMER] id=1, name=close, avg=0.000332, total=0.318384, count=960
[15:39:54.252233] [WARNING] [pdc_server.c:696] PDC_SERVER[102]: [TIMER] id=2, name=read, avg=0.023831, total=22.878106, count=960
[15:39:54.252238] [WARNING] [pdc_server.c:696] PDC_SERVER[102]: [TIMER] id=4, name=total_graph_exec, avg=0.401072, total=385.029036, count=960
[15:39:54.252152] [WARNING] [pdc_server.c:696] PDC_SERVER[15]: [TIMER] id=0, name=open, avg=0.000602, total=0.577683, count=960
[15:39:54.252228] [WARNING] [pdc_server.c:696] PDC_SERVER[15]: [TIMER] id=1, name=close, avg=0.000441, total=0.423549, count=960
[15:39:54.252234] [WARNING] [pdc_server.c:696] PDC_SERVER[15]: [TIMER] id=2, name=read, avg=0.023384, total=22.448618, count=960
[15:39:54.252239] [WARNING] [pdc_server.c:696] PDC_SERVER[15]: [TIMER] id=4, name=total_graph_exec, avg=0.391280, total=375.628377, count=960
[15:39:54.252143] [WARNING] [pdc_server.c:696] PDC_SERVER[69]: [TIMER] id=0, name=open, avg=0.000501, total=0.480949, count=960
[15:39:54.252219] [WARNING] [pdc_server.c:696] PDC_SERVER[69]: [TIMER] id=1, name=close, avg=0.000357, total=0.342808, count=960
[15:39:54.252225] [WARNING] [pdc_server.c:696] PDC_SERVER[69]: [TIMER] id=2, name=read, avg=0.023104, total=22.180155, count=960
[15:39:54.252230] [WARNING] [pdc_server.c:696] PDC_SERVER[69]: [TIMER] id=4, name=total_graph_exec, avg=0.401958, total=385.879842, count=960
[15:39:54.252129] [WARNING] [pdc_server.c:696] PDC_SERVER[80]: [TIMER] id=0, name=open, avg=0.000524, total=0.503205, count=960
[15:39:54.252208] [WARNING] [pdc_server.c:696] PDC_SERVER[80]: [TIMER] id=1, name=close, avg=0.000380, total=0.365081, count=960
[15:39:54.252215] [WARNING] [pdc_server.c:696] PDC_SERVER[80]: [TIMER] id=2, name=read, avg=0.023521, total=22.580466, count=960
[15:39:54.252220] [WARNING] [pdc_server.c:696] PDC_SERVER[80]: [TIMER] id=4, name=total_graph_exec, avg=0.400002, total=384.001780, count=960
[15:39:54.252162] [WARNING] [pdc_server.c:696] PDC_SERVER[86]: [TIMER] id=0, name=open, avg=0.000630, total=0.604665, count=960
[15:39:54.252237] [WARNING] [pdc_server.c:696] PDC_SERVER[86]: [TIMER] id=1, name=close, avg=0.000385, total=0.369260, count=960
[15:39:54.252242] [WARNING] [pdc_server.c:696] PDC_SERVER[86]: [TIMER] id=2, name=read, avg=0.022843, total=21.929665, count=960
[15:39:54.252247] [WARNING] [pdc_server.c:696] PDC_SERVER[86]: [TIMER] id=4, name=total_graph_exec, avg=0.400992, total=384.952700, count=960
[15:39:54.252162] [WARNING] [pdc_server.c:696] PDC_SERVER[29]: [TIMER] id=0, name=open, avg=0.000536, total=0.514926, count=960
[15:39:54.252247] [WARNING] [pdc_server.c:696] PDC_SERVER[29]: [TIMER] id=1, name=close, avg=0.000378, total=0.362845, count=960
[15:39:54.252252] [WARNING] [pdc_server.c:696] PDC_SERVER[29]: [TIMER] id=2, name=read, avg=0.023720, total=22.770971, count=960
[15:39:54.252256] [WARNING] [pdc_server.c:696] PDC_SERVER[29]: [TIMER] id=4, name=total_graph_exec, avg=0.396460, total=380.602013, count=960
[15:39:54.252133] [WARNING] [pdc_server.c:696] PDC_SERVER[8]: [TIMER] id=0, name=open, avg=0.000553, total=0.530613, count=960
[15:39:54.252204] [WARNING] [pdc_server.c:696] PDC_SERVER[8]: [TIMER] id=1, name=close, avg=0.000358, total=0.344088, count=960
[15:39:54.252221] [WARNING] [pdc_server.c:696] PDC_SERVER[8]: [TIMER] id=2, name=read, avg=0.024747, total=23.756812, count=960
[15:39:54.252226] [WARNING] [pdc_server.c:696] PDC_SERVER[8]: [TIMER] id=4, name=total_graph_exec, avg=0.395187, total=379.379574, count=960
[15:39:54.252154] [WARNING] [pdc_server.c:696] PDC_SERVER[122]: [TIMER] id=0, name=open, avg=0.000559, total=0.536700, count=960
[15:39:54.252242] [WARNING] [pdc_server.c:696] PDC_SERVER[122]: [TIMER] id=1, name=close, avg=0.000389, total=0.373298, count=960
[15:39:54.252249] [WARNING] [pdc_server.c:696] PDC_SERVER[122]: [TIMER] id=2, name=read, avg=0.022814, total=21.901004, count=960
[15:39:54.252254] [WARNING] [pdc_server.c:696] PDC_SERVER[122]: [TIMER] id=4, name=total_graph_exec, avg=0.399976, total=383.976648, count=960
[15:39:54.252163] [WARNING] [pdc_server.c:696] PDC_SERVER[83]: [TIMER] id=0, name=open, avg=0.000501, total=0.481182, count=960
[15:39:54.252232] [WARNING] [pdc_server.c:696] PDC_SERVER[83]: [TIMER] id=1, name=close, avg=0.000427, total=0.409845, count=960
[15:39:54.252238] [WARNING] [pdc_server.c:696] PDC_SERVER[83]: [TIMER] id=2, name=read, avg=0.016028, total=15.386978, count=960
[15:39:54.252243] [WARNING] [pdc_server.c:696] PDC_SERVER[83]: [TIMER] id=4, name=total_graph_exec, avg=0.401540, total=385.477943, count=960
[15:39:54.252164] [WARNING] [pdc_server.c:696] PDC_SERVER[74]: [TIMER] id=0, name=open, avg=0.000496, total=0.476139, count=960
[15:39:54.252238] [WARNING] [pdc_server.c:696] PDC_SERVER[74]: [TIMER] id=1, name=close, avg=0.000229, total=0.219472, count=960
[15:39:54.252255] [WARNING] [pdc_server.c:696] PDC_SERVER[74]: [TIMER] id=2, name=read, avg=0.042357, total=40.663129, count=960
[15:39:54.252260] [WARNING] [pdc_server.c:696] PDC_SERVER[74]: [TIMER] id=4, name=total_graph_exec, avg=0.407132, total=390.846930, count=960
[15:39:54.252159] [WARNING] [pdc_server.c:696] PDC_SERVER[57]: [TIMER] id=0, name=open, avg=0.000549, total=0.526611, count=960
[15:39:54.252227] [WARNING] [pdc_server.c:696] PDC_SERVER[57]: [TIMER] id=1, name=close, avg=0.000261, total=0.250365, count=960
[15:39:54.252233] [WARNING] [pdc_server.c:696] PDC_SERVER[57]: [TIMER] id=2, name=read, avg=0.038071, total=36.547925, count=960
[15:39:54.252237] [WARNING] [pdc_server.c:696] PDC_SERVER[57]: [TIMER] id=4, name=total_graph_exec, avg=0.404207, total=388.038256, count=960
[15:39:54.252162] [WARNING] [pdc_server.c:696] PDC_SERVER[111]: [TIMER] id=0, name=open, avg=0.000382, total=0.366323, count=960
[15:39:54.252233] [WARNING] [pdc_server.c:696] PDC_SERVER[111]: [TIMER] id=1, name=close, avg=0.000258, total=0.247528, count=960
[15:39:54.252239] [WARNING] [pdc_server.c:696] PDC_SERVER[111]: [TIMER] id=2, name=read, avg=0.021525, total=20.663960, count=960
[15:39:54.252243] [WARNING] [pdc_server.c:696] PDC_SERVER[111]: [TIMER] id=4, name=total_graph_exec, avg=0.401866, total=385.791433, count=960
[15:39:54.252153] [WARNING] [pdc_server.c:696] PDC_SERVER[43]: [TIMER] id=0, name=open, avg=0.000618, total=0.592998, count=960
[15:39:54.252225] [WARNING] [pdc_server.c:696] PDC_SERVER[43]: [TIMER] id=1, name=close, avg=0.000426, total=0.409258, count=960
[15:39:54.252231] [WARNING] [pdc_server.c:696] PDC_SERVER[43]: [TIMER] id=2, name=read, avg=0.023584, total=22.640553, count=960
[15:39:54.252236] [WARNING] [pdc_server.c:696] PDC_SERVER[43]: [TIMER] id=4, name=total_graph_exec, avg=0.393649, total=377.902772, count=960
[15:39:54.252162] [WARNING] [pdc_server.c:696] PDC_SERVER[25]: [TIMER] id=0, name=open, avg=0.000586, total=0.562768, count=960
[15:39:54.252248] [WARNING] [pdc_server.c:696] PDC_SERVER[25]: [TIMER] id=1, name=close, avg=0.000419, total=0.402700, count=960
[15:39:54.252254] [WARNING] [pdc_server.c:696] PDC_SERVER[25]: [TIMER] id=2, name=read, avg=0.023368, total=22.433341, count=960
[15:39:54.252259] [WARNING] [pdc_server.c:696] PDC_SERVER[25]: [TIMER] id=4, name=total_graph_exec, avg=0.391964, total=376.285824, count=960
[15:39:54.252163] [WARNING] [pdc_server.c:696] PDC_SERVER[124]: [TIMER] id=0, name=open, avg=0.000434, total=0.416848, count=960
[15:39:54.252235] [WARNING] [pdc_server.c:696] PDC_SERVER[124]: [TIMER] id=1, name=close, avg=0.000331, total=0.317827, count=960
[15:39:54.252240] [WARNING] [pdc_server.c:696] PDC_SERVER[124]: [TIMER] id=2, name=read, avg=0.016227, total=15.578106, count=960
[15:39:54.252245] [WARNING] [pdc_server.c:696] PDC_SERVER[124]: [TIMER] id=4, name=total_graph_exec, avg=0.392927, total=377.210203, count=960
[15:39:54.252143] [WARNING] [pdc_server.c:696] PDC_SERVER[112]: [TIMER] id=0, name=open, avg=0.000615, total=0.590285, count=960
[15:39:54.252214] [WARNING] [pdc_server.c:696] PDC_SERVER[112]: [TIMER] id=1, name=close, avg=0.000394, total=0.378026, count=960
[15:39:54.252228] [WARNING] [pdc_server.c:696] PDC_SERVER[112]: [TIMER] id=2, name=read, avg=0.022421, total=21.523707, count=960
[15:39:54.252234] [WARNING] [pdc_server.c:696] PDC_SERVER[112]: [TIMER] id=4, name=total_graph_exec, avg=0.392817, total=377.104031, count=960
[15:39:54.252182] [WARNING] [pdc_server.c:696] PDC_SERVER[39]: [TIMER] id=0, name=open, avg=0.000356, total=0.341482, count=960
[15:39:54.252249] [WARNING] [pdc_server.c:696] PDC_SERVER[39]: [TIMER] id=1, name=close, avg=0.000263, total=0.252200, count=960
[15:39:54.252255] [WARNING] [pdc_server.c:696] PDC_SERVER[39]: [TIMER] id=2, name=read, avg=0.023570, total=22.626839, count=960
[15:39:54.252259] [WARNING] [pdc_server.c:696] PDC_SERVER[39]: [TIMER] id=4, name=total_graph_exec, avg=0.392921, total=377.203842, count=960
[15:39:54.252153] [WARNING] [pdc_server.c:696] PDC_SERVER[21]: [TIMER] id=0, name=open, avg=0.000380, total=0.364772, count=960
[15:39:54.252223] [WARNING] [pdc_server.c:696] PDC_SERVER[21]: [TIMER] id=1, name=close, avg=0.000277, total=0.265861, count=960
[15:39:54.252237] [WARNING] [pdc_server.c:696] PDC_SERVER[21]: [TIMER] id=2, name=read, avg=0.018069, total=17.346171, count=960
[15:39:54.252243] [WARNING] [pdc_server.c:696] PDC_SERVER[21]: [TIMER] id=4, name=total_graph_exec, avg=0.392089, total=376.405084, count=960
[15:39:54.252152] [WARNING] [pdc_server.c:696] PDC_SERVER[78]: [TIMER] id=0, name=open, avg=0.000405, total=0.388436, count=960
[15:39:54.252211] [WARNING] [pdc_server.c:696] PDC_SERVER[78]: [TIMER] id=1, name=close, avg=0.000275, total=0.263971, count=960
[15:39:54.252224] [WARNING] [pdc_server.c:696] PDC_SERVER[78]: [TIMER] id=2, name=read, avg=0.016195, total=15.547153, count=960
[15:39:54.252229] [WARNING] [pdc_server.c:696] PDC_SERVER[78]: [TIMER] id=4, name=total_graph_exec, avg=0.398835, total=382.881639, count=960
[15:39:54.252159] [WARNING] [pdc_server.c:696] PDC_SERVER[33]: [TIMER] id=0, name=open, avg=0.000607, total=0.582662, count=960
[15:39:54.252231] [WARNING] [pdc_server.c:696] PDC_SERVER[33]: [TIMER] id=1, name=close, avg=0.000402, total=0.386330, count=960
[15:39:54.252236] [WARNING] [pdc_server.c:696] PDC_SERVER[33]: [TIMER] id=2, name=read, avg=0.023555, total=22.613249, count=960
[15:39:54.252241] [WARNING] [pdc_server.c:696] PDC_SERVER[33]: [TIMER] id=4, name=total_graph_exec, avg=0.389892, total=374.295929, count=960
[15:39:54.252151] [WARNING] [pdc_server.c:696] PDC_SERVER[7]: [TIMER] id=0, name=open, avg=0.000562, total=0.539707, count=960
[15:39:54.252225] [WARNING] [pdc_server.c:696] PDC_SERVER[7]: [TIMER] id=1, name=close, avg=0.000443, total=0.425447, count=960
[15:39:54.252231] [WARNING] [pdc_server.c:696] PDC_SERVER[7]: [TIMER] id=2, name=read, avg=0.020694, total=19.866096, count=960
[15:39:54.252236] [WARNING] [pdc_server.c:696] PDC_SERVER[7]: [TIMER] id=4, name=total_graph_exec, avg=0.391384, total=375.728389, count=960
[15:39:54.252140] [WARNING] [pdc_server.c:696] PDC_SERVER[52]: [TIMER] id=0, name=open, avg=0.000516, total=0.495665, count=960
[15:39:54.252217] [WARNING] [pdc_server.c:696] PDC_SERVER[52]: [TIMER] id=1, name=close, avg=0.000284, total=0.272564, count=960
[15:39:54.252222] [WARNING] [pdc_server.c:696] PDC_SERVER[52]: [TIMER] id=2, name=read, avg=0.038451, total=36.913167, count=960
[15:39:54.252227] [WARNING] [pdc_server.c:696] PDC_SERVER[52]: [TIMER] id=4, name=total_graph_exec, avg=0.400880, total=384.844802, count=960
[15:39:54.252136] [WARNING] [pdc_server.c:696] PDC_SERVER[100]: [TIMER] id=0, name=open, avg=0.000560, total=0.537144, count=960
[15:39:54.252202] [WARNING] [pdc_server.c:696] PDC_SERVER[100]: [TIMER] id=1, name=close, avg=0.000391, total=0.374936, count=960
[15:39:54.252216] [WARNING] [pdc_server.c:696] PDC_SERVER[100]: [TIMER] id=2, name=read, avg=0.023122, total=22.197227, count=960
[15:39:54.252221] [WARNING] [pdc_server.c:696] PDC_SERVER[100]: [TIMER] id=4, name=total_graph_exec, avg=0.392824, total=377.110915, count=960
[15:39:54.252145] [WARNING] [pdc_server.c:696] PDC_SERVER[73]: [TIMER] id=0, name=open, avg=0.000504, total=0.484128, count=960
[15:39:54.252217] [WARNING] [pdc_server.c:696] PDC_SERVER[73]: [TIMER] id=1, name=close, avg=0.000235, total=0.225925, count=960
[15:39:54.252224] [WARNING] [pdc_server.c:696] PDC_SERVER[73]: [TIMER] id=2, name=read, avg=0.040411, total=38.794459, count=960
[15:39:54.252229] [WARNING] [pdc_server.c:696] PDC_SERVER[73]: [TIMER] id=4, name=total_graph_exec, avg=0.404019, total=387.857838, count=960
[15:39:54.252146] [WARNING] [pdc_server.c:696] PDC_SERVER[97]: [TIMER] id=0, name=open, avg=0.000568, total=0.545462, count=960
[15:39:54.252226] [WARNING] [pdc_server.c:696] PDC_SERVER[97]: [TIMER] id=1, name=close, avg=0.000394, total=0.378545, count=960
[15:39:54.252232] [WARNING] [pdc_server.c:696] PDC_SERVER[97]: [TIMER] id=2, name=read, avg=0.022237, total=21.347340, count=960
[15:39:54.252237] [WARNING] [pdc_server.c:696] PDC_SERVER[97]: [TIMER] id=4, name=total_graph_exec, avg=0.391482, total=375.822985, count=960
[15:39:54.252147] [WARNING] [pdc_server.c:696] PDC_SERVER[46]: [TIMER] id=0, name=open, avg=0.000502, total=0.481733, count=960
[15:39:54.252208] [WARNING] [pdc_server.c:696] PDC_SERVER[46]: [TIMER] id=1, name=close, avg=0.000382, total=0.366713, count=960
[15:39:54.252220] [WARNING] [pdc_server.c:696] PDC_SERVER[46]: [TIMER] id=2, name=read, avg=0.023027, total=22.105626, count=960
[15:39:54.252225] [WARNING] [pdc_server.c:696] PDC_SERVER[46]: [TIMER] id=4, name=total_graph_exec, avg=0.401188, total=385.140611, count=960
[15:39:54.252158] [WARNING] [pdc_server.c:696] PDC_SERVER[76]: [TIMER] id=0, name=open, avg=0.000571, total=0.548420, count=960
[15:39:54.252227] [WARNING] [pdc_server.c:696] PDC_SERVER[76]: [TIMER] id=1, name=close, avg=0.000357, total=0.343058, count=960
[15:39:54.252241] [WARNING] [pdc_server.c:696] PDC_SERVER[76]: [TIMER] id=2, name=read, avg=0.023760, total=22.809297, count=960
[15:39:54.252246] [WARNING] [pdc_server.c:696] PDC_SERVER[76]: [TIMER] id=4, name=total_graph_exec, avg=0.401031, total=384.989459, count=960
[15:39:54.252167] [WARNING] [pdc_server.c:696] PDC_SERVER[121]: [TIMER] id=0, name=open, avg=0.000516, total=0.495160, count=960
[15:39:54.252248] [WARNING] [pdc_server.c:696] PDC_SERVER[121]: [TIMER] id=1, name=close, avg=0.000345, total=0.331135, count=960
[15:39:54.252254] [WARNING] [pdc_server.c:696] PDC_SERVER[121]: [TIMER] id=2, name=read, avg=0.023442, total=22.504553, count=960
[15:39:54.252259] [WARNING] [pdc_server.c:696] PDC_SERVER[121]: [TIMER] id=4, name=total_graph_exec, avg=0.400553, total=384.531090, count=960
[15:39:54.252143] [WARNING] [pdc_server.c:696] PDC_SERVER[40]: [TIMER] id=0, name=open, avg=0.000494, total=0.473802, count=960
[15:39:54.252216] [WARNING] [pdc_server.c:696] PDC_SERVER[40]: [TIMER] id=1, name=close, avg=0.000359, total=0.344744, count=960
[15:39:54.252222] [WARNING] [pdc_server.c:696] PDC_SERVER[40]: [TIMER] id=2, name=read, avg=0.022810, total=21.897993, count=960
[15:39:54.252226] [WARNING] [pdc_server.c:696] PDC_SERVER[40]: [TIMER] id=4, name=total_graph_exec, avg=0.400707, total=384.678506, count=960
[15:39:54.252148] [WARNING] [pdc_server.c:696] PDC_SERVER[91]: [TIMER] id=0, name=open, avg=0.000456, total=0.437385, count=960
[15:39:54.252219] [WARNING] [pdc_server.c:696] PDC_SERVER[91]: [TIMER] id=1, name=close, avg=0.000268, total=0.257348, count=960
[15:39:54.252225] [WARNING] [pdc_server.c:696] PDC_SERVER[91]: [TIMER] id=2, name=read, avg=0.023268, total=22.337621, count=960
[15:39:54.252229] [WARNING] [pdc_server.c:696] PDC_SERVER[91]: [TIMER] id=4, name=total_graph_exec, avg=0.394417, total=378.640231, count=960
[15:39:54.252139] [WARNING] [pdc_server.c:696] PDC_SERVER[48]: [TIMER] id=0, name=open, avg=0.000500, total=0.479771, count=960
[15:39:54.252214] [WARNING] [pdc_server.c:696] PDC_SERVER[48]: [TIMER] id=1, name=close, avg=0.000236, total=0.226568, count=960
[15:39:54.252221] [WARNING] [pdc_server.c:696] PDC_SERVER[48]: [TIMER] id=2, name=read, avg=0.041282, total=39.630600, count=960
[15:39:54.252226] [WARNING] [pdc_server.c:696] PDC_SERVER[48]: [TIMER] id=4, name=total_graph_exec, avg=0.403469, total=387.330531, count=960
[15:39:54.252151] [WARNING] [pdc_server.c:696] PDC_SERVER[36]: [TIMER] id=0, name=open, avg=0.000542, total=0.520667, count=960
[15:39:54.252226] [WARNING] [pdc_server.c:696] PDC_SERVER[36]: [TIMER] id=1, name=close, avg=0.000245, total=0.235419, count=960
[15:39:54.252232] [WARNING] [pdc_server.c:696] PDC_SERVER[36]: [TIMER] id=2, name=read, avg=0.040155, total=38.549249, count=960
[15:39:54.252236] [WARNING] [pdc_server.c:696] PDC_SERVER[36]: [TIMER] id=4, name=total_graph_exec, avg=0.404388, total=388.212263, count=960
[15:39:54.252153] [WARNING] [pdc_server.c:696] PDC_SERVER[20]: [TIMER] id=0, name=open, avg=0.000535, total=0.514041, count=960
[15:39:54.252244] [WARNING] [pdc_server.c:696] PDC_SERVER[20]: [TIMER] id=1, name=close, avg=0.000287, total=0.275180, count=960
[15:39:54.252250] [WARNING] [pdc_server.c:696] PDC_SERVER[20]: [TIMER] id=2, name=read, avg=0.041453, total=39.794983, count=960
[15:39:54.252255] [WARNING] [pdc_server.c:696] PDC_SERVER[20]: [TIMER] id=4, name=total_graph_exec, avg=0.398570, total=382.627355, count=960
[15:39:54.252144] [WARNING] [pdc_server.c:696] PDC_SERVER[44]: [TIMER] id=0, name=open, avg=0.000526, total=0.504810, count=960
[15:39:54.252222] [WARNING] [pdc_server.c:696] PDC_SERVER[44]: [TIMER] id=1, name=close, avg=0.000397, total=0.380900, count=960
[15:39:54.252228] [WARNING] [pdc_server.c:696] PDC_SERVER[44]: [TIMER] id=2, name=read, avg=0.023645, total=22.699529, count=960
[15:39:54.252232] [WARNING] [pdc_server.c:696] PDC_SERVER[44]: [TIMER] id=4, name=total_graph_exec, avg=0.400580, total=384.556772, count=960
[15:39:54.252148] [WARNING] [pdc_server.c:696] PDC_SERVER[6]: [TIMER] id=0, name=open, avg=0.000507, total=0.486927, count=960
[15:39:54.252228] [WARNING] [pdc_server.c:696] PDC_SERVER[6]: [TIMER] id=1, name=close, avg=0.000355, total=0.340648, count=960
[15:39:54.252234] [WARNING] [pdc_server.c:696] PDC_SERVER[6]: [TIMER] id=2, name=read, avg=0.023261, total=22.330629, count=960
[15:39:54.252239] [WARNING] [pdc_server.c:696] PDC_SERVER[6]: [TIMER] id=4, name=total_graph_exec, avg=0.401330, total=385.276799, count=960
[15:39:54.252152] [WARNING] [pdc_server.c:696] PDC_SERVER[126]: [TIMER] id=0, name=open, avg=0.000496, total=0.476084, count=960
[15:39:54.252226] [WARNING] [pdc_server.c:696] PDC_SERVER[126]: [TIMER] id=1, name=close, avg=0.000393, total=0.377182, count=960
[15:39:54.252232] [WARNING] [pdc_server.c:696] PDC_SERVER[126]: [TIMER] id=2, name=read, avg=0.022238, total=21.348678, count=960
[15:39:54.252236] [WARNING] [pdc_server.c:696] PDC_SERVER[126]: [TIMER] id=4, name=total_graph_exec, avg=0.401891, total=385.815573, count=960
[15:39:54.252159] [WARNING] [pdc_server.c:696] PDC_SERVER[90]: [TIMER] id=0, name=open, avg=0.000605, total=0.580490, count=960
[15:39:54.252228] [WARNING] [pdc_server.c:696] PDC_SERVER[90]: [TIMER] id=1, name=close, avg=0.000413, total=0.396080, count=960
[15:39:54.252242] [WARNING] [pdc_server.c:696] PDC_SERVER[90]: [TIMER] id=2, name=read, avg=0.023033, total=22.111784, count=960
[15:39:54.252247] [WARNING] [pdc_server.c:696] PDC_SERVER[90]: [TIMER] id=4, name=total_graph_exec, avg=0.392665, total=376.958117, count=960
[15:39:54.252155] [WARNING] [pdc_server.c:696] PDC_SERVER[13]: [TIMER] id=0, name=open, avg=0.000553, total=0.531205, count=960
[15:39:54.252242] [WARNING] [pdc_server.c:696] PDC_SERVER[13]: [TIMER] id=1, name=close, avg=0.000307, total=0.294354, count=960
[15:39:54.252248] [WARNING] [pdc_server.c:696] PDC_SERVER[13]: [TIMER] id=2, name=read, avg=0.041844, total=40.170327, count=960
[15:39:54.252253] [WARNING] [pdc_server.c:696] PDC_SERVER[13]: [TIMER] id=4, name=total_graph_exec, avg=0.397399, total=381.502596, count=960
[15:39:54.252177] [WARNING] [pdc_server.c:696] PDC_SERVER[31]: [TIMER] id=0, name=open, avg=0.000525, total=0.503758, count=960
[15:39:54.252250] [WARNING] [pdc_server.c:696] PDC_SERVER[31]: [TIMER] id=1, name=close, avg=0.000373, total=0.357950, count=960
[15:39:54.252256] [WARNING] [pdc_server.c:696] PDC_SERVER[31]: [TIMER] id=2, name=read, avg=0.022812, total=21.899077, count=960
[15:39:54.252261] [WARNING] [pdc_server.c:696] PDC_SERVER[31]: [TIMER] id=4, name=total_graph_exec, avg=0.402232, total=386.143136, count=960
[15:39:54.252153] [WARNING] [pdc_server.c:696] PDC_SERVER[61]: [TIMER] id=0, name=open, avg=0.000448, total=0.430290, count=960
[15:39:54.252219] [WARNING] [pdc_server.c:696] PDC_SERVER[61]: [TIMER] id=1, name=close, avg=0.000308, total=0.295301, count=960
[15:39:54.252234] [WARNING] [pdc_server.c:696] PDC_SERVER[61]: [TIMER] id=2, name=read, avg=0.016426, total=15.769343, count=960
[15:39:54.252239] [WARNING] [pdc_server.c:696] PDC_SERVER[61]: [TIMER] id=4, name=total_graph_exec, avg=0.400920, total=384.883458, count=960
[15:39:54.252152] [WARNING] [pdc_server.c:696] PDC_SERVER[37]: [TIMER] id=0, name=open, avg=0.000616, total=0.591304, count=960
[15:39:54.252217] [WARNING] [pdc_server.c:696] PDC_SERVER[37]: [TIMER] id=1, name=close, avg=0.000348, total=0.334248, count=960
[15:39:54.252231] [WARNING] [pdc_server.c:696] PDC_SERVER[37]: [TIMER] id=2, name=read, avg=0.039177, total=37.610006, count=960
[15:39:54.252237] [WARNING] [pdc_server.c:696] PDC_SERVER[37]: [TIMER] id=4, name=total_graph_exec, avg=0.395143, total=379.336900, count=960
[15:39:54.252150] [WARNING] [pdc_server.c:696] PDC_SERVER[55]: [TIMER] id=0, name=open, avg=0.000618, total=0.593426, count=960
[15:39:54.252228] [WARNING] [pdc_server.c:696] PDC_SERVER[55]: [TIMER] id=1, name=close, avg=0.000466, total=0.447150, count=960
[15:39:54.252234] [WARNING] [pdc_server.c:696] PDC_SERVER[55]: [TIMER] id=2, name=read, avg=0.016249, total=15.598668, count=960
[15:39:54.252239] [WARNING] [pdc_server.c:696] PDC_SERVER[55]: [TIMER] id=4, name=total_graph_exec, avg=0.390144, total=374.538213, count=960
[15:39:54.252146] [WARNING] [pdc_server.c:696] PDC_SERVER[53]: [TIMER] id=0, name=open, avg=0.000384, total=0.368499, count=960
[15:39:54.252223] [WARNING] [pdc_server.c:696] PDC_SERVER[53]: [TIMER] id=1, name=close, avg=0.000300, total=0.287731, count=960
[15:39:54.252230] [WARNING] [pdc_server.c:696] PDC_SERVER[53]: [TIMER] id=2, name=read, avg=0.022977, total=22.057688, count=960
[15:39:54.252235] [WARNING] [pdc_server.c:696] PDC_SERVER[53]: [TIMER] id=4, name=total_graph_exec, avg=0.400692, total=384.664659, count=960
[15:39:54.252152] [WARNING] [pdc_server.c:696] PDC_SERVER[17]: [TIMER] id=0, name=open, avg=0.000419, total=0.401985, count=960
[15:39:54.252239] [WARNING] [pdc_server.c:696] PDC_SERVER[17]: [TIMER] id=1, name=close, avg=0.000241, total=0.231306, count=960
[15:39:54.252245] [WARNING] [pdc_server.c:696] PDC_SERVER[17]: [TIMER] id=2, name=read, avg=0.041845, total=40.171393, count=960
[15:39:54.252249] [WARNING] [pdc_server.c:696] PDC_SERVER[17]: [TIMER] id=4, name=total_graph_exec, avg=0.397910, total=381.993517, count=960
[15:39:54.252167] [WARNING] [pdc_server.c:696] PDC_SERVER[54]: [TIMER] id=0, name=open, avg=0.000606, total=0.581816, count=960
[15:39:54.252235] [WARNING] [pdc_server.c:696] PDC_SERVER[54]: [TIMER] id=1, name=close, avg=0.000402, total=0.386209, count=960
[15:39:54.252248] [WARNING] [pdc_server.c:696] PDC_SERVER[54]: [TIMER] id=2, name=read, avg=0.023438, total=22.500599, count=960
[15:39:54.252253] [WARNING] [pdc_server.c:696] PDC_SERVER[54]: [TIMER] id=4, name=total_graph_exec, avg=0.390308, total=374.696069, count=960
[15:39:54.252146] [WARNING] [pdc_server.c:696] PDC_SERVER[70]: [TIMER] id=0, name=open, avg=0.000480, total=0.460635, count=960
[15:39:54.252225] [WARNING] [pdc_server.c:696] PDC_SERVER[70]: [TIMER] id=1, name=close, avg=0.000474, total=0.455167, count=960
[15:39:54.252231] [WARNING] [pdc_server.c:696] PDC_SERVER[70]: [TIMER] id=2, name=read, avg=0.016557, total=15.895180, count=960
[15:39:54.252236] [WARNING] [pdc_server.c:696] PDC_SERVER[70]: [TIMER] id=4, name=total_graph_exec, avg=0.399971, total=383.972057, count=960
[15:39:54.252166] [WARNING] [pdc_server.c:696] PDC_SERVER[79]: [TIMER] id=0, name=open, avg=0.000510, total=0.489146, count=960
[15:39:54.252244] [WARNING] [pdc_server.c:696] PDC_SERVER[79]: [TIMER] id=1, name=close, avg=0.000361, total=0.346458, count=960
[15:39:54.252250] [WARNING] [pdc_server.c:696] PDC_SERVER[79]: [TIMER] id=2, name=read, avg=0.022932, total=22.014253, count=960
[15:39:54.252254] [WARNING] [pdc_server.c:696] PDC_SERVER[79]: [TIMER] id=4, name=total_graph_exec, avg=0.402799, total=386.686859, count=960
[15:39:54.252103] [WARNING] [pdc_server.c:696] PDC_SERVER[109]: [TIMER] id=0, name=open, avg=0.000550, total=0.527951, count=960
[15:39:54.252181] [WARNING] [pdc_server.c:696] PDC_SERVER[109]: [TIMER] id=1, name=close, avg=0.000353, total=0.338696, count=960
[15:39:54.252187] [WARNING] [pdc_server.c:696] PDC_SERVER[109]: [TIMER] id=2, name=read, avg=0.023041, total=22.119726, count=960
[15:39:54.252192] [WARNING] [pdc_server.c:696] PDC_SERVER[109]: [TIMER] id=4, name=total_graph_exec, avg=0.405576, total=389.352510, count=960
[15:39:54.252158] [WARNING] [pdc_server.c:696] PDC_SERVER[47]: [TIMER] id=0, name=open, avg=0.000590, total=0.566079, count=960
[15:39:54.252230] [WARNING] [pdc_server.c:696] PDC_SERVER[47]: [TIMER] id=1, name=close, avg=0.000328, total=0.315278, count=960
[15:39:54.252235] [WARNING] [pdc_server.c:696] PDC_SERVER[47]: [TIMER] id=2, name=read, avg=0.038405, total=36.868428, count=960
[15:39:54.252240] [WARNING] [pdc_server.c:696] PDC_SERVER[47]: [TIMER] id=4, name=total_graph_exec, avg=0.397425, total=381.528333, count=960
[15:39:54.252524] [WARNING] [pdc_server.c:696] PDC_SERVER[62]: [TIMER] id=0, name=open, avg=0.000510, total=0.490011, count=960
[15:39:54.252624] [WARNING] [pdc_server.c:696] PDC_SERVER[62]: [TIMER] id=1, name=close, avg=0.000235, total=0.225759, count=960
[15:39:54.252630] [WARNING] [pdc_server.c:696] PDC_SERVER[62]: [TIMER] id=2, name=read, avg=0.041339, total=39.685113, count=960
[15:39:54.252635] [WARNING] [pdc_server.c:696] PDC_SERVER[62]: [TIMER] id=4, name=total_graph_exec, avg=0.400782, total=384.750769, count=960
[15:39:54.252159] [WARNING] [pdc_server.c:696] PDC_SERVER[14]: [TIMER] id=0, name=open, avg=0.000570, total=0.547227, count=960
[15:39:54.252230] [WARNING] [pdc_server.c:696] PDC_SERVER[14]: [TIMER] id=1, name=close, avg=0.000197, total=0.189118, count=960
[15:39:54.252235] [WARNING] [pdc_server.c:696] PDC_SERVER[14]: [TIMER] id=2, name=read, avg=0.039896, total=38.300108, count=960
[15:39:54.252240] [WARNING] [pdc_server.c:696] PDC_SERVER[14]: [TIMER] id=4, name=total_graph_exec, avg=0.395923, total=380.085835, count=960
[15:39:54.252151] [WARNING] [pdc_server.c:696] PDC_SERVER[16]: [TIMER] id=0, name=open, avg=0.000504, total=0.483891, count=960
[15:39:54.252222] [WARNING] [pdc_server.c:696] PDC_SERVER[16]: [TIMER] id=1, name=close, avg=0.000341, total=0.327128, count=960
[15:39:54.252228] [WARNING] [pdc_server.c:696] PDC_SERVER[16]: [TIMER] id=2, name=read, avg=0.023374, total=22.439045, count=960
[15:39:54.252233] [WARNING] [pdc_server.c:696] PDC_SERVER[16]: [TIMER] id=4, name=total_graph_exec, avg=0.401778, total=385.706882, count=960
[15:39:54.252157] [WARNING] [pdc_server.c:696] PDC_SERVER[85]: [TIMER] id=0, name=open, avg=0.000630, total=0.604533, count=960
[15:39:54.252221] [WARNING] [pdc_server.c:696] PDC_SERVER[85]: [TIMER] id=1, name=close, avg=0.000297, total=0.284918, count=960
[15:39:54.252234] [WARNING] [pdc_server.c:696] PDC_SERVER[85]: [TIMER] id=2, name=read, avg=0.041659, total=39.992387, count=960
[15:39:54.252240] [WARNING] [pdc_server.c:696] PDC_SERVER[85]: [TIMER] id=4, name=total_graph_exec, avg=0.404916, total=388.719210, count=960
[15:39:54.252145] [WARNING] [pdc_server.c:696] PDC_SERVER[3]: [TIMER] id=0, name=open, avg=0.000523, total=0.501877, count=960
[15:39:54.252204] [WARNING] [pdc_server.c:696] PDC_SERVER[3]: [TIMER] id=1, name=close, avg=0.000377, total=0.362127, count=960
[15:39:54.252216] [WARNING] [pdc_server.c:696] PDC_SERVER[3]: [TIMER] id=2, name=read, avg=0.020563, total=19.740019, count=960
[15:39:54.252221] [WARNING] [pdc_server.c:696] PDC_SERVER[3]: [TIMER] id=4, name=total_graph_exec, avg=0.400771, total=384.740264, count=960
[15:39:54.252133] [WARNING] [pdc_server.c:696] PDC_SERVER[66]: [TIMER] id=0, name=open, avg=0.000577, total=0.554102, count=960
[15:39:54.252212] [WARNING] [pdc_server.c:696] PDC_SERVER[66]: [TIMER] id=1, name=close, avg=0.000434, total=0.416989, count=960
[15:39:54.252218] [WARNING] [pdc_server.c:696] PDC_SERVER[66]: [TIMER] id=2, name=read, avg=0.016537, total=15.875836, count=960
[15:39:54.252222] [WARNING] [pdc_server.c:696] PDC_SERVER[66]: [TIMER] id=4, name=total_graph_exec, avg=0.401141, total=385.095017, count=960
[15:39:54.252157] [WARNING] [pdc_server.c:696] PDC_SERVER[75]: [TIMER] id=0, name=open, avg=0.000652, total=0.626377, count=960
[15:39:54.252230] [WARNING] [pdc_server.c:696] PDC_SERVER[75]: [TIMER] id=1, name=close, avg=0.000411, total=0.394547, count=960
[15:39:54.252236] [WARNING] [pdc_server.c:696] PDC_SERVER[75]: [TIMER] id=2, name=read, avg=0.023523, total=22.582533, count=960
[15:39:54.252240] [WARNING] [pdc_server.c:696] PDC_SERVER[75]: [TIMER] id=4, name=total_graph_exec, avg=0.393175, total=377.448090, count=960
[15:39:54.252170] [WARNING] [pdc_server.c:696] PDC_SERVER[60]: [TIMER] id=0, name=open, avg=0.000516, total=0.494950, count=960
[15:39:54.252245] [WARNING] [pdc_server.c:696] PDC_SERVER[60]: [TIMER] id=1, name=close, avg=0.000446, total=0.427782, count=960
[15:39:54.252250] [WARNING] [pdc_server.c:696] PDC_SERVER[60]: [TIMER] id=2, name=read, avg=0.016177, total=15.529533, count=960
[15:39:54.252255] [WARNING] [pdc_server.c:696] PDC_SERVER[60]: [TIMER] id=4, name=total_graph_exec, avg=0.399680, total=383.692702, count=960
[15:39:54.252133] [WARNING] [pdc_server.c:696] PDC_SERVER[92]: [TIMER] id=0, name=open, avg=0.000579, total=0.556098, count=960
[15:39:54.252211] [WARNING] [pdc_server.c:696] PDC_SERVER[92]: [TIMER] id=1, name=close, avg=0.000388, total=0.372380, count=960
[15:39:54.252217] [WARNING] [pdc_server.c:696] PDC_SERVER[92]: [TIMER] id=2, name=read, avg=0.023216, total=22.287230, count=960
[15:39:54.252222] [WARNING] [pdc_server.c:696] PDC_SERVER[92]: [TIMER] id=4, name=total_graph_exec, avg=0.400150, total=384.144349, count=960
[15:39:54.252164] [WARNING] [pdc_server.c:696] PDC_SERVER[38]: [TIMER] id=0, name=open, avg=0.000366, total=0.351110, count=960
[15:39:54.252238] [WARNING] [pdc_server.c:696] PDC_SERVER[38]: [TIMER] id=1, name=close, avg=0.000271, total=0.260038, count=960
[15:39:54.252243] [WARNING] [pdc_server.c:696] PDC_SERVER[38]: [TIMER] id=2, name=read, avg=0.023455, total=22.516394, count=960
[15:39:54.252248] [WARNING] [pdc_server.c:696] PDC_SERVER[38]: [TIMER] id=4, name=total_graph_exec, avg=0.395358, total=379.543539, count=960
[15:39:54.252153] [WARNING] [pdc_server.c:696] PDC_SERVER[101]: [TIMER] id=0, name=open, avg=0.000555, total=0.533096, count=960
[15:39:54.252228] [WARNING] [pdc_server.c:696] PDC_SERVER[101]: [TIMER] id=1, name=close, avg=0.000425, total=0.407874, count=960
[15:39:54.252234] [WARNING] [pdc_server.c:696] PDC_SERVER[101]: [TIMER] id=2, name=read, avg=0.016162, total=15.515440, count=960
[15:39:54.252239] [WARNING] [pdc_server.c:696] PDC_SERVER[101]: [TIMER] id=4, name=total_graph_exec, avg=0.398524, total=382.583466, count=960
[15:39:54.252164] [WARNING] [pdc_server.c:696] PDC_SERVER[30]: [TIMER] id=0, name=open, avg=0.000551, total=0.529082, count=960
[15:39:54.252246] [WARNING] [pdc_server.c:696] PDC_SERVER[30]: [TIMER] id=1, name=close, avg=0.000232, total=0.222300, count=960
[15:39:54.252252] [WARNING] [pdc_server.c:696] PDC_SERVER[30]: [TIMER] id=2, name=read, avg=0.041350, total=39.695678, count=960
[15:39:54.252257] [WARNING] [pdc_server.c:696] PDC_SERVER[30]: [TIMER] id=4, name=total_graph_exec, avg=0.405383, total=389.167429, count=960
[15:39:54.252146] [WARNING] [pdc_server.c:696] PDC_SERVER[87]: [TIMER] id=0, name=open, avg=0.000578, total=0.554682, count=960
[15:39:54.252219] [WARNING] [pdc_server.c:696] PDC_SERVER[87]: [TIMER] id=1, name=close, avg=0.000460, total=0.441534, count=960
[15:39:54.252225] [WARNING] [pdc_server.c:696] PDC_SERVER[87]: [TIMER] id=2, name=read, avg=0.022436, total=21.538123, count=960
[15:39:54.252229] [WARNING] [pdc_server.c:696] PDC_SERVER[87]: [TIMER] id=4, name=total_graph_exec, avg=0.390727, total=375.097855, count=960
[15:39:54.252158] [WARNING] [pdc_server.c:696] PDC_SERVER[127]: [TIMER] id=0, name=open, avg=0.000538, total=0.516823, count=960
[15:39:54.252228] [WARNING] [pdc_server.c:696] PDC_SERVER[127]: [TIMER] id=1, name=close, avg=0.000367, total=0.352344, count=960
[15:39:54.252233] [WARNING] [pdc_server.c:696] PDC_SERVER[127]: [TIMER] id=2, name=read, avg=0.022441, total=21.542920, count=960
[15:39:54.252238] [WARNING] [pdc_server.c:696] PDC_SERVER[127]: [TIMER] id=4, name=total_graph_exec, avg=0.399929, total=383.931734, count=960
[15:39:54.252135] [WARNING] [pdc_server.c:696] PDC_SERVER[106]: [TIMER] id=0, name=open, avg=0.000513, total=0.492166, count=960
[15:39:54.252210] [WARNING] [pdc_server.c:696] PDC_SERVER[106]: [TIMER] id=1, name=close, avg=0.000419, total=0.401764, count=960
[15:39:54.252215] [WARNING] [pdc_server.c:696] PDC_SERVER[106]: [TIMER] id=2, name=read, avg=0.016243, total=15.592858, count=960
[15:39:54.252220] [WARNING] [pdc_server.c:696] PDC_SERVER[106]: [TIMER] id=4, name=total_graph_exec, avg=0.398703, total=382.755075, count=960
[15:39:54.252145] [WARNING] [pdc_server.c:696] PDC_SERVER[22]: [TIMER] id=0, name=open, avg=0.000574, total=0.550580, count=960
[15:39:54.252229] [WARNING] [pdc_server.c:696] PDC_SERVER[22]: [TIMER] id=1, name=close, avg=0.000439, total=0.421342, count=960
[15:39:54.252236] [WARNING] [pdc_server.c:696] PDC_SERVER[22]: [TIMER] id=2, name=read, avg=0.016140, total=15.494027, count=960
[15:39:54.252241] [WARNING] [pdc_server.c:696] PDC_SERVER[22]: [TIMER] id=4, name=total_graph_exec, avg=0.399451, total=383.472503, count=960
[15:39:54.252159] [WARNING] [pdc_server.c:696] PDC_SERVER[35]: [TIMER] id=0, name=open, avg=0.000380, total=0.364951, count=960
[15:39:54.252229] [WARNING] [pdc_server.c:696] PDC_SERVER[35]: [TIMER] id=1, name=close, avg=0.000270, total=0.259474, count=960
[15:39:54.252242] [WARNING] [pdc_server.c:696] PDC_SERVER[35]: [TIMER] id=2, name=read, avg=0.023411, total=22.474214, count=960
[15:39:54.252248] [WARNING] [pdc_server.c:696] PDC_SERVER[35]: [TIMER] id=4, name=total_graph_exec, avg=0.401156, total=385.110218, count=960
[15:39:54.252160] [WARNING] [pdc_server.c:696] PDC_SERVER[95]: [TIMER] id=0, name=open, avg=0.000504, total=0.483589, count=960
[15:39:54.252238] [WARNING] [pdc_server.c:696] PDC_SERVER[95]: [TIMER] id=1, name=close, avg=0.000404, total=0.387921, count=960
[15:39:54.252244] [WARNING] [pdc_server.c:696] PDC_SERVER[95]: [TIMER] id=2, name=read, avg=0.016813, total=16.140157, count=960
[15:39:54.252249] [WARNING] [pdc_server.c:696] PDC_SERVER[95]: [TIMER] id=4, name=total_graph_exec, avg=0.401468, total=385.409716, count=960
[15:39:54.252151] [WARNING] [pdc_server.c:696] PDC_SERVER[2]: [TIMER] id=0, name=open, avg=0.000415, total=0.398681, count=960
[15:39:54.252226] [WARNING] [pdc_server.c:696] PDC_SERVER[2]: [TIMER] id=1, name=close, avg=0.000311, total=0.298383, count=960
[15:39:54.252232] [WARNING] [pdc_server.c:696] PDC_SERVER[2]: [TIMER] id=2, name=read, avg=0.017962, total=17.243942, count=960
[15:39:54.252237] [WARNING] [pdc_server.c:696] PDC_SERVER[2]: [TIMER] id=4, name=total_graph_exec, avg=0.390690, total=375.062712, count=960
[15:39:54.252149] [WARNING] [pdc_server.c:696] PDC_SERVER[96]: [TIMER] id=0, name=open, avg=0.000576, total=0.552792, count=960
[15:39:54.252218] [WARNING] [pdc_server.c:696] PDC_SERVER[96]: [TIMER] id=1, name=close, avg=0.000449, total=0.431325, count=960
[15:39:54.252231] [WARNING] [pdc_server.c:696] PDC_SERVER[96]: [TIMER] id=2, name=read, avg=0.016392, total=15.736681, count=960
[15:39:54.252236] [WARNING] [pdc_server.c:696] PDC_SERVER[96]: [TIMER] id=4, name=total_graph_exec, avg=0.392381, total=376.685517, count=960
[15:39:54.252157] [WARNING] [pdc_server.c:696] PDC_SERVER[10]: [TIMER] id=0, name=open, avg=0.000557, total=0.534671, count=960
[15:39:54.252229] [WARNING] [pdc_server.c:696] PDC_SERVER[10]: [TIMER] id=1, name=close, avg=0.000462, total=0.443908, count=960
[15:39:54.252243] [WARNING] [pdc_server.c:696] PDC_SERVER[10]: [TIMER] id=2, name=read, avg=0.016267, total=15.616632, count=960
[15:39:54.252249] [WARNING] [pdc_server.c:696] PDC_SERVER[10]: [TIMER] id=4, name=total_graph_exec, avg=0.391298, total=375.646124, count=960
[15:39:54.252149] [WARNING] [pdc_server.c:696] PDC_SERVER[32]: [TIMER] id=0, name=open, avg=0.000547, total=0.525133, count=960
[15:39:54.252222] [WARNING] [pdc_server.c:696] PDC_SERVER[32]: [TIMER] id=1, name=close, avg=0.000409, total=0.392327, count=960
[15:39:54.252228] [WARNING] [pdc_server.c:696] PDC_SERVER[32]: [TIMER] id=2, name=read, avg=0.023288, total=22.356799, count=960
[15:39:54.252232] [WARNING] [pdc_server.c:696] PDC_SERVER[32]: [TIMER] id=4, name=total_graph_exec, avg=0.393886, total=378.130297, count=960
[15:39:54.252152] [WARNING] [pdc_server.c:696] PDC_SERVER[116]: [TIMER] id=0, name=open, avg=0.000371, total=0.356508, count=960
[15:39:54.252231] [WARNING] [pdc_server.c:696] PDC_SERVER[116]: [TIMER] id=1, name=close, avg=0.000283, total=0.271561, count=960
[15:39:54.252237] [WARNING] [pdc_server.c:696] PDC_SERVER[116]: [TIMER] id=2, name=read, avg=0.023689, total=22.741654, count=960
[15:39:54.252241] [WARNING] [pdc_server.c:696] PDC_SERVER[116]: [TIMER] id=4, name=total_graph_exec, avg=0.402649, total=386.542635, count=960
[15:39:54.252155] [WARNING] [pdc_server.c:696] PDC_SERVER[113]: [TIMER] id=0, name=open, avg=0.000555, total=0.532862, count=960
[15:39:54.252231] [WARNING] [pdc_server.c:696] PDC_SERVER[113]: [TIMER] id=1, name=close, avg=0.000414, total=0.397358, count=960
[15:39:54.252245] [WARNING] [pdc_server.c:696] PDC_SERVER[113]: [TIMER] id=2, name=read, avg=0.023579, total=22.636183, count=960
[15:39:54.252250] [WARNING] [pdc_server.c:696] PDC_SERVER[113]: [TIMER] id=4, name=total_graph_exec, avg=0.395391, total=379.575026, count=960
[15:39:54.252162] [WARNING] [pdc_server.c:696] PDC_SERVER[107]: [TIMER] id=0, name=open, avg=0.000548, total=0.526150, count=960
[15:39:54.252228] [WARNING] [pdc_server.c:696] PDC_SERVER[107]: [TIMER] id=1, name=close, avg=0.000385, total=0.369367, count=960
[15:39:54.252241] [WARNING] [pdc_server.c:696] PDC_SERVER[107]: [TIMER] id=2, name=read, avg=0.020680, total=19.852596, count=960
[15:39:54.252246] [WARNING] [pdc_server.c:696] PDC_SERVER[107]: [TIMER] id=4, name=total_graph_exec, avg=0.397223, total=381.333893, count=960
[15:39:54.252151] [WARNING] [pdc_server.c:696] PDC_SERVER[11]: [TIMER] id=0, name=open, avg=0.000478, total=0.458409, count=960
[15:39:54.252223] [WARNING] [pdc_server.c:696] PDC_SERVER[11]: [TIMER] id=1, name=close, avg=0.000240, total=0.230516, count=960
[15:39:54.252228] [WARNING] [pdc_server.c:696] PDC_SERVER[11]: [TIMER] id=2, name=read, avg=0.042254, total=40.563945, count=960
[15:39:54.252233] [WARNING] [pdc_server.c:696] PDC_SERVER[11]: [TIMER] id=4, name=total_graph_exec, avg=0.405767, total=389.536601, count=960
[15:39:54.252151] [WARNING] [pdc_server.c:696] PDC_SERVER[88]: [TIMER] id=0, name=open, avg=0.000596, total=0.571800, count=960
[15:39:54.252223] [WARNING] [pdc_server.c:696] PDC_SERVER[88]: [TIMER] id=1, name=close, avg=0.000422, total=0.405136, count=960
[15:39:54.252229] [WARNING] [pdc_server.c:696] PDC_SERVER[88]: [TIMER] id=2, name=read, avg=0.023189, total=22.261891, count=960
[15:39:54.252234] [WARNING] [pdc_server.c:696] PDC_SERVER[88]: [TIMER] id=4, name=total_graph_exec, avg=0.391248, total=375.597740, count=960
[15:39:54.252171] [WARNING] [pdc_server.c:696] PDC_SERVER[118]: [TIMER] id=0, name=open, avg=0.000437, total=0.419290, count=960
[15:39:54.252246] [WARNING] [pdc_server.c:696] PDC_SERVER[118]: [TIMER] id=1, name=close, avg=0.000295, total=0.283165, count=960
[15:39:54.252252] [WARNING] [pdc_server.c:696] PDC_SERVER[118]: [TIMER] id=2, name=read, avg=0.022873, total=21.957656, count=960
[15:39:54.252256] [WARNING] [pdc_server.c:696] PDC_SERVER[118]: [TIMER] id=4, name=total_graph_exec, avg=0.400930, total=384.892850, count=960
[15:39:54.252155] [WARNING] [pdc_server.c:696] PDC_SERVER[72]: [TIMER] id=0, name=open, avg=0.000527, total=0.505721, count=960
[15:39:54.252230] [WARNING] [pdc_server.c:696] PDC_SERVER[72]: [TIMER] id=1, name=close, avg=0.000373, total=0.358519, count=960
[15:39:54.252236] [WARNING] [pdc_server.c:696] PDC_SERVER[72]: [TIMER] id=2, name=read, avg=0.023463, total=22.524350, count=960
[15:39:54.252240] [WARNING] [pdc_server.c:696] PDC_SERVER[72]: [TIMER] id=4, name=total_graph_exec, avg=0.399371, total=383.396127, count=960
[15:39:54.252148] [WARNING] [pdc_server.c:696] PDC_SERVER[114]: [TIMER] id=0, name=open, avg=0.000504, total=0.483712, count=960
[15:39:54.252227] [WARNING] [pdc_server.c:696] PDC_SERVER[114]: [TIMER] id=1, name=close, avg=0.000360, total=0.345174, count=960
[15:39:54.252233] [WARNING] [pdc_server.c:696] PDC_SERVER[114]: [TIMER] id=2, name=read, avg=0.023935, total=22.977196, count=960
[15:39:54.252237] [WARNING] [pdc_server.c:696] PDC_SERVER[114]: [TIMER] id=4, name=total_graph_exec, avg=0.401702, total=385.634129, count=960
[15:39:54.252151] [WARNING] [pdc_server.c:696] PDC_SERVER[98]: [TIMER] id=0, name=open, avg=0.000599, total=0.575070, count=960
[15:39:54.252218] [WARNING] [pdc_server.c:696] PDC_SERVER[98]: [TIMER] id=1, name=close, avg=0.000384, total=0.368927, count=960
[15:39:54.252231] [WARNING] [pdc_server.c:696] PDC_SERVER[98]: [TIMER] id=2, name=read, avg=0.023071, total=22.148272, count=960
[15:39:54.252236] [WARNING] [pdc_server.c:696] PDC_SERVER[98]: [TIMER] id=4, name=total_graph_exec, avg=0.400513, total=384.492361, count=960
[15:39:54.252167] [WARNING] [pdc_server.c:696] PDC_SERVER[23]: [TIMER] id=0, name=open, avg=0.000523, total=0.502161, count=960
[15:39:54.252234] [WARNING] [pdc_server.c:696] PDC_SERVER[23]: [TIMER] id=1, name=close, avg=0.000297, total=0.285219, count=960
[15:39:54.252248] [WARNING] [pdc_server.c:696] PDC_SERVER[23]: [TIMER] id=2, name=read, avg=0.035992, total=34.552290, count=960
[15:39:54.252254] [WARNING] [pdc_server.c:696] PDC_SERVER[23]: [TIMER] id=4, name=total_graph_exec, avg=0.404396, total=388.220559, count=960
[15:39:54.252143] [WARNING] [pdc_server.c:696] PDC_SERVER[51]: [TIMER] id=0, name=open, avg=0.000426, total=0.409142, count=960
[15:39:54.252227] [WARNING] [pdc_server.c:696] PDC_SERVER[51]: [TIMER] id=1, name=close, avg=0.000283, total=0.271623, count=960
[15:39:54.252232] [WARNING] [pdc_server.c:696] PDC_SERVER[51]: [TIMER] id=2, name=read, avg=0.022469, total=21.570303, count=960
[15:39:54.252237] [WARNING] [pdc_server.c:696] PDC_SERVER[51]: [TIMER] id=4, name=total_graph_exec, avg=0.393290, total=377.558233, count=960
[15:39:54.252164] [WARNING] [pdc_server.c:696] PDC_SERVER[42]: [TIMER] id=0, name=open, avg=0.000568, total=0.545273, count=960
[15:39:54.252241] [WARNING] [pdc_server.c:696] PDC_SERVER[42]: [TIMER] id=1, name=close, avg=0.000387, total=0.371869, count=960
[15:39:54.252247] [WARNING] [pdc_server.c:696] PDC_SERVER[42]: [TIMER] id=2, name=read, avg=0.023237, total=22.307342, count=960
[15:39:54.252252] [WARNING] [pdc_server.c:696] PDC_SERVER[42]: [TIMER] id=4, name=total_graph_exec, avg=0.393700, total=377.951771, count=960
[15:39:54.252129] [WARNING] [pdc_server.c:696] PDC_SERVER[84]: [TIMER] id=0, name=open, avg=0.000509, total=0.489057, count=960
[15:39:54.252209] [WARNING] [pdc_server.c:696] PDC_SERVER[84]: [TIMER] id=1, name=close, avg=0.000431, total=0.413645, count=960
[15:39:54.252215] [WARNING] [pdc_server.c:696] PDC_SERVER[84]: [TIMER] id=2, name=read, avg=0.020536, total=19.714108, count=960
[15:39:54.252220] [WARNING] [pdc_server.c:696] PDC_SERVER[84]: [TIMER] id=4, name=total_graph_exec, avg=0.402353, total=386.258433, count=960
[15:39:54.252145] [WARNING] [pdc_server.c:696] PDC_SERVER[9]: [TIMER] id=0, name=open, avg=0.000509, total=0.488195, count=960
[15:39:54.252228] [WARNING] [pdc_server.c:696] PDC_SERVER[9]: [TIMER] id=1, name=close, avg=0.000354, total=0.339794, count=960
[15:39:54.252233] [WARNING] [pdc_server.c:696] PDC_SERVER[9]: [TIMER] id=2, name=read, avg=0.023112, total=22.187475, count=960
[15:39:54.252238] [WARNING] [pdc_server.c:696] PDC_SERVER[9]: [TIMER] id=4, name=total_graph_exec, avg=0.402297, total=386.205493, count=960
[15:39:54.252157] [WARNING] [pdc_server.c:696] PDC_SERVER[58]: [TIMER] id=0, name=open, avg=0.000578, total=0.554819, count=960
[15:39:54.252235] [WARNING] [pdc_server.c:696] PDC_SERVER[58]: [TIMER] id=1, name=close, avg=0.000268, total=0.257468, count=960
[15:39:54.252242] [WARNING] [pdc_server.c:696] PDC_SERVER[58]: [TIMER] id=2, name=read, avg=0.042409, total=40.712349, count=960
[15:39:54.252247] [WARNING] [pdc_server.c:696] PDC_SERVER[58]: [TIMER] id=4, name=total_graph_exec, avg=0.397418, total=381.520841, count=960
[15:39:54.252172] [WARNING] [pdc_server.c:696] PDC_SERVER[94]: [TIMER] id=0, name=open, avg=0.000543, total=0.521258, count=960
[15:39:54.252243] [WARNING] [pdc_server.c:696] PDC_SERVER[94]: [TIMER] id=1, name=close, avg=0.000369, total=0.354425, count=960
[15:39:54.252249] [WARNING] [pdc_server.c:696] PDC_SERVER[94]: [TIMER] id=2, name=read, avg=0.023552, total=22.610004, count=960
[15:39:54.252254] [WARNING] [pdc_server.c:696] PDC_SERVER[94]: [TIMER] id=4, name=total_graph_exec, avg=0.402458, total=386.359850, count=960
[15:39:54.252145] [WARNING] [pdc_server.c:696] PDC_SERVER[103]: [TIMER] id=0, name=open, avg=0.000547, total=0.525116, count=960
[15:39:54.252209] [WARNING] [pdc_server.c:696] PDC_SERVER[103]: [TIMER] id=1, name=close, avg=0.000277, total=0.265594, count=960
[15:39:54.252222] [WARNING] [pdc_server.c:696] PDC_SERVER[103]: [TIMER] id=2, name=read, avg=0.041598, total=39.934302, count=960
[15:39:54.252227] [WARNING] [pdc_server.c:696] PDC_SERVER[103]: [TIMER] id=4, name=total_graph_exec, avg=0.398103, total=382.178889, count=960
[15:39:54.252147] [WARNING] [pdc_server.c:696] PDC_SERVER[50]: [TIMER] id=0, name=open, avg=0.000584, total=0.560494, count=960
[15:39:54.252229] [WARNING] [pdc_server.c:696] PDC_SERVER[50]: [TIMER] id=1, name=close, avg=0.000446, total=0.427717, count=960
[15:39:54.252235] [WARNING] [pdc_server.c:696] PDC_SERVER[50]: [TIMER] id=2, name=read, avg=0.023131, total=22.205855, count=960
[15:39:54.252240] [WARNING] [pdc_server.c:696] PDC_SERVER[50]: [TIMER] id=4, name=total_graph_exec, avg=0.390276, total=374.664673, count=960
[15:39:54.252176] [WARNING] [pdc_server.c:696] PDC_SERVER[26]: [TIMER] id=0, name=open, avg=0.000441, total=0.422956, count=960
[15:39:54.252243] [WARNING] [pdc_server.c:696] PDC_SERVER[26]: [TIMER] id=1, name=close, avg=0.000345, total=0.331386, count=960
[15:39:54.252258] [WARNING] [pdc_server.c:696] PDC_SERVER[26]: [TIMER] id=2, name=read, avg=0.016047, total=15.404893, count=960
[15:39:54.252263] [WARNING] [pdc_server.c:696] PDC_SERVER[26]: [TIMER] id=4, name=total_graph_exec, avg=0.387788, total=372.276011, count=960
[15:39:54.252178] [WARNING] [pdc_server.c:696] PDC_SERVER[59]: [TIMER] id=0, name=open, avg=0.000499, total=0.479503, count=960
[15:39:54.252251] [WARNING] [pdc_server.c:696] PDC_SERVER[59]: [TIMER] id=1, name=close, avg=0.000344, total=0.329918, count=960
[15:39:54.252257] [WARNING] [pdc_server.c:696] PDC_SERVER[59]: [TIMER] id=2, name=read, avg=0.023662, total=22.715516, count=960
[15:39:54.252261] [WARNING] [pdc_server.c:696] PDC_SERVER[59]: [TIMER] id=4, name=total_graph_exec, avg=0.401953, total=385.875192, count=960
[15:39:54.252139] [WARNING] [pdc_server.c:696] PDC_SERVER[89]: [TIMER] id=0, name=open, avg=0.000555, total=0.533263, count=960
[15:39:54.252201] [WARNING] [pdc_server.c:696] PDC_SERVER[89]: [TIMER] id=1, name=close, avg=0.000411, total=0.394898, count=960
[15:39:54.252215] [WARNING] [pdc_server.c:696] PDC_SERVER[89]: [TIMER] id=2, name=read, avg=0.022264, total=21.373730, count=960
[15:39:54.252221] [WARNING] [pdc_server.c:696] PDC_SERVER[89]: [TIMER] id=4, name=total_graph_exec, avg=0.393131, total=377.405349, count=960
[15:39:54.252144] [WARNING] [pdc_server.c:696] PDC_SERVER[105]: [TIMER] id=0, name=open, avg=0.000507, total=0.486455, count=960
[15:39:54.252208] [WARNING] [pdc_server.c:696] PDC_SERVER[105]: [TIMER] id=1, name=close, avg=0.000442, total=0.424386, count=960
[15:39:54.252220] [WARNING] [pdc_server.c:696] PDC_SERVER[105]: [TIMER] id=2, name=read, avg=0.016564, total=15.901313, count=960
[15:39:54.252225] [WARNING] [pdc_server.c:696] PDC_SERVER[105]: [TIMER] id=4, name=total_graph_exec, avg=0.400949, total=384.910974, count=960
[15:39:54.252167] [WARNING] [pdc_server.c:696] PDC_SERVER[93]: [TIMER] id=0, name=open, avg=0.000459, total=0.440787, count=960
[15:39:54.252252] [WARNING] [pdc_server.c:696] PDC_SERVER[93]: [TIMER] id=1, name=close, avg=0.000326, total=0.313345, count=960
[15:39:54.252259] [WARNING] [pdc_server.c:696] PDC_SERVER[93]: [TIMER] id=2, name=read, avg=0.022655, total=21.748821, count=960
[15:39:54.252264] [WARNING] [pdc_server.c:696] PDC_SERVER[93]: [TIMER] id=4, name=total_graph_exec, avg=0.391207, total=375.558921, count=960
[15:39:54.252114] [WARNING] [pdc_server.c:696] PDC_SERVER[108]: [TIMER] id=0, name=open, avg=0.000410, total=0.393188, count=960
[15:39:54.252195] [WARNING] [pdc_server.c:696] PDC_SERVER[108]: [TIMER] id=1, name=close, avg=0.000335, total=0.321418, count=960
[15:39:54.252201] [WARNING] [pdc_server.c:696] PDC_SERVER[108]: [TIMER] id=2, name=read, avg=0.015801, total=15.168735, count=960
[15:39:54.252206] [WARNING] [pdc_server.c:696] PDC_SERVER[108]: [TIMER] id=4, name=total_graph_exec, avg=0.391510, total=375.849965, count=960
[15:39:54.252143] [WARNING] [pdc_server.c:696] PDC_SERVER[49]: [TIMER] id=0, name=open, avg=0.000571, total=0.548188, count=960
[15:39:54.252221] [WARNING] [pdc_server.c:696] PDC_SERVER[49]: [TIMER] id=1, name=close, avg=0.000400, total=0.384204, count=960
[15:39:54.252235] [WARNING] [pdc_server.c:696] PDC_SERVER[49]: [TIMER] id=2, name=read, avg=0.021690, total=20.822646, count=960
[15:39:54.252241] [WARNING] [pdc_server.c:696] PDC_SERVER[49]: [TIMER] id=4, name=total_graph_exec, avg=0.391640, total=375.974178, count=960
[15:39:54.252153] [WARNING] [pdc_server.c:696] PDC_SERVER[115]: [TIMER] id=0, name=open, avg=0.000488, total=0.468081, count=960
[15:39:54.252229] [WARNING] [pdc_server.c:696] PDC_SERVER[115]: [TIMER] id=1, name=close, avg=0.000243, total=0.233134, count=960
[15:39:54.252235] [WARNING] [pdc_server.c:696] PDC_SERVER[115]: [TIMER] id=2, name=read, avg=0.040921, total=39.284263, count=960
[15:39:54.252240] [WARNING] [pdc_server.c:696] PDC_SERVER[115]: [TIMER] id=4, name=total_graph_exec, avg=0.405540, total=389.318400, count=960
[15:39:54.252152] [WARNING] [pdc_server.c:696] PDC_SERVER[119]: [TIMER] id=0, name=open, avg=0.000596, total=0.571946, count=960
[15:39:54.252222] [WARNING] [pdc_server.c:696] PDC_SERVER[119]: [TIMER] id=1, name=close, avg=0.000405, total=0.388445, count=960
[15:39:54.252228] [WARNING] [pdc_server.c:696] PDC_SERVER[119]: [TIMER] id=2, name=read, avg=0.023355, total=22.420927, count=960
[15:39:54.252232] [WARNING] [pdc_server.c:696] PDC_SERVER[119]: [TIMER] id=4, name=total_graph_exec, avg=0.392285, total=376.593896, count=960
[15:39:54.252144] [WARNING] [pdc_server.c:696] PDC_SERVER[71]: [TIMER] id=0, name=open, avg=0.000485, total=0.466077, count=960
[15:39:54.252233] [WARNING] [pdc_server.c:696] PDC_SERVER[71]: [TIMER] id=1, name=close, avg=0.000288, total=0.276371, count=960
[15:39:54.252238] [WARNING] [pdc_server.c:696] PDC_SERVER[71]: [TIMER] id=2, name=read, avg=0.023538, total=22.596523, count=960
[15:39:54.252243] [WARNING] [pdc_server.c:696] PDC_SERVER[71]: [TIMER] id=4, name=total_graph_exec, avg=0.403071, total=386.947826, count=960
[15:39:54.252157] [WARNING] [pdc_server.c:696] PDC_SERVER[63]: [TIMER] id=0, name=open, avg=0.000513, total=0.492258, count=960
[15:39:54.252233] [WARNING] [pdc_server.c:696] PDC_SERVER[63]: [TIMER] id=1, name=close, avg=0.000220, total=0.211251, count=960
[15:39:54.252240] [WARNING] [pdc_server.c:696] PDC_SERVER[63]: [TIMER] id=2, name=read, avg=0.039929, total=38.332199, count=960
[15:39:54.252246] [WARNING] [pdc_server.c:696] PDC_SERVER[63]: [TIMER] id=4, name=total_graph_exec, avg=0.404998, total=388.797929, count=960
[15:39:54.252154] [WARNING] [pdc_server.c:696] PDC_SERVER[117]: [TIMER] id=0, name=open, avg=0.000521, total=0.500263, count=960
[15:39:54.252220] [WARNING] [pdc_server.c:696] PDC_SERVER[117]: [TIMER] id=1, name=close, avg=0.000401, total=0.385044, count=960
[15:39:54.252232] [WARNING] [pdc_server.c:696] PDC_SERVER[117]: [TIMER] id=2, name=read, avg=0.016946, total=16.268157, count=960
[15:39:54.252237] [WARNING] [pdc_server.c:696] PDC_SERVER[117]: [TIMER] id=4, name=total_graph_exec, avg=0.402112, total=386.027826, count=960
[15:39:54.252148] [WARNING] [pdc_server.c:696] PDC_SERVER[45]: [TIMER] id=0, name=open, avg=0.000374, total=0.358960, count=960
[15:39:54.252232] [WARNING] [pdc_server.c:696] PDC_SERVER[45]: [TIMER] id=1, name=close, avg=0.000277, total=0.265847, count=960
[15:39:54.252238] [WARNING] [pdc_server.c:696] PDC_SERVER[45]: [TIMER] id=2, name=read, avg=0.022858, total=21.943884, count=960
[15:39:54.252243] [WARNING] [pdc_server.c:696] PDC_SERVER[45]: [TIMER] id=4, name=total_graph_exec, avg=0.401369, total=385.314481, count=960
[15:39:54.252156] [WARNING] [pdc_server.c:696] PDC_SERVER[5]: [TIMER] id=0, name=open, avg=0.000540, total=0.518602, count=960
[15:39:54.252235] [WARNING] [pdc_server.c:696] PDC_SERVER[5]: [TIMER] id=1, name=close, avg=0.000376, total=0.361104, count=960
[15:39:54.252241] [WARNING] [pdc_server.c:696] PDC_SERVER[5]: [TIMER] id=2, name=read, avg=0.016642, total=15.976733, count=960
[15:39:54.252246] [WARNING] [pdc_server.c:696] PDC_SERVER[5]: [TIMER] id=4, name=total_graph_exec, avg=0.401560, total=385.497412, count=960
[15:39:54.252140] [WARNING] [pdc_server.c:696] PDC_SERVER[65]: [TIMER] id=0, name=open, avg=0.000428, total=0.410863, count=960
[15:39:54.252223] [WARNING] [pdc_server.c:696] PDC_SERVER[65]: [TIMER] id=1, name=close, avg=0.000319, total=0.306358, count=960
[15:39:54.252229] [WARNING] [pdc_server.c:696] PDC_SERVER[65]: [TIMER] id=2, name=read, avg=0.023402, total=22.465708, count=960
[15:39:54.252234] [WARNING] [pdc_server.c:696] PDC_SERVER[65]: [TIMER] id=4, name=total_graph_exec, avg=0.393695, total=377.947395, count=960
[15:39:54.252154] [WARNING] [pdc_server.c:696] PDC_SERVER[41]: [TIMER] id=0, name=open, avg=0.000583, total=0.560081, count=960
[15:39:54.252233] [WARNING] [pdc_server.c:696] PDC_SERVER[41]: [TIMER] id=1, name=close, avg=0.000361, total=0.346720, count=960
[15:39:54.252239] [WARNING] [pdc_server.c:696] PDC_SERVER[41]: [TIMER] id=2, name=read, avg=0.022996, total=22.076411, count=960
[15:39:54.252244] [WARNING] [pdc_server.c:696] PDC_SERVER[41]: [TIMER] id=4, name=total_graph_exec, avg=0.392781, total=377.069375, count=960
[15:39:54.252498] [WARNING] [pdc_server.c:696] PDC_SERVER[110]: [TIMER] id=0, name=open, avg=0.000588, total=0.564401, count=960
[15:39:54.252574] [WARNING] [pdc_server.c:696] PDC_SERVER[110]: [TIMER] id=1, name=close, avg=0.000344, total=0.330436, count=960
[15:39:54.252580] [WARNING] [pdc_server.c:696] PDC_SERVER[110]: [TIMER] id=2, name=read, avg=0.039286, total=37.714459, count=960
[15:39:54.252584] [WARNING] [pdc_server.c:696] PDC_SERVER[110]: [TIMER] id=4, name=total_graph_exec, avg=0.397256, total=381.365675, count=960
[15:39:54.252608] [WARNING] [pdc_server.c:696] PDC_SERVER[27]: [TIMER] id=0, name=open, avg=0.000517, total=0.496529, count=960
[15:39:54.253145] [WARNING] [pdc_server.c:696] PDC_SERVER[27]: [TIMER] id=1, name=close, avg=0.000273, total=0.261958, count=960
[15:39:54.253151] [WARNING] [pdc_server.c:696] PDC_SERVER[27]: [TIMER] id=2, name=read, avg=0.041895, total=40.219673, count=960
[15:39:54.253156] [WARNING] [pdc_server.c:696] PDC_SERVER[27]: [TIMER] id=4, name=total_graph_exec, avg=0.398882, total=382.926930, count=960
[15:39:54.252079] [WARNING] [pdc_server.c:696] PDC_SERVER[67]: [TIMER] id=0, name=open, avg=0.000497, total=0.476643, count=960
[15:39:54.252159] [WARNING] [pdc_server.c:696] PDC_SERVER[67]: [TIMER] id=1, name=close, avg=0.000395, total=0.379617, count=960
[15:39:54.252165] [WARNING] [pdc_server.c:696] PDC_SERVER[67]: [TIMER] id=2, name=read, avg=0.016595, total=15.930774, count=960
[15:39:54.252170] [WARNING] [pdc_server.c:696] PDC_SERVER[67]: [TIMER] id=4, name=total_graph_exec, avg=0.400575, total=384.552246, count=960
[15:39:54.252158] [WARNING] [pdc_server.c:696] PDC_SERVER[19]: [TIMER] id=0, name=open, avg=0.000560, total=0.537928, count=960
[15:39:54.252233] [WARNING] [pdc_server.c:696] PDC_SERVER[19]: [TIMER] id=1, name=close, avg=0.000326, total=0.312931, count=960
[15:39:54.252252] [WARNING] [pdc_server.c:696] PDC_SERVER[19]: [TIMER] id=2, name=read, avg=0.041676, total=40.008685, count=960
[15:39:54.252257] [WARNING] [pdc_server.c:696] PDC_SERVER[19]: [TIMER] id=4, name=total_graph_exec, avg=0.397808, total=381.895292, count=960
[15:39:54.252139] [WARNING] [pdc_server.c:696] PDC_SERVER[56]: [TIMER] id=0, name=open, avg=0.000389, total=0.373059, count=960
[15:39:54.252203] [WARNING] [pdc_server.c:696] PDC_SERVER[56]: [TIMER] id=1, name=close, avg=0.000293, total=0.281596, count=960
[15:39:54.252216] [WARNING] [pdc_server.c:696] PDC_SERVER[56]: [TIMER] id=2, name=read, avg=0.023701, total=22.753235, count=960
[15:39:54.252221] [WARNING] [pdc_server.c:696] PDC_SERVER[56]: [TIMER] id=4, name=total_graph_exec, avg=0.401426, total=385.369408, count=960
