NUM_NODES=4
DATA_SERVERS_PER_NODE=1
CLIENTS_PER_NODE=32
SERVER_TOTAL_TASKS=4
CLIENT_TOTAL_TASKS=128
removing old logs
running server script
+ pushd /pscratch/sd/n/nlewi26/src/work_space/source/pdc/build/bin
/pscratch/sd/n/nlewi26/src/work_space/source/pdc/build/bin /pscratch/sd/n/nlewi26/src/work_space/source/pdc/pdc_helper_scripts/vpicio_scripts
+ rm -rf /pscratch/sd/n/nlewi26/src/work_space/install/pdc/pdc_data
+ popd
+ srun -N 4 -n 4 --ntasks-per-node=1 --error=server_output_vpicio_zfp_libsod_4.err --output=server_output_vpicio_zfp_libsod_4.log ./pdc_server
/pscratch/sd/n/nlewi26/src/work_space/source/pdc/pdc_helper_scripts/vpicio_scripts

real	0m0.863s
user	0m0.004s
sys	0m0.269s
running client script
+ pushd /pscratch/sd/n/nlewi26/src/work_space/source/pdc/build/bin
/pscratch/sd/n/nlewi26/src/work_space/source/pdc/build/bin /pscratch/sd/n/nlewi26/src/work_space/source/pdc/pdc_helper_scripts/vpicio_scripts
+ srun -N 4 -n 128 --ntasks-per-node=32 --output=client_output_vpicio_zfp_libsod_4.log --error=client_output_vpicio_zfp_libsod_4.err ./vpicio_mts 8388608 5 40 zfp_libsod
+ popd
/pscratch/sd/n/nlewi26/src/work_space/source/pdc/pdc_helper_scripts/vpicio_scripts

real	3m59.115s
user	0m0.045s
sys	0m0.062s
closing server script
+ pushd /pscratch/sd/n/nlewi26/src/work_space/source/pdc/build/bin
/pscratch/sd/n/nlewi26/src/work_space/source/pdc/build/bin /pscratch/sd/n/nlewi26/src/work_space/source/pdc/pdc_helper_scripts/vpicio_scripts
+ srun -N 4 -n 4 --ntasks-per-node=1 --error=close_server_output_vpicio_zfp_libsod_4.err --output=close_server_output_vpicio_zfp_libsod_4.log ./close_server
+ popd
/pscratch/sd/n/nlewi26/src/work_space/source/pdc/pdc_helper_scripts/vpicio_scripts

real	0m56.771s
user	0m0.050s
sys	0m0.053s
running server script
+ pushd /pscratch/sd/n/nlewi26/src/work_space/source/pdc/build/bin
/pscratch/sd/n/nlewi26/src/work_space/source/pdc/build/bin /pscratch/sd/n/nlewi26/src/work_space/source/pdc/pdc_helper_scripts/vpicio_scripts
+ popd
+ srun -N 4 -n 4 --ntasks-per-node=1 --error=server_output_bdcats_zfp_libsod_4.err --output=server_output_bdcats_zfp_libsod_4.log ./pdc_server restart
/pscratch/sd/n/nlewi26/src/work_space/source/pdc/pdc_helper_scripts/vpicio_scripts

real	0m0.007s
user	0m0.006s
sys	0m0.000s
running client script
+ pushd /pscratch/sd/n/nlewi26/src/work_space/source/pdc/build/bin
/pscratch/sd/n/nlewi26/src/work_space/source/pdc/build/bin /pscratch/sd/n/nlewi26/src/work_space/source/pdc/pdc_helper_scripts/vpicio_scripts
+ srun -N 4 -n 128 --ntasks-per-node=32 --output=client_output_bdcats_zfp_libsod_4.log --error=client_output_bdcats_zfp_libsod_4.err ./bdcats_mts 8388608 5 40 zfp_libsod
srun: Step created for StepId=48788368.4
+ popd
/pscratch/sd/n/nlewi26/src/work_space/source/pdc/pdc_helper_scripts/vpicio_scripts

real	4m6.752s
user	0m0.064s
sys	0m0.075s
closing server script
+ pushd /pscratch/sd/n/nlewi26/src/work_space/source/pdc/build/bin
/pscratch/sd/n/nlewi26/src/work_space/source/pdc/build/bin /pscratch/sd/n/nlewi26/src/work_space/source/pdc/pdc_helper_scripts/vpicio_scripts
+ srun -N 4 -n 4 --ntasks-per-node=1 --error=close_server_output_bdcats_zfp_libsod_4.err --output=close_server_output_bdcats_zfp_libsod_4.log ./close_server
+ popd
/pscratch/sd/n/nlewi26/src/work_space/source/pdc/pdc_helper_scripts/vpicio_scripts

real	0m4.261s
user	0m0.043s
sys	0m0.035s
