NUM_NODES=16
DATA_SERVERS_PER_NODE=1
CLIENTS_PER_NODE=32
SERVER_TOTAL_TASKS=16
CLIENT_TOTAL_TASKS=512
PDC_LUSTRE_STRIPE_SIZE=8
removing old logs
running server script
+ pushd /pscratch/sd/n/nlewi26/src/work_space/source/pdc/build/bin
/pscratch/sd/n/nlewi26/src/work_space/source/pdc/build/bin /pscratch/sd/n/nlewi26/src/work_space/source/pdc/pdc_helper_scripts/vpicio_scripts
+ rm -rf /pscratch/sd/n/nlewi26/src/work_space/install/pdc/pdc_data
+ popd
+ srun -N 16 -n 16 --ntasks-per-node=1 --error=server_output_vpicio_zfp_16.err --output=server_output_vpicio_zfp_16.log ./pdc_server
/pscratch/sd/n/nlewi26/src/work_space/source/pdc/pdc_helper_scripts/vpicio_scripts

real	0m2.464s
user	0m0.007s
sys	0m0.798s
running client script
+ pushd /pscratch/sd/n/nlewi26/src/work_space/source/pdc/build/bin
/pscratch/sd/n/nlewi26/src/work_space/source/pdc/build/bin /pscratch/sd/n/nlewi26/src/work_space/source/pdc/pdc_helper_scripts/vpicio_scripts
+ srun -N 16 -n 512 --ntasks-per-node=32 --output=client_output_vpicio_zfp_16.log --error=client_output_vpicio_zfp_16.err ./vpicio_mts 8388608 5 100 zfp
+ popd
/pscratch/sd/n/nlewi26/src/work_space/source/pdc/pdc_helper_scripts/vpicio_scripts

real	8m48.427s
user	0m0.050s
sys	0m0.076s
closing server script
+ pushd /pscratch/sd/n/nlewi26/src/work_space/source/pdc/build/bin
/pscratch/sd/n/nlewi26/src/work_space/source/pdc/build/bin /pscratch/sd/n/nlewi26/src/work_space/source/pdc/pdc_helper_scripts/vpicio_scripts
+ srun -N 16 -n 16 --ntasks-per-node=1 --error=close_server_output_vpicio_zfp_16.err --output=close_server_output_vpicio_zfp_16.log ./close_server
+ popd
/pscratch/sd/n/nlewi26/src/work_space/source/pdc/pdc_helper_scripts/vpicio_scripts

real	1m50.250s
user	0m0.069s
sys	0m0.032s
running server script
+ pushd /pscratch/sd/n/nlewi26/src/work_space/source/pdc/build/bin
/pscratch/sd/n/nlewi26/src/work_space/source/pdc/build/bin /pscratch/sd/n/nlewi26/src/work_space/source/pdc/pdc_helper_scripts/vpicio_scripts
+ popd
/pscratch/sd/n/nlewi26/src/work_space/source/pdc/pdc_helper_scripts/vpicio_scripts
+ srun -N 16 -n 16 --ntasks-per-node=1 --error=server_output_bdcats_zfp_16.err --output=server_output_bdcats_zfp_16.log ./pdc_server restart

real	0m0.007s
user	0m0.000s
sys	0m0.006s
running client script
+ pushd /pscratch/sd/n/nlewi26/src/work_space/source/pdc/build/bin
/pscratch/sd/n/nlewi26/src/work_space/source/pdc/build/bin /pscratch/sd/n/nlewi26/src/work_space/source/pdc/pdc_helper_scripts/vpicio_scripts
+ srun -N 16 -n 512 --ntasks-per-node=32 --output=client_output_bdcats_zfp_16.log --error=client_output_bdcats_zfp_16.err ./bdcats_mts 8388608 5 100 zfp
+ popd
/pscratch/sd/n/nlewi26/src/work_space/source/pdc/pdc_helper_scripts/vpicio_scripts

real	10m1.639s
user	0m0.086s
sys	0m0.196s
closing server script
+ pushd /pscratch/sd/n/nlewi26/src/work_space/source/pdc/build/bin
/pscratch/sd/n/nlewi26/src/work_space/source/pdc/build/bin /pscratch/sd/n/nlewi26/src/work_space/source/pdc/pdc_helper_scripts/vpicio_scripts
+ srun -N 16 -n 16 --ntasks-per-node=1 --error=close_server_output_bdcats_zfp_16.err --output=close_server_output_bdcats_zfp_16.log ./close_server
+ popd
/pscratch/sd/n/nlewi26/src/work_space/source/pdc/pdc_helper_scripts/vpicio_scripts

real	0m0.986s
user	0m0.055s
sys	0m0.035s
