[02:01:17.301411] [WARNING] [pdc_server_data.c:122] PDC_SERVER[0]: Total Lustre OSTs, PDC Servers: 256, 64
[02:01:17.301604] [WARNING] [pdc_server_data.c:123] PDC_SERVER[0]: Setting Lustre stripe count to 4 and size to 16 MB
[02:06:11.443606] [WARNING] [pdc_server.c:1184] PDC_SERVER[0]: Checkpoint start
[02:06:11.473974] [WARNING] [pdc_server.c:1376] PDC_SERVER[0]: Writing checkpoint transformations start
[02:06:11.475293] [WARNING] [pdc_server.c:1558] PDC_SERVER[0]: Writing checkpoint transformations done
[02:06:31.333835] [WARNING] [pdc_server.c:1595] PDC_SERVER[0]: Rank[ALL]: Total checkpoint time = 19.890201
[02:06:31.335892] [WARNING] [pdc_server.c:1602] PDC_SERVER[0]: Checkpointing done
[02:06:31.335990] [WARNING] [pdc_server.c:696] PDC_SERVER[0]: [TIMER] id=0, name=open, avg=0.000514, total=0.493155, count=960
[02:06:31.336005] [WARNING] [pdc_server.c:696] PDC_SERVER[0]: [TIMER] id=1, name=close, avg=0.000329, total=0.315478, count=960
[02:06:31.336011] [WARNING] [pdc_server.c:696] PDC_SERVER[0]: [TIMER] id=3, name=write, avg=0.035645, total=34.219052, count=960
[02:06:31.336016] [WARNING] [pdc_server.c:696] PDC_SERVER[0]: [TIMER] id=4, name=total_graph_exec, avg=0.347303, total=333.411187, count=960
[02:06:31.336060] [WARNING] [pdc_server.c:696] PDC_SERVER[36]: [TIMER] id=0, name=open, avg=0.000422, total=0.405280, count=960
[02:06:31.336161] [WARNING] [pdc_server.c:696] PDC_SERVER[36]: [TIMER] id=1, name=close, avg=0.000245, total=0.235124, count=960
[02:06:31.336166] [WARNING] [pdc_server.c:696] PDC_SERVER[36]: [TIMER] id=3, name=write, avg=0.035241, total=33.831804, count=960
[02:06:31.336171] [WARNING] [pdc_server.c:696] PDC_SERVER[36]: [TIMER] id=4, name=total_graph_exec, avg=0.347093, total=333.209481, count=960
[02:06:31.336814] [WARNING] [pdc_server.c:696] PDC_SERVER[16]: [TIMER] id=0, name=open, avg=0.000480, total=0.460398, count=960
[02:06:31.336912] [WARNING] [pdc_server.c:696] PDC_SERVER[16]: [TIMER] id=1, name=close, avg=0.000233, total=0.223860, count=960
[02:06:31.336919] [WARNING] [pdc_server.c:696] PDC_SERVER[16]: [TIMER] id=3, name=write, avg=0.035005, total=33.605032, count=960
[02:06:31.336925] [WARNING] [pdc_server.c:696] PDC_SERVER[16]: [TIMER] id=4, name=total_graph_exec, avg=0.346533, total=332.672135, count=960
[02:06:31.336838] [WARNING] [pdc_server.c:696] PDC_SERVER[40]: [TIMER] id=0, name=open, avg=0.000476, total=0.457389, count=960
[02:06:31.336937] [WARNING] [pdc_server.c:696] PDC_SERVER[40]: [TIMER] id=1, name=close, avg=0.000235, total=0.225922, count=960
[02:06:31.336965] [WARNING] [pdc_server.c:696] PDC_SERVER[40]: [TIMER] id=3, name=write, avg=0.035249, total=33.838932, count=960
[02:06:31.336971] [WARNING] [pdc_server.c:696] PDC_SERVER[40]: [TIMER] id=4, name=total_graph_exec, avg=0.347835, total=333.921204, count=960
[02:06:31.336940] [WARNING] [pdc_server.c:696] PDC_SERVER[20]: [TIMER] id=0, name=open, avg=0.000503, total=0.482909, count=960
[02:06:31.337057] [WARNING] [pdc_server.c:696] PDC_SERVER[20]: [TIMER] id=1, name=close, avg=0.000246, total=0.235782, count=960
[02:06:31.337064] [WARNING] [pdc_server.c:696] PDC_SERVER[20]: [TIMER] id=3, name=write, avg=0.035136, total=33.730338, count=960
[02:06:31.337069] [WARNING] [pdc_server.c:696] PDC_SERVER[20]: [TIMER] id=4, name=total_graph_exec, avg=0.346444, total=332.586175, count=960
[02:06:31.336874] [WARNING] [pdc_server.c:696] PDC_SERVER[48]: [TIMER] id=0, name=open, avg=0.000455, total=0.436384, count=960
[02:06:31.337033] [WARNING] [pdc_server.c:696] PDC_SERVER[48]: [TIMER] id=1, name=close, avg=0.000239, total=0.229477, count=960
[02:06:31.337040] [WARNING] [pdc_server.c:696] PDC_SERVER[48]: [TIMER] id=3, name=write, avg=0.035118, total=33.713018, count=960
[02:06:31.337048] [WARNING] [pdc_server.c:696] PDC_SERVER[48]: [TIMER] id=4, name=total_graph_exec, avg=0.348039, total=334.117514, count=960
[02:06:31.336863] [WARNING] [pdc_server.c:696] PDC_SERVER[18]: [TIMER] id=0, name=open, avg=0.000669, total=0.642070, count=960
[02:06:31.336942] [WARNING] [pdc_server.c:696] PDC_SERVER[18]: [TIMER] id=1, name=close, avg=0.000233, total=0.223797, count=960
[02:06:31.336969] [WARNING] [pdc_server.c:696] PDC_SERVER[18]: [TIMER] id=3, name=write, avg=0.035521, total=34.100248, count=960
[02:06:31.337062] [WARNING] [pdc_server.c:696] PDC_SERVER[52]: [TIMER] id=0, name=open, avg=0.000556, total=0.533533, count=960
[02:06:31.337160] [WARNING] [pdc_server.c:696] PDC_SERVER[52]: [TIMER] id=1, name=close, avg=0.000240, total=0.230721, count=960
[02:06:31.337166] [WARNING] [pdc_server.c:696] PDC_SERVER[52]: [TIMER] id=3, name=write, avg=0.035261, total=33.850440, count=960
[02:06:31.337172] [WARNING] [pdc_server.c:696] PDC_SERVER[52]: [TIMER] id=4, name=total_graph_exec, avg=0.347365, total=333.470131, count=960
[02:06:31.336975] [WARNING] [pdc_server.c:696] PDC_SERVER[18]: [TIMER] id=4, name=total_graph_exec, avg=0.347027, total=333.145622, count=960
[02:06:31.337182] [WARNING] [pdc_server.c:696] PDC_SERVER[32]: [TIMER] id=0, name=open, avg=0.000534, total=0.512598, count=960
[02:06:31.337286] [WARNING] [pdc_server.c:696] PDC_SERVER[32]: [TIMER] id=1, name=close, avg=0.000249, total=0.239518, count=960
[02:06:31.337310] [WARNING] [pdc_server.c:696] PDC_SERVER[32]: [TIMER] id=3, name=write, avg=0.035579, total=34.155628, count=960
[02:06:31.336842] [WARNING] [pdc_server.c:696] PDC_SERVER[24]: [TIMER] id=0, name=open, avg=0.000453, total=0.434806, count=960
[02:06:31.337317] [WARNING] [pdc_server.c:696] PDC_SERVER[24]: [TIMER] id=1, name=close, avg=0.000249, total=0.239411, count=960
[02:06:31.337135] [WARNING] [pdc_server.c:696] PDC_SERVER[34]: [TIMER] id=0, name=open, avg=0.000417, total=0.400494, count=960
[02:06:31.337195] [WARNING] [pdc_server.c:696] PDC_SERVER[8]: [TIMER] id=0, name=open, avg=0.000435, total=0.417894, count=960
[02:06:31.337301] [WARNING] [pdc_server.c:696] PDC_SERVER[8]: [TIMER] id=1, name=close, avg=0.000250, total=0.240313, count=960
[02:06:31.337308] [WARNING] [pdc_server.c:696] PDC_SERVER[8]: [TIMER] id=3, name=write, avg=0.035305, total=33.892556, count=960
[02:06:31.337313] [WARNING] [pdc_server.c:696] PDC_SERVER[8]: [TIMER] id=4, name=total_graph_exec, avg=0.347684, total=333.776934, count=960
[02:06:31.337317] [WARNING] [pdc_server.c:696] PDC_SERVER[32]: [TIMER] id=4, name=total_graph_exec, avg=0.347586, total=333.682483, count=960
[02:06:31.337324] [WARNING] [pdc_server.c:696] PDC_SERVER[24]: [TIMER] id=3, name=write, avg=0.035283, total=33.871548, count=960
[02:06:31.337329] [WARNING] [pdc_server.c:696] PDC_SERVER[24]: [TIMER] id=4, name=total_graph_exec, avg=0.347129, total=333.244115, count=960
[02:06:31.337259] [WARNING] [pdc_server.c:696] PDC_SERVER[34]: [TIMER] id=1, name=close, avg=0.000248, total=0.238410, count=960
[02:06:31.337276] [WARNING] [pdc_server.c:696] PDC_SERVER[34]: [TIMER] id=3, name=write, avg=0.035078, total=33.674576, count=960
[02:06:31.337284] [WARNING] [pdc_server.c:696] PDC_SERVER[34]: [TIMER] id=4, name=total_graph_exec, avg=0.348071, total=334.147925, count=960
[02:06:31.337326] [WARNING] [pdc_server.c:696] PDC_SERVER[42]: [TIMER] id=0, name=open, avg=0.000448, total=0.429766, count=960
[02:06:31.337402] [WARNING] [pdc_server.c:696] PDC_SERVER[42]: [TIMER] id=1, name=close, avg=0.000229, total=0.219454, count=960
[02:06:31.337432] [WARNING] [pdc_server.c:696] PDC_SERVER[42]: [TIMER] id=3, name=write, avg=0.035271, total=33.860280, count=960
[02:06:31.337438] [WARNING] [pdc_server.c:696] PDC_SERVER[42]: [TIMER] id=4, name=total_graph_exec, avg=0.346926, total=333.048894, count=960
[02:06:31.337382] [WARNING] [pdc_server.c:696] PDC_SERVER[4]: [TIMER] id=0, name=open, avg=0.000583, total=0.559778, count=960
[02:06:31.337462] [WARNING] [pdc_server.c:696] PDC_SERVER[4]: [TIMER] id=1, name=close, avg=0.000231, total=0.221590, count=960
[02:06:31.337490] [WARNING] [pdc_server.c:696] PDC_SERVER[4]: [TIMER] id=3, name=write, avg=0.035243, total=33.832907, count=960
[02:06:31.337497] [WARNING] [pdc_server.c:696] PDC_SERVER[4]: [TIMER] id=4, name=total_graph_exec, avg=0.348545, total=334.603388, count=960
[02:06:31.337444] [WARNING] [pdc_server.c:696] PDC_SERVER[22]: [TIMER] id=0, name=open, avg=0.000430, total=0.413233, count=960
[02:06:31.337550] [WARNING] [pdc_server.c:696] PDC_SERVER[22]: [TIMER] id=1, name=close, avg=0.000241, total=0.231350, count=960
[02:06:31.337556] [WARNING] [pdc_server.c:696] PDC_SERVER[22]: [TIMER] id=3, name=write, avg=0.035458, total=34.039254, count=960
[02:06:31.337561] [WARNING] [pdc_server.c:696] PDC_SERVER[22]: [TIMER] id=4, name=total_graph_exec, avg=0.348380, total=334.444519, count=960
[02:06:31.337529] [WARNING] [pdc_server.c:696] PDC_SERVER[30]: [TIMER] id=0, name=open, avg=0.000432, total=0.415060, count=960
[02:06:31.337634] [WARNING] [pdc_server.c:696] PDC_SERVER[30]: [TIMER] id=1, name=close, avg=0.000271, total=0.260111, count=960
[02:06:31.337641] [WARNING] [pdc_server.c:696] PDC_SERVER[30]: [TIMER] id=3, name=write, avg=0.035096, total=33.692532, count=960
[02:06:31.337646] [WARNING] [pdc_server.c:696] PDC_SERVER[30]: [TIMER] id=4, name=total_graph_exec, avg=0.347408, total=333.512118, count=960
[02:06:31.338034] [WARNING] [pdc_server.c:696] PDC_SERVER[54]: [TIMER] id=0, name=open, avg=0.000443, total=0.425270, count=960
[02:06:31.338109] [WARNING] [pdc_server.c:696] PDC_SERVER[54]: [TIMER] id=1, name=close, avg=0.000232, total=0.223108, count=960
[02:06:31.338138] [WARNING] [pdc_server.c:696] PDC_SERVER[54]: [TIMER] id=3, name=write, avg=0.035494, total=34.074674, count=960
[02:06:31.338144] [WARNING] [pdc_server.c:696] PDC_SERVER[54]: [TIMER] id=4, name=total_graph_exec, avg=0.347390, total=333.494253, count=960
[02:06:31.337926] [WARNING] [pdc_server.c:696] PDC_SERVER[56]: [TIMER] id=0, name=open, avg=0.000516, total=0.495675, count=960
[02:06:31.338051] [WARNING] [pdc_server.c:696] PDC_SERVER[56]: [TIMER] id=1, name=close, avg=0.000237, total=0.227135, count=960
[02:06:31.338057] [WARNING] [pdc_server.c:696] PDC_SERVER[56]: [TIMER] id=3, name=write, avg=0.034920, total=33.522757, count=960
[02:06:31.338063] [WARNING] [pdc_server.c:696] PDC_SERVER[56]: [TIMER] id=4, name=total_graph_exec, avg=0.347791, total=333.879304, count=960
[02:06:31.337783] [WARNING] [pdc_server.c:696] PDC_SERVER[50]: [TIMER] id=0, name=open, avg=0.000458, total=0.440010, count=960
[02:06:31.337869] [WARNING] [pdc_server.c:696] PDC_SERVER[50]: [TIMER] id=1, name=close, avg=0.000238, total=0.228852, count=960
[02:06:31.337898] [WARNING] [pdc_server.c:696] PDC_SERVER[50]: [TIMER] id=3, name=write, avg=0.035250, total=33.840248, count=960
[02:06:31.337904] [WARNING] [pdc_server.c:696] PDC_SERVER[50]: [TIMER] id=4, name=total_graph_exec, avg=0.345530, total=331.708416, count=960
[02:06:31.337874] [WARNING] [pdc_server.c:696] PDC_SERVER[28]: [TIMER] id=0, name=open, avg=0.000513, total=0.492875, count=960
[02:06:31.337982] [WARNING] [pdc_server.c:696] PDC_SERVER[28]: [TIMER] id=1, name=close, avg=0.000240, total=0.230459, count=960
[02:06:31.337989] [WARNING] [pdc_server.c:696] PDC_SERVER[28]: [TIMER] id=3, name=write, avg=0.035287, total=33.875929, count=960
[02:06:31.337994] [WARNING] [pdc_server.c:696] PDC_SERVER[28]: [TIMER] id=4, name=total_graph_exec, avg=0.347780, total=333.869112, count=960
[02:06:31.337909] [WARNING] [pdc_server.c:696] PDC_SERVER[44]: [TIMER] id=0, name=open, avg=0.000467, total=0.448710, count=960
[02:06:31.337991] [WARNING] [pdc_server.c:696] PDC_SERVER[44]: [TIMER] id=1, name=close, avg=0.000227, total=0.217655, count=960
[02:06:31.338022] [WARNING] [pdc_server.c:696] PDC_SERVER[44]: [TIMER] id=3, name=write, avg=0.035411, total=33.994128, count=960
[02:06:31.338028] [WARNING] [pdc_server.c:696] PDC_SERVER[44]: [TIMER] id=4, name=total_graph_exec, avg=0.347280, total=333.388662, count=960
[02:06:31.337972] [WARNING] [pdc_server.c:696] PDC_SERVER[6]: [TIMER] id=0, name=open, avg=0.000536, total=0.514617, count=960
[02:06:31.338073] [WARNING] [pdc_server.c:696] PDC_SERVER[6]: [TIMER] id=1, name=close, avg=0.000244, total=0.233863, count=960
[02:06:31.338834] [WARNING] [pdc_server.c:696] PDC_SERVER[60]: [TIMER] id=0, name=open, avg=0.000603, total=0.578983, count=960
[02:06:31.338916] [WARNING] [pdc_server.c:696] PDC_SERVER[60]: [TIMER] id=1, name=close, avg=0.000231, total=0.221892, count=960
[02:06:31.338942] [WARNING] [pdc_server.c:696] PDC_SERVER[60]: [TIMER] id=3, name=write, avg=0.035690, total=34.262834, count=960
[02:06:31.338948] [WARNING] [pdc_server.c:696] PDC_SERVER[60]: [TIMER] id=4, name=total_graph_exec, avg=0.347939, total=334.021527, count=960
[02:06:31.338080] [WARNING] [pdc_server.c:696] PDC_SERVER[6]: [TIMER] id=3, name=write, avg=0.035670, total=34.242876, count=960
[02:06:31.338086] [WARNING] [pdc_server.c:696] PDC_SERVER[6]: [TIMER] id=4, name=total_graph_exec, avg=0.349402, total=335.425901, count=960
[02:06:31.338831] [WARNING] [pdc_server.c:696] PDC_SERVER[58]: [TIMER] id=0, name=open, avg=0.000437, total=0.419152, count=960
[02:06:31.338937] [WARNING] [pdc_server.c:696] PDC_SERVER[58]: [TIMER] id=1, name=close, avg=0.000243, total=0.232875, count=960
[02:06:31.338944] [WARNING] [pdc_server.c:696] PDC_SERVER[58]: [TIMER] id=3, name=write, avg=0.035333, total=33.919627, count=960
[02:06:31.338949] [WARNING] [pdc_server.c:696] PDC_SERVER[58]: [TIMER] id=4, name=total_graph_exec, avg=0.349821, total=335.827984, count=960
[02:06:31.338209] [WARNING] [pdc_server.c:696] PDC_SERVER[12]: [TIMER] id=0, name=open, avg=0.000434, total=0.416282, count=960
[02:06:31.338322] [WARNING] [pdc_server.c:696] PDC_SERVER[12]: [TIMER] id=1, name=close, avg=0.000237, total=0.227992, count=960
[02:06:31.338328] [WARNING] [pdc_server.c:696] PDC_SERVER[12]: [TIMER] id=3, name=write, avg=0.035780, total=34.348991, count=960
[02:06:31.338333] [WARNING] [pdc_server.c:696] PDC_SERVER[12]: [TIMER] id=4, name=total_graph_exec, avg=0.347579, total=333.675600, count=960
[02:06:31.338261] [WARNING] [pdc_server.c:696] PDC_SERVER[46]: [TIMER] id=0, name=open, avg=0.000447, total=0.428657, count=960
[02:06:31.338365] [WARNING] [pdc_server.c:696] PDC_SERVER[46]: [TIMER] id=1, name=close, avg=0.000250, total=0.240463, count=960
[02:06:31.338372] [WARNING] [pdc_server.c:696] PDC_SERVER[46]: [TIMER] id=3, name=write, avg=0.035779, total=34.348246, count=960
[02:06:31.338377] [WARNING] [pdc_server.c:696] PDC_SERVER[46]: [TIMER] id=4, name=total_graph_exec, avg=0.347398, total=333.502486, count=960
[02:06:31.338319] [WARNING] [pdc_server.c:696] PDC_SERVER[10]: [TIMER] id=0, name=open, avg=0.000540, total=0.518043, count=960
[02:06:31.338430] [WARNING] [pdc_server.c:696] PDC_SERVER[10]: [TIMER] id=1, name=close, avg=0.000246, total=0.236443, count=960
[02:06:31.338437] [WARNING] [pdc_server.c:696] PDC_SERVER[10]: [TIMER] id=3, name=write, avg=0.035504, total=34.083458, count=960
[02:06:31.338442] [WARNING] [pdc_server.c:696] PDC_SERVER[10]: [TIMER] id=4, name=total_graph_exec, avg=0.348280, total=334.348703, count=960
[02:06:31.338464] [WARNING] [pdc_server.c:696] PDC_SERVER[38]: [TIMER] id=0, name=open, avg=0.000484, total=0.464942, count=960
[02:06:31.338574] [WARNING] [pdc_server.c:696] PDC_SERVER[38]: [TIMER] id=1, name=close, avg=0.000287, total=0.275573, count=960
[02:06:31.338581] [WARNING] [pdc_server.c:696] PDC_SERVER[38]: [TIMER] id=3, name=write, avg=0.035415, total=33.998730, count=960
[02:06:31.338586] [WARNING] [pdc_server.c:696] PDC_SERVER[38]: [TIMER] id=4, name=total_graph_exec, avg=0.348013, total=334.092125, count=960
[02:06:31.338480] [WARNING] [pdc_server.c:696] PDC_SERVER[2]: [TIMER] id=0, name=open, avg=0.000547, total=0.524641, count=960
[02:06:31.338587] [WARNING] [pdc_server.c:696] PDC_SERVER[2]: [TIMER] id=1, name=close, avg=0.000258, total=0.247250, count=960
[02:06:31.338593] [WARNING] [pdc_server.c:696] PDC_SERVER[2]: [TIMER] id=3, name=write, avg=0.034997, total=33.597448, count=960
[02:06:31.338599] [WARNING] [pdc_server.c:696] PDC_SERVER[2]: [TIMER] id=4, name=total_graph_exec, avg=0.347523, total=333.622541, count=960
[02:06:31.338520] [WARNING] [pdc_server.c:696] PDC_SERVER[26]: [TIMER] id=0, name=open, avg=0.000440, total=0.422448, count=960
[02:06:31.338602] [WARNING] [pdc_server.c:696] PDC_SERVER[26]: [TIMER] id=1, name=close, avg=0.000263, total=0.252014, count=960
[02:06:31.338634] [WARNING] [pdc_server.c:696] PDC_SERVER[26]: [TIMER] id=3, name=write, avg=0.035663, total=34.236669, count=960
[02:06:31.338641] [WARNING] [pdc_server.c:696] PDC_SERVER[26]: [TIMER] id=4, name=total_graph_exec, avg=0.346025, total=332.184315, count=960
[02:06:31.338581] [WARNING] [pdc_server.c:696] PDC_SERVER[14]: [TIMER] id=0, name=open, avg=0.000477, total=0.458394, count=960
[02:06:31.338682] [WARNING] [pdc_server.c:696] PDC_SERVER[14]: [TIMER] id=1, name=close, avg=0.000280, total=0.268642, count=960
[02:06:31.338689] [WARNING] [pdc_server.c:696] PDC_SERVER[14]: [TIMER] id=3, name=write, avg=0.035556, total=34.134095, count=960
[02:06:31.338694] [WARNING] [pdc_server.c:696] PDC_SERVER[14]: [TIMER] id=4, name=total_graph_exec, avg=0.347980, total=334.060368, count=960
[02:06:31.338623] [WARNING] [pdc_server.c:696] PDC_SERVER[62]: [TIMER] id=0, name=open, avg=0.000515, total=0.494472, count=960
[02:06:31.338712] [WARNING] [pdc_server.c:696] PDC_SERVER[62]: [TIMER] id=1, name=close, avg=0.000294, total=0.281888, count=960
[02:06:31.338742] [WARNING] [pdc_server.c:696] PDC_SERVER[62]: [TIMER] id=3, name=write, avg=0.034629, total=33.244249, count=960
[02:06:31.338749] [WARNING] [pdc_server.c:696] PDC_SERVER[62]: [TIMER] id=4, name=total_graph_exec, avg=0.350388, total=336.372472, count=960
[02:06:31.340955] [WARNING] [pdc_server.c:696] PDC_SERVER[31]: [TIMER] id=0, name=open, avg=0.000436, total=0.418127, count=960
[02:06:31.341071] [WARNING] [pdc_server.c:696] PDC_SERVER[31]: [TIMER] id=1, name=close, avg=0.000246, total=0.236260, count=960
[02:06:31.341078] [WARNING] [pdc_server.c:696] PDC_SERVER[31]: [TIMER] id=3, name=write, avg=0.035269, total=33.858166, count=960
[02:06:31.341083] [WARNING] [pdc_server.c:696] PDC_SERVER[31]: [TIMER] id=4, name=total_graph_exec, avg=0.348708, total=334.759626, count=960
[02:06:31.341136] [WARNING] [pdc_server.c:696] PDC_SERVER[29]: [TIMER] id=0, name=open, avg=0.000422, total=0.404702, count=960
[02:06:31.341242] [WARNING] [pdc_server.c:696] PDC_SERVER[29]: [TIMER] id=1, name=close, avg=0.000242, total=0.232731, count=960
[02:06:31.341248] [WARNING] [pdc_server.c:696] PDC_SERVER[29]: [TIMER] id=3, name=write, avg=0.035356, total=33.941456, count=960
[02:06:31.341254] [WARNING] [pdc_server.c:696] PDC_SERVER[29]: [TIMER] id=4, name=total_graph_exec, avg=0.347719, total=333.810500, count=960
[02:06:31.341128] [WARNING] [pdc_server.c:696] PDC_SERVER[25]: [TIMER] id=0, name=open, avg=0.000448, total=0.430221, count=960
[02:06:31.341249] [WARNING] [pdc_server.c:696] PDC_SERVER[25]: [TIMER] id=1, name=close, avg=0.000231, total=0.222138, count=960
[02:06:31.341258] [WARNING] [pdc_server.c:696] PDC_SERVER[25]: [TIMER] id=3, name=write, avg=0.035197, total=33.789448, count=960
[02:06:31.341265] [WARNING] [pdc_server.c:696] PDC_SERVER[25]: [TIMER] id=4, name=total_graph_exec, avg=0.347069, total=333.186396, count=960
[02:06:31.341351] [WARNING] [pdc_server.c:696] PDC_SERVER[55]: [TIMER] id=0, name=open, avg=0.000538, total=0.516709, count=960
[02:06:31.341432] [WARNING] [pdc_server.c:696] PDC_SERVER[55]: [TIMER] id=1, name=close, avg=0.000226, total=0.216773, count=960
[02:06:31.341461] [WARNING] [pdc_server.c:696] PDC_SERVER[55]: [TIMER] id=3, name=write, avg=0.035021, total=33.620290, count=960
[02:06:31.341467] [WARNING] [pdc_server.c:696] PDC_SERVER[55]: [TIMER] id=4, name=total_graph_exec, avg=0.347376, total=333.481085, count=960
[02:06:31.341267] [WARNING] [pdc_server.c:696] PDC_SERVER[5]: [TIMER] id=0, name=open, avg=0.000476, total=0.456552, count=960
[02:06:31.341363] [WARNING] [pdc_server.c:696] PDC_SERVER[5]: [TIMER] id=1, name=close, avg=0.000244, total=0.234177, count=960
[02:06:31.341370] [WARNING] [pdc_server.c:696] PDC_SERVER[5]: [TIMER] id=3, name=write, avg=0.035638, total=34.212391, count=960
[02:06:31.341375] [WARNING] [pdc_server.c:696] PDC_SERVER[5]: [TIMER] id=4, name=total_graph_exec, avg=0.346905, total=333.028459, count=960
[02:06:31.341291] [WARNING] [pdc_server.c:696] PDC_SERVER[53]: [TIMER] id=0, name=open, avg=0.000572, total=0.548963, count=960
[02:06:31.341414] [WARNING] [pdc_server.c:696] PDC_SERVER[53]: [TIMER] id=1, name=close, avg=0.000227, total=0.217741, count=960
[02:06:31.341421] [WARNING] [pdc_server.c:696] PDC_SERVER[53]: [TIMER] id=3, name=write, avg=0.035386, total=33.971034, count=960
[02:06:31.341426] [WARNING] [pdc_server.c:696] PDC_SERVER[53]: [TIMER] id=4, name=total_graph_exec, avg=0.354655, total=340.468490, count=960
[02:06:31.341405] [WARNING] [pdc_server.c:696] PDC_SERVER[41]: [TIMER] id=0, name=open, avg=0.000435, total=0.417283, count=960
[02:06:31.341523] [WARNING] [pdc_server.c:696] PDC_SERVER[41]: [TIMER] id=1, name=close, avg=0.000242, total=0.232062, count=960
[02:06:31.341529] [WARNING] [pdc_server.c:696] PDC_SERVER[41]: [TIMER] id=3, name=write, avg=0.035519, total=34.098184, count=960
[02:06:31.341535] [WARNING] [pdc_server.c:696] PDC_SERVER[41]: [TIMER] id=4, name=total_graph_exec, avg=0.347710, total=333.801848, count=960
[02:06:31.341524] [WARNING] [pdc_server.c:696] PDC_SERVER[9]: [TIMER] id=0, name=open, avg=0.000492, total=0.472483, count=960
[02:06:31.341640] [WARNING] [pdc_server.c:696] PDC_SERVER[9]: [TIMER] id=1, name=close, avg=0.000240, total=0.230641, count=960
[02:06:31.341647] [WARNING] [pdc_server.c:696] PDC_SERVER[9]: [TIMER] id=3, name=write, avg=0.035499, total=34.078613, count=960
[02:06:31.341501] [WARNING] [pdc_server.c:696] PDC_SERVER[27]: [TIMER] id=0, name=open, avg=0.000420, total=0.403631, count=960
[02:06:31.341620] [WARNING] [pdc_server.c:696] PDC_SERVER[27]: [TIMER] id=1, name=close, avg=0.000242, total=0.232415, count=960
[02:06:31.341627] [WARNING] [pdc_server.c:696] PDC_SERVER[27]: [TIMER] id=3, name=write, avg=0.035218, total=33.809691, count=960
[02:06:31.341632] [WARNING] [pdc_server.c:696] PDC_SERVER[27]: [TIMER] id=4, name=total_graph_exec, avg=0.348178, total=334.250835, count=960
[02:06:31.341652] [WARNING] [pdc_server.c:696] PDC_SERVER[9]: [TIMER] id=4, name=total_graph_exec, avg=0.347625, total=333.720245, count=960
[02:06:31.341700] [WARNING] [pdc_server.c:696] PDC_SERVER[1]: [TIMER] id=0, name=open, avg=0.000475, total=0.456345, count=960
[02:06:31.341779] [WARNING] [pdc_server.c:696] PDC_SERVER[1]: [TIMER] id=1, name=close, avg=0.000285, total=0.273449, count=960
[02:06:31.341807] [WARNING] [pdc_server.c:696] PDC_SERVER[1]: [TIMER] id=3, name=write, avg=0.035421, total=34.004416, count=960
[02:06:31.341814] [WARNING] [pdc_server.c:696] PDC_SERVER[1]: [TIMER] id=4, name=total_graph_exec, avg=0.347729, total=333.819483, count=960
[02:06:31.341776] [WARNING] [pdc_server.c:696] PDC_SERVER[47]: [TIMER] id=0, name=open, avg=0.000556, total=0.533438, count=960
[02:06:31.341850] [WARNING] [pdc_server.c:696] PDC_SERVER[47]: [TIMER] id=1, name=close, avg=0.000234, total=0.224812, count=960
[02:06:31.341877] [WARNING] [pdc_server.c:696] PDC_SERVER[47]: [TIMER] id=3, name=write, avg=0.035039, total=33.636984, count=960
[02:06:31.341883] [WARNING] [pdc_server.c:696] PDC_SERVER[47]: [TIMER] id=4, name=total_graph_exec, avg=0.347159, total=333.272354, count=960
[02:06:31.341843] [WARNING] [pdc_server.c:696] PDC_SERVER[13]: [TIMER] id=0, name=open, avg=0.000547, total=0.525365, count=960
[02:06:31.341927] [WARNING] [pdc_server.c:696] PDC_SERVER[13]: [TIMER] id=1, name=close, avg=0.000302, total=0.290274, count=960
[02:06:31.341934] [WARNING] [pdc_server.c:696] PDC_SERVER[13]: [TIMER] id=3, name=write, avg=0.035155, total=33.749092, count=960
[02:06:31.341939] [WARNING] [pdc_server.c:696] PDC_SERVER[13]: [TIMER] id=4, name=total_graph_exec, avg=0.348448, total=334.509830, count=960
[02:06:31.341600] [WARNING] [pdc_server.c:696] PDC_SERVER[11]: [TIMER] id=0, name=open, avg=0.000599, total=0.574627, count=960
[02:06:31.341974] [WARNING] [pdc_server.c:696] PDC_SERVER[7]: [TIMER] id=0, name=open, avg=0.000483, total=0.463747, count=960
[02:06:31.342069] [WARNING] [pdc_server.c:696] PDC_SERVER[7]: [TIMER] id=1, name=close, avg=0.000230, total=0.220532, count=960
[02:06:31.342076] [WARNING] [pdc_server.c:696] PDC_SERVER[7]: [TIMER] id=3, name=write, avg=0.035122, total=33.716969, count=960
[02:06:31.342081] [WARNING] [pdc_server.c:696] PDC_SERVER[7]: [TIMER] id=4, name=total_graph_exec, avg=0.346636, total=332.770215, count=960
[02:06:31.341972] [WARNING] [pdc_server.c:696] PDC_SERVER[11]: [TIMER] id=1, name=close, avg=0.000233, total=0.223990, count=960
[02:06:31.341979] [WARNING] [pdc_server.c:696] PDC_SERVER[11]: [TIMER] id=3, name=write, avg=0.035152, total=33.745462, count=960
[02:06:31.341984] [WARNING] [pdc_server.c:696] PDC_SERVER[11]: [TIMER] id=4, name=total_graph_exec, avg=0.353574, total=339.431256, count=960
[02:06:31.342024] [WARNING] [pdc_server.c:696] PDC_SERVER[43]: [TIMER] id=0, name=open, avg=0.000521, total=0.500093, count=960
[02:06:31.342149] [WARNING] [pdc_server.c:696] PDC_SERVER[43]: [TIMER] id=1, name=close, avg=0.000234, total=0.224688, count=960
[02:06:31.342155] [WARNING] [pdc_server.c:696] PDC_SERVER[43]: [TIMER] id=3, name=write, avg=0.035065, total=33.662604, count=960
[02:06:31.342161] [WARNING] [pdc_server.c:696] PDC_SERVER[43]: [TIMER] id=4, name=total_graph_exec, avg=0.348220, total=334.291105, count=960
[02:06:31.342147] [WARNING] [pdc_server.c:696] PDC_SERVER[63]: [TIMER] id=0, name=open, avg=0.000514, total=0.493622, count=960
[02:06:31.342261] [WARNING] [pdc_server.c:696] PDC_SERVER[63]: [TIMER] id=1, name=close, avg=0.000263, total=0.252332, count=960
[02:06:31.342267] [WARNING] [pdc_server.c:696] PDC_SERVER[63]: [TIMER] id=3, name=write, avg=0.035426, total=34.008729, count=960
[02:06:31.342273] [WARNING] [pdc_server.c:696] PDC_SERVER[63]: [TIMER] id=4, name=total_graph_exec, avg=0.346654, total=332.787465, count=960
[02:06:31.342233] [WARNING] [pdc_server.c:696] PDC_SERVER[49]: [TIMER] id=0, name=open, avg=0.000615, total=0.589957, count=960
[02:06:31.342303] [WARNING] [pdc_server.c:696] PDC_SERVER[49]: [TIMER] id=1, name=close, avg=0.000266, total=0.255244, count=960
[02:06:31.342331] [WARNING] [pdc_server.c:696] PDC_SERVER[49]: [TIMER] id=3, name=write, avg=0.035528, total=34.106884, count=960
[02:06:31.342337] [WARNING] [pdc_server.c:696] PDC_SERVER[49]: [TIMER] id=4, name=total_graph_exec, avg=0.347786, total=333.874968, count=960
[02:06:31.342893] [WARNING] [pdc_server.c:696] PDC_SERVER[59]: [TIMER] id=0, name=open, avg=0.000651, total=0.624912, count=960
[02:06:31.342959] [WARNING] [pdc_server.c:696] PDC_SERVER[59]: [TIMER] id=1, name=close, avg=0.000236, total=0.226392, count=960
[02:06:31.342982] [WARNING] [pdc_server.c:696] PDC_SERVER[59]: [TIMER] id=3, name=write, avg=0.035532, total=34.110490, count=960
[02:06:31.342988] [WARNING] [pdc_server.c:696] PDC_SERVER[59]: [TIMER] id=4, name=total_graph_exec, avg=0.347692, total=333.784010, count=960
[02:06:31.342467] [WARNING] [pdc_server.c:696] PDC_SERVER[39]: [TIMER] id=0, name=open, avg=0.000474, total=0.455217, count=960
[02:06:31.342456] [WARNING] [pdc_server.c:696] PDC_SERVER[23]: [TIMER] id=0, name=open, avg=0.000524, total=0.503467, count=960
[02:06:31.342556] [WARNING] [pdc_server.c:696] PDC_SERVER[23]: [TIMER] id=1, name=close, avg=0.000249, total=0.238936, count=960
[02:06:31.342562] [WARNING] [pdc_server.c:696] PDC_SERVER[23]: [TIMER] id=3, name=write, avg=0.035678, total=34.251229, count=960
[02:06:31.342568] [WARNING] [pdc_server.c:696] PDC_SERVER[23]: [TIMER] id=4, name=total_graph_exec, avg=0.346778, total=332.906756, count=960
[02:06:31.342586] [WARNING] [pdc_server.c:696] PDC_SERVER[39]: [TIMER] id=1, name=close, avg=0.000230, total=0.221098, count=960
[02:06:31.342594] [WARNING] [pdc_server.c:696] PDC_SERVER[39]: [TIMER] id=3, name=write, avg=0.035168, total=33.761344, count=960
[02:06:31.342600] [WARNING] [pdc_server.c:696] PDC_SERVER[39]: [TIMER] id=4, name=total_graph_exec, avg=0.347539, total=333.637342, count=960
[02:06:31.342702] [WARNING] [pdc_server.c:696] PDC_SERVER[61]: [TIMER] id=0, name=open, avg=0.000597, total=0.573558, count=960
[02:06:31.343192] [WARNING] [pdc_server.c:696] PDC_SERVER[61]: [TIMER] id=1, name=close, avg=0.000251, total=0.241048, count=960
[02:06:31.343199] [WARNING] [pdc_server.c:696] PDC_SERVER[61]: [TIMER] id=3, name=write, avg=0.035079, total=33.675362, count=960
[02:06:31.343204] [WARNING] [pdc_server.c:696] PDC_SERVER[61]: [TIMER] id=4, name=total_graph_exec, avg=0.347964, total=334.045910, count=960
[02:06:31.342688] [WARNING] [pdc_server.c:696] PDC_SERVER[57]: [TIMER] id=0, name=open, avg=0.000527, total=0.506078, count=960
[02:06:31.342801] [WARNING] [pdc_server.c:696] PDC_SERVER[57]: [TIMER] id=1, name=close, avg=0.000246, total=0.236072, count=960
[02:06:31.342808] [WARNING] [pdc_server.c:696] PDC_SERVER[57]: [TIMER] id=3, name=write, avg=0.035433, total=34.015241, count=960
[02:06:31.342815] [WARNING] [pdc_server.c:696] PDC_SERVER[57]: [TIMER] id=4, name=total_graph_exec, avg=0.347496, total=333.596346, count=960
[02:06:31.341958] [WARNING] [pdc_server.c:696] PDC_SERVER[45]: [TIMER] id=0, name=open, avg=0.000575, total=0.551521, count=960
[02:06:31.342865] [WARNING] [pdc_server.c:696] PDC_SERVER[45]: [TIMER] id=1, name=close, avg=0.000237, total=0.227282, count=960
[02:06:31.342872] [WARNING] [pdc_server.c:696] PDC_SERVER[45]: [TIMER] id=3, name=write, avg=0.035351, total=33.936786, count=960
[02:06:31.342877] [WARNING] [pdc_server.c:696] PDC_SERVER[45]: [TIMER] id=4, name=total_graph_exec, avg=0.346974, total=333.095205, count=960
[02:06:31.342497] [WARNING] [pdc_server.c:696] PDC_SERVER[3]: [TIMER] id=0, name=open, avg=0.000495, total=0.475345, count=960
[02:06:31.342916] [WARNING] [pdc_server.c:696] PDC_SERVER[3]: [TIMER] id=1, name=close, avg=0.000231, total=0.221840, count=960
[02:06:31.342945] [WARNING] [pdc_server.c:696] PDC_SERVER[3]: [TIMER] id=3, name=write, avg=0.035290, total=33.877981, count=960
[02:06:31.342814] [WARNING] [pdc_server.c:696] PDC_SERVER[35]: [TIMER] id=0, name=open, avg=0.000473, total=0.454327, count=960
[02:06:31.342910] [WARNING] [pdc_server.c:696] PDC_SERVER[35]: [TIMER] id=1, name=close, avg=0.000255, total=0.245169, count=960
[02:06:31.342917] [WARNING] [pdc_server.c:696] PDC_SERVER[35]: [TIMER] id=3, name=write, avg=0.035201, total=33.792552, count=960
[02:06:31.342923] [WARNING] [pdc_server.c:696] PDC_SERVER[35]: [TIMER] id=4, name=total_graph_exec, avg=0.347318, total=333.425362, count=960
[02:06:31.342951] [WARNING] [pdc_server.c:696] PDC_SERVER[3]: [TIMER] id=4, name=total_graph_exec, avg=0.351275, total=337.223723, count=960
[02:06:31.342685] [WARNING] [pdc_server.c:696] PDC_SERVER[15]: [TIMER] id=0, name=open, avg=0.000444, total=0.426689, count=960
[02:06:31.342811] [WARNING] [pdc_server.c:696] PDC_SERVER[15]: [TIMER] id=1, name=close, avg=0.000248, total=0.237905, count=960
[02:06:31.342819] [WARNING] [pdc_server.c:696] PDC_SERVER[15]: [TIMER] id=3, name=write, avg=0.035528, total=34.106828, count=960
[02:06:31.342826] [WARNING] [pdc_server.c:696] PDC_SERVER[15]: [TIMER] id=4, name=total_graph_exec, avg=0.347038, total=333.156406, count=960
[02:06:31.342896] [WARNING] [pdc_server.c:696] PDC_SERVER[17]: [TIMER] id=0, name=open, avg=0.000441, total=0.423307, count=960
[02:06:31.343011] [WARNING] [pdc_server.c:696] PDC_SERVER[17]: [TIMER] id=1, name=close, avg=0.000282, total=0.270603, count=960
[02:06:31.343018] [WARNING] [pdc_server.c:696] PDC_SERVER[17]: [TIMER] id=3, name=write, avg=0.035199, total=33.791104, count=960
[02:06:31.343025] [WARNING] [pdc_server.c:696] PDC_SERVER[17]: [TIMER] id=4, name=total_graph_exec, avg=0.347096, total=333.212225, count=960
[02:06:31.342923] [WARNING] [pdc_server.c:696] PDC_SERVER[51]: [TIMER] id=0, name=open, avg=0.000437, total=0.419610, count=960
[02:06:31.343035] [WARNING] [pdc_server.c:696] PDC_SERVER[51]: [TIMER] id=1, name=close, avg=0.000240, total=0.229971, count=960
[02:06:31.343042] [WARNING] [pdc_server.c:696] PDC_SERVER[51]: [TIMER] id=3, name=write, avg=0.035318, total=33.905551, count=960
[02:06:31.343048] [WARNING] [pdc_server.c:696] PDC_SERVER[51]: [TIMER] id=4, name=total_graph_exec, avg=0.347144, total=333.258393, count=960
[02:06:31.343052] [WARNING] [pdc_server.c:696] PDC_SERVER[19]: [TIMER] id=0, name=open, avg=0.000471, total=0.452384, count=960
[02:06:31.343154] [WARNING] [pdc_server.c:696] PDC_SERVER[19]: [TIMER] id=1, name=close, avg=0.000225, total=0.215947, count=960
[02:06:31.343161] [WARNING] [pdc_server.c:696] PDC_SERVER[19]: [TIMER] id=3, name=write, avg=0.035018, total=33.617172, count=960
[02:06:31.343167] [WARNING] [pdc_server.c:696] PDC_SERVER[19]: [TIMER] id=4, name=total_graph_exec, avg=0.347585, total=333.681442, count=960
[02:06:31.340650] [WARNING] [pdc_server.c:696] PDC_SERVER[21]: [TIMER] id=0, name=open, avg=0.000486, total=0.466455, count=960
[02:06:31.343976] [WARNING] [pdc_server.c:696] PDC_SERVER[21]: [TIMER] id=1, name=close, avg=0.000365, total=0.350120, count=960
[02:06:31.343999] [WARNING] [pdc_server.c:696] PDC_SERVER[21]: [TIMER] id=3, name=write, avg=0.034897, total=33.500753, count=960
[02:06:31.340458] [WARNING] [pdc_server.c:696] PDC_SERVER[37]: [TIMER] id=0, name=open, avg=0.000549, total=0.526828, count=960
[02:06:31.344000] [WARNING] [pdc_server.c:696] PDC_SERVER[37]: [TIMER] id=1, name=close, avg=0.000233, total=0.223508, count=960
[02:06:31.344031] [WARNING] [pdc_server.c:696] PDC_SERVER[37]: [TIMER] id=3, name=write, avg=0.035171, total=33.764277, count=960
[02:06:31.344038] [WARNING] [pdc_server.c:696] PDC_SERVER[37]: [TIMER] id=4, name=total_graph_exec, avg=0.346973, total=333.093939, count=960
[02:06:31.344007] [WARNING] [pdc_server.c:696] PDC_SERVER[21]: [TIMER] id=4, name=total_graph_exec, avg=0.367507, total=352.806759, count=960
[02:06:31.344717] [WARNING] [pdc_server.c:696] PDC_SERVER[33]: [TIMER] id=0, name=open, avg=0.000505, total=0.484741, count=960
[02:06:31.347416] [WARNING] [pdc_server.c:696] PDC_SERVER[33]: [TIMER] id=1, name=close, avg=0.000265, total=0.254126, count=960
[02:06:31.347424] [WARNING] [pdc_server.c:696] PDC_SERVER[33]: [TIMER] id=3, name=write, avg=0.035116, total=33.711543, count=960
[02:06:31.347429] [WARNING] [pdc_server.c:696] PDC_SERVER[33]: [TIMER] id=4, name=total_graph_exec, avg=0.357293, total=343.000822, count=960
