[16:10:21.138285] [WARNING] [vpicio_mts.c:92] PDC_CLIENT[0]: Writing 8388608 number of particles for 5 steps with 32 clients zfp_gpu transformation.
[16:10:21.142909] [WARNING] [pdc_client_connect.c:388] PDC_CLIENT[0]: Config file from default location [./pdc_tmp/server.cfg] not available, waiting 5 seconds
[16:10:29.761464] [WARNING] [vpicio_mts.c:159] PDC_CLIENT[0]: Sleep start: 40.00
[16:11:09.761870] [WARNING] [vpicio_mts.c:162] PDC_CLIENT[0]: Sleep end: 40.00
[16:11:10.027408] [WARNING] [vpicio_mts.c:174] PDC_CLIENT[0]: #Step  0
[16:11:10.028035] [WARNING] [vpicio_mts.c:197] PDC_CLIENT[0]: Attaching zfp gpu to index: 0
[16:11:10.028049] [WARNING] [vpicio_mts.c:197] PDC_CLIENT[19]: Attaching zfp gpu to index: 0
[16:11:10.028107] [WARNING] [vpicio_mts.c:197] PDC_CLIENT[1]: Attaching zfp gpu to index: 0
[16:11:10.028054] [WARNING] [vpicio_mts.c:197] PDC_CLIENT[4]: Attaching zfp gpu to index: 0
[16:11:10.028124] [WARNING] [vpicio_mts.c:197] PDC_CLIENT[12]: Attaching zfp gpu to index: 0
[16:11:10.028117] [WARNING] [vpicio_mts.c:197] PDC_CLIENT[18]: Attaching zfp gpu to index: 0
[16:11:10.028116] [WARNING] [vpicio_mts.c:197] PDC_CLIENT[24]: Attaching zfp gpu to index: 0
[16:11:10.028116] [WARNING] [vpicio_mts.c:197] PDC_CLIENT[25]: Attaching zfp gpu to index: 0
[16:11:10.028078] [WARNING] [vpicio_mts.c:197] PDC_CLIENT[2]: Attaching zfp gpu to index: 0
[16:11:10.028107] [WARNING] [vpicio_mts.c:197] PDC_CLIENT[5]: Attaching zfp gpu to index: 0
[16:11:10.028107] [WARNING] [vpicio_mts.c:197] PDC_CLIENT[7]: Attaching zfp gpu to index: 0
[16:11:10.028128] [WARNING] [vpicio_mts.c:197] PDC_CLIENT[9]: Attaching zfp gpu to index: 0
[16:11:10.028101] [WARNING] [vpicio_mts.c:197] PDC_CLIENT[10]: Attaching zfp gpu to index: 0
[16:11:10.028143] [WARNING] [vpicio_mts.c:197] PDC_CLIENT[11]: Attaching zfp gpu to index: 0
[16:11:10.028137] [WARNING] [vpicio_mts.c:197] PDC_CLIENT[13]: Attaching zfp gpu to index: 0
[16:11:10.028114] [WARNING] [vpicio_mts.c:197] PDC_CLIENT[14]: Attaching zfp gpu to index: 0
[16:11:10.028129] [WARNING] [vpicio_mts.c:197] PDC_CLIENT[15]: Attaching zfp gpu to index: 0
[16:11:10.028117] [WARNING] [vpicio_mts.c:197] PDC_CLIENT[16]: Attaching zfp gpu to index: 0
[16:11:10.028139] [WARNING] [vpicio_mts.c:197] PDC_CLIENT[17]: Attaching zfp gpu to index: 0
[16:11:10.028116] [WARNING] [vpicio_mts.c:197] PDC_CLIENT[20]: Attaching zfp gpu to index: 0
[16:11:10.028130] [WARNING] [vpicio_mts.c:197] PDC_CLIENT[21]: Attaching zfp gpu to index: 0
[16:11:10.028141] [WARNING] [vpicio_mts.c:197] PDC_CLIENT[22]: Attaching zfp gpu to index: 0
[16:11:10.028060] [WARNING] [vpicio_mts.c:197] PDC_CLIENT[23]: Attaching zfp gpu to index: 0
[16:11:10.028156] [WARNING] [vpicio_mts.c:197] PDC_CLIENT[26]: Attaching zfp gpu to index: 0
[16:11:10.028099] [WARNING] [vpicio_mts.c:197] PDC_CLIENT[28]: Attaching zfp gpu to index: 0
[16:11:10.028160] [WARNING] [vpicio_mts.c:197] PDC_CLIENT[30]: Attaching zfp gpu to index: 0
[16:11:10.028086] [WARNING] [vpicio_mts.c:197] PDC_CLIENT[31]: Attaching zfp gpu to index: 0
[16:11:10.028128] [WARNING] [vpicio_mts.c:197] PDC_CLIENT[3]: Attaching zfp gpu to index: 0
[16:11:10.028149] [WARNING] [vpicio_mts.c:197] PDC_CLIENT[6]: Attaching zfp gpu to index: 0
[16:11:10.028193] [WARNING] [vpicio_mts.c:197] PDC_CLIENT[8]: Attaching zfp gpu to index: 0
[16:11:10.028116] [WARNING] [vpicio_mts.c:197] PDC_CLIENT[27]: Attaching zfp gpu to index: 0
[16:11:10.028169] [WARNING] [vpicio_mts.c:197] PDC_CLIENT[29]: Attaching zfp gpu to index: 0
[16:11:10.030523] [WARNING] [vpicio_mts.c:197] PDC_CLIENT[0]: Attaching zfp gpu to index: 1
[16:11:10.030522] [WARNING] [vpicio_mts.c:197] PDC_CLIENT[1]: Attaching zfp gpu to index: 1
[16:11:10.030527] [WARNING] [vpicio_mts.c:197] PDC_CLIENT[2]: Attaching zfp gpu to index: 1
[16:11:10.030522] [WARNING] [vpicio_mts.c:197] PDC_CLIENT[3]: Attaching zfp gpu to index: 1
[16:11:10.030527] [WARNING] [vpicio_mts.c:197] PDC_CLIENT[4]: Attaching zfp gpu to index: 1
[16:11:10.030520] [WARNING] [vpicio_mts.c:197] PDC_CLIENT[5]: Attaching zfp gpu to index: 1
[16:11:10.030524] [WARNING] [vpicio_mts.c:197] PDC_CLIENT[6]: Attaching zfp gpu to index: 1
[16:11:10.030511] [WARNING] [vpicio_mts.c:197] PDC_CLIENT[7]: Attaching zfp gpu to index: 1
[16:11:10.030523] [WARNING] [vpicio_mts.c:197] PDC_CLIENT[8]: Attaching zfp gpu to index: 1
[16:11:10.030522] [WARNING] [vpicio_mts.c:197] PDC_CLIENT[9]: Attaching zfp gpu to index: 1
[16:11:10.030527] [WARNING] [vpicio_mts.c:197] PDC_CLIENT[10]: Attaching zfp gpu to index: 1
[16:11:10.030522] [WARNING] [vpicio_mts.c:197] PDC_CLIENT[11]: Attaching zfp gpu to index: 1
[16:11:10.030522] [WARNING] [vpicio_mts.c:197] PDC_CLIENT[12]: Attaching zfp gpu to index: 1
[16:11:10.030521] [WARNING] [vpicio_mts.c:197] PDC_CLIENT[13]: Attaching zfp gpu to index: 1
[16:11:10.030528] [WARNING] [vpicio_mts.c:197] PDC_CLIENT[14]: Attaching zfp gpu to index: 1
[16:11:10.030511] [WARNING] [vpicio_mts.c:197] PDC_CLIENT[15]: Attaching zfp gpu to index: 1
[16:11:10.030511] [WARNING] [vpicio_mts.c:197] PDC_CLIENT[16]: Attaching zfp gpu to index: 1
[16:11:10.030524] [WARNING] [vpicio_mts.c:197] PDC_CLIENT[17]: Attaching zfp gpu to index: 1
[16:11:10.030512] [WARNING] [vpicio_mts.c:197] PDC_CLIENT[18]: Attaching zfp gpu to index: 1
[16:11:10.030527] [WARNING] [vpicio_mts.c:197] PDC_CLIENT[19]: Attaching zfp gpu to index: 1
[16:11:10.030523] [WARNING] [vpicio_mts.c:197] PDC_CLIENT[20]: Attaching zfp gpu to index: 1
[16:11:10.030523] [WARNING] [vpicio_mts.c:197] PDC_CLIENT[21]: Attaching zfp gpu to index: 1
[16:11:10.030523] [WARNING] [vpicio_mts.c:197] PDC_CLIENT[22]: Attaching zfp gpu to index: 1
[16:11:10.030527] [WARNING] [vpicio_mts.c:197] PDC_CLIENT[23]: Attaching zfp gpu to index: 1
[16:11:10.030523] [WARNING] [vpicio_mts.c:197] PDC_CLIENT[24]: Attaching zfp gpu to index: 1
[16:11:10.030512] [WARNING] [vpicio_mts.c:197] PDC_CLIENT[25]: Attaching zfp gpu to index: 1
[16:11:10.030512] [WARNING] [vpicio_mts.c:197] PDC_CLIENT[26]: Attaching zfp gpu to index: 1
[16:11:10.030512] [WARNING] [vpicio_mts.c:197] PDC_CLIENT[27]: Attaching zfp gpu to index: 1
[16:11:10.030530] [WARNING] [vpicio_mts.c:197] PDC_CLIENT[28]: Attaching zfp gpu to index: 1
[16:11:10.030523] [WARNING] [vpicio_mts.c:197] PDC_CLIENT[29]: Attaching zfp gpu to index: 1
[16:11:10.030513] [WARNING] [vpicio_mts.c:197] PDC_CLIENT[30]: Attaching zfp gpu to index: 1
[16:11:10.030527] [WARNING] [vpicio_mts.c:197] PDC_CLIENT[31]: Attaching zfp gpu to index: 1
[16:11:10.034044] [WARNING] [vpicio_mts.c:197] PDC_CLIENT[0]: Attaching zfp gpu to index: 2
[16:11:10.034044] [WARNING] [vpicio_mts.c:197] PDC_CLIENT[1]: Attaching zfp gpu to index: 2
[16:11:10.034044] [WARNING] [vpicio_mts.c:197] PDC_CLIENT[2]: Attaching zfp gpu to index: 2
[16:11:10.034044] [WARNING] [vpicio_mts.c:197] PDC_CLIENT[3]: Attaching zfp gpu to index: 2
[16:11:10.034044] [WARNING] [vpicio_mts.c:197] PDC_CLIENT[4]: Attaching zfp gpu to index: 2
[16:11:10.034042] [WARNING] [vpicio_mts.c:197] PDC_CLIENT[5]: Attaching zfp gpu to index: 2
[16:11:10.034044] [WARNING] [vpicio_mts.c:197] PDC_CLIENT[6]: Attaching zfp gpu to index: 2
[16:11:10.034033] [WARNING] [vpicio_mts.c:197] PDC_CLIENT[7]: Attaching zfp gpu to index: 2
[16:11:10.034043] [WARNING] [vpicio_mts.c:197] PDC_CLIENT[8]: Attaching zfp gpu to index: 2
[16:11:10.034043] [WARNING] [vpicio_mts.c:197] PDC_CLIENT[9]: Attaching zfp gpu to index: 2
[16:11:10.034043] [WARNING] [vpicio_mts.c:197] PDC_CLIENT[10]: Attaching zfp gpu to index: 2
[16:11:10.034043] [WARNING] [vpicio_mts.c:197] PDC_CLIENT[11]: Attaching zfp gpu to index: 2
[16:11:10.034043] [WARNING] [vpicio_mts.c:197] PDC_CLIENT[12]: Attaching zfp gpu to index: 2
[16:11:10.034042] [WARNING] [vpicio_mts.c:197] PDC_CLIENT[13]: Attaching zfp gpu to index: 2
[16:11:10.034043] [WARNING] [vpicio_mts.c:197] PDC_CLIENT[14]: Attaching zfp gpu to index: 2
[16:11:10.034034] [WARNING] [vpicio_mts.c:197] PDC_CLIENT[15]: Attaching zfp gpu to index: 2
[16:11:10.034034] [WARNING] [vpicio_mts.c:197] PDC_CLIENT[16]: Attaching zfp gpu to index: 2
[16:11:10.034042] [WARNING] [vpicio_mts.c:197] PDC_CLIENT[17]: Attaching zfp gpu to index: 2
[16:11:10.034034] [WARNING] [vpicio_mts.c:197] PDC_CLIENT[18]: Attaching zfp gpu to index: 2
[16:11:10.034042] [WARNING] [vpicio_mts.c:197] PDC_CLIENT[19]: Attaching zfp gpu to index: 2
[16:11:10.034044] [WARNING] [vpicio_mts.c:197] PDC_CLIENT[20]: Attaching zfp gpu to index: 2
[16:11:10.034043] [WARNING] [vpicio_mts.c:197] PDC_CLIENT[21]: Attaching zfp gpu to index: 2
[16:11:10.034044] [WARNING] [vpicio_mts.c:197] PDC_CLIENT[22]: Attaching zfp gpu to index: 2
[16:11:10.034043] [WARNING] [vpicio_mts.c:197] PDC_CLIENT[23]: Attaching zfp gpu to index: 2
[16:11:10.034044] [WARNING] [vpicio_mts.c:197] PDC_CLIENT[24]: Attaching zfp gpu to index: 2
[16:11:10.034035] [WARNING] [vpicio_mts.c:197] PDC_CLIENT[25]: Attaching zfp gpu to index: 2
[16:11:10.034035] [WARNING] [vpicio_mts.c:197] PDC_CLIENT[26]: Attaching zfp gpu to index: 2
[16:11:10.034035] [WARNING] [vpicio_mts.c:197] PDC_CLIENT[27]: Attaching zfp gpu to index: 2
[16:11:10.034044] [WARNING] [vpicio_mts.c:197] PDC_CLIENT[28]: Attaching zfp gpu to index: 2
[16:11:10.034044] [WARNING] [vpicio_mts.c:197] PDC_CLIENT[29]: Attaching zfp gpu to index: 2
[16:11:10.034036] [WARNING] [vpicio_mts.c:197] PDC_CLIENT[30]: Attaching zfp gpu to index: 2
[16:11:10.034044] [WARNING] [vpicio_mts.c:197] PDC_CLIENT[31]: Attaching zfp gpu to index: 2
[16:11:10.035085] [WARNING] [vpicio_mts.c:197] PDC_CLIENT[0]: Attaching zfp gpu to index: 3
[16:11:10.035083] [WARNING] [vpicio_mts.c:197] PDC_CLIENT[1]: Attaching zfp gpu to index: 3
[16:11:10.035085] [WARNING] [vpicio_mts.c:197] PDC_CLIENT[2]: Attaching zfp gpu to index: 3
[16:11:10.035083] [WARNING] [vpicio_mts.c:197] PDC_CLIENT[3]: Attaching zfp gpu to index: 3
[16:11:10.035084] [WARNING] [vpicio_mts.c:197] PDC_CLIENT[4]: Attaching zfp gpu to index: 3
[16:11:10.035084] [WARNING] [vpicio_mts.c:197] PDC_CLIENT[5]: Attaching zfp gpu to index: 3
[16:11:10.035084] [WARNING] [vpicio_mts.c:197] PDC_CLIENT[6]: Attaching zfp gpu to index: 3
[16:11:10.035077] [WARNING] [vpicio_mts.c:197] PDC_CLIENT[7]: Attaching zfp gpu to index: 3
[16:11:10.035084] [WARNING] [vpicio_mts.c:197] PDC_CLIENT[8]: Attaching zfp gpu to index: 3
[16:11:10.035083] [WARNING] [vpicio_mts.c:197] PDC_CLIENT[9]: Attaching zfp gpu to index: 3
[16:11:10.035084] [WARNING] [vpicio_mts.c:197] PDC_CLIENT[10]: Attaching zfp gpu to index: 3
[16:11:10.035083] [WARNING] [vpicio_mts.c:197] PDC_CLIENT[11]: Attaching zfp gpu to index: 3
[16:11:10.035084] [WARNING] [vpicio_mts.c:197] PDC_CLIENT[12]: Attaching zfp gpu to index: 3
[16:11:10.035083] [WARNING] [vpicio_mts.c:197] PDC_CLIENT[13]: Attaching zfp gpu to index: 3
[16:11:10.035084] [WARNING] [vpicio_mts.c:197] PDC_CLIENT[14]: Attaching zfp gpu to index: 3
[16:11:10.035077] [WARNING] [vpicio_mts.c:197] PDC_CLIENT[15]: Attaching zfp gpu to index: 3
[16:11:10.035077] [WARNING] [vpicio_mts.c:197] PDC_CLIENT[16]: Attaching zfp gpu to index: 3
[16:11:10.035084] [WARNING] [vpicio_mts.c:197] PDC_CLIENT[17]: Attaching zfp gpu to index: 3
[16:11:10.035077] [WARNING] [vpicio_mts.c:197] PDC_CLIENT[18]: Attaching zfp gpu to index: 3
[16:11:10.035084] [WARNING] [vpicio_mts.c:197] PDC_CLIENT[19]: Attaching zfp gpu to index: 3
[16:11:10.035084] [WARNING] [vpicio_mts.c:197] PDC_CLIENT[20]: Attaching zfp gpu to index: 3
[16:11:10.035084] [WARNING] [vpicio_mts.c:197] PDC_CLIENT[21]: Attaching zfp gpu to index: 3
[16:11:10.035084] [WARNING] [vpicio_mts.c:197] PDC_CLIENT[22]: Attaching zfp gpu to index: 3
[16:11:10.035084] [WARNING] [vpicio_mts.c:197] PDC_CLIENT[23]: Attaching zfp gpu to index: 3
[16:11:10.035084] [WARNING] [vpicio_mts.c:197] PDC_CLIENT[24]: Attaching zfp gpu to index: 3
[16:11:10.035078] [WARNING] [vpicio_mts.c:197] PDC_CLIENT[25]: Attaching zfp gpu to index: 3
[16:11:10.035077] [WARNING] [vpicio_mts.c:197] PDC_CLIENT[26]: Attaching zfp gpu to index: 3
[16:11:10.035078] [WARNING] [vpicio_mts.c:197] PDC_CLIENT[27]: Attaching zfp gpu to index: 3
[16:11:10.035084] [WARNING] [vpicio_mts.c:197] PDC_CLIENT[28]: Attaching zfp gpu to index: 3
[16:11:10.035084] [WARNING] [vpicio_mts.c:197] PDC_CLIENT[29]: Attaching zfp gpu to index: 3
[16:11:10.035079] [WARNING] [vpicio_mts.c:197] PDC_CLIENT[30]: Attaching zfp gpu to index: 3
[16:11:10.035084] [WARNING] [vpicio_mts.c:197] PDC_CLIENT[31]: Attaching zfp gpu to index: 3
[16:11:10.036109] [WARNING] [vpicio_mts.c:197] PDC_CLIENT[0]: Attaching zfp gpu to index: 4
[16:11:10.036107] [WARNING] [vpicio_mts.c:197] PDC_CLIENT[1]: Attaching zfp gpu to index: 4
[16:11:10.036109] [WARNING] [vpicio_mts.c:197] PDC_CLIENT[2]: Attaching zfp gpu to index: 4
[16:11:10.036107] [WARNING] [vpicio_mts.c:197] PDC_CLIENT[3]: Attaching zfp gpu to index: 4
[16:11:10.036108] [WARNING] [vpicio_mts.c:197] PDC_CLIENT[4]: Attaching zfp gpu to index: 4
[16:11:10.036109] [WARNING] [vpicio_mts.c:197] PDC_CLIENT[5]: Attaching zfp gpu to index: 4
[16:11:10.036108] [WARNING] [vpicio_mts.c:197] PDC_CLIENT[6]: Attaching zfp gpu to index: 4
[16:11:10.036101] [WARNING] [vpicio_mts.c:197] PDC_CLIENT[7]: Attaching zfp gpu to index: 4
[16:11:10.036107] [WARNING] [vpicio_mts.c:197] PDC_CLIENT[8]: Attaching zfp gpu to index: 4
[16:11:10.036107] [WARNING] [vpicio_mts.c:197] PDC_CLIENT[9]: Attaching zfp gpu to index: 4
[16:11:10.036107] [WARNING] [vpicio_mts.c:197] PDC_CLIENT[10]: Attaching zfp gpu to index: 4
[16:11:10.036107] [WARNING] [vpicio_mts.c:197] PDC_CLIENT[11]: Attaching zfp gpu to index: 4
[16:11:10.036107] [WARNING] [vpicio_mts.c:197] PDC_CLIENT[12]: Attaching zfp gpu to index: 4
[16:11:10.036107] [WARNING] [vpicio_mts.c:197] PDC_CLIENT[13]: Attaching zfp gpu to index: 4
[16:11:10.036107] [WARNING] [vpicio_mts.c:197] PDC_CLIENT[14]: Attaching zfp gpu to index: 4
[16:11:10.036101] [WARNING] [vpicio_mts.c:197] PDC_CLIENT[15]: Attaching zfp gpu to index: 4
[16:11:10.036101] [WARNING] [vpicio_mts.c:197] PDC_CLIENT[16]: Attaching zfp gpu to index: 4
[16:11:10.036108] [WARNING] [vpicio_mts.c:197] PDC_CLIENT[17]: Attaching zfp gpu to index: 4
[16:11:10.036101] [WARNING] [vpicio_mts.c:197] PDC_CLIENT[18]: Attaching zfp gpu to index: 4
[16:11:10.036108] [WARNING] [vpicio_mts.c:197] PDC_CLIENT[19]: Attaching zfp gpu to index: 4
[16:11:10.036107] [WARNING] [vpicio_mts.c:197] PDC_CLIENT[20]: Attaching zfp gpu to index: 4
[16:11:10.036107] [WARNING] [vpicio_mts.c:197] PDC_CLIENT[21]: Attaching zfp gpu to index: 4
[16:11:10.036107] [WARNING] [vpicio_mts.c:197] PDC_CLIENT[22]: Attaching zfp gpu to index: 4
[16:11:10.036107] [WARNING] [vpicio_mts.c:197] PDC_CLIENT[23]: Attaching zfp gpu to index: 4
[16:11:10.036107] [WARNING] [vpicio_mts.c:197] PDC_CLIENT[24]: Attaching zfp gpu to index: 4
[16:11:10.036101] [WARNING] [vpicio_mts.c:197] PDC_CLIENT[25]: Attaching zfp gpu to index: 4
[16:11:10.036101] [WARNING] [vpicio_mts.c:197] PDC_CLIENT[26]: Attaching zfp gpu to index: 4
[16:11:10.036101] [WARNING] [vpicio_mts.c:197] PDC_CLIENT[27]: Attaching zfp gpu to index: 4
[16:11:10.036107] [WARNING] [vpicio_mts.c:197] PDC_CLIENT[28]: Attaching zfp gpu to index: 4
[16:11:10.036107] [WARNING] [vpicio_mts.c:197] PDC_CLIENT[29]: Attaching zfp gpu to index: 4
[16:11:10.036101] [WARNING] [vpicio_mts.c:197] PDC_CLIENT[30]: Attaching zfp gpu to index: 4
[16:11:10.036107] [WARNING] [vpicio_mts.c:197] PDC_CLIENT[31]: Attaching zfp gpu to index: 4
[16:11:10.036376] [WARNING] [vpicio_mts.c:197] PDC_CLIENT[1]: Attaching zfp gpu to index: 5
[16:11:10.036376] [WARNING] [vpicio_mts.c:197] PDC_CLIENT[2]: Attaching zfp gpu to index: 5
[16:11:10.036376] [WARNING] [vpicio_mts.c:197] PDC_CLIENT[3]: Attaching zfp gpu to index: 5
[16:11:10.036376] [WARNING] [vpicio_mts.c:197] PDC_CLIENT[4]: Attaching zfp gpu to index: 5
[16:11:10.036376] [WARNING] [vpicio_mts.c:197] PDC_CLIENT[5]: Attaching zfp gpu to index: 5
[16:11:10.036376] [WARNING] [vpicio_mts.c:197] PDC_CLIENT[6]: Attaching zfp gpu to index: 5
[16:11:10.036372] [WARNING] [vpicio_mts.c:197] PDC_CLIENT[7]: Attaching zfp gpu to index: 5
[16:11:10.036376] [WARNING] [vpicio_mts.c:197] PDC_CLIENT[8]: Attaching zfp gpu to index: 5
[16:11:10.036376] [WARNING] [vpicio_mts.c:197] PDC_CLIENT[9]: Attaching zfp gpu to index: 5
[16:11:10.036376] [WARNING] [vpicio_mts.c:197] PDC_CLIENT[10]: Attaching zfp gpu to index: 5
[16:11:10.036376] [WARNING] [vpicio_mts.c:197] PDC_CLIENT[11]: Attaching zfp gpu to index: 5
[16:11:10.036376] [WARNING] [vpicio_mts.c:197] PDC_CLIENT[12]: Attaching zfp gpu to index: 5
[16:11:10.036376] [WARNING] [vpicio_mts.c:197] PDC_CLIENT[13]: Attaching zfp gpu to index: 5
[16:11:10.036376] [WARNING] [vpicio_mts.c:197] PDC_CLIENT[14]: Attaching zfp gpu to index: 5
[16:11:10.036372] [WARNING] [vpicio_mts.c:197] PDC_CLIENT[15]: Attaching zfp gpu to index: 5
[16:11:10.036376] [WARNING] [vpicio_mts.c:197] PDC_CLIENT[0]: Attaching zfp gpu to index: 5
[16:11:10.037717] [WARNING] [vpicio_mts.c:197] PDC_CLIENT[16]: Attaching zfp gpu to index: 5
[16:11:10.037722] [WARNING] [vpicio_mts.c:197] PDC_CLIENT[17]: Attaching zfp gpu to index: 5
[16:11:10.037717] [WARNING] [vpicio_mts.c:197] PDC_CLIENT[18]: Attaching zfp gpu to index: 5
[16:11:10.037722] [WARNING] [vpicio_mts.c:197] PDC_CLIENT[19]: Attaching zfp gpu to index: 5
[16:11:10.037721] [WARNING] [vpicio_mts.c:197] PDC_CLIENT[20]: Attaching zfp gpu to index: 5
[16:11:10.037721] [WARNING] [vpicio_mts.c:197] PDC_CLIENT[21]: Attaching zfp gpu to index: 5
[16:11:10.037721] [WARNING] [vpicio_mts.c:197] PDC_CLIENT[22]: Attaching zfp gpu to index: 5
[16:11:10.037721] [WARNING] [vpicio_mts.c:197] PDC_CLIENT[23]: Attaching zfp gpu to index: 5
[16:11:10.037721] [WARNING] [vpicio_mts.c:197] PDC_CLIENT[24]: Attaching zfp gpu to index: 5
[16:11:10.037717] [WARNING] [vpicio_mts.c:197] PDC_CLIENT[25]: Attaching zfp gpu to index: 5
[16:11:10.037717] [WARNING] [vpicio_mts.c:197] PDC_CLIENT[26]: Attaching zfp gpu to index: 5
[16:11:10.037717] [WARNING] [vpicio_mts.c:197] PDC_CLIENT[27]: Attaching zfp gpu to index: 5
[16:11:10.037721] [WARNING] [vpicio_mts.c:197] PDC_CLIENT[28]: Attaching zfp gpu to index: 5
[16:11:10.037721] [WARNING] [vpicio_mts.c:197] PDC_CLIENT[29]: Attaching zfp gpu to index: 5
[16:11:10.037717] [WARNING] [vpicio_mts.c:197] PDC_CLIENT[30]: Attaching zfp gpu to index: 5
[16:11:10.037721] [WARNING] [vpicio_mts.c:197] PDC_CLIENT[31]: Attaching zfp gpu to index: 5
[16:11:10.038432] [WARNING] [vpicio_mts.c:212] PDC_CLIENT[0]: Obj create time: 1.08953e-02
[16:11:10.038599] [WARNING] [vpicio_mts.c:228] PDC_CLIENT[0]: Transfer create time: 1.76242e-04
[16:11:11.936057] [WARNING] [vpicio_mts.c:244] PDC_CLIENT[0]: Transfer start time: 1.89742e+00
[16:11:11.936338] [WARNING] [vpicio_mts.c:249] PDC_CLIENT[0]: Sleep start: 40.00
[16:11:51.936558] [WARNING] [vpicio_mts.c:252] PDC_CLIENT[0]: Sleep end: 40.00
[16:11:51.962695] [WARNING] [vpicio_mts.c:272] PDC_CLIENT[0]: Transfer wait time: 2.57321e-02
[16:11:52.063083] [WARNING] [vpicio_mts.c:286] PDC_CLIENT[0]: Transfer close time: 1.00376e-01
[16:11:52.063205] [WARNING] [vpicio_mts.c:300] PDC_CLIENT[0]: Obj close time: 1.34480e-04
[16:11:52.063296] [WARNING] [vpicio_mts.c:174] PDC_CLIENT[0]: #Step  1
[16:11:52.063518] [WARNING] [vpicio_mts.c:197] PDC_CLIENT[0]: Attaching zfp gpu to index: 8
[16:11:52.063543] [WARNING] [vpicio_mts.c:197] PDC_CLIENT[1]: Attaching zfp gpu to index: 8
[16:11:52.063522] [WARNING] [vpicio_mts.c:197] PDC_CLIENT[2]: Attaching zfp gpu to index: 8
[16:11:52.063543] [WARNING] [vpicio_mts.c:197] PDC_CLIENT[3]: Attaching zfp gpu to index: 8
[16:11:52.063520] [WARNING] [vpicio_mts.c:197] PDC_CLIENT[4]: Attaching zfp gpu to index: 8
[16:11:52.063543] [WARNING] [vpicio_mts.c:197] PDC_CLIENT[5]: Attaching zfp gpu to index: 8
[16:11:52.063538] [WARNING] [vpicio_mts.c:197] PDC_CLIENT[6]: Attaching zfp gpu to index: 8
[16:11:52.063543] [WARNING] [vpicio_mts.c:197] PDC_CLIENT[7]: Attaching zfp gpu to index: 8
[16:11:52.063541] [WARNING] [vpicio_mts.c:197] PDC_CLIENT[8]: Attaching zfp gpu to index: 8
[16:11:52.063543] [WARNING] [vpicio_mts.c:197] PDC_CLIENT[9]: Attaching zfp gpu to index: 8
[16:11:52.063521] [WARNING] [vpicio_mts.c:197] PDC_CLIENT[10]: Attaching zfp gpu to index: 8
[16:11:52.063543] [WARNING] [vpicio_mts.c:197] PDC_CLIENT[11]: Attaching zfp gpu to index: 8
[16:11:52.063539] [WARNING] [vpicio_mts.c:197] PDC_CLIENT[12]: Attaching zfp gpu to index: 8
[16:11:52.063543] [WARNING] [vpicio_mts.c:197] PDC_CLIENT[13]: Attaching zfp gpu to index: 8
[16:11:52.063521] [WARNING] [vpicio_mts.c:197] PDC_CLIENT[14]: Attaching zfp gpu to index: 8
[16:11:52.063543] [WARNING] [vpicio_mts.c:197] PDC_CLIENT[15]: Attaching zfp gpu to index: 8
[16:11:52.063539] [WARNING] [vpicio_mts.c:197] PDC_CLIENT[16]: Attaching zfp gpu to index: 8
[16:11:52.063543] [WARNING] [vpicio_mts.c:197] PDC_CLIENT[17]: Attaching zfp gpu to index: 8
[16:11:52.063539] [WARNING] [vpicio_mts.c:197] PDC_CLIENT[18]: Attaching zfp gpu to index: 8
[16:11:52.063522] [WARNING] [vpicio_mts.c:197] PDC_CLIENT[19]: Attaching zfp gpu to index: 8
[16:11:52.063538] [WARNING] [vpicio_mts.c:197] PDC_CLIENT[20]: Attaching zfp gpu to index: 8
[16:11:52.063543] [WARNING] [vpicio_mts.c:197] PDC_CLIENT[21]: Attaching zfp gpu to index: 8
[16:11:52.063537] [WARNING] [vpicio_mts.c:197] PDC_CLIENT[22]: Attaching zfp gpu to index: 8
[16:11:52.063522] [WARNING] [vpicio_mts.c:197] PDC_CLIENT[23]: Attaching zfp gpu to index: 8
[16:11:52.063537] [WARNING] [vpicio_mts.c:197] PDC_CLIENT[24]: Attaching zfp gpu to index: 8
[16:11:52.063543] [WARNING] [vpicio_mts.c:197] PDC_CLIENT[25]: Attaching zfp gpu to index: 8
[16:11:52.063537] [WARNING] [vpicio_mts.c:197] PDC_CLIENT[26]: Attaching zfp gpu to index: 8
[16:11:52.063543] [WARNING] [vpicio_mts.c:197] PDC_CLIENT[27]: Attaching zfp gpu to index: 8
[16:11:52.063522] [WARNING] [vpicio_mts.c:197] PDC_CLIENT[28]: Attaching zfp gpu to index: 8
[16:11:52.063542] [WARNING] [vpicio_mts.c:197] PDC_CLIENT[29]: Attaching zfp gpu to index: 8
[16:11:52.063540] [WARNING] [vpicio_mts.c:197] PDC_CLIENT[30]: Attaching zfp gpu to index: 8
[16:11:52.063523] [WARNING] [vpicio_mts.c:197] PDC_CLIENT[31]: Attaching zfp gpu to index: 8
[16:11:52.065015] [WARNING] [vpicio_mts.c:197] PDC_CLIENT[0]: Attaching zfp gpu to index: 9
[16:11:52.065013] [WARNING] [vpicio_mts.c:197] PDC_CLIENT[1]: Attaching zfp gpu to index: 9
[16:11:52.065008] [WARNING] [vpicio_mts.c:197] PDC_CLIENT[2]: Attaching zfp gpu to index: 9
[16:11:52.065013] [WARNING] [vpicio_mts.c:197] PDC_CLIENT[3]: Attaching zfp gpu to index: 9
[16:11:52.065007] [WARNING] [vpicio_mts.c:197] PDC_CLIENT[4]: Attaching zfp gpu to index: 9
[16:11:52.065013] [WARNING] [vpicio_mts.c:197] PDC_CLIENT[5]: Attaching zfp gpu to index: 9
[16:11:52.065013] [WARNING] [vpicio_mts.c:197] PDC_CLIENT[6]: Attaching zfp gpu to index: 9
[16:11:52.065013] [WARNING] [vpicio_mts.c:197] PDC_CLIENT[7]: Attaching zfp gpu to index: 9
[16:11:52.065012] [WARNING] [vpicio_mts.c:197] PDC_CLIENT[8]: Attaching zfp gpu to index: 9
[16:11:52.065013] [WARNING] [vpicio_mts.c:197] PDC_CLIENT[9]: Attaching zfp gpu to index: 9
[16:11:52.065006] [WARNING] [vpicio_mts.c:197] PDC_CLIENT[10]: Attaching zfp gpu to index: 9
[16:11:52.065013] [WARNING] [vpicio_mts.c:197] PDC_CLIENT[11]: Attaching zfp gpu to index: 9
[16:11:52.065013] [WARNING] [vpicio_mts.c:197] PDC_CLIENT[12]: Attaching zfp gpu to index: 9
[16:11:52.065013] [WARNING] [vpicio_mts.c:197] PDC_CLIENT[13]: Attaching zfp gpu to index: 9
[16:11:52.065007] [WARNING] [vpicio_mts.c:197] PDC_CLIENT[14]: Attaching zfp gpu to index: 9
[16:11:52.065013] [WARNING] [vpicio_mts.c:197] PDC_CLIENT[15]: Attaching zfp gpu to index: 9
[16:11:52.065013] [WARNING] [vpicio_mts.c:197] PDC_CLIENT[16]: Attaching zfp gpu to index: 9
[16:11:52.065013] [WARNING] [vpicio_mts.c:197] PDC_CLIENT[17]: Attaching zfp gpu to index: 9
[16:11:52.065013] [WARNING] [vpicio_mts.c:197] PDC_CLIENT[18]: Attaching zfp gpu to index: 9
[16:11:52.065008] [WARNING] [vpicio_mts.c:197] PDC_CLIENT[19]: Attaching zfp gpu to index: 9
[16:11:52.065014] [WARNING] [vpicio_mts.c:197] PDC_CLIENT[20]: Attaching zfp gpu to index: 9
[16:11:52.065014] [WARNING] [vpicio_mts.c:197] PDC_CLIENT[21]: Attaching zfp gpu to index: 9
[16:11:52.065014] [WARNING] [vpicio_mts.c:197] PDC_CLIENT[22]: Attaching zfp gpu to index: 9
[16:11:52.065009] [WARNING] [vpicio_mts.c:197] PDC_CLIENT[23]: Attaching zfp gpu to index: 9
[16:11:52.065014] [WARNING] [vpicio_mts.c:197] PDC_CLIENT[24]: Attaching zfp gpu to index: 9
[16:11:52.065014] [WARNING] [vpicio_mts.c:197] PDC_CLIENT[25]: Attaching zfp gpu to index: 9
[16:11:52.065014] [WARNING] [vpicio_mts.c:197] PDC_CLIENT[26]: Attaching zfp gpu to index: 9
[16:11:52.065014] [WARNING] [vpicio_mts.c:197] PDC_CLIENT[27]: Attaching zfp gpu to index: 9
[16:11:52.065008] [WARNING] [vpicio_mts.c:197] PDC_CLIENT[28]: Attaching zfp gpu to index: 9
[16:11:52.065013] [WARNING] [vpicio_mts.c:197] PDC_CLIENT[29]: Attaching zfp gpu to index: 9
[16:11:52.065013] [WARNING] [vpicio_mts.c:197] PDC_CLIENT[30]: Attaching zfp gpu to index: 9
[16:11:52.065008] [WARNING] [vpicio_mts.c:197] PDC_CLIENT[31]: Attaching zfp gpu to index: 9
[16:11:52.066172] [WARNING] [vpicio_mts.c:197] PDC_CLIENT[0]: Attaching zfp gpu to index: 10
[16:11:52.066171] [WARNING] [vpicio_mts.c:197] PDC_CLIENT[1]: Attaching zfp gpu to index: 10
[16:11:52.066164] [WARNING] [vpicio_mts.c:197] PDC_CLIENT[2]: Attaching zfp gpu to index: 10
[16:11:52.066171] [WARNING] [vpicio_mts.c:197] PDC_CLIENT[3]: Attaching zfp gpu to index: 10
[16:11:52.066164] [WARNING] [vpicio_mts.c:197] PDC_CLIENT[4]: Attaching zfp gpu to index: 10
[16:11:52.066171] [WARNING] [vpicio_mts.c:197] PDC_CLIENT[5]: Attaching zfp gpu to index: 10
[16:11:52.066171] [WARNING] [vpicio_mts.c:197] PDC_CLIENT[6]: Attaching zfp gpu to index: 10
[16:11:52.066171] [WARNING] [vpicio_mts.c:197] PDC_CLIENT[7]: Attaching zfp gpu to index: 10
[16:11:52.066172] [WARNING] [vpicio_mts.c:197] PDC_CLIENT[8]: Attaching zfp gpu to index: 10
[16:11:52.066170] [WARNING] [vpicio_mts.c:197] PDC_CLIENT[9]: Attaching zfp gpu to index: 10
[16:11:52.066164] [WARNING] [vpicio_mts.c:197] PDC_CLIENT[10]: Attaching zfp gpu to index: 10
[16:11:52.066170] [WARNING] [vpicio_mts.c:197] PDC_CLIENT[11]: Attaching zfp gpu to index: 10
[16:11:52.066171] [WARNING] [vpicio_mts.c:197] PDC_CLIENT[12]: Attaching zfp gpu to index: 10
[16:11:52.066170] [WARNING] [vpicio_mts.c:197] PDC_CLIENT[13]: Attaching zfp gpu to index: 10
[16:11:52.066164] [WARNING] [vpicio_mts.c:197] PDC_CLIENT[14]: Attaching zfp gpu to index: 10
[16:11:52.066170] [WARNING] [vpicio_mts.c:197] PDC_CLIENT[15]: Attaching zfp gpu to index: 10
[16:11:52.066171] [WARNING] [vpicio_mts.c:197] PDC_CLIENT[16]: Attaching zfp gpu to index: 10
[16:11:52.066170] [WARNING] [vpicio_mts.c:197] PDC_CLIENT[17]: Attaching zfp gpu to index: 10
[16:11:52.066171] [WARNING] [vpicio_mts.c:197] PDC_CLIENT[18]: Attaching zfp gpu to index: 10
[16:11:52.066164] [WARNING] [vpicio_mts.c:197] PDC_CLIENT[19]: Attaching zfp gpu to index: 10
[16:11:52.066172] [WARNING] [vpicio_mts.c:197] PDC_CLIENT[20]: Attaching zfp gpu to index: 10
[16:11:52.066170] [WARNING] [vpicio_mts.c:197] PDC_CLIENT[21]: Attaching zfp gpu to index: 10
[16:11:52.066172] [WARNING] [vpicio_mts.c:197] PDC_CLIENT[22]: Attaching zfp gpu to index: 10
[16:11:52.066164] [WARNING] [vpicio_mts.c:197] PDC_CLIENT[23]: Attaching zfp gpu to index: 10
[16:11:52.066171] [WARNING] [vpicio_mts.c:197] PDC_CLIENT[24]: Attaching zfp gpu to index: 10
[16:11:52.066171] [WARNING] [vpicio_mts.c:197] PDC_CLIENT[25]: Attaching zfp gpu to index: 10
[16:11:52.066171] [WARNING] [vpicio_mts.c:197] PDC_CLIENT[26]: Attaching zfp gpu to index: 10
[16:11:52.066171] [WARNING] [vpicio_mts.c:197] PDC_CLIENT[27]: Attaching zfp gpu to index: 10
[16:11:52.066164] [WARNING] [vpicio_mts.c:197] PDC_CLIENT[28]: Attaching zfp gpu to index: 10
[16:11:52.066171] [WARNING] [vpicio_mts.c:197] PDC_CLIENT[29]: Attaching zfp gpu to index: 10
[16:11:52.066170] [WARNING] [vpicio_mts.c:197] PDC_CLIENT[30]: Attaching zfp gpu to index: 10
[16:11:52.066164] [WARNING] [vpicio_mts.c:197] PDC_CLIENT[31]: Attaching zfp gpu to index: 10
[16:11:52.067419] [WARNING] [vpicio_mts.c:197] PDC_CLIENT[0]: Attaching zfp gpu to index: 11
[16:11:52.067417] [WARNING] [vpicio_mts.c:197] PDC_CLIENT[1]: Attaching zfp gpu to index: 11
[16:11:52.067412] [WARNING] [vpicio_mts.c:197] PDC_CLIENT[2]: Attaching zfp gpu to index: 11
[16:11:52.067417] [WARNING] [vpicio_mts.c:197] PDC_CLIENT[3]: Attaching zfp gpu to index: 11
[16:11:52.067411] [WARNING] [vpicio_mts.c:197] PDC_CLIENT[4]: Attaching zfp gpu to index: 11
[16:11:52.067418] [WARNING] [vpicio_mts.c:197] PDC_CLIENT[5]: Attaching zfp gpu to index: 11
[16:11:52.067418] [WARNING] [vpicio_mts.c:197] PDC_CLIENT[6]: Attaching zfp gpu to index: 11
[16:11:52.067418] [WARNING] [vpicio_mts.c:197] PDC_CLIENT[7]: Attaching zfp gpu to index: 11
[16:11:52.067417] [WARNING] [vpicio_mts.c:197] PDC_CLIENT[8]: Attaching zfp gpu to index: 11
[16:11:52.067417] [WARNING] [vpicio_mts.c:197] PDC_CLIENT[9]: Attaching zfp gpu to index: 11
[16:11:52.067411] [WARNING] [vpicio_mts.c:197] PDC_CLIENT[10]: Attaching zfp gpu to index: 11
[16:11:52.067417] [WARNING] [vpicio_mts.c:197] PDC_CLIENT[11]: Attaching zfp gpu to index: 11
[16:11:52.067418] [WARNING] [vpicio_mts.c:197] PDC_CLIENT[12]: Attaching zfp gpu to index: 11
[16:11:52.067418] [WARNING] [vpicio_mts.c:197] PDC_CLIENT[13]: Attaching zfp gpu to index: 11
[16:11:52.067411] [WARNING] [vpicio_mts.c:197] PDC_CLIENT[14]: Attaching zfp gpu to index: 11
[16:11:52.067418] [WARNING] [vpicio_mts.c:197] PDC_CLIENT[15]: Attaching zfp gpu to index: 11
[16:11:52.067418] [WARNING] [vpicio_mts.c:197] PDC_CLIENT[16]: Attaching zfp gpu to index: 11
[16:11:52.067419] [WARNING] [vpicio_mts.c:197] PDC_CLIENT[17]: Attaching zfp gpu to index: 11
[16:11:52.067418] [WARNING] [vpicio_mts.c:197] PDC_CLIENT[18]: Attaching zfp gpu to index: 11
[16:11:52.067412] [WARNING] [vpicio_mts.c:197] PDC_CLIENT[19]: Attaching zfp gpu to index: 11
[16:11:52.067418] [WARNING] [vpicio_mts.c:197] PDC_CLIENT[20]: Attaching zfp gpu to index: 11
[16:11:52.067417] [WARNING] [vpicio_mts.c:197] PDC_CLIENT[21]: Attaching zfp gpu to index: 11
[16:11:52.067418] [WARNING] [vpicio_mts.c:197] PDC_CLIENT[22]: Attaching zfp gpu to index: 11
[16:11:52.067411] [WARNING] [vpicio_mts.c:197] PDC_CLIENT[23]: Attaching zfp gpu to index: 11
[16:11:52.067418] [WARNING] [vpicio_mts.c:197] PDC_CLIENT[24]: Attaching zfp gpu to index: 11
[16:11:52.067418] [WARNING] [vpicio_mts.c:197] PDC_CLIENT[25]: Attaching zfp gpu to index: 11
[16:11:52.067418] [WARNING] [vpicio_mts.c:197] PDC_CLIENT[26]: Attaching zfp gpu to index: 11
[16:11:52.067418] [WARNING] [vpicio_mts.c:197] PDC_CLIENT[27]: Attaching zfp gpu to index: 11
[16:11:52.067411] [WARNING] [vpicio_mts.c:197] PDC_CLIENT[28]: Attaching zfp gpu to index: 11
[16:11:52.067418] [WARNING] [vpicio_mts.c:197] PDC_CLIENT[29]: Attaching zfp gpu to index: 11
[16:11:52.067672] [WARNING] [vpicio_mts.c:197] PDC_CLIENT[29]: Attaching zfp gpu to index: 12
[16:11:52.067417] [WARNING] [vpicio_mts.c:197] PDC_CLIENT[30]: Attaching zfp gpu to index: 11
[16:11:52.067673] [WARNING] [vpicio_mts.c:197] PDC_CLIENT[30]: Attaching zfp gpu to index: 12
[16:11:52.067411] [WARNING] [vpicio_mts.c:197] PDC_CLIENT[31]: Attaching zfp gpu to index: 11
[16:11:52.067668] [WARNING] [vpicio_mts.c:197] PDC_CLIENT[31]: Attaching zfp gpu to index: 12
[16:11:52.067674] [WARNING] [vpicio_mts.c:197] PDC_CLIENT[0]: Attaching zfp gpu to index: 12
[16:11:52.067672] [WARNING] [vpicio_mts.c:197] PDC_CLIENT[1]: Attaching zfp gpu to index: 12
[16:11:52.067667] [WARNING] [vpicio_mts.c:197] PDC_CLIENT[2]: Attaching zfp gpu to index: 12
[16:11:52.067672] [WARNING] [vpicio_mts.c:197] PDC_CLIENT[3]: Attaching zfp gpu to index: 12
[16:11:52.067666] [WARNING] [vpicio_mts.c:197] PDC_CLIENT[4]: Attaching zfp gpu to index: 12
[16:11:52.067672] [WARNING] [vpicio_mts.c:197] PDC_CLIENT[5]: Attaching zfp gpu to index: 12
[16:11:52.067672] [WARNING] [vpicio_mts.c:197] PDC_CLIENT[6]: Attaching zfp gpu to index: 12
[16:11:52.067672] [WARNING] [vpicio_mts.c:197] PDC_CLIENT[7]: Attaching zfp gpu to index: 12
[16:11:52.067672] [WARNING] [vpicio_mts.c:197] PDC_CLIENT[8]: Attaching zfp gpu to index: 12
[16:11:52.067672] [WARNING] [vpicio_mts.c:197] PDC_CLIENT[9]: Attaching zfp gpu to index: 12
[16:11:52.067667] [WARNING] [vpicio_mts.c:197] PDC_CLIENT[10]: Attaching zfp gpu to index: 12
[16:11:52.067672] [WARNING] [vpicio_mts.c:197] PDC_CLIENT[11]: Attaching zfp gpu to index: 12
[16:11:52.067673] [WARNING] [vpicio_mts.c:197] PDC_CLIENT[12]: Attaching zfp gpu to index: 12
[16:11:52.067672] [WARNING] [vpicio_mts.c:197] PDC_CLIENT[13]: Attaching zfp gpu to index: 12
[16:11:52.067667] [WARNING] [vpicio_mts.c:197] PDC_CLIENT[14]: Attaching zfp gpu to index: 12
[16:11:52.067672] [WARNING] [vpicio_mts.c:197] PDC_CLIENT[15]: Attaching zfp gpu to index: 12
[16:11:52.067673] [WARNING] [vpicio_mts.c:197] PDC_CLIENT[16]: Attaching zfp gpu to index: 12
[16:11:52.067673] [WARNING] [vpicio_mts.c:197] PDC_CLIENT[17]: Attaching zfp gpu to index: 12
[16:11:52.067673] [WARNING] [vpicio_mts.c:197] PDC_CLIENT[18]: Attaching zfp gpu to index: 12
[16:11:52.067668] [WARNING] [vpicio_mts.c:197] PDC_CLIENT[19]: Attaching zfp gpu to index: 12
[16:11:52.067674] [WARNING] [vpicio_mts.c:197] PDC_CLIENT[20]: Attaching zfp gpu to index: 12
[16:11:52.067673] [WARNING] [vpicio_mts.c:197] PDC_CLIENT[21]: Attaching zfp gpu to index: 12
[16:11:52.067674] [WARNING] [vpicio_mts.c:197] PDC_CLIENT[22]: Attaching zfp gpu to index: 12
[16:11:52.067674] [WARNING] [vpicio_mts.c:197] PDC_CLIENT[24]: Attaching zfp gpu to index: 12
[16:11:52.067673] [WARNING] [vpicio_mts.c:197] PDC_CLIENT[25]: Attaching zfp gpu to index: 12
[16:11:52.067674] [WARNING] [vpicio_mts.c:197] PDC_CLIENT[26]: Attaching zfp gpu to index: 12
[16:11:52.067673] [WARNING] [vpicio_mts.c:197] PDC_CLIENT[27]: Attaching zfp gpu to index: 12
[16:11:52.067668] [WARNING] [vpicio_mts.c:197] PDC_CLIENT[28]: Attaching zfp gpu to index: 12
[16:11:52.069369] [WARNING] [vpicio_mts.c:197] PDC_CLIENT[23]: Attaching zfp gpu to index: 12
[16:11:52.069538] [WARNING] [vpicio_mts.c:197] PDC_CLIENT[0]: Attaching zfp gpu to index: 13
[16:11:52.069536] [WARNING] [vpicio_mts.c:197] PDC_CLIENT[1]: Attaching zfp gpu to index: 13
[16:11:52.069531] [WARNING] [vpicio_mts.c:197] PDC_CLIENT[2]: Attaching zfp gpu to index: 13
[16:11:52.069536] [WARNING] [vpicio_mts.c:197] PDC_CLIENT[3]: Attaching zfp gpu to index: 13
[16:11:52.069530] [WARNING] [vpicio_mts.c:197] PDC_CLIENT[4]: Attaching zfp gpu to index: 13
[16:11:52.069536] [WARNING] [vpicio_mts.c:197] PDC_CLIENT[5]: Attaching zfp gpu to index: 13
[16:11:52.069536] [WARNING] [vpicio_mts.c:197] PDC_CLIENT[6]: Attaching zfp gpu to index: 13
[16:11:52.069536] [WARNING] [vpicio_mts.c:197] PDC_CLIENT[7]: Attaching zfp gpu to index: 13
[16:11:52.069536] [WARNING] [vpicio_mts.c:197] PDC_CLIENT[8]: Attaching zfp gpu to index: 13
[16:11:52.069535] [WARNING] [vpicio_mts.c:197] PDC_CLIENT[9]: Attaching zfp gpu to index: 13
[16:11:52.069530] [WARNING] [vpicio_mts.c:197] PDC_CLIENT[10]: Attaching zfp gpu to index: 13
[16:11:52.069535] [WARNING] [vpicio_mts.c:197] PDC_CLIENT[11]: Attaching zfp gpu to index: 13
[16:11:52.069537] [WARNING] [vpicio_mts.c:197] PDC_CLIENT[12]: Attaching zfp gpu to index: 13
[16:11:52.069536] [WARNING] [vpicio_mts.c:197] PDC_CLIENT[13]: Attaching zfp gpu to index: 13
[16:11:52.069530] [WARNING] [vpicio_mts.c:197] PDC_CLIENT[14]: Attaching zfp gpu to index: 13
[16:11:52.069536] [WARNING] [vpicio_mts.c:197] PDC_CLIENT[15]: Attaching zfp gpu to index: 13
[16:11:52.069537] [WARNING] [vpicio_mts.c:197] PDC_CLIENT[16]: Attaching zfp gpu to index: 13
[16:11:52.069536] [WARNING] [vpicio_mts.c:197] PDC_CLIENT[17]: Attaching zfp gpu to index: 13
[16:11:52.069537] [WARNING] [vpicio_mts.c:197] PDC_CLIENT[18]: Attaching zfp gpu to index: 13
[16:11:52.069531] [WARNING] [vpicio_mts.c:197] PDC_CLIENT[19]: Attaching zfp gpu to index: 13
[16:11:52.069537] [WARNING] [vpicio_mts.c:197] PDC_CLIENT[20]: Attaching zfp gpu to index: 13
[16:11:52.069537] [WARNING] [vpicio_mts.c:197] PDC_CLIENT[21]: Attaching zfp gpu to index: 13
[16:11:52.069537] [WARNING] [vpicio_mts.c:197] PDC_CLIENT[22]: Attaching zfp gpu to index: 13
[16:11:52.069531] [WARNING] [vpicio_mts.c:197] PDC_CLIENT[23]: Attaching zfp gpu to index: 13
[16:11:52.069537] [WARNING] [vpicio_mts.c:197] PDC_CLIENT[24]: Attaching zfp gpu to index: 13
[16:11:52.069536] [WARNING] [vpicio_mts.c:197] PDC_CLIENT[25]: Attaching zfp gpu to index: 13
[16:11:52.069537] [WARNING] [vpicio_mts.c:197] PDC_CLIENT[26]: Attaching zfp gpu to index: 13
[16:11:52.069536] [WARNING] [vpicio_mts.c:197] PDC_CLIENT[27]: Attaching zfp gpu to index: 13
[16:11:52.069531] [WARNING] [vpicio_mts.c:197] PDC_CLIENT[28]: Attaching zfp gpu to index: 13
[16:11:52.069536] [WARNING] [vpicio_mts.c:197] PDC_CLIENT[29]: Attaching zfp gpu to index: 13
[16:11:52.069537] [WARNING] [vpicio_mts.c:197] PDC_CLIENT[30]: Attaching zfp gpu to index: 13
[16:11:52.069530] [WARNING] [vpicio_mts.c:197] PDC_CLIENT[31]: Attaching zfp gpu to index: 13
[16:11:52.070691] [WARNING] [vpicio_mts.c:212] PDC_CLIENT[0]: Obj create time: 7.30303e-03
[16:11:52.070813] [WARNING] [vpicio_mts.c:228] PDC_CLIENT[0]: Transfer create time: 1.20383e-04
[16:11:54.102085] [WARNING] [vpicio_mts.c:244] PDC_CLIENT[0]: Transfer start time: 2.03126e+00
[16:11:54.102177] [WARNING] [vpicio_mts.c:249] PDC_CLIENT[0]: Sleep start: 40.00
[16:12:34.102256] [WARNING] [vpicio_mts.c:252] PDC_CLIENT[0]: Sleep end: 40.00
[16:12:34.185839] [WARNING] [vpicio_mts.c:272] PDC_CLIENT[0]: Transfer wait time: 5.19924e-02
[16:12:34.286911] [WARNING] [vpicio_mts.c:286] PDC_CLIENT[0]: Transfer close time: 1.01079e-01
[16:12:34.287121] [WARNING] [vpicio_mts.c:300] PDC_CLIENT[0]: Obj close time: 2.11479e-04
[16:12:34.287206] [WARNING] [vpicio_mts.c:174] PDC_CLIENT[0]: #Step  2
[16:12:34.287419] [WARNING] [vpicio_mts.c:197] PDC_CLIENT[0]: Attaching zfp gpu to index: 16
[16:12:34.287425] [WARNING] [vpicio_mts.c:197] PDC_CLIENT[1]: Attaching zfp gpu to index: 16
[16:12:34.287424] [WARNING] [vpicio_mts.c:197] PDC_CLIENT[2]: Attaching zfp gpu to index: 16
[16:12:34.287425] [WARNING] [vpicio_mts.c:197] PDC_CLIENT[3]: Attaching zfp gpu to index: 16
[16:12:34.287424] [WARNING] [vpicio_mts.c:197] PDC_CLIENT[4]: Attaching zfp gpu to index: 16
[16:12:34.287425] [WARNING] [vpicio_mts.c:197] PDC_CLIENT[5]: Attaching zfp gpu to index: 16
[16:12:34.287424] [WARNING] [vpicio_mts.c:197] PDC_CLIENT[6]: Attaching zfp gpu to index: 16
[16:12:34.287425] [WARNING] [vpicio_mts.c:197] PDC_CLIENT[7]: Attaching zfp gpu to index: 16
[16:12:34.287424] [WARNING] [vpicio_mts.c:197] PDC_CLIENT[8]: Attaching zfp gpu to index: 16
[16:12:34.287425] [WARNING] [vpicio_mts.c:197] PDC_CLIENT[9]: Attaching zfp gpu to index: 16
[16:12:34.287425] [WARNING] [vpicio_mts.c:197] PDC_CLIENT[10]: Attaching zfp gpu to index: 16
[16:12:34.287425] [WARNING] [vpicio_mts.c:197] PDC_CLIENT[11]: Attaching zfp gpu to index: 16
[16:12:34.287425] [WARNING] [vpicio_mts.c:197] PDC_CLIENT[12]: Attaching zfp gpu to index: 16
[16:12:34.287425] [WARNING] [vpicio_mts.c:197] PDC_CLIENT[13]: Attaching zfp gpu to index: 16
[16:12:34.287425] [WARNING] [vpicio_mts.c:197] PDC_CLIENT[14]: Attaching zfp gpu to index: 16
[16:12:34.287425] [WARNING] [vpicio_mts.c:197] PDC_CLIENT[15]: Attaching zfp gpu to index: 16
[16:12:34.287425] [WARNING] [vpicio_mts.c:197] PDC_CLIENT[16]: Attaching zfp gpu to index: 16
[16:12:34.287425] [WARNING] [vpicio_mts.c:197] PDC_CLIENT[17]: Attaching zfp gpu to index: 16
[16:12:34.287424] [WARNING] [vpicio_mts.c:197] PDC_CLIENT[18]: Attaching zfp gpu to index: 16
[16:12:34.287425] [WARNING] [vpicio_mts.c:197] PDC_CLIENT[19]: Attaching zfp gpu to index: 16
[16:12:34.287424] [WARNING] [vpicio_mts.c:197] PDC_CLIENT[20]: Attaching zfp gpu to index: 16
[16:12:34.287425] [WARNING] [vpicio_mts.c:197] PDC_CLIENT[21]: Attaching zfp gpu to index: 16
[16:12:34.287424] [WARNING] [vpicio_mts.c:197] PDC_CLIENT[22]: Attaching zfp gpu to index: 16
[16:12:34.287425] [WARNING] [vpicio_mts.c:197] PDC_CLIENT[23]: Attaching zfp gpu to index: 16
[16:12:34.287424] [WARNING] [vpicio_mts.c:197] PDC_CLIENT[24]: Attaching zfp gpu to index: 16
[16:12:34.287425] [WARNING] [vpicio_mts.c:197] PDC_CLIENT[25]: Attaching zfp gpu to index: 16
[16:12:34.287424] [WARNING] [vpicio_mts.c:197] PDC_CLIENT[26]: Attaching zfp gpu to index: 16
[16:12:34.287425] [WARNING] [vpicio_mts.c:197] PDC_CLIENT[27]: Attaching zfp gpu to index: 16
[16:12:34.287425] [WARNING] [vpicio_mts.c:197] PDC_CLIENT[28]: Attaching zfp gpu to index: 16
[16:12:34.287425] [WARNING] [vpicio_mts.c:197] PDC_CLIENT[29]: Attaching zfp gpu to index: 16
[16:12:34.287425] [WARNING] [vpicio_mts.c:197] PDC_CLIENT[30]: Attaching zfp gpu to index: 16
[16:12:34.287425] [WARNING] [vpicio_mts.c:197] PDC_CLIENT[31]: Attaching zfp gpu to index: 16
[16:12:34.288681] [WARNING] [vpicio_mts.c:197] PDC_CLIENT[0]: Attaching zfp gpu to index: 17
[16:12:34.288681] [WARNING] [vpicio_mts.c:197] PDC_CLIENT[1]: Attaching zfp gpu to index: 17
[16:12:34.288681] [WARNING] [vpicio_mts.c:197] PDC_CLIENT[2]: Attaching zfp gpu to index: 17
[16:12:34.288681] [WARNING] [vpicio_mts.c:197] PDC_CLIENT[3]: Attaching zfp gpu to index: 17
[16:12:34.288681] [WARNING] [vpicio_mts.c:197] PDC_CLIENT[4]: Attaching zfp gpu to index: 17
[16:12:34.288681] [WARNING] [vpicio_mts.c:197] PDC_CLIENT[5]: Attaching zfp gpu to index: 17
[16:12:34.288681] [WARNING] [vpicio_mts.c:197] PDC_CLIENT[6]: Attaching zfp gpu to index: 17
[16:12:34.288681] [WARNING] [vpicio_mts.c:197] PDC_CLIENT[7]: Attaching zfp gpu to index: 17
[16:12:34.288681] [WARNING] [vpicio_mts.c:197] PDC_CLIENT[8]: Attaching zfp gpu to index: 17
[16:12:34.288681] [WARNING] [vpicio_mts.c:197] PDC_CLIENT[9]: Attaching zfp gpu to index: 17
[16:12:34.288681] [WARNING] [vpicio_mts.c:197] PDC_CLIENT[10]: Attaching zfp gpu to index: 17
[16:12:34.288681] [WARNING] [vpicio_mts.c:197] PDC_CLIENT[11]: Attaching zfp gpu to index: 17
[16:12:34.288681] [WARNING] [vpicio_mts.c:197] PDC_CLIENT[12]: Attaching zfp gpu to index: 17
[16:12:34.288681] [WARNING] [vpicio_mts.c:197] PDC_CLIENT[13]: Attaching zfp gpu to index: 17
[16:12:34.288681] [WARNING] [vpicio_mts.c:197] PDC_CLIENT[14]: Attaching zfp gpu to index: 17
[16:12:34.288681] [WARNING] [vpicio_mts.c:197] PDC_CLIENT[15]: Attaching zfp gpu to index: 17
[16:12:34.288681] [WARNING] [vpicio_mts.c:197] PDC_CLIENT[16]: Attaching zfp gpu to index: 17
[16:12:34.288681] [WARNING] [vpicio_mts.c:197] PDC_CLIENT[17]: Attaching zfp gpu to index: 17
[16:12:34.288681] [WARNING] [vpicio_mts.c:197] PDC_CLIENT[18]: Attaching zfp gpu to index: 17
[16:12:34.288681] [WARNING] [vpicio_mts.c:197] PDC_CLIENT[19]: Attaching zfp gpu to index: 17
[16:12:34.288681] [WARNING] [vpicio_mts.c:197] PDC_CLIENT[20]: Attaching zfp gpu to index: 17
[16:12:34.288682] [WARNING] [vpicio_mts.c:197] PDC_CLIENT[21]: Attaching zfp gpu to index: 17
[16:12:34.288682] [WARNING] [vpicio_mts.c:197] PDC_CLIENT[22]: Attaching zfp gpu to index: 17
[16:12:34.288681] [WARNING] [vpicio_mts.c:197] PDC_CLIENT[23]: Attaching zfp gpu to index: 17
[16:12:34.288682] [WARNING] [vpicio_mts.c:197] PDC_CLIENT[24]: Attaching zfp gpu to index: 17
[16:12:34.288682] [WARNING] [vpicio_mts.c:197] PDC_CLIENT[25]: Attaching zfp gpu to index: 17
[16:12:34.288682] [WARNING] [vpicio_mts.c:197] PDC_CLIENT[26]: Attaching zfp gpu to index: 17
[16:12:34.288682] [WARNING] [vpicio_mts.c:197] PDC_CLIENT[27]: Attaching zfp gpu to index: 17
[16:12:34.288681] [WARNING] [vpicio_mts.c:197] PDC_CLIENT[28]: Attaching zfp gpu to index: 17
[16:12:34.288681] [WARNING] [vpicio_mts.c:197] PDC_CLIENT[29]: Attaching zfp gpu to index: 17
[16:12:34.288681] [WARNING] [vpicio_mts.c:197] PDC_CLIENT[30]: Attaching zfp gpu to index: 17
[16:12:34.288681] [WARNING] [vpicio_mts.c:197] PDC_CLIENT[31]: Attaching zfp gpu to index: 17
[16:12:34.289777] [WARNING] [vpicio_mts.c:197] PDC_CLIENT[0]: Attaching zfp gpu to index: 18
[16:12:34.289776] [WARNING] [vpicio_mts.c:197] PDC_CLIENT[1]: Attaching zfp gpu to index: 18
[16:12:34.289777] [WARNING] [vpicio_mts.c:197] PDC_CLIENT[2]: Attaching zfp gpu to index: 18
[16:12:34.289776] [WARNING] [vpicio_mts.c:197] PDC_CLIENT[3]: Attaching zfp gpu to index: 18
[16:12:34.289776] [WARNING] [vpicio_mts.c:197] PDC_CLIENT[4]: Attaching zfp gpu to index: 18
[16:12:34.289776] [WARNING] [vpicio_mts.c:197] PDC_CLIENT[5]: Attaching zfp gpu to index: 18
[16:12:34.289776] [WARNING] [vpicio_mts.c:197] PDC_CLIENT[6]: Attaching zfp gpu to index: 18
[16:12:34.289776] [WARNING] [vpicio_mts.c:197] PDC_CLIENT[7]: Attaching zfp gpu to index: 18
[16:12:34.289776] [WARNING] [vpicio_mts.c:197] PDC_CLIENT[8]: Attaching zfp gpu to index: 18
[16:12:34.289776] [WARNING] [vpicio_mts.c:197] PDC_CLIENT[9]: Attaching zfp gpu to index: 18
[16:12:34.289776] [WARNING] [vpicio_mts.c:197] PDC_CLIENT[10]: Attaching zfp gpu to index: 18
[16:12:34.289776] [WARNING] [vpicio_mts.c:197] PDC_CLIENT[11]: Attaching zfp gpu to index: 18
[16:12:34.289776] [WARNING] [vpicio_mts.c:197] PDC_CLIENT[12]: Attaching zfp gpu to index: 18
[16:12:34.289776] [WARNING] [vpicio_mts.c:197] PDC_CLIENT[13]: Attaching zfp gpu to index: 18
[16:12:34.289776] [WARNING] [vpicio_mts.c:197] PDC_CLIENT[14]: Attaching zfp gpu to index: 18
[16:12:34.289776] [WARNING] [vpicio_mts.c:197] PDC_CLIENT[15]: Attaching zfp gpu to index: 18
[16:12:34.289776] [WARNING] [vpicio_mts.c:197] PDC_CLIENT[16]: Attaching zfp gpu to index: 18
[16:12:34.289776] [WARNING] [vpicio_mts.c:197] PDC_CLIENT[17]: Attaching zfp gpu to index: 18
[16:12:34.289776] [WARNING] [vpicio_mts.c:197] PDC_CLIENT[18]: Attaching zfp gpu to index: 18
[16:12:34.289776] [WARNING] [vpicio_mts.c:197] PDC_CLIENT[19]: Attaching zfp gpu to index: 18
[16:12:34.289776] [WARNING] [vpicio_mts.c:197] PDC_CLIENT[20]: Attaching zfp gpu to index: 18
[16:12:34.289776] [WARNING] [vpicio_mts.c:197] PDC_CLIENT[21]: Attaching zfp gpu to index: 18
[16:12:34.289776] [WARNING] [vpicio_mts.c:197] PDC_CLIENT[22]: Attaching zfp gpu to index: 18
[16:12:34.289776] [WARNING] [vpicio_mts.c:197] PDC_CLIENT[23]: Attaching zfp gpu to index: 18
[16:12:34.289776] [WARNING] [vpicio_mts.c:197] PDC_CLIENT[24]: Attaching zfp gpu to index: 18
[16:12:34.289776] [WARNING] [vpicio_mts.c:197] PDC_CLIENT[25]: Attaching zfp gpu to index: 18
[16:12:34.289776] [WARNING] [vpicio_mts.c:197] PDC_CLIENT[26]: Attaching zfp gpu to index: 18
[16:12:34.289776] [WARNING] [vpicio_mts.c:197] PDC_CLIENT[27]: Attaching zfp gpu to index: 18
[16:12:34.290053] [WARNING] [vpicio_mts.c:197] PDC_CLIENT[27]: Attaching zfp gpu to index: 19
[16:12:34.289776] [WARNING] [vpicio_mts.c:197] PDC_CLIENT[28]: Attaching zfp gpu to index: 18
[16:12:34.290054] [WARNING] [vpicio_mts.c:197] PDC_CLIENT[28]: Attaching zfp gpu to index: 19
[16:12:34.289776] [WARNING] [vpicio_mts.c:197] PDC_CLIENT[29]: Attaching zfp gpu to index: 18
[16:12:34.290053] [WARNING] [vpicio_mts.c:197] PDC_CLIENT[29]: Attaching zfp gpu to index: 19
[16:12:34.289776] [WARNING] [vpicio_mts.c:197] PDC_CLIENT[30]: Attaching zfp gpu to index: 18
[16:12:34.290054] [WARNING] [vpicio_mts.c:197] PDC_CLIENT[30]: Attaching zfp gpu to index: 19
[16:12:34.289776] [WARNING] [vpicio_mts.c:197] PDC_CLIENT[31]: Attaching zfp gpu to index: 18
[16:12:34.290053] [WARNING] [vpicio_mts.c:197] PDC_CLIENT[31]: Attaching zfp gpu to index: 19
[16:12:34.290054] [WARNING] [vpicio_mts.c:197] PDC_CLIENT[0]: Attaching zfp gpu to index: 19
[16:12:34.290053] [WARNING] [vpicio_mts.c:197] PDC_CLIENT[1]: Attaching zfp gpu to index: 19
[16:12:34.290054] [WARNING] [vpicio_mts.c:197] PDC_CLIENT[2]: Attaching zfp gpu to index: 19
[16:12:34.290053] [WARNING] [vpicio_mts.c:197] PDC_CLIENT[4]: Attaching zfp gpu to index: 19
[16:12:34.290053] [WARNING] [vpicio_mts.c:197] PDC_CLIENT[5]: Attaching zfp gpu to index: 19
[16:12:34.290053] [WARNING] [vpicio_mts.c:197] PDC_CLIENT[6]: Attaching zfp gpu to index: 19
[16:12:34.290053] [WARNING] [vpicio_mts.c:197] PDC_CLIENT[7]: Attaching zfp gpu to index: 19
[16:12:34.290054] [WARNING] [vpicio_mts.c:197] PDC_CLIENT[8]: Attaching zfp gpu to index: 19
[16:12:34.290053] [WARNING] [vpicio_mts.c:197] PDC_CLIENT[9]: Attaching zfp gpu to index: 19
[16:12:34.290053] [WARNING] [vpicio_mts.c:197] PDC_CLIENT[10]: Attaching zfp gpu to index: 19
[16:12:34.290053] [WARNING] [vpicio_mts.c:197] PDC_CLIENT[11]: Attaching zfp gpu to index: 19
[16:12:34.290053] [WARNING] [vpicio_mts.c:197] PDC_CLIENT[12]: Attaching zfp gpu to index: 19
[16:12:34.290053] [WARNING] [vpicio_mts.c:197] PDC_CLIENT[13]: Attaching zfp gpu to index: 19
[16:12:34.290053] [WARNING] [vpicio_mts.c:197] PDC_CLIENT[14]: Attaching zfp gpu to index: 19
[16:12:34.290053] [WARNING] [vpicio_mts.c:197] PDC_CLIENT[15]: Attaching zfp gpu to index: 19
[16:12:34.290053] [WARNING] [vpicio_mts.c:197] PDC_CLIENT[16]: Attaching zfp gpu to index: 19
[16:12:34.290053] [WARNING] [vpicio_mts.c:197] PDC_CLIENT[17]: Attaching zfp gpu to index: 19
[16:12:34.290053] [WARNING] [vpicio_mts.c:197] PDC_CLIENT[18]: Attaching zfp gpu to index: 19
[16:12:34.290053] [WARNING] [vpicio_mts.c:197] PDC_CLIENT[19]: Attaching zfp gpu to index: 19
[16:12:34.290053] [WARNING] [vpicio_mts.c:197] PDC_CLIENT[20]: Attaching zfp gpu to index: 19
[16:12:34.290053] [WARNING] [vpicio_mts.c:197] PDC_CLIENT[21]: Attaching zfp gpu to index: 19
[16:12:34.290053] [WARNING] [vpicio_mts.c:197] PDC_CLIENT[22]: Attaching zfp gpu to index: 19
[16:12:34.290053] [WARNING] [vpicio_mts.c:197] PDC_CLIENT[23]: Attaching zfp gpu to index: 19
[16:12:34.290053] [WARNING] [vpicio_mts.c:197] PDC_CLIENT[24]: Attaching zfp gpu to index: 19
[16:12:34.290053] [WARNING] [vpicio_mts.c:197] PDC_CLIENT[25]: Attaching zfp gpu to index: 19
[16:12:34.290053] [WARNING] [vpicio_mts.c:197] PDC_CLIENT[26]: Attaching zfp gpu to index: 19
[16:12:34.291754] [WARNING] [vpicio_mts.c:197] PDC_CLIENT[3]: Attaching zfp gpu to index: 19
[16:12:34.291917] [WARNING] [vpicio_mts.c:197] PDC_CLIENT[0]: Attaching zfp gpu to index: 20
[16:12:34.291917] [WARNING] [vpicio_mts.c:197] PDC_CLIENT[1]: Attaching zfp gpu to index: 20
[16:12:34.291917] [WARNING] [vpicio_mts.c:197] PDC_CLIENT[2]: Attaching zfp gpu to index: 20
[16:12:34.291916] [WARNING] [vpicio_mts.c:197] PDC_CLIENT[3]: Attaching zfp gpu to index: 20
[16:12:34.291916] [WARNING] [vpicio_mts.c:197] PDC_CLIENT[4]: Attaching zfp gpu to index: 20
[16:12:34.291916] [WARNING] [vpicio_mts.c:197] PDC_CLIENT[5]: Attaching zfp gpu to index: 20
[16:12:34.291916] [WARNING] [vpicio_mts.c:197] PDC_CLIENT[6]: Attaching zfp gpu to index: 20
[16:12:34.291916] [WARNING] [vpicio_mts.c:197] PDC_CLIENT[7]: Attaching zfp gpu to index: 20
[16:12:34.291916] [WARNING] [vpicio_mts.c:197] PDC_CLIENT[8]: Attaching zfp gpu to index: 20
[16:12:34.291916] [WARNING] [vpicio_mts.c:197] PDC_CLIENT[9]: Attaching zfp gpu to index: 20
[16:12:34.291916] [WARNING] [vpicio_mts.c:197] PDC_CLIENT[10]: Attaching zfp gpu to index: 20
[16:12:34.291916] [WARNING] [vpicio_mts.c:197] PDC_CLIENT[11]: Attaching zfp gpu to index: 20
[16:12:34.291916] [WARNING] [vpicio_mts.c:197] PDC_CLIENT[12]: Attaching zfp gpu to index: 20
[16:12:34.291916] [WARNING] [vpicio_mts.c:197] PDC_CLIENT[13]: Attaching zfp gpu to index: 20
[16:12:34.291916] [WARNING] [vpicio_mts.c:197] PDC_CLIENT[14]: Attaching zfp gpu to index: 20
[16:12:34.291916] [WARNING] [vpicio_mts.c:197] PDC_CLIENT[15]: Attaching zfp gpu to index: 20
[16:12:34.291916] [WARNING] [vpicio_mts.c:197] PDC_CLIENT[16]: Attaching zfp gpu to index: 20
[16:12:34.291917] [WARNING] [vpicio_mts.c:197] PDC_CLIENT[17]: Attaching zfp gpu to index: 20
[16:12:34.291917] [WARNING] [vpicio_mts.c:197] PDC_CLIENT[18]: Attaching zfp gpu to index: 20
[16:12:34.291917] [WARNING] [vpicio_mts.c:197] PDC_CLIENT[19]: Attaching zfp gpu to index: 20
[16:12:34.291917] [WARNING] [vpicio_mts.c:197] PDC_CLIENT[20]: Attaching zfp gpu to index: 20
[16:12:34.291917] [WARNING] [vpicio_mts.c:197] PDC_CLIENT[21]: Attaching zfp gpu to index: 20
[16:12:34.291917] [WARNING] [vpicio_mts.c:197] PDC_CLIENT[22]: Attaching zfp gpu to index: 20
[16:12:34.291917] [WARNING] [vpicio_mts.c:197] PDC_CLIENT[23]: Attaching zfp gpu to index: 20
[16:12:34.291917] [WARNING] [vpicio_mts.c:197] PDC_CLIENT[24]: Attaching zfp gpu to index: 20
[16:12:34.291917] [WARNING] [vpicio_mts.c:197] PDC_CLIENT[25]: Attaching zfp gpu to index: 20
[16:12:34.291917] [WARNING] [vpicio_mts.c:197] PDC_CLIENT[26]: Attaching zfp gpu to index: 20
[16:12:34.291917] [WARNING] [vpicio_mts.c:197] PDC_CLIENT[27]: Attaching zfp gpu to index: 20
[16:12:34.291917] [WARNING] [vpicio_mts.c:197] PDC_CLIENT[28]: Attaching zfp gpu to index: 20
[16:12:34.291917] [WARNING] [vpicio_mts.c:197] PDC_CLIENT[29]: Attaching zfp gpu to index: 20
[16:12:34.291917] [WARNING] [vpicio_mts.c:197] PDC_CLIENT[30]: Attaching zfp gpu to index: 20
[16:12:34.291917] [WARNING] [vpicio_mts.c:197] PDC_CLIENT[31]: Attaching zfp gpu to index: 20
[16:12:34.292170] [WARNING] [vpicio_mts.c:197] PDC_CLIENT[0]: Attaching zfp gpu to index: 21
[16:12:34.292170] [WARNING] [vpicio_mts.c:197] PDC_CLIENT[1]: Attaching zfp gpu to index: 21
[16:12:34.292170] [WARNING] [vpicio_mts.c:197] PDC_CLIENT[2]: Attaching zfp gpu to index: 21
[16:12:34.292170] [WARNING] [vpicio_mts.c:197] PDC_CLIENT[3]: Attaching zfp gpu to index: 21
[16:12:34.292170] [WARNING] [vpicio_mts.c:197] PDC_CLIENT[4]: Attaching zfp gpu to index: 21
[16:12:34.292170] [WARNING] [vpicio_mts.c:197] PDC_CLIENT[5]: Attaching zfp gpu to index: 21
[16:12:34.292170] [WARNING] [vpicio_mts.c:197] PDC_CLIENT[6]: Attaching zfp gpu to index: 21
[16:12:34.292170] [WARNING] [vpicio_mts.c:197] PDC_CLIENT[7]: Attaching zfp gpu to index: 21
[16:12:34.292170] [WARNING] [vpicio_mts.c:197] PDC_CLIENT[8]: Attaching zfp gpu to index: 21
[16:12:34.292170] [WARNING] [vpicio_mts.c:197] PDC_CLIENT[10]: Attaching zfp gpu to index: 21
[16:12:34.292171] [WARNING] [vpicio_mts.c:197] PDC_CLIENT[11]: Attaching zfp gpu to index: 21
[16:12:34.292171] [WARNING] [vpicio_mts.c:197] PDC_CLIENT[12]: Attaching zfp gpu to index: 21
[16:12:34.292171] [WARNING] [vpicio_mts.c:197] PDC_CLIENT[13]: Attaching zfp gpu to index: 21
[16:12:34.292171] [WARNING] [vpicio_mts.c:197] PDC_CLIENT[14]: Attaching zfp gpu to index: 21
[16:12:34.292171] [WARNING] [vpicio_mts.c:197] PDC_CLIENT[15]: Attaching zfp gpu to index: 21
[16:12:34.292171] [WARNING] [vpicio_mts.c:197] PDC_CLIENT[16]: Attaching zfp gpu to index: 21
[16:12:34.292171] [WARNING] [vpicio_mts.c:197] PDC_CLIENT[17]: Attaching zfp gpu to index: 21
[16:12:34.292171] [WARNING] [vpicio_mts.c:197] PDC_CLIENT[18]: Attaching zfp gpu to index: 21
[16:12:34.292171] [WARNING] [vpicio_mts.c:197] PDC_CLIENT[19]: Attaching zfp gpu to index: 21
[16:12:34.292172] [WARNING] [vpicio_mts.c:197] PDC_CLIENT[20]: Attaching zfp gpu to index: 21
[16:12:34.292171] [WARNING] [vpicio_mts.c:197] PDC_CLIENT[21]: Attaching zfp gpu to index: 21
[16:12:34.292172] [WARNING] [vpicio_mts.c:197] PDC_CLIENT[22]: Attaching zfp gpu to index: 21
[16:12:34.292171] [WARNING] [vpicio_mts.c:197] PDC_CLIENT[23]: Attaching zfp gpu to index: 21
[16:12:34.292171] [WARNING] [vpicio_mts.c:197] PDC_CLIENT[24]: Attaching zfp gpu to index: 21
[16:12:34.292171] [WARNING] [vpicio_mts.c:197] PDC_CLIENT[25]: Attaching zfp gpu to index: 21
[16:12:34.292171] [WARNING] [vpicio_mts.c:197] PDC_CLIENT[26]: Attaching zfp gpu to index: 21
[16:12:34.292171] [WARNING] [vpicio_mts.c:197] PDC_CLIENT[27]: Attaching zfp gpu to index: 21
[16:12:34.292171] [WARNING] [vpicio_mts.c:197] PDC_CLIENT[28]: Attaching zfp gpu to index: 21
[16:12:34.292171] [WARNING] [vpicio_mts.c:197] PDC_CLIENT[29]: Attaching zfp gpu to index: 21
[16:12:34.292171] [WARNING] [vpicio_mts.c:197] PDC_CLIENT[30]: Attaching zfp gpu to index: 21
[16:12:34.292171] [WARNING] [vpicio_mts.c:197] PDC_CLIENT[31]: Attaching zfp gpu to index: 21
[16:12:34.293962] [WARNING] [vpicio_mts.c:197] PDC_CLIENT[9]: Attaching zfp gpu to index: 21
[16:12:34.294195] [WARNING] [vpicio_mts.c:212] PDC_CLIENT[0]: Obj create time: 6.91251e-03
[16:12:34.294309] [WARNING] [vpicio_mts.c:228] PDC_CLIENT[0]: Transfer create time: 1.15303e-04
[16:12:36.329835] [WARNING] [vpicio_mts.c:244] PDC_CLIENT[0]: Transfer start time: 2.03552e+00
[16:12:36.330075] [WARNING] [vpicio_mts.c:249] PDC_CLIENT[0]: Sleep start: 40.00
[16:13:16.330216] [WARNING] [vpicio_mts.c:252] PDC_CLIENT[0]: Sleep end: 40.00
[16:13:16.389838] [WARNING] [vpicio_mts.c:272] PDC_CLIENT[0]: Transfer wait time: 4.39070e-02
[16:13:16.474912] [WARNING] [vpicio_mts.c:286] PDC_CLIENT[0]: Transfer close time: 8.50787e-02
[16:13:16.475038] [WARNING] [vpicio_mts.c:300] PDC_CLIENT[0]: Obj close time: 1.28269e-04
[16:13:16.475123] [WARNING] [vpicio_mts.c:174] PDC_CLIENT[0]: #Step  3
[16:13:16.475323] [WARNING] [vpicio_mts.c:197] PDC_CLIENT[0]: Attaching zfp gpu to index: 24
[16:13:16.475328] [WARNING] [vpicio_mts.c:197] PDC_CLIENT[28]: Attaching zfp gpu to index: 24
[16:13:16.475328] [WARNING] [vpicio_mts.c:197] PDC_CLIENT[30]: Attaching zfp gpu to index: 24
[16:13:16.475324] [WARNING] [vpicio_mts.c:197] PDC_CLIENT[1]: Attaching zfp gpu to index: 24
[16:13:16.475327] [WARNING] [vpicio_mts.c:197] PDC_CLIENT[2]: Attaching zfp gpu to index: 24
[16:13:16.475324] [WARNING] [vpicio_mts.c:197] PDC_CLIENT[3]: Attaching zfp gpu to index: 24
[16:13:16.475327] [WARNING] [vpicio_mts.c:197] PDC_CLIENT[4]: Attaching zfp gpu to index: 24
[16:13:16.475325] [WARNING] [vpicio_mts.c:197] PDC_CLIENT[5]: Attaching zfp gpu to index: 24
[16:13:16.475327] [WARNING] [vpicio_mts.c:197] PDC_CLIENT[6]: Attaching zfp gpu to index: 24
[16:13:16.475324] [WARNING] [vpicio_mts.c:197] PDC_CLIENT[7]: Attaching zfp gpu to index: 24
[16:13:16.475328] [WARNING] [vpicio_mts.c:197] PDC_CLIENT[8]: Attaching zfp gpu to index: 24
[16:13:16.475324] [WARNING] [vpicio_mts.c:197] PDC_CLIENT[9]: Attaching zfp gpu to index: 24
[16:13:16.475328] [WARNING] [vpicio_mts.c:197] PDC_CLIENT[10]: Attaching zfp gpu to index: 24
[16:13:16.475324] [WARNING] [vpicio_mts.c:197] PDC_CLIENT[11]: Attaching zfp gpu to index: 24
[16:13:16.475328] [WARNING] [vpicio_mts.c:197] PDC_CLIENT[12]: Attaching zfp gpu to index: 24
[16:13:16.475324] [WARNING] [vpicio_mts.c:197] PDC_CLIENT[13]: Attaching zfp gpu to index: 24
[16:13:16.475327] [WARNING] [vpicio_mts.c:197] PDC_CLIENT[14]: Attaching zfp gpu to index: 24
[16:13:16.475324] [WARNING] [vpicio_mts.c:197] PDC_CLIENT[15]: Attaching zfp gpu to index: 24
[16:13:16.475327] [WARNING] [vpicio_mts.c:197] PDC_CLIENT[16]: Attaching zfp gpu to index: 24
[16:13:16.475324] [WARNING] [vpicio_mts.c:197] PDC_CLIENT[17]: Attaching zfp gpu to index: 24
[16:13:16.475326] [WARNING] [vpicio_mts.c:197] PDC_CLIENT[18]: Attaching zfp gpu to index: 24
[16:13:16.475324] [WARNING] [vpicio_mts.c:197] PDC_CLIENT[19]: Attaching zfp gpu to index: 24
[16:13:16.475327] [WARNING] [vpicio_mts.c:197] PDC_CLIENT[20]: Attaching zfp gpu to index: 24
[16:13:16.475325] [WARNING] [vpicio_mts.c:197] PDC_CLIENT[21]: Attaching zfp gpu to index: 24
[16:13:16.475327] [WARNING] [vpicio_mts.c:197] PDC_CLIENT[22]: Attaching zfp gpu to index: 24
[16:13:16.475325] [WARNING] [vpicio_mts.c:197] PDC_CLIENT[23]: Attaching zfp gpu to index: 24
[16:13:16.475327] [WARNING] [vpicio_mts.c:197] PDC_CLIENT[24]: Attaching zfp gpu to index: 24
[16:13:16.475325] [WARNING] [vpicio_mts.c:197] PDC_CLIENT[25]: Attaching zfp gpu to index: 24
[16:13:16.475327] [WARNING] [vpicio_mts.c:197] PDC_CLIENT[26]: Attaching zfp gpu to index: 24
[16:13:16.475325] [WARNING] [vpicio_mts.c:197] PDC_CLIENT[27]: Attaching zfp gpu to index: 24
[16:13:16.475324] [WARNING] [vpicio_mts.c:197] PDC_CLIENT[29]: Attaching zfp gpu to index: 24
[16:13:16.475324] [WARNING] [vpicio_mts.c:197] PDC_CLIENT[31]: Attaching zfp gpu to index: 24
[16:13:16.476648] [WARNING] [vpicio_mts.c:197] PDC_CLIENT[0]: Attaching zfp gpu to index: 25
[16:13:16.476649] [WARNING] [vpicio_mts.c:197] PDC_CLIENT[1]: Attaching zfp gpu to index: 25
[16:13:16.476648] [WARNING] [vpicio_mts.c:197] PDC_CLIENT[2]: Attaching zfp gpu to index: 25
[16:13:16.476648] [WARNING] [vpicio_mts.c:197] PDC_CLIENT[3]: Attaching zfp gpu to index: 25
[16:13:16.476648] [WARNING] [vpicio_mts.c:197] PDC_CLIENT[4]: Attaching zfp gpu to index: 25
[16:13:16.476648] [WARNING] [vpicio_mts.c:197] PDC_CLIENT[5]: Attaching zfp gpu to index: 25
[16:13:16.476648] [WARNING] [vpicio_mts.c:197] PDC_CLIENT[6]: Attaching zfp gpu to index: 25
[16:13:16.476648] [WARNING] [vpicio_mts.c:197] PDC_CLIENT[7]: Attaching zfp gpu to index: 25
[16:13:16.476648] [WARNING] [vpicio_mts.c:197] PDC_CLIENT[8]: Attaching zfp gpu to index: 25
[16:13:16.476648] [WARNING] [vpicio_mts.c:197] PDC_CLIENT[9]: Attaching zfp gpu to index: 25
[16:13:16.476648] [WARNING] [vpicio_mts.c:197] PDC_CLIENT[10]: Attaching zfp gpu to index: 25
[16:13:16.476648] [WARNING] [vpicio_mts.c:197] PDC_CLIENT[11]: Attaching zfp gpu to index: 25
[16:13:16.476648] [WARNING] [vpicio_mts.c:197] PDC_CLIENT[12]: Attaching zfp gpu to index: 25
[16:13:16.476648] [WARNING] [vpicio_mts.c:197] PDC_CLIENT[13]: Attaching zfp gpu to index: 25
[16:13:16.476648] [WARNING] [vpicio_mts.c:197] PDC_CLIENT[14]: Attaching zfp gpu to index: 25
[16:13:16.476648] [WARNING] [vpicio_mts.c:197] PDC_CLIENT[15]: Attaching zfp gpu to index: 25
[16:13:16.476648] [WARNING] [vpicio_mts.c:197] PDC_CLIENT[16]: Attaching zfp gpu to index: 25
[16:13:16.476648] [WARNING] [vpicio_mts.c:197] PDC_CLIENT[17]: Attaching zfp gpu to index: 25
[16:13:16.476648] [WARNING] [vpicio_mts.c:197] PDC_CLIENT[18]: Attaching zfp gpu to index: 25
[16:13:16.476648] [WARNING] [vpicio_mts.c:197] PDC_CLIENT[19]: Attaching zfp gpu to index: 25
[16:13:16.476648] [WARNING] [vpicio_mts.c:197] PDC_CLIENT[20]: Attaching zfp gpu to index: 25
[16:13:16.476648] [WARNING] [vpicio_mts.c:197] PDC_CLIENT[21]: Attaching zfp gpu to index: 25
[16:13:16.476648] [WARNING] [vpicio_mts.c:197] PDC_CLIENT[22]: Attaching zfp gpu to index: 25
[16:13:16.476648] [WARNING] [vpicio_mts.c:197] PDC_CLIENT[23]: Attaching zfp gpu to index: 25
[16:13:16.476648] [WARNING] [vpicio_mts.c:197] PDC_CLIENT[24]: Attaching zfp gpu to index: 25
[16:13:16.476648] [WARNING] [vpicio_mts.c:197] PDC_CLIENT[25]: Attaching zfp gpu to index: 25
[16:13:16.476648] [WARNING] [vpicio_mts.c:197] PDC_CLIENT[26]: Attaching zfp gpu to index: 25
[16:13:16.476648] [WARNING] [vpicio_mts.c:197] PDC_CLIENT[27]: Attaching zfp gpu to index: 25
[16:13:16.476648] [WARNING] [vpicio_mts.c:197] PDC_CLIENT[28]: Attaching zfp gpu to index: 25
[16:13:16.476648] [WARNING] [vpicio_mts.c:197] PDC_CLIENT[29]: Attaching zfp gpu to index: 25
[16:13:16.476648] [WARNING] [vpicio_mts.c:197] PDC_CLIENT[30]: Attaching zfp gpu to index: 25
[16:13:16.476648] [WARNING] [vpicio_mts.c:197] PDC_CLIENT[31]: Attaching zfp gpu to index: 25
[16:13:16.476906] [WARNING] [vpicio_mts.c:197] PDC_CLIENT[31]: Attaching zfp gpu to index: 26
[16:13:16.476906] [WARNING] [vpicio_mts.c:197] PDC_CLIENT[0]: Attaching zfp gpu to index: 26
[16:13:16.476905] [WARNING] [vpicio_mts.c:197] PDC_CLIENT[1]: Attaching zfp gpu to index: 26
[16:13:16.476906] [WARNING] [vpicio_mts.c:197] PDC_CLIENT[2]: Attaching zfp gpu to index: 26
[16:13:16.476905] [WARNING] [vpicio_mts.c:197] PDC_CLIENT[3]: Attaching zfp gpu to index: 26
[16:13:16.476905] [WARNING] [vpicio_mts.c:197] PDC_CLIENT[4]: Attaching zfp gpu to index: 26
[16:13:16.476905] [WARNING] [vpicio_mts.c:197] PDC_CLIENT[5]: Attaching zfp gpu to index: 26
[16:13:16.476905] [WARNING] [vpicio_mts.c:197] PDC_CLIENT[6]: Attaching zfp gpu to index: 26
[16:13:16.476905] [WARNING] [vpicio_mts.c:197] PDC_CLIENT[7]: Attaching zfp gpu to index: 26
[16:13:16.476906] [WARNING] [vpicio_mts.c:197] PDC_CLIENT[8]: Attaching zfp gpu to index: 26
[16:13:16.476905] [WARNING] [vpicio_mts.c:197] PDC_CLIENT[9]: Attaching zfp gpu to index: 26
[16:13:16.476905] [WARNING] [vpicio_mts.c:197] PDC_CLIENT[11]: Attaching zfp gpu to index: 26
[16:13:16.476905] [WARNING] [vpicio_mts.c:197] PDC_CLIENT[12]: Attaching zfp gpu to index: 26
[16:13:16.476905] [WARNING] [vpicio_mts.c:197] PDC_CLIENT[13]: Attaching zfp gpu to index: 26
[16:13:16.476905] [WARNING] [vpicio_mts.c:197] PDC_CLIENT[14]: Attaching zfp gpu to index: 26
[16:13:16.476905] [WARNING] [vpicio_mts.c:197] PDC_CLIENT[15]: Attaching zfp gpu to index: 26
[16:13:16.476906] [WARNING] [vpicio_mts.c:197] PDC_CLIENT[16]: Attaching zfp gpu to index: 26
[16:13:16.476906] [WARNING] [vpicio_mts.c:197] PDC_CLIENT[17]: Attaching zfp gpu to index: 26
[16:13:16.476906] [WARNING] [vpicio_mts.c:197] PDC_CLIENT[18]: Attaching zfp gpu to index: 26
[16:13:16.476906] [WARNING] [vpicio_mts.c:197] PDC_CLIENT[19]: Attaching zfp gpu to index: 26
[16:13:16.476906] [WARNING] [vpicio_mts.c:197] PDC_CLIENT[20]: Attaching zfp gpu to index: 26
[16:13:16.476906] [WARNING] [vpicio_mts.c:197] PDC_CLIENT[21]: Attaching zfp gpu to index: 26
[16:13:16.476906] [WARNING] [vpicio_mts.c:197] PDC_CLIENT[22]: Attaching zfp gpu to index: 26
[16:13:16.476906] [WARNING] [vpicio_mts.c:197] PDC_CLIENT[23]: Attaching zfp gpu to index: 26
[16:13:16.476906] [WARNING] [vpicio_mts.c:197] PDC_CLIENT[24]: Attaching zfp gpu to index: 26
[16:13:16.476906] [WARNING] [vpicio_mts.c:197] PDC_CLIENT[25]: Attaching zfp gpu to index: 26
[16:13:16.476906] [WARNING] [vpicio_mts.c:197] PDC_CLIENT[26]: Attaching zfp gpu to index: 26
[16:13:16.476906] [WARNING] [vpicio_mts.c:197] PDC_CLIENT[27]: Attaching zfp gpu to index: 26
[16:13:16.476906] [WARNING] [vpicio_mts.c:197] PDC_CLIENT[28]: Attaching zfp gpu to index: 26
[16:13:16.476906] [WARNING] [vpicio_mts.c:197] PDC_CLIENT[29]: Attaching zfp gpu to index: 26
[16:13:16.476906] [WARNING] [vpicio_mts.c:197] PDC_CLIENT[30]: Attaching zfp gpu to index: 26
[16:13:16.478705] [WARNING] [vpicio_mts.c:197] PDC_CLIENT[10]: Attaching zfp gpu to index: 26
[16:13:16.478869] [WARNING] [vpicio_mts.c:197] PDC_CLIENT[0]: Attaching zfp gpu to index: 27
[16:13:16.478869] [WARNING] [vpicio_mts.c:197] PDC_CLIENT[1]: Attaching zfp gpu to index: 27
[16:13:16.478869] [WARNING] [vpicio_mts.c:197] PDC_CLIENT[2]: Attaching zfp gpu to index: 27
[16:13:16.478869] [WARNING] [vpicio_mts.c:197] PDC_CLIENT[3]: Attaching zfp gpu to index: 27
[16:13:16.478869] [WARNING] [vpicio_mts.c:197] PDC_CLIENT[4]: Attaching zfp gpu to index: 27
[16:13:16.478869] [WARNING] [vpicio_mts.c:197] PDC_CLIENT[5]: Attaching zfp gpu to index: 27
[16:13:16.478869] [WARNING] [vpicio_mts.c:197] PDC_CLIENT[6]: Attaching zfp gpu to index: 27
[16:13:16.478869] [WARNING] [vpicio_mts.c:197] PDC_CLIENT[7]: Attaching zfp gpu to index: 27
[16:13:16.478870] [WARNING] [vpicio_mts.c:197] PDC_CLIENT[8]: Attaching zfp gpu to index: 27
[16:13:16.478869] [WARNING] [vpicio_mts.c:197] PDC_CLIENT[9]: Attaching zfp gpu to index: 27
[16:13:16.478869] [WARNING] [vpicio_mts.c:197] PDC_CLIENT[10]: Attaching zfp gpu to index: 27
[16:13:16.478869] [WARNING] [vpicio_mts.c:197] PDC_CLIENT[11]: Attaching zfp gpu to index: 27
[16:13:16.478869] [WARNING] [vpicio_mts.c:197] PDC_CLIENT[12]: Attaching zfp gpu to index: 27
[16:13:16.478869] [WARNING] [vpicio_mts.c:197] PDC_CLIENT[13]: Attaching zfp gpu to index: 27
[16:13:16.478869] [WARNING] [vpicio_mts.c:197] PDC_CLIENT[14]: Attaching zfp gpu to index: 27
[16:13:16.478869] [WARNING] [vpicio_mts.c:197] PDC_CLIENT[15]: Attaching zfp gpu to index: 27
[16:13:16.478870] [WARNING] [vpicio_mts.c:197] PDC_CLIENT[16]: Attaching zfp gpu to index: 27
[16:13:16.478869] [WARNING] [vpicio_mts.c:197] PDC_CLIENT[17]: Attaching zfp gpu to index: 27
[16:13:16.478870] [WARNING] [vpicio_mts.c:197] PDC_CLIENT[18]: Attaching zfp gpu to index: 27
[16:13:16.478869] [WARNING] [vpicio_mts.c:197] PDC_CLIENT[19]: Attaching zfp gpu to index: 27
[16:13:16.478870] [WARNING] [vpicio_mts.c:197] PDC_CLIENT[20]: Attaching zfp gpu to index: 27
[16:13:16.478870] [WARNING] [vpicio_mts.c:197] PDC_CLIENT[21]: Attaching zfp gpu to index: 27
[16:13:16.479123] [WARNING] [vpicio_mts.c:197] PDC_CLIENT[21]: Attaching zfp gpu to index: 28
[16:13:16.478870] [WARNING] [vpicio_mts.c:197] PDC_CLIENT[22]: Attaching zfp gpu to index: 27
[16:13:16.479124] [WARNING] [vpicio_mts.c:197] PDC_CLIENT[22]: Attaching zfp gpu to index: 28
[16:13:16.478870] [WARNING] [vpicio_mts.c:197] PDC_CLIENT[23]: Attaching zfp gpu to index: 27
[16:13:16.479123] [WARNING] [vpicio_mts.c:197] PDC_CLIENT[23]: Attaching zfp gpu to index: 28
[16:13:16.478870] [WARNING] [vpicio_mts.c:197] PDC_CLIENT[24]: Attaching zfp gpu to index: 27
[16:13:16.479124] [WARNING] [vpicio_mts.c:197] PDC_CLIENT[24]: Attaching zfp gpu to index: 28
[16:13:16.478869] [WARNING] [vpicio_mts.c:197] PDC_CLIENT[25]: Attaching zfp gpu to index: 27
[16:13:16.479123] [WARNING] [vpicio_mts.c:197] PDC_CLIENT[25]: Attaching zfp gpu to index: 28
[16:13:16.478870] [WARNING] [vpicio_mts.c:197] PDC_CLIENT[26]: Attaching zfp gpu to index: 27
[16:13:16.479124] [WARNING] [vpicio_mts.c:197] PDC_CLIENT[26]: Attaching zfp gpu to index: 28
[16:13:16.478869] [WARNING] [vpicio_mts.c:197] PDC_CLIENT[27]: Attaching zfp gpu to index: 27
[16:13:16.479123] [WARNING] [vpicio_mts.c:197] PDC_CLIENT[27]: Attaching zfp gpu to index: 28
[16:13:16.478870] [WARNING] [vpicio_mts.c:197] PDC_CLIENT[28]: Attaching zfp gpu to index: 27
[16:13:16.479123] [WARNING] [vpicio_mts.c:197] PDC_CLIENT[28]: Attaching zfp gpu to index: 28
[16:13:16.478870] [WARNING] [vpicio_mts.c:197] PDC_CLIENT[29]: Attaching zfp gpu to index: 27
[16:13:16.479123] [WARNING] [vpicio_mts.c:197] PDC_CLIENT[29]: Attaching zfp gpu to index: 28
[16:13:16.478870] [WARNING] [vpicio_mts.c:197] PDC_CLIENT[30]: Attaching zfp gpu to index: 27
[16:13:16.479123] [WARNING] [vpicio_mts.c:197] PDC_CLIENT[30]: Attaching zfp gpu to index: 28
[16:13:16.478870] [WARNING] [vpicio_mts.c:197] PDC_CLIENT[31]: Attaching zfp gpu to index: 27
[16:13:16.479123] [WARNING] [vpicio_mts.c:197] PDC_CLIENT[31]: Attaching zfp gpu to index: 28
[16:13:16.479123] [WARNING] [vpicio_mts.c:197] PDC_CLIENT[0]: Attaching zfp gpu to index: 28
[16:13:16.479123] [WARNING] [vpicio_mts.c:197] PDC_CLIENT[1]: Attaching zfp gpu to index: 28
[16:13:16.479123] [WARNING] [vpicio_mts.c:197] PDC_CLIENT[2]: Attaching zfp gpu to index: 28
[16:13:16.479123] [WARNING] [vpicio_mts.c:197] PDC_CLIENT[3]: Attaching zfp gpu to index: 28
[16:13:16.479123] [WARNING] [vpicio_mts.c:197] PDC_CLIENT[4]: Attaching zfp gpu to index: 28
[16:13:16.479123] [WARNING] [vpicio_mts.c:197] PDC_CLIENT[6]: Attaching zfp gpu to index: 28
[16:13:16.479123] [WARNING] [vpicio_mts.c:197] PDC_CLIENT[7]: Attaching zfp gpu to index: 28
[16:13:16.479123] [WARNING] [vpicio_mts.c:197] PDC_CLIENT[8]: Attaching zfp gpu to index: 28
[16:13:16.479123] [WARNING] [vpicio_mts.c:197] PDC_CLIENT[9]: Attaching zfp gpu to index: 28
[16:13:16.479123] [WARNING] [vpicio_mts.c:197] PDC_CLIENT[10]: Attaching zfp gpu to index: 28
[16:13:16.479123] [WARNING] [vpicio_mts.c:197] PDC_CLIENT[11]: Attaching zfp gpu to index: 28
[16:13:16.479123] [WARNING] [vpicio_mts.c:197] PDC_CLIENT[12]: Attaching zfp gpu to index: 28
[16:13:16.479123] [WARNING] [vpicio_mts.c:197] PDC_CLIENT[13]: Attaching zfp gpu to index: 28
[16:13:16.479123] [WARNING] [vpicio_mts.c:197] PDC_CLIENT[14]: Attaching zfp gpu to index: 28
[16:13:16.479123] [WARNING] [vpicio_mts.c:197] PDC_CLIENT[15]: Attaching zfp gpu to index: 28
[16:13:16.479123] [WARNING] [vpicio_mts.c:197] PDC_CLIENT[16]: Attaching zfp gpu to index: 28
[16:13:16.479123] [WARNING] [vpicio_mts.c:197] PDC_CLIENT[17]: Attaching zfp gpu to index: 28
[16:13:16.479123] [WARNING] [vpicio_mts.c:197] PDC_CLIENT[18]: Attaching zfp gpu to index: 28
[16:13:16.479123] [WARNING] [vpicio_mts.c:197] PDC_CLIENT[19]: Attaching zfp gpu to index: 28
[16:13:16.479124] [WARNING] [vpicio_mts.c:197] PDC_CLIENT[20]: Attaching zfp gpu to index: 28
[16:13:16.480684] [WARNING] [vpicio_mts.c:197] PDC_CLIENT[5]: Attaching zfp gpu to index: 28
[16:13:16.480846] [WARNING] [vpicio_mts.c:197] PDC_CLIENT[0]: Attaching zfp gpu to index: 29
[16:13:16.480845] [WARNING] [vpicio_mts.c:197] PDC_CLIENT[1]: Attaching zfp gpu to index: 29
[16:13:16.480846] [WARNING] [vpicio_mts.c:197] PDC_CLIENT[2]: Attaching zfp gpu to index: 29
[16:13:16.480845] [WARNING] [vpicio_mts.c:197] PDC_CLIENT[3]: Attaching zfp gpu to index: 29
[16:13:16.480846] [WARNING] [vpicio_mts.c:197] PDC_CLIENT[4]: Attaching zfp gpu to index: 29
[16:13:16.480846] [WARNING] [vpicio_mts.c:197] PDC_CLIENT[5]: Attaching zfp gpu to index: 29
[16:13:16.480846] [WARNING] [vpicio_mts.c:197] PDC_CLIENT[6]: Attaching zfp gpu to index: 29
[16:13:16.480846] [WARNING] [vpicio_mts.c:197] PDC_CLIENT[7]: Attaching zfp gpu to index: 29
[16:13:16.480846] [WARNING] [vpicio_mts.c:197] PDC_CLIENT[8]: Attaching zfp gpu to index: 29
[16:13:16.480845] [WARNING] [vpicio_mts.c:197] PDC_CLIENT[9]: Attaching zfp gpu to index: 29
[16:13:16.480846] [WARNING] [vpicio_mts.c:197] PDC_CLIENT[10]: Attaching zfp gpu to index: 29
[16:13:16.480845] [WARNING] [vpicio_mts.c:197] PDC_CLIENT[11]: Attaching zfp gpu to index: 29
[16:13:16.480846] [WARNING] [vpicio_mts.c:197] PDC_CLIENT[12]: Attaching zfp gpu to index: 29
[16:13:16.480845] [WARNING] [vpicio_mts.c:197] PDC_CLIENT[13]: Attaching zfp gpu to index: 29
[16:13:16.480846] [WARNING] [vpicio_mts.c:197] PDC_CLIENT[14]: Attaching zfp gpu to index: 29
[16:13:16.480846] [WARNING] [vpicio_mts.c:197] PDC_CLIENT[15]: Attaching zfp gpu to index: 29
[16:13:16.480846] [WARNING] [vpicio_mts.c:197] PDC_CLIENT[16]: Attaching zfp gpu to index: 29
[16:13:16.480846] [WARNING] [vpicio_mts.c:197] PDC_CLIENT[17]: Attaching zfp gpu to index: 29
[16:13:16.480846] [WARNING] [vpicio_mts.c:197] PDC_CLIENT[18]: Attaching zfp gpu to index: 29
[16:13:16.480846] [WARNING] [vpicio_mts.c:197] PDC_CLIENT[19]: Attaching zfp gpu to index: 29
[16:13:16.480846] [WARNING] [vpicio_mts.c:197] PDC_CLIENT[20]: Attaching zfp gpu to index: 29
[16:13:16.480846] [WARNING] [vpicio_mts.c:197] PDC_CLIENT[21]: Attaching zfp gpu to index: 29
[16:13:16.480846] [WARNING] [vpicio_mts.c:197] PDC_CLIENT[22]: Attaching zfp gpu to index: 29
[16:13:16.480846] [WARNING] [vpicio_mts.c:197] PDC_CLIENT[23]: Attaching zfp gpu to index: 29
[16:13:16.480847] [WARNING] [vpicio_mts.c:197] PDC_CLIENT[24]: Attaching zfp gpu to index: 29
[16:13:16.480846] [WARNING] [vpicio_mts.c:197] PDC_CLIENT[25]: Attaching zfp gpu to index: 29
[16:13:16.480847] [WARNING] [vpicio_mts.c:197] PDC_CLIENT[26]: Attaching zfp gpu to index: 29
[16:13:16.480846] [WARNING] [vpicio_mts.c:197] PDC_CLIENT[27]: Attaching zfp gpu to index: 29
[16:13:16.480847] [WARNING] [vpicio_mts.c:197] PDC_CLIENT[28]: Attaching zfp gpu to index: 29
[16:13:16.480846] [WARNING] [vpicio_mts.c:197] PDC_CLIENT[29]: Attaching zfp gpu to index: 29
[16:13:16.480847] [WARNING] [vpicio_mts.c:197] PDC_CLIENT[30]: Attaching zfp gpu to index: 29
[16:13:16.480846] [WARNING] [vpicio_mts.c:197] PDC_CLIENT[31]: Attaching zfp gpu to index: 29
[16:13:16.481994] [WARNING] [vpicio_mts.c:212] PDC_CLIENT[0]: Obj create time: 6.79411e-03
[16:13:16.482110] [WARNING] [vpicio_mts.c:228] PDC_CLIENT[0]: Transfer create time: 1.16706e-04
[16:13:18.505836] [WARNING] [vpicio_mts.c:244] PDC_CLIENT[0]: Transfer start time: 2.02372e+00
[16:13:18.505889] [WARNING] [vpicio_mts.c:249] PDC_CLIENT[0]: Sleep start: 40.00
[16:13:58.505969] [WARNING] [vpicio_mts.c:252] PDC_CLIENT[0]: Sleep end: 40.00
[16:13:58.609840] [WARNING] [vpicio_mts.c:272] PDC_CLIENT[0]: Transfer wait time: 7.59972e-02
[16:13:58.706910] [WARNING] [vpicio_mts.c:286] PDC_CLIENT[0]: Transfer close time: 9.70760e-02
[16:13:58.707035] [WARNING] [vpicio_mts.c:300] PDC_CLIENT[0]: Obj close time: 1.26515e-04
[16:13:58.707046] [WARNING] [vpicio_mts.c:174] PDC_CLIENT[0]: #Step  4
[16:13:58.707218] [WARNING] [vpicio_mts.c:197] PDC_CLIENT[0]: Attaching zfp gpu to index: 32
[16:13:58.707224] [WARNING] [vpicio_mts.c:197] PDC_CLIENT[12]: Attaching zfp gpu to index: 32
[16:13:58.707224] [WARNING] [vpicio_mts.c:197] PDC_CLIENT[14]: Attaching zfp gpu to index: 32
[16:13:58.707224] [WARNING] [vpicio_mts.c:197] PDC_CLIENT[15]: Attaching zfp gpu to index: 32
[16:13:58.707223] [WARNING] [vpicio_mts.c:197] PDC_CLIENT[16]: Attaching zfp gpu to index: 32
[16:13:58.707224] [WARNING] [vpicio_mts.c:197] PDC_CLIENT[17]: Attaching zfp gpu to index: 32
[16:13:58.707223] [WARNING] [vpicio_mts.c:197] PDC_CLIENT[18]: Attaching zfp gpu to index: 32
[16:13:58.707224] [WARNING] [vpicio_mts.c:197] PDC_CLIENT[19]: Attaching zfp gpu to index: 32
[16:13:58.707223] [WARNING] [vpicio_mts.c:197] PDC_CLIENT[20]: Attaching zfp gpu to index: 32
[16:13:58.707225] [WARNING] [vpicio_mts.c:197] PDC_CLIENT[21]: Attaching zfp gpu to index: 32
[16:13:58.707223] [WARNING] [vpicio_mts.c:197] PDC_CLIENT[22]: Attaching zfp gpu to index: 32
[16:13:58.707224] [WARNING] [vpicio_mts.c:197] PDC_CLIENT[23]: Attaching zfp gpu to index: 32
[16:13:58.707223] [WARNING] [vpicio_mts.c:197] PDC_CLIENT[24]: Attaching zfp gpu to index: 32
[16:13:58.707224] [WARNING] [vpicio_mts.c:197] PDC_CLIENT[25]: Attaching zfp gpu to index: 32
[16:13:58.707223] [WARNING] [vpicio_mts.c:197] PDC_CLIENT[26]: Attaching zfp gpu to index: 32
[16:13:58.707224] [WARNING] [vpicio_mts.c:197] PDC_CLIENT[27]: Attaching zfp gpu to index: 32
[16:13:58.707224] [WARNING] [vpicio_mts.c:197] PDC_CLIENT[28]: Attaching zfp gpu to index: 32
[16:13:58.707225] [WARNING] [vpicio_mts.c:197] PDC_CLIENT[29]: Attaching zfp gpu to index: 32
[16:13:58.707224] [WARNING] [vpicio_mts.c:197] PDC_CLIENT[30]: Attaching zfp gpu to index: 32
[16:13:58.707225] [WARNING] [vpicio_mts.c:197] PDC_CLIENT[31]: Attaching zfp gpu to index: 32
[16:13:58.707224] [WARNING] [vpicio_mts.c:197] PDC_CLIENT[1]: Attaching zfp gpu to index: 32
[16:13:58.707224] [WARNING] [vpicio_mts.c:197] PDC_CLIENT[2]: Attaching zfp gpu to index: 32
[16:13:58.707224] [WARNING] [vpicio_mts.c:197] PDC_CLIENT[3]: Attaching zfp gpu to index: 32
[16:13:58.707223] [WARNING] [vpicio_mts.c:197] PDC_CLIENT[4]: Attaching zfp gpu to index: 32
[16:13:58.707225] [WARNING] [vpicio_mts.c:197] PDC_CLIENT[5]: Attaching zfp gpu to index: 32
[16:13:58.707223] [WARNING] [vpicio_mts.c:197] PDC_CLIENT[6]: Attaching zfp gpu to index: 32
[16:13:58.707225] [WARNING] [vpicio_mts.c:197] PDC_CLIENT[7]: Attaching zfp gpu to index: 32
[16:13:58.707224] [WARNING] [vpicio_mts.c:197] PDC_CLIENT[8]: Attaching zfp gpu to index: 32
[16:13:58.707224] [WARNING] [vpicio_mts.c:197] PDC_CLIENT[9]: Attaching zfp gpu to index: 32
[16:13:58.707224] [WARNING] [vpicio_mts.c:197] PDC_CLIENT[10]: Attaching zfp gpu to index: 32
[16:13:58.707224] [WARNING] [vpicio_mts.c:197] PDC_CLIENT[11]: Attaching zfp gpu to index: 32
[16:13:58.707224] [WARNING] [vpicio_mts.c:197] PDC_CLIENT[13]: Attaching zfp gpu to index: 32
[16:13:58.708598] [WARNING] [vpicio_mts.c:197] PDC_CLIENT[0]: Attaching zfp gpu to index: 33
[16:13:58.708598] [WARNING] [vpicio_mts.c:197] PDC_CLIENT[1]: Attaching zfp gpu to index: 33
[16:13:58.708599] [WARNING] [vpicio_mts.c:197] PDC_CLIENT[2]: Attaching zfp gpu to index: 33
[16:13:58.708598] [WARNING] [vpicio_mts.c:197] PDC_CLIENT[3]: Attaching zfp gpu to index: 33
[16:13:58.708598] [WARNING] [vpicio_mts.c:197] PDC_CLIENT[4]: Attaching zfp gpu to index: 33
[16:13:58.708598] [WARNING] [vpicio_mts.c:197] PDC_CLIENT[5]: Attaching zfp gpu to index: 33
[16:13:58.708598] [WARNING] [vpicio_mts.c:197] PDC_CLIENT[6]: Attaching zfp gpu to index: 33
[16:13:58.708598] [WARNING] [vpicio_mts.c:197] PDC_CLIENT[7]: Attaching zfp gpu to index: 33
[16:13:58.708598] [WARNING] [vpicio_mts.c:197] PDC_CLIENT[8]: Attaching zfp gpu to index: 33
[16:13:58.708598] [WARNING] [vpicio_mts.c:197] PDC_CLIENT[9]: Attaching zfp gpu to index: 33
[16:13:58.708598] [WARNING] [vpicio_mts.c:197] PDC_CLIENT[10]: Attaching zfp gpu to index: 33
[16:13:58.708598] [WARNING] [vpicio_mts.c:197] PDC_CLIENT[11]: Attaching zfp gpu to index: 33
[16:13:58.708598] [WARNING] [vpicio_mts.c:197] PDC_CLIENT[12]: Attaching zfp gpu to index: 33
[16:13:58.708598] [WARNING] [vpicio_mts.c:197] PDC_CLIENT[13]: Attaching zfp gpu to index: 33
[16:13:58.708598] [WARNING] [vpicio_mts.c:197] PDC_CLIENT[14]: Attaching zfp gpu to index: 33
[16:13:58.708598] [WARNING] [vpicio_mts.c:197] PDC_CLIENT[15]: Attaching zfp gpu to index: 33
[16:13:58.708598] [WARNING] [vpicio_mts.c:197] PDC_CLIENT[16]: Attaching zfp gpu to index: 33
[16:13:58.708599] [WARNING] [vpicio_mts.c:197] PDC_CLIENT[17]: Attaching zfp gpu to index: 33
[16:13:58.708598] [WARNING] [vpicio_mts.c:197] PDC_CLIENT[18]: Attaching zfp gpu to index: 33
[16:13:58.708599] [WARNING] [vpicio_mts.c:197] PDC_CLIENT[19]: Attaching zfp gpu to index: 33
[16:13:58.708599] [WARNING] [vpicio_mts.c:197] PDC_CLIENT[20]: Attaching zfp gpu to index: 33
[16:13:58.708599] [WARNING] [vpicio_mts.c:197] PDC_CLIENT[21]: Attaching zfp gpu to index: 33
[16:13:58.708599] [WARNING] [vpicio_mts.c:197] PDC_CLIENT[22]: Attaching zfp gpu to index: 33
[16:13:58.708599] [WARNING] [vpicio_mts.c:197] PDC_CLIENT[23]: Attaching zfp gpu to index: 33
[16:13:58.708599] [WARNING] [vpicio_mts.c:197] PDC_CLIENT[24]: Attaching zfp gpu to index: 33
[16:13:58.708599] [WARNING] [vpicio_mts.c:197] PDC_CLIENT[25]: Attaching zfp gpu to index: 33
[16:13:58.708599] [WARNING] [vpicio_mts.c:197] PDC_CLIENT[26]: Attaching zfp gpu to index: 33
[16:13:58.708599] [WARNING] [vpicio_mts.c:197] PDC_CLIENT[27]: Attaching zfp gpu to index: 33
[16:13:58.708598] [WARNING] [vpicio_mts.c:197] PDC_CLIENT[28]: Attaching zfp gpu to index: 33
[16:13:58.708599] [WARNING] [vpicio_mts.c:197] PDC_CLIENT[29]: Attaching zfp gpu to index: 33
[16:13:58.708598] [WARNING] [vpicio_mts.c:197] PDC_CLIENT[30]: Attaching zfp gpu to index: 33
[16:13:58.708599] [WARNING] [vpicio_mts.c:197] PDC_CLIENT[31]: Attaching zfp gpu to index: 33
[16:13:58.709789] [WARNING] [vpicio_mts.c:197] PDC_CLIENT[0]: Attaching zfp gpu to index: 34
[16:13:58.709789] [WARNING] [vpicio_mts.c:197] PDC_CLIENT[1]: Attaching zfp gpu to index: 34
[16:13:58.709789] [WARNING] [vpicio_mts.c:197] PDC_CLIENT[2]: Attaching zfp gpu to index: 34
[16:13:58.709789] [WARNING] [vpicio_mts.c:197] PDC_CLIENT[3]: Attaching zfp gpu to index: 34
[16:13:58.709789] [WARNING] [vpicio_mts.c:197] PDC_CLIENT[4]: Attaching zfp gpu to index: 34
[16:13:58.709789] [WARNING] [vpicio_mts.c:197] PDC_CLIENT[5]: Attaching zfp gpu to index: 34
[16:13:58.709789] [WARNING] [vpicio_mts.c:197] PDC_CLIENT[6]: Attaching zfp gpu to index: 34
[16:13:58.709789] [WARNING] [vpicio_mts.c:197] PDC_CLIENT[7]: Attaching zfp gpu to index: 34
[16:13:58.709789] [WARNING] [vpicio_mts.c:197] PDC_CLIENT[8]: Attaching zfp gpu to index: 34
[16:13:58.709788] [WARNING] [vpicio_mts.c:197] PDC_CLIENT[9]: Attaching zfp gpu to index: 34
[16:13:58.709789] [WARNING] [vpicio_mts.c:197] PDC_CLIENT[10]: Attaching zfp gpu to index: 34
[16:13:58.709788] [WARNING] [vpicio_mts.c:197] PDC_CLIENT[11]: Attaching zfp gpu to index: 34
[16:13:58.709789] [WARNING] [vpicio_mts.c:197] PDC_CLIENT[12]: Attaching zfp gpu to index: 34
[16:13:58.709789] [WARNING] [vpicio_mts.c:197] PDC_CLIENT[13]: Attaching zfp gpu to index: 34
[16:13:58.709789] [WARNING] [vpicio_mts.c:197] PDC_CLIENT[14]: Attaching zfp gpu to index: 34
[16:13:58.709789] [WARNING] [vpicio_mts.c:197] PDC_CLIENT[15]: Attaching zfp gpu to index: 34
[16:13:58.709789] [WARNING] [vpicio_mts.c:197] PDC_CLIENT[16]: Attaching zfp gpu to index: 34
[16:13:58.709789] [WARNING] [vpicio_mts.c:197] PDC_CLIENT[17]: Attaching zfp gpu to index: 34
[16:13:58.709789] [WARNING] [vpicio_mts.c:197] PDC_CLIENT[18]: Attaching zfp gpu to index: 34
[16:13:58.709789] [WARNING] [vpicio_mts.c:197] PDC_CLIENT[19]: Attaching zfp gpu to index: 34
[16:13:58.709789] [WARNING] [vpicio_mts.c:197] PDC_CLIENT[20]: Attaching zfp gpu to index: 34
[16:13:58.709790] [WARNING] [vpicio_mts.c:197] PDC_CLIENT[21]: Attaching zfp gpu to index: 34
[16:13:58.709789] [WARNING] [vpicio_mts.c:197] PDC_CLIENT[22]: Attaching zfp gpu to index: 34
[16:13:58.709790] [WARNING] [vpicio_mts.c:197] PDC_CLIENT[23]: Attaching zfp gpu to index: 34
[16:13:58.709789] [WARNING] [vpicio_mts.c:197] PDC_CLIENT[24]: Attaching zfp gpu to index: 34
[16:13:58.709789] [WARNING] [vpicio_mts.c:197] PDC_CLIENT[25]: Attaching zfp gpu to index: 34
[16:13:58.709789] [WARNING] [vpicio_mts.c:197] PDC_CLIENT[26]: Attaching zfp gpu to index: 34
[16:13:58.709789] [WARNING] [vpicio_mts.c:197] PDC_CLIENT[27]: Attaching zfp gpu to index: 34
[16:13:58.709789] [WARNING] [vpicio_mts.c:197] PDC_CLIENT[28]: Attaching zfp gpu to index: 34
[16:13:58.709789] [WARNING] [vpicio_mts.c:197] PDC_CLIENT[29]: Attaching zfp gpu to index: 34
[16:13:58.710055] [WARNING] [vpicio_mts.c:197] PDC_CLIENT[29]: Attaching zfp gpu to index: 35
[16:13:58.709789] [WARNING] [vpicio_mts.c:197] PDC_CLIENT[30]: Attaching zfp gpu to index: 34
[16:13:58.710055] [WARNING] [vpicio_mts.c:197] PDC_CLIENT[30]: Attaching zfp gpu to index: 35
[16:13:58.709789] [WARNING] [vpicio_mts.c:197] PDC_CLIENT[31]: Attaching zfp gpu to index: 34
[16:13:58.710055] [WARNING] [vpicio_mts.c:197] PDC_CLIENT[31]: Attaching zfp gpu to index: 35
[16:13:58.710054] [WARNING] [vpicio_mts.c:197] PDC_CLIENT[0]: Attaching zfp gpu to index: 35
[16:13:58.710054] [WARNING] [vpicio_mts.c:197] PDC_CLIENT[1]: Attaching zfp gpu to index: 35
[16:13:58.710054] [WARNING] [vpicio_mts.c:197] PDC_CLIENT[2]: Attaching zfp gpu to index: 35
[16:13:58.710054] [WARNING] [vpicio_mts.c:197] PDC_CLIENT[3]: Attaching zfp gpu to index: 35
[16:13:58.710054] [WARNING] [vpicio_mts.c:197] PDC_CLIENT[4]: Attaching zfp gpu to index: 35
[16:13:58.710054] [WARNING] [vpicio_mts.c:197] PDC_CLIENT[5]: Attaching zfp gpu to index: 35
[16:13:58.710054] [WARNING] [vpicio_mts.c:197] PDC_CLIENT[6]: Attaching zfp gpu to index: 35
[16:13:58.710054] [WARNING] [vpicio_mts.c:197] PDC_CLIENT[7]: Attaching zfp gpu to index: 35
[16:13:58.710053] [WARNING] [vpicio_mts.c:197] PDC_CLIENT[8]: Attaching zfp gpu to index: 35
[16:13:58.710054] [WARNING] [vpicio_mts.c:197] PDC_CLIENT[9]: Attaching zfp gpu to index: 35
[16:13:58.710053] [WARNING] [vpicio_mts.c:197] PDC_CLIENT[10]: Attaching zfp gpu to index: 35
[16:13:58.710053] [WARNING] [vpicio_mts.c:197] PDC_CLIENT[12]: Attaching zfp gpu to index: 35
[16:13:58.710054] [WARNING] [vpicio_mts.c:197] PDC_CLIENT[13]: Attaching zfp gpu to index: 35
[16:13:58.710053] [WARNING] [vpicio_mts.c:197] PDC_CLIENT[14]: Attaching zfp gpu to index: 35
[16:13:58.710054] [WARNING] [vpicio_mts.c:197] PDC_CLIENT[15]: Attaching zfp gpu to index: 35
[16:13:58.710054] [WARNING] [vpicio_mts.c:197] PDC_CLIENT[16]: Attaching zfp gpu to index: 35
[16:13:58.710054] [WARNING] [vpicio_mts.c:197] PDC_CLIENT[17]: Attaching zfp gpu to index: 35
[16:13:58.710054] [WARNING] [vpicio_mts.c:197] PDC_CLIENT[18]: Attaching zfp gpu to index: 35
[16:13:58.710054] [WARNING] [vpicio_mts.c:197] PDC_CLIENT[19]: Attaching zfp gpu to index: 35
[16:13:58.710055] [WARNING] [vpicio_mts.c:197] PDC_CLIENT[20]: Attaching zfp gpu to index: 35
[16:13:58.710055] [WARNING] [vpicio_mts.c:197] PDC_CLIENT[21]: Attaching zfp gpu to index: 35
[16:13:58.710055] [WARNING] [vpicio_mts.c:197] PDC_CLIENT[22]: Attaching zfp gpu to index: 35
[16:13:58.710055] [WARNING] [vpicio_mts.c:197] PDC_CLIENT[23]: Attaching zfp gpu to index: 35
[16:13:58.710054] [WARNING] [vpicio_mts.c:197] PDC_CLIENT[24]: Attaching zfp gpu to index: 35
[16:13:58.710055] [WARNING] [vpicio_mts.c:197] PDC_CLIENT[25]: Attaching zfp gpu to index: 35
[16:13:58.710054] [WARNING] [vpicio_mts.c:197] PDC_CLIENT[26]: Attaching zfp gpu to index: 35
[16:13:58.710055] [WARNING] [vpicio_mts.c:197] PDC_CLIENT[27]: Attaching zfp gpu to index: 35
[16:13:58.710055] [WARNING] [vpicio_mts.c:197] PDC_CLIENT[28]: Attaching zfp gpu to index: 35
[16:13:58.711748] [WARNING] [vpicio_mts.c:197] PDC_CLIENT[11]: Attaching zfp gpu to index: 35
[16:13:58.711913] [WARNING] [vpicio_mts.c:197] PDC_CLIENT[0]: Attaching zfp gpu to index: 36
[16:13:58.711913] [WARNING] [vpicio_mts.c:197] PDC_CLIENT[1]: Attaching zfp gpu to index: 36
[16:13:58.711913] [WARNING] [vpicio_mts.c:197] PDC_CLIENT[2]: Attaching zfp gpu to index: 36
[16:13:58.711913] [WARNING] [vpicio_mts.c:197] PDC_CLIENT[3]: Attaching zfp gpu to index: 36
[16:13:58.711913] [WARNING] [vpicio_mts.c:197] PDC_CLIENT[4]: Attaching zfp gpu to index: 36
[16:13:58.711913] [WARNING] [vpicio_mts.c:197] PDC_CLIENT[5]: Attaching zfp gpu to index: 36
[16:13:58.711913] [WARNING] [vpicio_mts.c:197] PDC_CLIENT[6]: Attaching zfp gpu to index: 36
[16:13:58.711913] [WARNING] [vpicio_mts.c:197] PDC_CLIENT[7]: Attaching zfp gpu to index: 36
[16:13:58.711913] [WARNING] [vpicio_mts.c:197] PDC_CLIENT[8]: Attaching zfp gpu to index: 36
[16:13:58.711913] [WARNING] [vpicio_mts.c:197] PDC_CLIENT[9]: Attaching zfp gpu to index: 36
[16:13:58.711913] [WARNING] [vpicio_mts.c:197] PDC_CLIENT[10]: Attaching zfp gpu to index: 36
[16:13:58.711913] [WARNING] [vpicio_mts.c:197] PDC_CLIENT[11]: Attaching zfp gpu to index: 36
[16:13:58.711913] [WARNING] [vpicio_mts.c:197] PDC_CLIENT[12]: Attaching zfp gpu to index: 36
[16:13:58.711913] [WARNING] [vpicio_mts.c:197] PDC_CLIENT[13]: Attaching zfp gpu to index: 36
[16:13:58.711913] [WARNING] [vpicio_mts.c:197] PDC_CLIENT[14]: Attaching zfp gpu to index: 36
[16:13:58.711913] [WARNING] [vpicio_mts.c:197] PDC_CLIENT[15]: Attaching zfp gpu to index: 36
[16:13:58.711913] [WARNING] [vpicio_mts.c:197] PDC_CLIENT[16]: Attaching zfp gpu to index: 36
[16:13:58.711913] [WARNING] [vpicio_mts.c:197] PDC_CLIENT[17]: Attaching zfp gpu to index: 36
[16:13:58.711913] [WARNING] [vpicio_mts.c:197] PDC_CLIENT[18]: Attaching zfp gpu to index: 36
[16:13:58.711913] [WARNING] [vpicio_mts.c:197] PDC_CLIENT[19]: Attaching zfp gpu to index: 36
[16:13:58.711914] [WARNING] [vpicio_mts.c:197] PDC_CLIENT[20]: Attaching zfp gpu to index: 36
[16:13:58.711914] [WARNING] [vpicio_mts.c:197] PDC_CLIENT[21]: Attaching zfp gpu to index: 36
[16:13:58.711914] [WARNING] [vpicio_mts.c:197] PDC_CLIENT[22]: Attaching zfp gpu to index: 36
[16:13:58.711914] [WARNING] [vpicio_mts.c:197] PDC_CLIENT[23]: Attaching zfp gpu to index: 36
[16:13:58.711913] [WARNING] [vpicio_mts.c:197] PDC_CLIENT[24]: Attaching zfp gpu to index: 36
[16:13:58.711913] [WARNING] [vpicio_mts.c:197] PDC_CLIENT[25]: Attaching zfp gpu to index: 36
[16:13:58.711913] [WARNING] [vpicio_mts.c:197] PDC_CLIENT[26]: Attaching zfp gpu to index: 36
[16:13:58.711913] [WARNING] [vpicio_mts.c:197] PDC_CLIENT[27]: Attaching zfp gpu to index: 36
[16:13:58.711913] [WARNING] [vpicio_mts.c:197] PDC_CLIENT[28]: Attaching zfp gpu to index: 36
[16:13:58.711914] [WARNING] [vpicio_mts.c:197] PDC_CLIENT[29]: Attaching zfp gpu to index: 36
[16:13:58.711913] [WARNING] [vpicio_mts.c:197] PDC_CLIENT[30]: Attaching zfp gpu to index: 36
[16:13:58.711914] [WARNING] [vpicio_mts.c:197] PDC_CLIENT[31]: Attaching zfp gpu to index: 36
[16:13:58.712161] [WARNING] [vpicio_mts.c:197] PDC_CLIENT[0]: Attaching zfp gpu to index: 37
[16:13:58.712161] [WARNING] [vpicio_mts.c:197] PDC_CLIENT[2]: Attaching zfp gpu to index: 37
[16:13:58.712161] [WARNING] [vpicio_mts.c:197] PDC_CLIENT[3]: Attaching zfp gpu to index: 37
[16:13:58.712161] [WARNING] [vpicio_mts.c:197] PDC_CLIENT[4]: Attaching zfp gpu to index: 37
[16:13:58.712161] [WARNING] [vpicio_mts.c:197] PDC_CLIENT[5]: Attaching zfp gpu to index: 37
[16:13:58.712161] [WARNING] [vpicio_mts.c:197] PDC_CLIENT[6]: Attaching zfp gpu to index: 37
[16:13:58.712161] [WARNING] [vpicio_mts.c:197] PDC_CLIENT[7]: Attaching zfp gpu to index: 37
[16:13:58.712161] [WARNING] [vpicio_mts.c:197] PDC_CLIENT[8]: Attaching zfp gpu to index: 37
[16:13:58.712161] [WARNING] [vpicio_mts.c:197] PDC_CLIENT[9]: Attaching zfp gpu to index: 37
[16:13:58.712161] [WARNING] [vpicio_mts.c:197] PDC_CLIENT[10]: Attaching zfp gpu to index: 37
[16:13:58.712161] [WARNING] [vpicio_mts.c:197] PDC_CLIENT[11]: Attaching zfp gpu to index: 37
[16:13:58.712161] [WARNING] [vpicio_mts.c:197] PDC_CLIENT[12]: Attaching zfp gpu to index: 37
[16:13:58.712161] [WARNING] [vpicio_mts.c:197] PDC_CLIENT[13]: Attaching zfp gpu to index: 37
[16:13:58.712161] [WARNING] [vpicio_mts.c:197] PDC_CLIENT[14]: Attaching zfp gpu to index: 37
[16:13:58.712161] [WARNING] [vpicio_mts.c:197] PDC_CLIENT[15]: Attaching zfp gpu to index: 37
[16:13:58.712162] [WARNING] [vpicio_mts.c:197] PDC_CLIENT[16]: Attaching zfp gpu to index: 37
[16:13:58.712162] [WARNING] [vpicio_mts.c:197] PDC_CLIENT[17]: Attaching zfp gpu to index: 37
[16:13:58.712162] [WARNING] [vpicio_mts.c:197] PDC_CLIENT[18]: Attaching zfp gpu to index: 37
[16:13:58.712162] [WARNING] [vpicio_mts.c:197] PDC_CLIENT[19]: Attaching zfp gpu to index: 37
[16:13:58.712162] [WARNING] [vpicio_mts.c:197] PDC_CLIENT[20]: Attaching zfp gpu to index: 37
[16:13:58.712162] [WARNING] [vpicio_mts.c:197] PDC_CLIENT[21]: Attaching zfp gpu to index: 37
[16:13:58.712162] [WARNING] [vpicio_mts.c:197] PDC_CLIENT[22]: Attaching zfp gpu to index: 37
[16:13:58.712162] [WARNING] [vpicio_mts.c:197] PDC_CLIENT[23]: Attaching zfp gpu to index: 37
[16:13:58.712162] [WARNING] [vpicio_mts.c:197] PDC_CLIENT[24]: Attaching zfp gpu to index: 37
[16:13:58.712162] [WARNING] [vpicio_mts.c:197] PDC_CLIENT[25]: Attaching zfp gpu to index: 37
[16:13:58.712162] [WARNING] [vpicio_mts.c:197] PDC_CLIENT[26]: Attaching zfp gpu to index: 37
[16:13:58.712162] [WARNING] [vpicio_mts.c:197] PDC_CLIENT[27]: Attaching zfp gpu to index: 37
[16:13:58.712162] [WARNING] [vpicio_mts.c:197] PDC_CLIENT[28]: Attaching zfp gpu to index: 37
[16:13:58.712162] [WARNING] [vpicio_mts.c:197] PDC_CLIENT[29]: Attaching zfp gpu to index: 37
[16:13:58.712162] [WARNING] [vpicio_mts.c:197] PDC_CLIENT[30]: Attaching zfp gpu to index: 37
[16:13:58.712162] [WARNING] [vpicio_mts.c:197] PDC_CLIENT[31]: Attaching zfp gpu to index: 37
[16:13:58.713912] [WARNING] [vpicio_mts.c:197] PDC_CLIENT[1]: Attaching zfp gpu to index: 37
[16:13:58.714138] [WARNING] [vpicio_mts.c:212] PDC_CLIENT[0]: Obj create time: 7.08502e-03
[16:13:58.714251] [WARNING] [vpicio_mts.c:228] PDC_CLIENT[0]: Transfer create time: 1.13770e-04
[16:14:00.782284] [WARNING] [vpicio_mts.c:244] PDC_CLIENT[0]: Transfer start time: 2.06803e+00
[16:14:00.782495] [WARNING] [vpicio_mts.c:255] PDC_CLIENT[0]: Final step, no sleep
[16:14:09.929841] [WARNING] [vpicio_mts.c:272] PDC_CLIENT[0]: Transfer wait time: 9.11600e+00
[16:14:10.018922] [WARNING] [vpicio_mts.c:286] PDC_CLIENT[0]: Transfer close time: 8.90851e-02
[16:14:10.019057] [WARNING] [vpicio_mts.c:300] PDC_CLIENT[0]: Obj close time: 1.36195e-04
