[12:41:04.452806] [WARNING] [vpicio_mts.c:92] PDC_CLIENT[0]: Writing 8388608 number of particles for 5 steps with 32 clients zfp_gpu transformation.
[12:41:04.457271] [WARNING] [pdc_client_connect.c:388] PDC_CLIENT[0]: Config file from default location [./pdc_tmp/server.cfg] not available, waiting 5 seconds
[12:41:12.909886] [WARNING] [vpicio_mts.c:159] PDC_CLIENT[0]: Sleep start: 40.00
[12:41:52.910138] [WARNING] [vpicio_mts.c:162] PDC_CLIENT[0]: Sleep end: 40.00
[12:41:52.974332] [WARNING] [vpicio_mts.c:174] PDC_CLIENT[0]: #Step  0
[12:41:52.975018] [WARNING] [vpicio_mts.c:197] PDC_CLIENT[0]: Attaching zfp gpu to index: 0
[12:41:52.975046] [WARNING] [vpicio_mts.c:197] PDC_CLIENT[31]: Attaching zfp gpu to index: 0
[12:41:52.975093] [WARNING] [vpicio_mts.c:197] PDC_CLIENT[6]: Attaching zfp gpu to index: 0
[12:41:52.975103] [WARNING] [vpicio_mts.c:197] PDC_CLIENT[17]: Attaching zfp gpu to index: 0
[12:41:52.975118] [WARNING] [vpicio_mts.c:197] PDC_CLIENT[18]: Attaching zfp gpu to index: 0
[12:41:52.975114] [WARNING] [vpicio_mts.c:197] PDC_CLIENT[28]: Attaching zfp gpu to index: 0
[12:41:52.975103] [WARNING] [vpicio_mts.c:197] PDC_CLIENT[29]: Attaching zfp gpu to index: 0
[12:41:52.975097] [WARNING] [vpicio_mts.c:197] PDC_CLIENT[30]: Attaching zfp gpu to index: 0
[12:41:52.975094] [WARNING] [vpicio_mts.c:197] PDC_CLIENT[2]: Attaching zfp gpu to index: 0
[12:41:52.975103] [WARNING] [vpicio_mts.c:197] PDC_CLIENT[5]: Attaching zfp gpu to index: 0
[12:41:52.975103] [WARNING] [vpicio_mts.c:197] PDC_CLIENT[7]: Attaching zfp gpu to index: 0
[12:41:52.975094] [WARNING] [vpicio_mts.c:197] PDC_CLIENT[8]: Attaching zfp gpu to index: 0
[12:41:52.975094] [WARNING] [vpicio_mts.c:197] PDC_CLIENT[10]: Attaching zfp gpu to index: 0
[12:41:52.975094] [WARNING] [vpicio_mts.c:197] PDC_CLIENT[14]: Attaching zfp gpu to index: 0
[12:41:52.975103] [WARNING] [vpicio_mts.c:197] PDC_CLIENT[15]: Attaching zfp gpu to index: 0
[12:41:52.975122] [WARNING] [vpicio_mts.c:197] PDC_CLIENT[23]: Attaching zfp gpu to index: 0
[12:41:52.975104] [WARNING] [vpicio_mts.c:197] PDC_CLIENT[25]: Attaching zfp gpu to index: 0
[12:41:52.975124] [WARNING] [vpicio_mts.c:197] PDC_CLIENT[26]: Attaching zfp gpu to index: 0
[12:41:52.975103] [WARNING] [vpicio_mts.c:197] PDC_CLIENT[1]: Attaching zfp gpu to index: 0
[12:41:52.975103] [WARNING] [vpicio_mts.c:197] PDC_CLIENT[3]: Attaching zfp gpu to index: 0
[12:41:52.975093] [WARNING] [vpicio_mts.c:197] PDC_CLIENT[4]: Attaching zfp gpu to index: 0
[12:41:52.975103] [WARNING] [vpicio_mts.c:197] PDC_CLIENT[9]: Attaching zfp gpu to index: 0
[12:41:52.975103] [WARNING] [vpicio_mts.c:197] PDC_CLIENT[11]: Attaching zfp gpu to index: 0
[12:41:52.975094] [WARNING] [vpicio_mts.c:197] PDC_CLIENT[12]: Attaching zfp gpu to index: 0
[12:41:52.975103] [WARNING] [vpicio_mts.c:197] PDC_CLIENT[13]: Attaching zfp gpu to index: 0
[12:41:52.975095] [WARNING] [vpicio_mts.c:197] PDC_CLIENT[16]: Attaching zfp gpu to index: 0
[12:41:52.975112] [WARNING] [vpicio_mts.c:197] PDC_CLIENT[19]: Attaching zfp gpu to index: 0
[12:41:52.975128] [WARNING] [vpicio_mts.c:197] PDC_CLIENT[20]: Attaching zfp gpu to index: 0
[12:41:52.975122] [WARNING] [vpicio_mts.c:197] PDC_CLIENT[21]: Attaching zfp gpu to index: 0
[12:41:52.975137] [WARNING] [vpicio_mts.c:197] PDC_CLIENT[22]: Attaching zfp gpu to index: 0
[12:41:52.975077] [WARNING] [vpicio_mts.c:197] PDC_CLIENT[24]: Attaching zfp gpu to index: 0
[12:41:52.975104] [WARNING] [vpicio_mts.c:197] PDC_CLIENT[27]: Attaching zfp gpu to index: 0
[12:41:52.977791] [WARNING] [vpicio_mts.c:197] PDC_CLIENT[0]: Attaching zfp gpu to index: 1
[12:41:52.977780] [WARNING] [vpicio_mts.c:197] PDC_CLIENT[1]: Attaching zfp gpu to index: 1
[12:41:52.977791] [WARNING] [vpicio_mts.c:197] PDC_CLIENT[2]: Attaching zfp gpu to index: 1
[12:41:52.977780] [WARNING] [vpicio_mts.c:197] PDC_CLIENT[3]: Attaching zfp gpu to index: 1
[12:41:52.977790] [WARNING] [vpicio_mts.c:197] PDC_CLIENT[4]: Attaching zfp gpu to index: 1
[12:41:52.977790] [WARNING] [vpicio_mts.c:197] PDC_CLIENT[5]: Attaching zfp gpu to index: 1
[12:41:52.977790] [WARNING] [vpicio_mts.c:197] PDC_CLIENT[6]: Attaching zfp gpu to index: 1
[12:41:52.977790] [WARNING] [vpicio_mts.c:197] PDC_CLIENT[7]: Attaching zfp gpu to index: 1
[12:41:52.977790] [WARNING] [vpicio_mts.c:197] PDC_CLIENT[8]: Attaching zfp gpu to index: 1
[12:41:52.977789] [WARNING] [vpicio_mts.c:197] PDC_CLIENT[9]: Attaching zfp gpu to index: 1
[12:41:52.977781] [WARNING] [vpicio_mts.c:197] PDC_CLIENT[10]: Attaching zfp gpu to index: 1
[12:41:52.977789] [WARNING] [vpicio_mts.c:197] PDC_CLIENT[11]: Attaching zfp gpu to index: 1
[12:41:52.977789] [WARNING] [vpicio_mts.c:197] PDC_CLIENT[12]: Attaching zfp gpu to index: 1
[12:41:52.977789] [WARNING] [vpicio_mts.c:197] PDC_CLIENT[13]: Attaching zfp gpu to index: 1
[12:41:52.977780] [WARNING] [vpicio_mts.c:197] PDC_CLIENT[14]: Attaching zfp gpu to index: 1
[12:41:52.977780] [WARNING] [vpicio_mts.c:197] PDC_CLIENT[15]: Attaching zfp gpu to index: 1
[12:41:52.977780] [WARNING] [vpicio_mts.c:197] PDC_CLIENT[16]: Attaching zfp gpu to index: 1
[12:41:52.977781] [WARNING] [vpicio_mts.c:197] PDC_CLIENT[17]: Attaching zfp gpu to index: 1
[12:41:52.977789] [WARNING] [vpicio_mts.c:197] PDC_CLIENT[18]: Attaching zfp gpu to index: 1
[12:41:52.977789] [WARNING] [vpicio_mts.c:197] PDC_CLIENT[19]: Attaching zfp gpu to index: 1
[12:41:52.977790] [WARNING] [vpicio_mts.c:197] PDC_CLIENT[20]: Attaching zfp gpu to index: 1
[12:41:52.977781] [WARNING] [vpicio_mts.c:197] PDC_CLIENT[21]: Attaching zfp gpu to index: 1
[12:41:52.977780] [WARNING] [vpicio_mts.c:197] PDC_CLIENT[22]: Attaching zfp gpu to index: 1
[12:41:52.977790] [WARNING] [vpicio_mts.c:197] PDC_CLIENT[23]: Attaching zfp gpu to index: 1
[12:41:52.977795] [WARNING] [vpicio_mts.c:197] PDC_CLIENT[24]: Attaching zfp gpu to index: 1
[12:41:52.977790] [WARNING] [vpicio_mts.c:197] PDC_CLIENT[25]: Attaching zfp gpu to index: 1
[12:41:52.977780] [WARNING] [vpicio_mts.c:197] PDC_CLIENT[26]: Attaching zfp gpu to index: 1
[12:41:52.977790] [WARNING] [vpicio_mts.c:197] PDC_CLIENT[27]: Attaching zfp gpu to index: 1
[12:41:52.977791] [WARNING] [vpicio_mts.c:197] PDC_CLIENT[28]: Attaching zfp gpu to index: 1
[12:41:52.977791] [WARNING] [vpicio_mts.c:197] PDC_CLIENT[29]: Attaching zfp gpu to index: 1
[12:41:52.977795] [WARNING] [vpicio_mts.c:197] PDC_CLIENT[30]: Attaching zfp gpu to index: 1
[12:41:52.977795] [WARNING] [vpicio_mts.c:197] PDC_CLIENT[31]: Attaching zfp gpu to index: 1
[12:41:52.981179] [WARNING] [vpicio_mts.c:197] PDC_CLIENT[0]: Attaching zfp gpu to index: 2
[12:41:52.981168] [WARNING] [vpicio_mts.c:197] PDC_CLIENT[1]: Attaching zfp gpu to index: 2
[12:41:52.981179] [WARNING] [vpicio_mts.c:197] PDC_CLIENT[2]: Attaching zfp gpu to index: 2
[12:41:52.981168] [WARNING] [vpicio_mts.c:197] PDC_CLIENT[3]: Attaching zfp gpu to index: 2
[12:41:52.981178] [WARNING] [vpicio_mts.c:197] PDC_CLIENT[4]: Attaching zfp gpu to index: 2
[12:41:52.981178] [WARNING] [vpicio_mts.c:197] PDC_CLIENT[5]: Attaching zfp gpu to index: 2
[12:41:52.981178] [WARNING] [vpicio_mts.c:197] PDC_CLIENT[6]: Attaching zfp gpu to index: 2
[12:41:52.981178] [WARNING] [vpicio_mts.c:197] PDC_CLIENT[7]: Attaching zfp gpu to index: 2
[12:41:52.981177] [WARNING] [vpicio_mts.c:197] PDC_CLIENT[8]: Attaching zfp gpu to index: 2
[12:41:52.981178] [WARNING] [vpicio_mts.c:197] PDC_CLIENT[9]: Attaching zfp gpu to index: 2
[12:41:52.981169] [WARNING] [vpicio_mts.c:197] PDC_CLIENT[10]: Attaching zfp gpu to index: 2
[12:41:52.981178] [WARNING] [vpicio_mts.c:197] PDC_CLIENT[11]: Attaching zfp gpu to index: 2
[12:41:52.981178] [WARNING] [vpicio_mts.c:197] PDC_CLIENT[12]: Attaching zfp gpu to index: 2
[12:41:52.981177] [WARNING] [vpicio_mts.c:197] PDC_CLIENT[13]: Attaching zfp gpu to index: 2
[12:41:52.981170] [WARNING] [vpicio_mts.c:197] PDC_CLIENT[14]: Attaching zfp gpu to index: 2
[12:41:52.981169] [WARNING] [vpicio_mts.c:197] PDC_CLIENT[15]: Attaching zfp gpu to index: 2
[12:41:52.981170] [WARNING] [vpicio_mts.c:197] PDC_CLIENT[16]: Attaching zfp gpu to index: 2
[12:41:52.981171] [WARNING] [vpicio_mts.c:197] PDC_CLIENT[17]: Attaching zfp gpu to index: 2
[12:41:52.981179] [WARNING] [vpicio_mts.c:197] PDC_CLIENT[18]: Attaching zfp gpu to index: 2
[12:41:52.981179] [WARNING] [vpicio_mts.c:197] PDC_CLIENT[19]: Attaching zfp gpu to index: 2
[12:41:52.981179] [WARNING] [vpicio_mts.c:197] PDC_CLIENT[20]: Attaching zfp gpu to index: 2
[12:41:52.981172] [WARNING] [vpicio_mts.c:197] PDC_CLIENT[21]: Attaching zfp gpu to index: 2
[12:41:52.981171] [WARNING] [vpicio_mts.c:197] PDC_CLIENT[22]: Attaching zfp gpu to index: 2
[12:41:52.981180] [WARNING] [vpicio_mts.c:197] PDC_CLIENT[23]: Attaching zfp gpu to index: 2
[12:41:52.981180] [WARNING] [vpicio_mts.c:197] PDC_CLIENT[24]: Attaching zfp gpu to index: 2
[12:41:52.981179] [WARNING] [vpicio_mts.c:197] PDC_CLIENT[25]: Attaching zfp gpu to index: 2
[12:41:52.981171] [WARNING] [vpicio_mts.c:197] PDC_CLIENT[26]: Attaching zfp gpu to index: 2
[12:41:52.981179] [WARNING] [vpicio_mts.c:197] PDC_CLIENT[27]: Attaching zfp gpu to index: 2
[12:41:52.981178] [WARNING] [vpicio_mts.c:197] PDC_CLIENT[28]: Attaching zfp gpu to index: 2
[12:41:52.981180] [WARNING] [vpicio_mts.c:197] PDC_CLIENT[29]: Attaching zfp gpu to index: 2
[12:41:52.981178] [WARNING] [vpicio_mts.c:197] PDC_CLIENT[30]: Attaching zfp gpu to index: 2
[12:41:52.981180] [WARNING] [vpicio_mts.c:197] PDC_CLIENT[31]: Attaching zfp gpu to index: 2
[12:41:52.982155] [WARNING] [vpicio_mts.c:197] PDC_CLIENT[0]: Attaching zfp gpu to index: 3
[12:41:52.982147] [WARNING] [vpicio_mts.c:197] PDC_CLIENT[1]: Attaching zfp gpu to index: 3
[12:41:52.982155] [WARNING] [vpicio_mts.c:197] PDC_CLIENT[2]: Attaching zfp gpu to index: 3
[12:41:52.982147] [WARNING] [vpicio_mts.c:197] PDC_CLIENT[3]: Attaching zfp gpu to index: 3
[12:41:52.982154] [WARNING] [vpicio_mts.c:197] PDC_CLIENT[4]: Attaching zfp gpu to index: 3
[12:41:52.982153] [WARNING] [vpicio_mts.c:197] PDC_CLIENT[5]: Attaching zfp gpu to index: 3
[12:41:52.982154] [WARNING] [vpicio_mts.c:197] PDC_CLIENT[6]: Attaching zfp gpu to index: 3
[12:41:52.982153] [WARNING] [vpicio_mts.c:197] PDC_CLIENT[7]: Attaching zfp gpu to index: 3
[12:41:52.982153] [WARNING] [vpicio_mts.c:197] PDC_CLIENT[8]: Attaching zfp gpu to index: 3
[12:41:52.982153] [WARNING] [vpicio_mts.c:197] PDC_CLIENT[9]: Attaching zfp gpu to index: 3
[12:41:52.982147] [WARNING] [vpicio_mts.c:197] PDC_CLIENT[10]: Attaching zfp gpu to index: 3
[12:41:52.982153] [WARNING] [vpicio_mts.c:197] PDC_CLIENT[11]: Attaching zfp gpu to index: 3
[12:41:52.982153] [WARNING] [vpicio_mts.c:197] PDC_CLIENT[12]: Attaching zfp gpu to index: 3
[12:41:52.982153] [WARNING] [vpicio_mts.c:197] PDC_CLIENT[13]: Attaching zfp gpu to index: 3
[12:41:52.982147] [WARNING] [vpicio_mts.c:197] PDC_CLIENT[14]: Attaching zfp gpu to index: 3
[12:41:52.982147] [WARNING] [vpicio_mts.c:197] PDC_CLIENT[15]: Attaching zfp gpu to index: 3
[12:41:52.982147] [WARNING] [vpicio_mts.c:197] PDC_CLIENT[16]: Attaching zfp gpu to index: 3
[12:41:52.982148] [WARNING] [vpicio_mts.c:197] PDC_CLIENT[17]: Attaching zfp gpu to index: 3
[12:41:52.982153] [WARNING] [vpicio_mts.c:197] PDC_CLIENT[18]: Attaching zfp gpu to index: 3
[12:41:52.982153] [WARNING] [vpicio_mts.c:197] PDC_CLIENT[19]: Attaching zfp gpu to index: 3
[12:41:52.982153] [WARNING] [vpicio_mts.c:197] PDC_CLIENT[20]: Attaching zfp gpu to index: 3
[12:41:52.982148] [WARNING] [vpicio_mts.c:197] PDC_CLIENT[21]: Attaching zfp gpu to index: 3
[12:41:52.982148] [WARNING] [vpicio_mts.c:197] PDC_CLIENT[22]: Attaching zfp gpu to index: 3
[12:41:52.982154] [WARNING] [vpicio_mts.c:197] PDC_CLIENT[23]: Attaching zfp gpu to index: 3
[12:41:52.982154] [WARNING] [vpicio_mts.c:197] PDC_CLIENT[24]: Attaching zfp gpu to index: 3
[12:41:52.982154] [WARNING] [vpicio_mts.c:197] PDC_CLIENT[25]: Attaching zfp gpu to index: 3
[12:41:52.982148] [WARNING] [vpicio_mts.c:197] PDC_CLIENT[26]: Attaching zfp gpu to index: 3
[12:41:52.982154] [WARNING] [vpicio_mts.c:197] PDC_CLIENT[27]: Attaching zfp gpu to index: 3
[12:41:52.982155] [WARNING] [vpicio_mts.c:197] PDC_CLIENT[28]: Attaching zfp gpu to index: 3
[12:41:52.982153] [WARNING] [vpicio_mts.c:197] PDC_CLIENT[29]: Attaching zfp gpu to index: 3
[12:41:52.982155] [WARNING] [vpicio_mts.c:197] PDC_CLIENT[30]: Attaching zfp gpu to index: 3
[12:41:52.982153] [WARNING] [vpicio_mts.c:197] PDC_CLIENT[31]: Attaching zfp gpu to index: 3
[12:41:52.983156] [WARNING] [vpicio_mts.c:197] PDC_CLIENT[0]: Attaching zfp gpu to index: 4
[12:41:52.983148] [WARNING] [vpicio_mts.c:197] PDC_CLIENT[1]: Attaching zfp gpu to index: 4
[12:41:52.983156] [WARNING] [vpicio_mts.c:197] PDC_CLIENT[2]: Attaching zfp gpu to index: 4
[12:41:52.983148] [WARNING] [vpicio_mts.c:197] PDC_CLIENT[3]: Attaching zfp gpu to index: 4
[12:41:52.983154] [WARNING] [vpicio_mts.c:197] PDC_CLIENT[4]: Attaching zfp gpu to index: 4
[12:41:52.983154] [WARNING] [vpicio_mts.c:197] PDC_CLIENT[5]: Attaching zfp gpu to index: 4
[12:41:52.983154] [WARNING] [vpicio_mts.c:197] PDC_CLIENT[6]: Attaching zfp gpu to index: 4
[12:41:52.983154] [WARNING] [vpicio_mts.c:197] PDC_CLIENT[7]: Attaching zfp gpu to index: 4
[12:41:52.983154] [WARNING] [vpicio_mts.c:197] PDC_CLIENT[8]: Attaching zfp gpu to index: 4
[12:41:52.983154] [WARNING] [vpicio_mts.c:197] PDC_CLIENT[9]: Attaching zfp gpu to index: 4
[12:41:52.983148] [WARNING] [vpicio_mts.c:197] PDC_CLIENT[10]: Attaching zfp gpu to index: 4
[12:41:52.983154] [WARNING] [vpicio_mts.c:197] PDC_CLIENT[11]: Attaching zfp gpu to index: 4
[12:41:52.983154] [WARNING] [vpicio_mts.c:197] PDC_CLIENT[12]: Attaching zfp gpu to index: 4
[12:41:52.983156] [WARNING] [vpicio_mts.c:197] PDC_CLIENT[13]: Attaching zfp gpu to index: 4
[12:41:52.983148] [WARNING] [vpicio_mts.c:197] PDC_CLIENT[14]: Attaching zfp gpu to index: 4
[12:41:52.983148] [WARNING] [vpicio_mts.c:197] PDC_CLIENT[15]: Attaching zfp gpu to index: 4
[12:41:52.983149] [WARNING] [vpicio_mts.c:197] PDC_CLIENT[16]: Attaching zfp gpu to index: 4
[12:41:52.983149] [WARNING] [vpicio_mts.c:197] PDC_CLIENT[17]: Attaching zfp gpu to index: 4
[12:41:52.983154] [WARNING] [vpicio_mts.c:197] PDC_CLIENT[18]: Attaching zfp gpu to index: 4
[12:41:52.983154] [WARNING] [vpicio_mts.c:197] PDC_CLIENT[19]: Attaching zfp gpu to index: 4
[12:41:52.983154] [WARNING] [vpicio_mts.c:197] PDC_CLIENT[20]: Attaching zfp gpu to index: 4
[12:41:52.983148] [WARNING] [vpicio_mts.c:197] PDC_CLIENT[21]: Attaching zfp gpu to index: 4
[12:41:52.983148] [WARNING] [vpicio_mts.c:197] PDC_CLIENT[22]: Attaching zfp gpu to index: 4
[12:41:52.983154] [WARNING] [vpicio_mts.c:197] PDC_CLIENT[23]: Attaching zfp gpu to index: 4
[12:41:52.983154] [WARNING] [vpicio_mts.c:197] PDC_CLIENT[24]: Attaching zfp gpu to index: 4
[12:41:52.983155] [WARNING] [vpicio_mts.c:197] PDC_CLIENT[25]: Attaching zfp gpu to index: 4
[12:41:52.983148] [WARNING] [vpicio_mts.c:197] PDC_CLIENT[26]: Attaching zfp gpu to index: 4
[12:41:52.983155] [WARNING] [vpicio_mts.c:197] PDC_CLIENT[27]: Attaching zfp gpu to index: 4
[12:41:52.983158] [WARNING] [vpicio_mts.c:197] PDC_CLIENT[28]: Attaching zfp gpu to index: 4
[12:41:52.983154] [WARNING] [vpicio_mts.c:197] PDC_CLIENT[29]: Attaching zfp gpu to index: 4
[12:41:52.983158] [WARNING] [vpicio_mts.c:197] PDC_CLIENT[30]: Attaching zfp gpu to index: 4
[12:41:52.983154] [WARNING] [vpicio_mts.c:197] PDC_CLIENT[31]: Attaching zfp gpu to index: 4
[12:41:52.983438] [WARNING] [vpicio_mts.c:197] PDC_CLIENT[0]: Attaching zfp gpu to index: 5
[12:41:52.983430] [WARNING] [vpicio_mts.c:197] PDC_CLIENT[1]: Attaching zfp gpu to index: 5
[12:41:52.983438] [WARNING] [vpicio_mts.c:197] PDC_CLIENT[2]: Attaching zfp gpu to index: 5
[12:41:52.983435] [WARNING] [vpicio_mts.c:197] PDC_CLIENT[4]: Attaching zfp gpu to index: 5
[12:41:52.983436] [WARNING] [vpicio_mts.c:197] PDC_CLIENT[5]: Attaching zfp gpu to index: 5
[12:41:52.983435] [WARNING] [vpicio_mts.c:197] PDC_CLIENT[6]: Attaching zfp gpu to index: 5
[12:41:52.983436] [WARNING] [vpicio_mts.c:197] PDC_CLIENT[7]: Attaching zfp gpu to index: 5
[12:41:52.983436] [WARNING] [vpicio_mts.c:197] PDC_CLIENT[8]: Attaching zfp gpu to index: 5
[12:41:52.983436] [WARNING] [vpicio_mts.c:197] PDC_CLIENT[9]: Attaching zfp gpu to index: 5
[12:41:52.983430] [WARNING] [vpicio_mts.c:197] PDC_CLIENT[10]: Attaching zfp gpu to index: 5
[12:41:52.983436] [WARNING] [vpicio_mts.c:197] PDC_CLIENT[11]: Attaching zfp gpu to index: 5
[12:41:52.983436] [WARNING] [vpicio_mts.c:197] PDC_CLIENT[12]: Attaching zfp gpu to index: 5
[12:41:52.983436] [WARNING] [vpicio_mts.c:197] PDC_CLIENT[13]: Attaching zfp gpu to index: 5
[12:41:52.983430] [WARNING] [vpicio_mts.c:197] PDC_CLIENT[14]: Attaching zfp gpu to index: 5
[12:41:52.983430] [WARNING] [vpicio_mts.c:197] PDC_CLIENT[15]: Attaching zfp gpu to index: 5
[12:41:52.983430] [WARNING] [vpicio_mts.c:197] PDC_CLIENT[16]: Attaching zfp gpu to index: 5
[12:41:52.983431] [WARNING] [vpicio_mts.c:197] PDC_CLIENT[17]: Attaching zfp gpu to index: 5
[12:41:52.983436] [WARNING] [vpicio_mts.c:197] PDC_CLIENT[18]: Attaching zfp gpu to index: 5
[12:41:52.983436] [WARNING] [vpicio_mts.c:197] PDC_CLIENT[19]: Attaching zfp gpu to index: 5
[12:41:52.983436] [WARNING] [vpicio_mts.c:197] PDC_CLIENT[20]: Attaching zfp gpu to index: 5
[12:41:52.983431] [WARNING] [vpicio_mts.c:197] PDC_CLIENT[21]: Attaching zfp gpu to index: 5
[12:41:52.983431] [WARNING] [vpicio_mts.c:197] PDC_CLIENT[22]: Attaching zfp gpu to index: 5
[12:41:52.983436] [WARNING] [vpicio_mts.c:197] PDC_CLIENT[23]: Attaching zfp gpu to index: 5
[12:41:52.983436] [WARNING] [vpicio_mts.c:197] PDC_CLIENT[24]: Attaching zfp gpu to index: 5
[12:41:52.983437] [WARNING] [vpicio_mts.c:197] PDC_CLIENT[25]: Attaching zfp gpu to index: 5
[12:41:52.983431] [WARNING] [vpicio_mts.c:197] PDC_CLIENT[26]: Attaching zfp gpu to index: 5
[12:41:52.983437] [WARNING] [vpicio_mts.c:197] PDC_CLIENT[27]: Attaching zfp gpu to index: 5
[12:41:52.983437] [WARNING] [vpicio_mts.c:197] PDC_CLIENT[28]: Attaching zfp gpu to index: 5
[12:41:52.983436] [WARNING] [vpicio_mts.c:197] PDC_CLIENT[29]: Attaching zfp gpu to index: 5
[12:41:52.983437] [WARNING] [vpicio_mts.c:197] PDC_CLIENT[30]: Attaching zfp gpu to index: 5
[12:41:52.983436] [WARNING] [vpicio_mts.c:197] PDC_CLIENT[31]: Attaching zfp gpu to index: 5
[12:41:52.985112] [WARNING] [vpicio_mts.c:197] PDC_CLIENT[3]: Attaching zfp gpu to index: 5
[12:41:52.985430] [WARNING] [vpicio_mts.c:212] PDC_CLIENT[0]: Obj create time: 1.09763e-02
[12:41:52.985633] [WARNING] [vpicio_mts.c:228] PDC_CLIENT[0]: Transfer create time: 2.07020e-04
[12:41:54.842298] [WARNING] [vpicio_mts.c:244] PDC_CLIENT[0]: Transfer start time: 1.85667e+00
[12:41:54.842502] [WARNING] [vpicio_mts.c:249] PDC_CLIENT[0]: Sleep start: 40.00
[12:42:34.842644] [WARNING] [vpicio_mts.c:252] PDC_CLIENT[0]: Sleep end: 40.00
[12:42:34.884112] [WARNING] [vpicio_mts.c:272] PDC_CLIENT[0]: Transfer wait time: 4.10168e-02
[12:42:34.969327] [WARNING] [vpicio_mts.c:286] PDC_CLIENT[0]: Transfer close time: 8.52274e-02
[12:42:34.969448] [WARNING] [vpicio_mts.c:300] PDC_CLIENT[0]: Obj close time: 1.24100e-04
[12:42:34.969541] [WARNING] [vpicio_mts.c:174] PDC_CLIENT[0]: #Step  1
[12:42:34.969739] [WARNING] [vpicio_mts.c:197] PDC_CLIENT[0]: Attaching zfp gpu to index: 8
[12:42:34.969765] [WARNING] [vpicio_mts.c:197] PDC_CLIENT[2]: Attaching zfp gpu to index: 8
[12:42:34.969765] [WARNING] [vpicio_mts.c:197] PDC_CLIENT[4]: Attaching zfp gpu to index: 8
[12:42:34.969765] [WARNING] [vpicio_mts.c:197] PDC_CLIENT[6]: Attaching zfp gpu to index: 8
[12:42:34.969765] [WARNING] [vpicio_mts.c:197] PDC_CLIENT[8]: Attaching zfp gpu to index: 8
[12:42:34.969765] [WARNING] [vpicio_mts.c:197] PDC_CLIENT[10]: Attaching zfp gpu to index: 8
[12:42:34.969765] [WARNING] [vpicio_mts.c:197] PDC_CLIENT[12]: Attaching zfp gpu to index: 8
[12:42:34.969765] [WARNING] [vpicio_mts.c:197] PDC_CLIENT[14]: Attaching zfp gpu to index: 8
[12:42:34.969765] [WARNING] [vpicio_mts.c:197] PDC_CLIENT[16]: Attaching zfp gpu to index: 8
[12:42:34.969765] [WARNING] [vpicio_mts.c:197] PDC_CLIENT[18]: Attaching zfp gpu to index: 8
[12:42:34.969765] [WARNING] [vpicio_mts.c:197] PDC_CLIENT[20]: Attaching zfp gpu to index: 8
[12:42:34.969768] [WARNING] [vpicio_mts.c:197] PDC_CLIENT[21]: Attaching zfp gpu to index: 8
[12:42:34.969765] [WARNING] [vpicio_mts.c:197] PDC_CLIENT[22]: Attaching zfp gpu to index: 8
[12:42:34.969768] [WARNING] [vpicio_mts.c:197] PDC_CLIENT[23]: Attaching zfp gpu to index: 8
[12:42:34.969743] [WARNING] [vpicio_mts.c:197] PDC_CLIENT[24]: Attaching zfp gpu to index: 8
[12:42:34.969768] [WARNING] [vpicio_mts.c:197] PDC_CLIENT[25]: Attaching zfp gpu to index: 8
[12:42:34.969765] [WARNING] [vpicio_mts.c:197] PDC_CLIENT[26]: Attaching zfp gpu to index: 8
[12:42:34.969768] [WARNING] [vpicio_mts.c:197] PDC_CLIENT[27]: Attaching zfp gpu to index: 8
[12:42:34.969765] [WARNING] [vpicio_mts.c:197] PDC_CLIENT[28]: Attaching zfp gpu to index: 8
[12:42:34.969768] [WARNING] [vpicio_mts.c:197] PDC_CLIENT[29]: Attaching zfp gpu to index: 8
[12:42:34.969746] [WARNING] [vpicio_mts.c:197] PDC_CLIENT[30]: Attaching zfp gpu to index: 8
[12:42:34.969747] [WARNING] [vpicio_mts.c:197] PDC_CLIENT[31]: Attaching zfp gpu to index: 8
[12:42:34.969768] [WARNING] [vpicio_mts.c:197] PDC_CLIENT[1]: Attaching zfp gpu to index: 8
[12:42:34.969768] [WARNING] [vpicio_mts.c:197] PDC_CLIENT[3]: Attaching zfp gpu to index: 8
[12:42:34.969768] [WARNING] [vpicio_mts.c:197] PDC_CLIENT[5]: Attaching zfp gpu to index: 8
[12:42:34.969768] [WARNING] [vpicio_mts.c:197] PDC_CLIENT[7]: Attaching zfp gpu to index: 8
[12:42:34.969768] [WARNING] [vpicio_mts.c:197] PDC_CLIENT[9]: Attaching zfp gpu to index: 8
[12:42:34.969768] [WARNING] [vpicio_mts.c:197] PDC_CLIENT[11]: Attaching zfp gpu to index: 8
[12:42:34.969768] [WARNING] [vpicio_mts.c:197] PDC_CLIENT[13]: Attaching zfp gpu to index: 8
[12:42:34.969768] [WARNING] [vpicio_mts.c:197] PDC_CLIENT[15]: Attaching zfp gpu to index: 8
[12:42:34.969769] [WARNING] [vpicio_mts.c:197] PDC_CLIENT[17]: Attaching zfp gpu to index: 8
[12:42:34.969768] [WARNING] [vpicio_mts.c:197] PDC_CLIENT[19]: Attaching zfp gpu to index: 8
[12:42:34.971219] [WARNING] [vpicio_mts.c:197] PDC_CLIENT[0]: Attaching zfp gpu to index: 9
[12:42:34.971228] [WARNING] [vpicio_mts.c:197] PDC_CLIENT[1]: Attaching zfp gpu to index: 9
[12:42:34.971226] [WARNING] [vpicio_mts.c:197] PDC_CLIENT[2]: Attaching zfp gpu to index: 9
[12:42:34.971228] [WARNING] [vpicio_mts.c:197] PDC_CLIENT[3]: Attaching zfp gpu to index: 9
[12:42:34.971224] [WARNING] [vpicio_mts.c:197] PDC_CLIENT[4]: Attaching zfp gpu to index: 9
[12:42:34.971224] [WARNING] [vpicio_mts.c:197] PDC_CLIENT[5]: Attaching zfp gpu to index: 9
[12:42:34.971224] [WARNING] [vpicio_mts.c:197] PDC_CLIENT[6]: Attaching zfp gpu to index: 9
[12:42:34.971224] [WARNING] [vpicio_mts.c:197] PDC_CLIENT[7]: Attaching zfp gpu to index: 9
[12:42:34.971224] [WARNING] [vpicio_mts.c:197] PDC_CLIENT[8]: Attaching zfp gpu to index: 9
[12:42:34.971223] [WARNING] [vpicio_mts.c:197] PDC_CLIENT[9]: Attaching zfp gpu to index: 9
[12:42:34.971224] [WARNING] [vpicio_mts.c:197] PDC_CLIENT[10]: Attaching zfp gpu to index: 9
[12:42:34.971223] [WARNING] [vpicio_mts.c:197] PDC_CLIENT[11]: Attaching zfp gpu to index: 9
[12:42:34.971224] [WARNING] [vpicio_mts.c:197] PDC_CLIENT[12]: Attaching zfp gpu to index: 9
[12:42:34.971223] [WARNING] [vpicio_mts.c:197] PDC_CLIENT[13]: Attaching zfp gpu to index: 9
[12:42:34.971224] [WARNING] [vpicio_mts.c:197] PDC_CLIENT[14]: Attaching zfp gpu to index: 9
[12:42:34.971223] [WARNING] [vpicio_mts.c:197] PDC_CLIENT[15]: Attaching zfp gpu to index: 9
[12:42:34.971225] [WARNING] [vpicio_mts.c:197] PDC_CLIENT[16]: Attaching zfp gpu to index: 9
[12:42:34.971224] [WARNING] [vpicio_mts.c:197] PDC_CLIENT[17]: Attaching zfp gpu to index: 9
[12:42:34.971225] [WARNING] [vpicio_mts.c:197] PDC_CLIENT[18]: Attaching zfp gpu to index: 9
[12:42:34.971224] [WARNING] [vpicio_mts.c:197] PDC_CLIENT[19]: Attaching zfp gpu to index: 9
[12:42:34.971225] [WARNING] [vpicio_mts.c:197] PDC_CLIENT[20]: Attaching zfp gpu to index: 9
[12:42:34.971224] [WARNING] [vpicio_mts.c:197] PDC_CLIENT[21]: Attaching zfp gpu to index: 9
[12:42:34.971225] [WARNING] [vpicio_mts.c:197] PDC_CLIENT[22]: Attaching zfp gpu to index: 9
[12:42:34.971224] [WARNING] [vpicio_mts.c:197] PDC_CLIENT[23]: Attaching zfp gpu to index: 9
[12:42:34.971219] [WARNING] [vpicio_mts.c:197] PDC_CLIENT[24]: Attaching zfp gpu to index: 9
[12:42:34.971224] [WARNING] [vpicio_mts.c:197] PDC_CLIENT[25]: Attaching zfp gpu to index: 9
[12:42:34.971225] [WARNING] [vpicio_mts.c:197] PDC_CLIENT[26]: Attaching zfp gpu to index: 9
[12:42:34.971224] [WARNING] [vpicio_mts.c:197] PDC_CLIENT[27]: Attaching zfp gpu to index: 9
[12:42:34.971226] [WARNING] [vpicio_mts.c:197] PDC_CLIENT[28]: Attaching zfp gpu to index: 9
[12:42:34.971224] [WARNING] [vpicio_mts.c:197] PDC_CLIENT[29]: Attaching zfp gpu to index: 9
[12:42:34.971219] [WARNING] [vpicio_mts.c:197] PDC_CLIENT[30]: Attaching zfp gpu to index: 9
[12:42:34.971218] [WARNING] [vpicio_mts.c:197] PDC_CLIENT[31]: Attaching zfp gpu to index: 9
[12:42:34.972420] [WARNING] [vpicio_mts.c:197] PDC_CLIENT[0]: Attaching zfp gpu to index: 10
[12:42:34.972428] [WARNING] [vpicio_mts.c:197] PDC_CLIENT[1]: Attaching zfp gpu to index: 10
[12:42:34.972427] [WARNING] [vpicio_mts.c:197] PDC_CLIENT[2]: Attaching zfp gpu to index: 10
[12:42:34.972429] [WARNING] [vpicio_mts.c:197] PDC_CLIENT[3]: Attaching zfp gpu to index: 10
[12:42:34.972428] [WARNING] [vpicio_mts.c:197] PDC_CLIENT[4]: Attaching zfp gpu to index: 10
[12:42:34.972426] [WARNING] [vpicio_mts.c:197] PDC_CLIENT[5]: Attaching zfp gpu to index: 10
[12:42:34.972428] [WARNING] [vpicio_mts.c:197] PDC_CLIENT[6]: Attaching zfp gpu to index: 10
[12:42:34.972426] [WARNING] [vpicio_mts.c:197] PDC_CLIENT[7]: Attaching zfp gpu to index: 10
[12:42:34.972427] [WARNING] [vpicio_mts.c:197] PDC_CLIENT[8]: Attaching zfp gpu to index: 10
[12:42:34.972426] [WARNING] [vpicio_mts.c:197] PDC_CLIENT[9]: Attaching zfp gpu to index: 10
[12:42:34.972427] [WARNING] [vpicio_mts.c:197] PDC_CLIENT[10]: Attaching zfp gpu to index: 10
[12:42:34.972426] [WARNING] [vpicio_mts.c:197] PDC_CLIENT[11]: Attaching zfp gpu to index: 10
[12:42:34.972427] [WARNING] [vpicio_mts.c:197] PDC_CLIENT[12]: Attaching zfp gpu to index: 10
[12:42:34.972426] [WARNING] [vpicio_mts.c:197] PDC_CLIENT[13]: Attaching zfp gpu to index: 10
[12:42:34.972427] [WARNING] [vpicio_mts.c:197] PDC_CLIENT[14]: Attaching zfp gpu to index: 10
[12:42:34.972426] [WARNING] [vpicio_mts.c:197] PDC_CLIENT[15]: Attaching zfp gpu to index: 10
[12:42:34.972428] [WARNING] [vpicio_mts.c:197] PDC_CLIENT[16]: Attaching zfp gpu to index: 10
[12:42:34.972426] [WARNING] [vpicio_mts.c:197] PDC_CLIENT[17]: Attaching zfp gpu to index: 10
[12:42:34.972428] [WARNING] [vpicio_mts.c:197] PDC_CLIENT[18]: Attaching zfp gpu to index: 10
[12:42:34.972426] [WARNING] [vpicio_mts.c:197] PDC_CLIENT[19]: Attaching zfp gpu to index: 10
[12:42:34.972428] [WARNING] [vpicio_mts.c:197] PDC_CLIENT[20]: Attaching zfp gpu to index: 10
[12:42:34.972426] [WARNING] [vpicio_mts.c:197] PDC_CLIENT[21]: Attaching zfp gpu to index: 10
[12:42:34.972428] [WARNING] [vpicio_mts.c:197] PDC_CLIENT[22]: Attaching zfp gpu to index: 10
[12:42:34.972426] [WARNING] [vpicio_mts.c:197] PDC_CLIENT[23]: Attaching zfp gpu to index: 10
[12:42:34.972421] [WARNING] [vpicio_mts.c:197] PDC_CLIENT[24]: Attaching zfp gpu to index: 10
[12:42:34.972426] [WARNING] [vpicio_mts.c:197] PDC_CLIENT[25]: Attaching zfp gpu to index: 10
[12:42:34.972427] [WARNING] [vpicio_mts.c:197] PDC_CLIENT[26]: Attaching zfp gpu to index: 10
[12:42:34.972426] [WARNING] [vpicio_mts.c:197] PDC_CLIENT[27]: Attaching zfp gpu to index: 10
[12:42:34.972428] [WARNING] [vpicio_mts.c:197] PDC_CLIENT[28]: Attaching zfp gpu to index: 10
[12:42:34.972428] [WARNING] [vpicio_mts.c:197] PDC_CLIENT[29]: Attaching zfp gpu to index: 10
[12:42:34.972422] [WARNING] [vpicio_mts.c:197] PDC_CLIENT[30]: Attaching zfp gpu to index: 10
[12:42:34.972422] [WARNING] [vpicio_mts.c:197] PDC_CLIENT[31]: Attaching zfp gpu to index: 10
[12:42:34.974870] [WARNING] [vpicio_mts.c:197] PDC_CLIENT[0]: Attaching zfp gpu to index: 11
[12:42:34.974877] [WARNING] [vpicio_mts.c:197] PDC_CLIENT[1]: Attaching zfp gpu to index: 11
[12:42:34.974877] [WARNING] [vpicio_mts.c:197] PDC_CLIENT[2]: Attaching zfp gpu to index: 11
[12:42:34.974877] [WARNING] [vpicio_mts.c:197] PDC_CLIENT[3]: Attaching zfp gpu to index: 11
[12:42:34.974876] [WARNING] [vpicio_mts.c:197] PDC_CLIENT[4]: Attaching zfp gpu to index: 11
[12:42:34.974876] [WARNING] [vpicio_mts.c:197] PDC_CLIENT[5]: Attaching zfp gpu to index: 11
[12:42:34.974876] [WARNING] [vpicio_mts.c:197] PDC_CLIENT[6]: Attaching zfp gpu to index: 11
[12:42:34.974876] [WARNING] [vpicio_mts.c:197] PDC_CLIENT[7]: Attaching zfp gpu to index: 11
[12:42:34.974875] [WARNING] [vpicio_mts.c:197] PDC_CLIENT[8]: Attaching zfp gpu to index: 11
[12:42:34.974876] [WARNING] [vpicio_mts.c:197] PDC_CLIENT[9]: Attaching zfp gpu to index: 11
[12:42:34.974875] [WARNING] [vpicio_mts.c:197] PDC_CLIENT[10]: Attaching zfp gpu to index: 11
[12:42:34.974876] [WARNING] [vpicio_mts.c:197] PDC_CLIENT[11]: Attaching zfp gpu to index: 11
[12:42:34.974875] [WARNING] [vpicio_mts.c:197] PDC_CLIENT[12]: Attaching zfp gpu to index: 11
[12:42:34.974876] [WARNING] [vpicio_mts.c:197] PDC_CLIENT[13]: Attaching zfp gpu to index: 11
[12:42:34.974875] [WARNING] [vpicio_mts.c:197] PDC_CLIENT[14]: Attaching zfp gpu to index: 11
[12:42:34.974876] [WARNING] [vpicio_mts.c:197] PDC_CLIENT[15]: Attaching zfp gpu to index: 11
[12:42:34.974876] [WARNING] [vpicio_mts.c:197] PDC_CLIENT[16]: Attaching zfp gpu to index: 11
[12:42:34.974877] [WARNING] [vpicio_mts.c:197] PDC_CLIENT[17]: Attaching zfp gpu to index: 11
[12:42:34.975065] [WARNING] [vpicio_mts.c:197] PDC_CLIENT[17]: Attaching zfp gpu to index: 12
[12:42:34.974876] [WARNING] [vpicio_mts.c:197] PDC_CLIENT[18]: Attaching zfp gpu to index: 11
[12:42:34.975065] [WARNING] [vpicio_mts.c:197] PDC_CLIENT[18]: Attaching zfp gpu to index: 12
[12:42:34.974877] [WARNING] [vpicio_mts.c:197] PDC_CLIENT[19]: Attaching zfp gpu to index: 11
[12:42:34.975065] [WARNING] [vpicio_mts.c:197] PDC_CLIENT[19]: Attaching zfp gpu to index: 12
[12:42:34.974876] [WARNING] [vpicio_mts.c:197] PDC_CLIENT[20]: Attaching zfp gpu to index: 11
[12:42:34.975073] [WARNING] [vpicio_mts.c:197] PDC_CLIENT[20]: Attaching zfp gpu to index: 12
[12:42:34.974876] [WARNING] [vpicio_mts.c:197] PDC_CLIENT[21]: Attaching zfp gpu to index: 11
[12:42:34.975065] [WARNING] [vpicio_mts.c:197] PDC_CLIENT[21]: Attaching zfp gpu to index: 12
[12:42:34.974876] [WARNING] [vpicio_mts.c:197] PDC_CLIENT[22]: Attaching zfp gpu to index: 11
[12:42:34.975073] [WARNING] [vpicio_mts.c:197] PDC_CLIENT[22]: Attaching zfp gpu to index: 12
[12:42:34.974876] [WARNING] [vpicio_mts.c:197] PDC_CLIENT[23]: Attaching zfp gpu to index: 11
[12:42:34.975065] [WARNING] [vpicio_mts.c:197] PDC_CLIENT[23]: Attaching zfp gpu to index: 12
[12:42:34.974871] [WARNING] [vpicio_mts.c:197] PDC_CLIENT[24]: Attaching zfp gpu to index: 11
[12:42:34.974876] [WARNING] [vpicio_mts.c:197] PDC_CLIENT[25]: Attaching zfp gpu to index: 11
[12:42:34.975074] [WARNING] [vpicio_mts.c:197] PDC_CLIENT[25]: Attaching zfp gpu to index: 12
[12:42:34.974876] [WARNING] [vpicio_mts.c:197] PDC_CLIENT[26]: Attaching zfp gpu to index: 11
[12:42:34.975066] [WARNING] [vpicio_mts.c:197] PDC_CLIENT[26]: Attaching zfp gpu to index: 12
[12:42:34.974877] [WARNING] [vpicio_mts.c:197] PDC_CLIENT[27]: Attaching zfp gpu to index: 11
[12:42:34.975068] [WARNING] [vpicio_mts.c:197] PDC_CLIENT[27]: Attaching zfp gpu to index: 12
[12:42:34.974876] [WARNING] [vpicio_mts.c:197] PDC_CLIENT[28]: Attaching zfp gpu to index: 11
[12:42:34.975064] [WARNING] [vpicio_mts.c:197] PDC_CLIENT[28]: Attaching zfp gpu to index: 12
[12:42:34.974878] [WARNING] [vpicio_mts.c:197] PDC_CLIENT[29]: Attaching zfp gpu to index: 11
[12:42:34.975083] [WARNING] [vpicio_mts.c:197] PDC_CLIENT[29]: Attaching zfp gpu to index: 12
[12:42:34.974870] [WARNING] [vpicio_mts.c:197] PDC_CLIENT[30]: Attaching zfp gpu to index: 11
[12:42:34.975061] [WARNING] [vpicio_mts.c:197] PDC_CLIENT[30]: Attaching zfp gpu to index: 12
[12:42:34.974872] [WARNING] [vpicio_mts.c:197] PDC_CLIENT[31]: Attaching zfp gpu to index: 11
[12:42:34.975061] [WARNING] [vpicio_mts.c:197] PDC_CLIENT[31]: Attaching zfp gpu to index: 12
[12:42:34.975059] [WARNING] [vpicio_mts.c:197] PDC_CLIENT[0]: Attaching zfp gpu to index: 12
[12:42:34.975083] [WARNING] [vpicio_mts.c:197] PDC_CLIENT[1]: Attaching zfp gpu to index: 12
[12:42:34.975089] [WARNING] [vpicio_mts.c:197] PDC_CLIENT[2]: Attaching zfp gpu to index: 12
[12:42:34.975083] [WARNING] [vpicio_mts.c:197] PDC_CLIENT[3]: Attaching zfp gpu to index: 12
[12:42:34.975064] [WARNING] [vpicio_mts.c:197] PDC_CLIENT[4]: Attaching zfp gpu to index: 12
[12:42:34.975065] [WARNING] [vpicio_mts.c:197] PDC_CLIENT[5]: Attaching zfp gpu to index: 12
[12:42:34.975064] [WARNING] [vpicio_mts.c:197] PDC_CLIENT[6]: Attaching zfp gpu to index: 12
[12:42:34.975065] [WARNING] [vpicio_mts.c:197] PDC_CLIENT[7]: Attaching zfp gpu to index: 12
[12:42:34.975080] [WARNING] [vpicio_mts.c:197] PDC_CLIENT[8]: Attaching zfp gpu to index: 12
[12:42:34.975065] [WARNING] [vpicio_mts.c:197] PDC_CLIENT[9]: Attaching zfp gpu to index: 12
[12:42:34.975080] [WARNING] [vpicio_mts.c:197] PDC_CLIENT[10]: Attaching zfp gpu to index: 12
[12:42:34.975065] [WARNING] [vpicio_mts.c:197] PDC_CLIENT[11]: Attaching zfp gpu to index: 12
[12:42:34.975063] [WARNING] [vpicio_mts.c:197] PDC_CLIENT[12]: Attaching zfp gpu to index: 12
[12:42:34.975065] [WARNING] [vpicio_mts.c:197] PDC_CLIENT[13]: Attaching zfp gpu to index: 12
[12:42:34.975063] [WARNING] [vpicio_mts.c:197] PDC_CLIENT[14]: Attaching zfp gpu to index: 12
[12:42:34.975065] [WARNING] [vpicio_mts.c:197] PDC_CLIENT[15]: Attaching zfp gpu to index: 12
[12:42:34.975065] [WARNING] [vpicio_mts.c:197] PDC_CLIENT[16]: Attaching zfp gpu to index: 12
[12:42:34.978732] [WARNING] [vpicio_mts.c:197] PDC_CLIENT[24]: Attaching zfp gpu to index: 12
[12:42:34.978948] [WARNING] [vpicio_mts.c:197] PDC_CLIENT[0]: Attaching zfp gpu to index: 13
[12:42:34.978955] [WARNING] [vpicio_mts.c:197] PDC_CLIENT[1]: Attaching zfp gpu to index: 13
[12:42:34.978955] [WARNING] [vpicio_mts.c:197] PDC_CLIENT[2]: Attaching zfp gpu to index: 13
[12:42:34.978955] [WARNING] [vpicio_mts.c:197] PDC_CLIENT[3]: Attaching zfp gpu to index: 13
[12:42:34.978954] [WARNING] [vpicio_mts.c:197] PDC_CLIENT[4]: Attaching zfp gpu to index: 13
[12:42:34.978954] [WARNING] [vpicio_mts.c:197] PDC_CLIENT[5]: Attaching zfp gpu to index: 13
[12:42:34.978954] [WARNING] [vpicio_mts.c:197] PDC_CLIENT[6]: Attaching zfp gpu to index: 13
[12:42:34.978954] [WARNING] [vpicio_mts.c:197] PDC_CLIENT[7]: Attaching zfp gpu to index: 13
[12:42:34.978954] [WARNING] [vpicio_mts.c:197] PDC_CLIENT[8]: Attaching zfp gpu to index: 13
[12:42:34.978954] [WARNING] [vpicio_mts.c:197] PDC_CLIENT[9]: Attaching zfp gpu to index: 13
[12:42:34.978954] [WARNING] [vpicio_mts.c:197] PDC_CLIENT[10]: Attaching zfp gpu to index: 13
[12:42:34.978954] [WARNING] [vpicio_mts.c:197] PDC_CLIENT[11]: Attaching zfp gpu to index: 13
[12:42:34.978955] [WARNING] [vpicio_mts.c:197] PDC_CLIENT[12]: Attaching zfp gpu to index: 13
[12:42:34.978955] [WARNING] [vpicio_mts.c:197] PDC_CLIENT[13]: Attaching zfp gpu to index: 13
[12:42:34.978955] [WARNING] [vpicio_mts.c:197] PDC_CLIENT[14]: Attaching zfp gpu to index: 13
[12:42:34.978955] [WARNING] [vpicio_mts.c:197] PDC_CLIENT[15]: Attaching zfp gpu to index: 13
[12:42:34.978955] [WARNING] [vpicio_mts.c:197] PDC_CLIENT[16]: Attaching zfp gpu to index: 13
[12:42:34.978955] [WARNING] [vpicio_mts.c:197] PDC_CLIENT[17]: Attaching zfp gpu to index: 13
[12:42:34.978955] [WARNING] [vpicio_mts.c:197] PDC_CLIENT[18]: Attaching zfp gpu to index: 13
[12:42:34.978955] [WARNING] [vpicio_mts.c:197] PDC_CLIENT[19]: Attaching zfp gpu to index: 13
[12:42:34.978955] [WARNING] [vpicio_mts.c:197] PDC_CLIENT[20]: Attaching zfp gpu to index: 13
[12:42:34.978955] [WARNING] [vpicio_mts.c:197] PDC_CLIENT[21]: Attaching zfp gpu to index: 13
[12:42:34.978955] [WARNING] [vpicio_mts.c:197] PDC_CLIENT[22]: Attaching zfp gpu to index: 13
[12:42:34.978955] [WARNING] [vpicio_mts.c:197] PDC_CLIENT[23]: Attaching zfp gpu to index: 13
[12:42:34.978948] [WARNING] [vpicio_mts.c:197] PDC_CLIENT[24]: Attaching zfp gpu to index: 13
[12:42:34.978954] [WARNING] [vpicio_mts.c:197] PDC_CLIENT[25]: Attaching zfp gpu to index: 13
[12:42:34.978957] [WARNING] [vpicio_mts.c:197] PDC_CLIENT[26]: Attaching zfp gpu to index: 13
[12:42:34.978954] [WARNING] [vpicio_mts.c:197] PDC_CLIENT[27]: Attaching zfp gpu to index: 13
[12:42:34.978955] [WARNING] [vpicio_mts.c:197] PDC_CLIENT[28]: Attaching zfp gpu to index: 13
[12:42:34.978954] [WARNING] [vpicio_mts.c:197] PDC_CLIENT[29]: Attaching zfp gpu to index: 13
[12:42:34.978949] [WARNING] [vpicio_mts.c:197] PDC_CLIENT[30]: Attaching zfp gpu to index: 13
[12:42:34.978948] [WARNING] [vpicio_mts.c:197] PDC_CLIENT[31]: Attaching zfp gpu to index: 13
[12:42:34.981407] [WARNING] [vpicio_mts.c:212] PDC_CLIENT[0]: Obj create time: 1.17785e-02
[12:42:34.981507] [WARNING] [vpicio_mts.c:228] PDC_CLIENT[0]: Transfer create time: 1.01185e-04
[12:42:36.984089] [WARNING] [vpicio_mts.c:244] PDC_CLIENT[0]: Transfer start time: 2.00258e+00
[12:42:36.984524] [WARNING] [vpicio_mts.c:249] PDC_CLIENT[0]: Sleep start: 40.00
[12:43:16.984654] [WARNING] [vpicio_mts.c:252] PDC_CLIENT[0]: Sleep end: 40.00
[12:43:17.080089] [WARNING] [vpicio_mts.c:272] PDC_CLIENT[0]: Transfer wait time: 6.39936e-02
[12:43:17.177163] [WARNING] [vpicio_mts.c:286] PDC_CLIENT[0]: Transfer close time: 9.70763e-02
[12:43:17.177291] [WARNING] [vpicio_mts.c:300] PDC_CLIENT[0]: Obj close time: 1.28659e-04
[12:43:17.177376] [WARNING] [vpicio_mts.c:174] PDC_CLIENT[0]: #Step  2
[12:43:17.177595] [WARNING] [vpicio_mts.c:197] PDC_CLIENT[0]: Attaching zfp gpu to index: 16
[12:43:17.177602] [WARNING] [vpicio_mts.c:197] PDC_CLIENT[1]: Attaching zfp gpu to index: 16
[12:43:17.177602] [WARNING] [vpicio_mts.c:197] PDC_CLIENT[2]: Attaching zfp gpu to index: 16
[12:43:17.177602] [WARNING] [vpicio_mts.c:197] PDC_CLIENT[3]: Attaching zfp gpu to index: 16
[12:43:17.177601] [WARNING] [vpicio_mts.c:197] PDC_CLIENT[4]: Attaching zfp gpu to index: 16
[12:43:17.177602] [WARNING] [vpicio_mts.c:197] PDC_CLIENT[5]: Attaching zfp gpu to index: 16
[12:43:17.177601] [WARNING] [vpicio_mts.c:197] PDC_CLIENT[6]: Attaching zfp gpu to index: 16
[12:43:17.177602] [WARNING] [vpicio_mts.c:197] PDC_CLIENT[7]: Attaching zfp gpu to index: 16
[12:43:17.177602] [WARNING] [vpicio_mts.c:197] PDC_CLIENT[8]: Attaching zfp gpu to index: 16
[12:43:17.177602] [WARNING] [vpicio_mts.c:197] PDC_CLIENT[9]: Attaching zfp gpu to index: 16
[12:43:17.177601] [WARNING] [vpicio_mts.c:197] PDC_CLIENT[10]: Attaching zfp gpu to index: 16
[12:43:17.177602] [WARNING] [vpicio_mts.c:197] PDC_CLIENT[11]: Attaching zfp gpu to index: 16
[12:43:17.177600] [WARNING] [vpicio_mts.c:197] PDC_CLIENT[12]: Attaching zfp gpu to index: 16
[12:43:17.177603] [WARNING] [vpicio_mts.c:197] PDC_CLIENT[13]: Attaching zfp gpu to index: 16
[12:43:17.177600] [WARNING] [vpicio_mts.c:197] PDC_CLIENT[14]: Attaching zfp gpu to index: 16
[12:43:17.177603] [WARNING] [vpicio_mts.c:197] PDC_CLIENT[15]: Attaching zfp gpu to index: 16
[12:43:17.177601] [WARNING] [vpicio_mts.c:197] PDC_CLIENT[16]: Attaching zfp gpu to index: 16
[12:43:17.177603] [WARNING] [vpicio_mts.c:197] PDC_CLIENT[17]: Attaching zfp gpu to index: 16
[12:43:17.177600] [WARNING] [vpicio_mts.c:197] PDC_CLIENT[18]: Attaching zfp gpu to index: 16
[12:43:17.177603] [WARNING] [vpicio_mts.c:197] PDC_CLIENT[19]: Attaching zfp gpu to index: 16
[12:43:17.177603] [WARNING] [vpicio_mts.c:197] PDC_CLIENT[20]: Attaching zfp gpu to index: 16
[12:43:17.177602] [WARNING] [vpicio_mts.c:197] PDC_CLIENT[21]: Attaching zfp gpu to index: 16
[12:43:17.177603] [WARNING] [vpicio_mts.c:197] PDC_CLIENT[22]: Attaching zfp gpu to index: 16
[12:43:17.177602] [WARNING] [vpicio_mts.c:197] PDC_CLIENT[23]: Attaching zfp gpu to index: 16
[12:43:17.177601] [WARNING] [vpicio_mts.c:197] PDC_CLIENT[24]: Attaching zfp gpu to index: 16
[12:43:17.177603] [WARNING] [vpicio_mts.c:197] PDC_CLIENT[25]: Attaching zfp gpu to index: 16
[12:43:17.177601] [WARNING] [vpicio_mts.c:197] PDC_CLIENT[26]: Attaching zfp gpu to index: 16
[12:43:17.177603] [WARNING] [vpicio_mts.c:197] PDC_CLIENT[27]: Attaching zfp gpu to index: 16
[12:43:17.177621] [WARNING] [vpicio_mts.c:197] PDC_CLIENT[28]: Attaching zfp gpu to index: 16
[12:43:17.177602] [WARNING] [vpicio_mts.c:197] PDC_CLIENT[29]: Attaching zfp gpu to index: 16
[12:43:17.177602] [WARNING] [vpicio_mts.c:197] PDC_CLIENT[30]: Attaching zfp gpu to index: 16
[12:43:17.177602] [WARNING] [vpicio_mts.c:197] PDC_CLIENT[31]: Attaching zfp gpu to index: 16
[12:43:17.178807] [WARNING] [vpicio_mts.c:197] PDC_CLIENT[0]: Attaching zfp gpu to index: 17
[12:43:17.178807] [WARNING] [vpicio_mts.c:197] PDC_CLIENT[1]: Attaching zfp gpu to index: 17
[12:43:17.178807] [WARNING] [vpicio_mts.c:197] PDC_CLIENT[2]: Attaching zfp gpu to index: 17
[12:43:17.178806] [WARNING] [vpicio_mts.c:197] PDC_CLIENT[3]: Attaching zfp gpu to index: 17
[12:43:17.178806] [WARNING] [vpicio_mts.c:197] PDC_CLIENT[4]: Attaching zfp gpu to index: 17
[12:43:17.178806] [WARNING] [vpicio_mts.c:197] PDC_CLIENT[5]: Attaching zfp gpu to index: 17
[12:43:17.178806] [WARNING] [vpicio_mts.c:197] PDC_CLIENT[6]: Attaching zfp gpu to index: 17
[12:43:17.178806] [WARNING] [vpicio_mts.c:197] PDC_CLIENT[7]: Attaching zfp gpu to index: 17
[12:43:17.178807] [WARNING] [vpicio_mts.c:197] PDC_CLIENT[8]: Attaching zfp gpu to index: 17
[12:43:17.178806] [WARNING] [vpicio_mts.c:197] PDC_CLIENT[9]: Attaching zfp gpu to index: 17
[12:43:17.178807] [WARNING] [vpicio_mts.c:197] PDC_CLIENT[10]: Attaching zfp gpu to index: 17
[12:43:17.178806] [WARNING] [vpicio_mts.c:197] PDC_CLIENT[11]: Attaching zfp gpu to index: 17
[12:43:17.178807] [WARNING] [vpicio_mts.c:197] PDC_CLIENT[12]: Attaching zfp gpu to index: 17
[12:43:17.178806] [WARNING] [vpicio_mts.c:197] PDC_CLIENT[13]: Attaching zfp gpu to index: 17
[12:43:17.178807] [WARNING] [vpicio_mts.c:197] PDC_CLIENT[14]: Attaching zfp gpu to index: 17
[12:43:17.178806] [WARNING] [vpicio_mts.c:197] PDC_CLIENT[15]: Attaching zfp gpu to index: 17
[12:43:17.178807] [WARNING] [vpicio_mts.c:197] PDC_CLIENT[16]: Attaching zfp gpu to index: 17
[12:43:17.178808] [WARNING] [vpicio_mts.c:197] PDC_CLIENT[17]: Attaching zfp gpu to index: 17
[12:43:17.178807] [WARNING] [vpicio_mts.c:197] PDC_CLIENT[18]: Attaching zfp gpu to index: 17
[12:43:17.178808] [WARNING] [vpicio_mts.c:197] PDC_CLIENT[19]: Attaching zfp gpu to index: 17
[12:43:17.178808] [WARNING] [vpicio_mts.c:197] PDC_CLIENT[20]: Attaching zfp gpu to index: 17
[12:43:17.178808] [WARNING] [vpicio_mts.c:197] PDC_CLIENT[21]: Attaching zfp gpu to index: 17
[12:43:17.178808] [WARNING] [vpicio_mts.c:197] PDC_CLIENT[22]: Attaching zfp gpu to index: 17
[12:43:17.178807] [WARNING] [vpicio_mts.c:197] PDC_CLIENT[23]: Attaching zfp gpu to index: 17
[12:43:17.178809] [WARNING] [vpicio_mts.c:197] PDC_CLIENT[24]: Attaching zfp gpu to index: 17
[12:43:17.178808] [WARNING] [vpicio_mts.c:197] PDC_CLIENT[25]: Attaching zfp gpu to index: 17
[12:43:17.178809] [WARNING] [vpicio_mts.c:197] PDC_CLIENT[26]: Attaching zfp gpu to index: 17
[12:43:17.178808] [WARNING] [vpicio_mts.c:197] PDC_CLIENT[27]: Attaching zfp gpu to index: 17
[12:43:17.178808] [WARNING] [vpicio_mts.c:197] PDC_CLIENT[28]: Attaching zfp gpu to index: 17
[12:43:17.178807] [WARNING] [vpicio_mts.c:197] PDC_CLIENT[29]: Attaching zfp gpu to index: 17
[12:43:17.178808] [WARNING] [vpicio_mts.c:197] PDC_CLIENT[30]: Attaching zfp gpu to index: 17
[12:43:17.178807] [WARNING] [vpicio_mts.c:197] PDC_CLIENT[31]: Attaching zfp gpu to index: 17
[12:43:17.179996] [WARNING] [vpicio_mts.c:197] PDC_CLIENT[0]: Attaching zfp gpu to index: 18
[12:43:17.179996] [WARNING] [vpicio_mts.c:197] PDC_CLIENT[1]: Attaching zfp gpu to index: 18
[12:43:17.179996] [WARNING] [vpicio_mts.c:197] PDC_CLIENT[2]: Attaching zfp gpu to index: 18
[12:43:17.179996] [WARNING] [vpicio_mts.c:197] PDC_CLIENT[3]: Attaching zfp gpu to index: 18
[12:43:17.179996] [WARNING] [vpicio_mts.c:197] PDC_CLIENT[4]: Attaching zfp gpu to index: 18
[12:43:17.179996] [WARNING] [vpicio_mts.c:197] PDC_CLIENT[5]: Attaching zfp gpu to index: 18
[12:43:17.179996] [WARNING] [vpicio_mts.c:197] PDC_CLIENT[6]: Attaching zfp gpu to index: 18
[12:43:17.179996] [WARNING] [vpicio_mts.c:197] PDC_CLIENT[7]: Attaching zfp gpu to index: 18
[12:43:17.179996] [WARNING] [vpicio_mts.c:197] PDC_CLIENT[8]: Attaching zfp gpu to index: 18
[12:43:17.179996] [WARNING] [vpicio_mts.c:197] PDC_CLIENT[9]: Attaching zfp gpu to index: 18
[12:43:17.179996] [WARNING] [vpicio_mts.c:197] PDC_CLIENT[10]: Attaching zfp gpu to index: 18
[12:43:17.179996] [WARNING] [vpicio_mts.c:197] PDC_CLIENT[11]: Attaching zfp gpu to index: 18
[12:43:17.179996] [WARNING] [vpicio_mts.c:197] PDC_CLIENT[12]: Attaching zfp gpu to index: 18
[12:43:17.179996] [WARNING] [vpicio_mts.c:197] PDC_CLIENT[13]: Attaching zfp gpu to index: 18
[12:43:17.179995] [WARNING] [vpicio_mts.c:197] PDC_CLIENT[14]: Attaching zfp gpu to index: 18
[12:43:17.179996] [WARNING] [vpicio_mts.c:197] PDC_CLIENT[15]: Attaching zfp gpu to index: 18
[12:43:17.179995] [WARNING] [vpicio_mts.c:197] PDC_CLIENT[16]: Attaching zfp gpu to index: 18
[12:43:17.179996] [WARNING] [vpicio_mts.c:197] PDC_CLIENT[17]: Attaching zfp gpu to index: 18
[12:43:17.179995] [WARNING] [vpicio_mts.c:197] PDC_CLIENT[18]: Attaching zfp gpu to index: 18
[12:43:17.179996] [WARNING] [vpicio_mts.c:197] PDC_CLIENT[19]: Attaching zfp gpu to index: 18
[12:43:17.179996] [WARNING] [vpicio_mts.c:197] PDC_CLIENT[20]: Attaching zfp gpu to index: 18
[12:43:17.179996] [WARNING] [vpicio_mts.c:197] PDC_CLIENT[21]: Attaching zfp gpu to index: 18
[12:43:17.179996] [WARNING] [vpicio_mts.c:197] PDC_CLIENT[22]: Attaching zfp gpu to index: 18
[12:43:17.179996] [WARNING] [vpicio_mts.c:197] PDC_CLIENT[23]: Attaching zfp gpu to index: 18
[12:43:17.179998] [WARNING] [vpicio_mts.c:197] PDC_CLIENT[24]: Attaching zfp gpu to index: 18
[12:43:17.179996] [WARNING] [vpicio_mts.c:197] PDC_CLIENT[25]: Attaching zfp gpu to index: 18
[12:43:17.179998] [WARNING] [vpicio_mts.c:197] PDC_CLIENT[26]: Attaching zfp gpu to index: 18
[12:43:17.179996] [WARNING] [vpicio_mts.c:197] PDC_CLIENT[27]: Attaching zfp gpu to index: 18
[12:43:17.179997] [WARNING] [vpicio_mts.c:197] PDC_CLIENT[28]: Attaching zfp gpu to index: 18
[12:43:17.179996] [WARNING] [vpicio_mts.c:197] PDC_CLIENT[29]: Attaching zfp gpu to index: 18
[12:43:17.179997] [WARNING] [vpicio_mts.c:197] PDC_CLIENT[30]: Attaching zfp gpu to index: 18
[12:43:17.179996] [WARNING] [vpicio_mts.c:197] PDC_CLIENT[31]: Attaching zfp gpu to index: 18
[12:43:17.180274] [WARNING] [vpicio_mts.c:197] PDC_CLIENT[0]: Attaching zfp gpu to index: 19
[12:43:17.180274] [WARNING] [vpicio_mts.c:197] PDC_CLIENT[1]: Attaching zfp gpu to index: 19
[12:43:17.180274] [WARNING] [vpicio_mts.c:197] PDC_CLIENT[2]: Attaching zfp gpu to index: 19
[12:43:17.180274] [WARNING] [vpicio_mts.c:197] PDC_CLIENT[3]: Attaching zfp gpu to index: 19
[12:43:17.180274] [WARNING] [vpicio_mts.c:197] PDC_CLIENT[4]: Attaching zfp gpu to index: 19
[12:43:17.180275] [WARNING] [vpicio_mts.c:197] PDC_CLIENT[5]: Attaching zfp gpu to index: 19
[12:43:17.180274] [WARNING] [vpicio_mts.c:197] PDC_CLIENT[6]: Attaching zfp gpu to index: 19
[12:43:17.180275] [WARNING] [vpicio_mts.c:197] PDC_CLIENT[7]: Attaching zfp gpu to index: 19
[12:43:17.180274] [WARNING] [vpicio_mts.c:197] PDC_CLIENT[8]: Attaching zfp gpu to index: 19
[12:43:17.180274] [WARNING] [vpicio_mts.c:197] PDC_CLIENT[9]: Attaching zfp gpu to index: 19
[12:43:17.180274] [WARNING] [vpicio_mts.c:197] PDC_CLIENT[10]: Attaching zfp gpu to index: 19
[12:43:17.180274] [WARNING] [vpicio_mts.c:197] PDC_CLIENT[11]: Attaching zfp gpu to index: 19
[12:43:17.180274] [WARNING] [vpicio_mts.c:197] PDC_CLIENT[12]: Attaching zfp gpu to index: 19
[12:43:17.180274] [WARNING] [vpicio_mts.c:197] PDC_CLIENT[13]: Attaching zfp gpu to index: 19
[12:43:17.180274] [WARNING] [vpicio_mts.c:197] PDC_CLIENT[14]: Attaching zfp gpu to index: 19
[12:43:17.180274] [WARNING] [vpicio_mts.c:197] PDC_CLIENT[15]: Attaching zfp gpu to index: 19
[12:43:17.180274] [WARNING] [vpicio_mts.c:197] PDC_CLIENT[16]: Attaching zfp gpu to index: 19
[12:43:17.180275] [WARNING] [vpicio_mts.c:197] PDC_CLIENT[17]: Attaching zfp gpu to index: 19
[12:43:17.180274] [WARNING] [vpicio_mts.c:197] PDC_CLIENT[18]: Attaching zfp gpu to index: 19
[12:43:17.180275] [WARNING] [vpicio_mts.c:197] PDC_CLIENT[19]: Attaching zfp gpu to index: 19
[12:43:17.180275] [WARNING] [vpicio_mts.c:197] PDC_CLIENT[20]: Attaching zfp gpu to index: 19
[12:43:17.180276] [WARNING] [vpicio_mts.c:197] PDC_CLIENT[21]: Attaching zfp gpu to index: 19
[12:43:17.180275] [WARNING] [vpicio_mts.c:197] PDC_CLIENT[22]: Attaching zfp gpu to index: 19
[12:43:17.180275] [WARNING] [vpicio_mts.c:197] PDC_CLIENT[24]: Attaching zfp gpu to index: 19
[12:43:17.180275] [WARNING] [vpicio_mts.c:197] PDC_CLIENT[25]: Attaching zfp gpu to index: 19
[12:43:17.180275] [WARNING] [vpicio_mts.c:197] PDC_CLIENT[26]: Attaching zfp gpu to index: 19
[12:43:17.180275] [WARNING] [vpicio_mts.c:197] PDC_CLIENT[27]: Attaching zfp gpu to index: 19
[12:43:17.180275] [WARNING] [vpicio_mts.c:197] PDC_CLIENT[28]: Attaching zfp gpu to index: 19
[12:43:17.180275] [WARNING] [vpicio_mts.c:197] PDC_CLIENT[29]: Attaching zfp gpu to index: 19
[12:43:17.180275] [WARNING] [vpicio_mts.c:197] PDC_CLIENT[30]: Attaching zfp gpu to index: 19
[12:43:17.180275] [WARNING] [vpicio_mts.c:197] PDC_CLIENT[31]: Attaching zfp gpu to index: 19
[12:43:17.181963] [WARNING] [vpicio_mts.c:197] PDC_CLIENT[23]: Attaching zfp gpu to index: 19
[12:43:17.182128] [WARNING] [vpicio_mts.c:197] PDC_CLIENT[0]: Attaching zfp gpu to index: 20
[12:43:17.182127] [WARNING] [vpicio_mts.c:197] PDC_CLIENT[1]: Attaching zfp gpu to index: 20
[12:43:17.182128] [WARNING] [vpicio_mts.c:197] PDC_CLIENT[2]: Attaching zfp gpu to index: 20
[12:43:17.182127] [WARNING] [vpicio_mts.c:197] PDC_CLIENT[3]: Attaching zfp gpu to index: 20
[12:43:17.182128] [WARNING] [vpicio_mts.c:197] PDC_CLIENT[4]: Attaching zfp gpu to index: 20
[12:43:17.182127] [WARNING] [vpicio_mts.c:197] PDC_CLIENT[5]: Attaching zfp gpu to index: 20
[12:43:17.182128] [WARNING] [vpicio_mts.c:197] PDC_CLIENT[6]: Attaching zfp gpu to index: 20
[12:43:17.182127] [WARNING] [vpicio_mts.c:197] PDC_CLIENT[7]: Attaching zfp gpu to index: 20
[12:43:17.182127] [WARNING] [vpicio_mts.c:197] PDC_CLIENT[8]: Attaching zfp gpu to index: 20
[12:43:17.182127] [WARNING] [vpicio_mts.c:197] PDC_CLIENT[9]: Attaching zfp gpu to index: 20
[12:43:17.182127] [WARNING] [vpicio_mts.c:197] PDC_CLIENT[10]: Attaching zfp gpu to index: 20
[12:43:17.182127] [WARNING] [vpicio_mts.c:197] PDC_CLIENT[11]: Attaching zfp gpu to index: 20
[12:43:17.182127] [WARNING] [vpicio_mts.c:197] PDC_CLIENT[12]: Attaching zfp gpu to index: 20
[12:43:17.182127] [WARNING] [vpicio_mts.c:197] PDC_CLIENT[13]: Attaching zfp gpu to index: 20
[12:43:17.182127] [WARNING] [vpicio_mts.c:197] PDC_CLIENT[14]: Attaching zfp gpu to index: 20
[12:43:17.182127] [WARNING] [vpicio_mts.c:197] PDC_CLIENT[15]: Attaching zfp gpu to index: 20
[12:43:17.182128] [WARNING] [vpicio_mts.c:197] PDC_CLIENT[16]: Attaching zfp gpu to index: 20
[12:43:17.182128] [WARNING] [vpicio_mts.c:197] PDC_CLIENT[17]: Attaching zfp gpu to index: 20
[12:43:17.182128] [WARNING] [vpicio_mts.c:197] PDC_CLIENT[18]: Attaching zfp gpu to index: 20
[12:43:17.182128] [WARNING] [vpicio_mts.c:197] PDC_CLIENT[19]: Attaching zfp gpu to index: 20
[12:43:17.182128] [WARNING] [vpicio_mts.c:197] PDC_CLIENT[20]: Attaching zfp gpu to index: 20
[12:43:17.182128] [WARNING] [vpicio_mts.c:197] PDC_CLIENT[21]: Attaching zfp gpu to index: 20
[12:43:17.182128] [WARNING] [vpicio_mts.c:197] PDC_CLIENT[22]: Attaching zfp gpu to index: 20
[12:43:17.182128] [WARNING] [vpicio_mts.c:197] PDC_CLIENT[23]: Attaching zfp gpu to index: 20
[12:43:17.182129] [WARNING] [vpicio_mts.c:197] PDC_CLIENT[24]: Attaching zfp gpu to index: 20
[12:43:17.182128] [WARNING] [vpicio_mts.c:197] PDC_CLIENT[25]: Attaching zfp gpu to index: 20
[12:43:17.182129] [WARNING] [vpicio_mts.c:197] PDC_CLIENT[26]: Attaching zfp gpu to index: 20
[12:43:17.182128] [WARNING] [vpicio_mts.c:197] PDC_CLIENT[27]: Attaching zfp gpu to index: 20
[12:43:17.182128] [WARNING] [vpicio_mts.c:197] PDC_CLIENT[28]: Attaching zfp gpu to index: 20
[12:43:17.182128] [WARNING] [vpicio_mts.c:197] PDC_CLIENT[29]: Attaching zfp gpu to index: 20
[12:43:17.182128] [WARNING] [vpicio_mts.c:197] PDC_CLIENT[30]: Attaching zfp gpu to index: 20
[12:43:17.182128] [WARNING] [vpicio_mts.c:197] PDC_CLIENT[31]: Attaching zfp gpu to index: 20
[12:43:17.182387] [WARNING] [vpicio_mts.c:197] PDC_CLIENT[0]: Attaching zfp gpu to index: 21
[12:43:17.182387] [WARNING] [vpicio_mts.c:197] PDC_CLIENT[1]: Attaching zfp gpu to index: 21
[12:43:17.182387] [WARNING] [vpicio_mts.c:197] PDC_CLIENT[2]: Attaching zfp gpu to index: 21
[12:43:17.182387] [WARNING] [vpicio_mts.c:197] PDC_CLIENT[3]: Attaching zfp gpu to index: 21
[12:43:17.182387] [WARNING] [vpicio_mts.c:197] PDC_CLIENT[4]: Attaching zfp gpu to index: 21
[12:43:17.182387] [WARNING] [vpicio_mts.c:197] PDC_CLIENT[5]: Attaching zfp gpu to index: 21
[12:43:17.182387] [WARNING] [vpicio_mts.c:197] PDC_CLIENT[6]: Attaching zfp gpu to index: 21
[12:43:17.182387] [WARNING] [vpicio_mts.c:197] PDC_CLIENT[7]: Attaching zfp gpu to index: 21
[12:43:17.182387] [WARNING] [vpicio_mts.c:197] PDC_CLIENT[8]: Attaching zfp gpu to index: 21
[12:43:17.182387] [WARNING] [vpicio_mts.c:197] PDC_CLIENT[9]: Attaching zfp gpu to index: 21
[12:43:17.182387] [WARNING] [vpicio_mts.c:197] PDC_CLIENT[10]: Attaching zfp gpu to index: 21
[12:43:17.182387] [WARNING] [vpicio_mts.c:197] PDC_CLIENT[11]: Attaching zfp gpu to index: 21
[12:43:17.182387] [WARNING] [vpicio_mts.c:197] PDC_CLIENT[13]: Attaching zfp gpu to index: 21
[12:43:17.182387] [WARNING] [vpicio_mts.c:197] PDC_CLIENT[14]: Attaching zfp gpu to index: 21
[12:43:17.182387] [WARNING] [vpicio_mts.c:197] PDC_CLIENT[15]: Attaching zfp gpu to index: 21
[12:43:17.182388] [WARNING] [vpicio_mts.c:197] PDC_CLIENT[16]: Attaching zfp gpu to index: 21
[12:43:17.182388] [WARNING] [vpicio_mts.c:197] PDC_CLIENT[17]: Attaching zfp gpu to index: 21
[12:43:17.182388] [WARNING] [vpicio_mts.c:197] PDC_CLIENT[18]: Attaching zfp gpu to index: 21
[12:43:17.182388] [WARNING] [vpicio_mts.c:197] PDC_CLIENT[19]: Attaching zfp gpu to index: 21
[12:43:17.182388] [WARNING] [vpicio_mts.c:197] PDC_CLIENT[20]: Attaching zfp gpu to index: 21
[12:43:17.182388] [WARNING] [vpicio_mts.c:197] PDC_CLIENT[21]: Attaching zfp gpu to index: 21
[12:43:17.182388] [WARNING] [vpicio_mts.c:197] PDC_CLIENT[22]: Attaching zfp gpu to index: 21
[12:43:17.182388] [WARNING] [vpicio_mts.c:197] PDC_CLIENT[23]: Attaching zfp gpu to index: 21
[12:43:17.182388] [WARNING] [vpicio_mts.c:197] PDC_CLIENT[24]: Attaching zfp gpu to index: 21
[12:43:17.182388] [WARNING] [vpicio_mts.c:197] PDC_CLIENT[25]: Attaching zfp gpu to index: 21
[12:43:17.182388] [WARNING] [vpicio_mts.c:197] PDC_CLIENT[26]: Attaching zfp gpu to index: 21
[12:43:17.182388] [WARNING] [vpicio_mts.c:197] PDC_CLIENT[27]: Attaching zfp gpu to index: 21
[12:43:17.182389] [WARNING] [vpicio_mts.c:197] PDC_CLIENT[28]: Attaching zfp gpu to index: 21
[12:43:17.182388] [WARNING] [vpicio_mts.c:197] PDC_CLIENT[29]: Attaching zfp gpu to index: 21
[12:43:17.182388] [WARNING] [vpicio_mts.c:197] PDC_CLIENT[30]: Attaching zfp gpu to index: 21
[12:43:17.182388] [WARNING] [vpicio_mts.c:197] PDC_CLIENT[31]: Attaching zfp gpu to index: 21
[12:43:17.184040] [WARNING] [vpicio_mts.c:197] PDC_CLIENT[12]: Attaching zfp gpu to index: 21
[12:43:17.184288] [WARNING] [vpicio_mts.c:212] PDC_CLIENT[0]: Obj create time: 6.83629e-03
[12:43:17.184406] [WARNING] [vpicio_mts.c:228] PDC_CLIENT[0]: Transfer create time: 1.19481e-04
[12:43:19.172516] [WARNING] [vpicio_mts.c:244] PDC_CLIENT[0]: Transfer start time: 1.98811e+00
[12:43:19.182524] [WARNING] [vpicio_mts.c:249] PDC_CLIENT[0]: Sleep start: 40.00
[12:43:59.182735] [WARNING] [vpicio_mts.c:252] PDC_CLIENT[0]: Sleep end: 40.00
[12:43:59.272098] [WARNING] [vpicio_mts.c:272] PDC_CLIENT[0]: Transfer wait time: 6.80011e-02
[12:43:59.353166] [WARNING] [vpicio_mts.c:286] PDC_CLIENT[0]: Transfer close time: 8.10725e-02
[12:43:59.353382] [WARNING] [vpicio_mts.c:300] PDC_CLIENT[0]: Obj close time: 2.16748e-04
[12:43:59.353477] [WARNING] [vpicio_mts.c:174] PDC_CLIENT[0]: #Step  3
[12:43:59.354136] [WARNING] [vpicio_mts.c:197] PDC_CLIENT[0]: Attaching zfp gpu to index: 24
[12:43:59.354172] [WARNING] [vpicio_mts.c:197] PDC_CLIENT[22]: Attaching zfp gpu to index: 24
[12:43:59.354167] [WARNING] [vpicio_mts.c:197] PDC_CLIENT[23]: Attaching zfp gpu to index: 24
[12:43:59.354201] [WARNING] [vpicio_mts.c:197] PDC_CLIENT[25]: Attaching zfp gpu to index: 24
[12:43:59.354165] [WARNING] [vpicio_mts.c:197] PDC_CLIENT[3]: Attaching zfp gpu to index: 24
[12:43:59.354172] [WARNING] [vpicio_mts.c:197] PDC_CLIENT[4]: Attaching zfp gpu to index: 24
[12:43:59.354227] [WARNING] [vpicio_mts.c:197] PDC_CLIENT[7]: Attaching zfp gpu to index: 24
[12:43:59.354219] [WARNING] [vpicio_mts.c:197] PDC_CLIENT[9]: Attaching zfp gpu to index: 24
[12:43:59.354221] [WARNING] [vpicio_mts.c:197] PDC_CLIENT[13]: Attaching zfp gpu to index: 24
[12:43:59.354236] [WARNING] [vpicio_mts.c:197] PDC_CLIENT[16]: Attaching zfp gpu to index: 24
[12:43:59.354221] [WARNING] [vpicio_mts.c:197] PDC_CLIENT[21]: Attaching zfp gpu to index: 24
[12:43:59.354321] [WARNING] [vpicio_mts.c:197] PDC_CLIENT[1]: Attaching zfp gpu to index: 24
[12:43:59.354266] [WARNING] [vpicio_mts.c:197] PDC_CLIENT[2]: Attaching zfp gpu to index: 24
[12:43:59.354243] [WARNING] [vpicio_mts.c:197] PDC_CLIENT[5]: Attaching zfp gpu to index: 24
[12:43:59.354264] [WARNING] [vpicio_mts.c:197] PDC_CLIENT[6]: Attaching zfp gpu to index: 24
[12:43:59.354295] [WARNING] [vpicio_mts.c:197] PDC_CLIENT[8]: Attaching zfp gpu to index: 24
[12:43:59.354317] [WARNING] [vpicio_mts.c:197] PDC_CLIENT[10]: Attaching zfp gpu to index: 24
[12:43:59.354323] [WARNING] [vpicio_mts.c:197] PDC_CLIENT[11]: Attaching zfp gpu to index: 24
[12:43:59.354307] [WARNING] [vpicio_mts.c:197] PDC_CLIENT[12]: Attaching zfp gpu to index: 24
[12:43:59.354311] [WARNING] [vpicio_mts.c:197] PDC_CLIENT[14]: Attaching zfp gpu to index: 24
[12:43:59.354241] [WARNING] [vpicio_mts.c:197] PDC_CLIENT[15]: Attaching zfp gpu to index: 24
[12:43:59.354315] [WARNING] [vpicio_mts.c:197] PDC_CLIENT[17]: Attaching zfp gpu to index: 24
[12:43:59.354286] [WARNING] [vpicio_mts.c:197] PDC_CLIENT[18]: Attaching zfp gpu to index: 24
[12:43:59.354282] [WARNING] [vpicio_mts.c:197] PDC_CLIENT[19]: Attaching zfp gpu to index: 24
[12:43:59.354299] [WARNING] [vpicio_mts.c:197] PDC_CLIENT[20]: Attaching zfp gpu to index: 24
[12:43:59.354341] [WARNING] [vpicio_mts.c:197] PDC_CLIENT[24]: Attaching zfp gpu to index: 24
[12:43:59.354268] [WARNING] [vpicio_mts.c:197] PDC_CLIENT[26]: Attaching zfp gpu to index: 24
[12:43:59.354276] [WARNING] [vpicio_mts.c:197] PDC_CLIENT[27]: Attaching zfp gpu to index: 24
[12:43:59.354272] [WARNING] [vpicio_mts.c:197] PDC_CLIENT[28]: Attaching zfp gpu to index: 24
[12:43:59.354265] [WARNING] [vpicio_mts.c:197] PDC_CLIENT[29]: Attaching zfp gpu to index: 24
[12:43:59.354314] [WARNING] [vpicio_mts.c:197] PDC_CLIENT[30]: Attaching zfp gpu to index: 24
[12:43:59.354265] [WARNING] [vpicio_mts.c:197] PDC_CLIENT[31]: Attaching zfp gpu to index: 24
[12:43:59.357596] [WARNING] [vpicio_mts.c:197] PDC_CLIENT[0]: Attaching zfp gpu to index: 25
[12:43:59.357597] [WARNING] [vpicio_mts.c:197] PDC_CLIENT[1]: Attaching zfp gpu to index: 25
[12:43:59.357596] [WARNING] [vpicio_mts.c:197] PDC_CLIENT[2]: Attaching zfp gpu to index: 25
[12:43:59.357597] [WARNING] [vpicio_mts.c:197] PDC_CLIENT[3]: Attaching zfp gpu to index: 25
[12:43:59.357597] [WARNING] [vpicio_mts.c:197] PDC_CLIENT[4]: Attaching zfp gpu to index: 25
[12:43:59.357597] [WARNING] [vpicio_mts.c:197] PDC_CLIENT[5]: Attaching zfp gpu to index: 25
[12:43:59.357597] [WARNING] [vpicio_mts.c:197] PDC_CLIENT[6]: Attaching zfp gpu to index: 25
[12:43:59.357597] [WARNING] [vpicio_mts.c:197] PDC_CLIENT[7]: Attaching zfp gpu to index: 25
[12:43:59.357597] [WARNING] [vpicio_mts.c:197] PDC_CLIENT[8]: Attaching zfp gpu to index: 25
[12:43:59.357598] [WARNING] [vpicio_mts.c:197] PDC_CLIENT[9]: Attaching zfp gpu to index: 25
[12:43:59.357597] [WARNING] [vpicio_mts.c:197] PDC_CLIENT[10]: Attaching zfp gpu to index: 25
[12:43:59.357598] [WARNING] [vpicio_mts.c:197] PDC_CLIENT[11]: Attaching zfp gpu to index: 25
[12:43:59.357597] [WARNING] [vpicio_mts.c:197] PDC_CLIENT[12]: Attaching zfp gpu to index: 25
[12:43:59.357597] [WARNING] [vpicio_mts.c:197] PDC_CLIENT[13]: Attaching zfp gpu to index: 25
[12:43:59.357597] [WARNING] [vpicio_mts.c:197] PDC_CLIENT[14]: Attaching zfp gpu to index: 25
[12:43:59.357597] [WARNING] [vpicio_mts.c:197] PDC_CLIENT[15]: Attaching zfp gpu to index: 25
[12:43:59.357597] [WARNING] [vpicio_mts.c:197] PDC_CLIENT[16]: Attaching zfp gpu to index: 25
[12:43:59.357597] [WARNING] [vpicio_mts.c:197] PDC_CLIENT[17]: Attaching zfp gpu to index: 25
[12:43:59.357597] [WARNING] [vpicio_mts.c:197] PDC_CLIENT[18]: Attaching zfp gpu to index: 25
[12:43:59.357597] [WARNING] [vpicio_mts.c:197] PDC_CLIENT[19]: Attaching zfp gpu to index: 25
[12:43:59.357597] [WARNING] [vpicio_mts.c:197] PDC_CLIENT[20]: Attaching zfp gpu to index: 25
[12:43:59.357597] [WARNING] [vpicio_mts.c:197] PDC_CLIENT[21]: Attaching zfp gpu to index: 25
[12:43:59.357597] [WARNING] [vpicio_mts.c:197] PDC_CLIENT[22]: Attaching zfp gpu to index: 25
[12:43:59.357839] [WARNING] [vpicio_mts.c:197] PDC_CLIENT[22]: Attaching zfp gpu to index: 26
[12:43:59.357597] [WARNING] [vpicio_mts.c:197] PDC_CLIENT[23]: Attaching zfp gpu to index: 25
[12:43:59.357839] [WARNING] [vpicio_mts.c:197] PDC_CLIENT[23]: Attaching zfp gpu to index: 26
[12:43:59.357597] [WARNING] [vpicio_mts.c:197] PDC_CLIENT[24]: Attaching zfp gpu to index: 25
[12:43:59.357839] [WARNING] [vpicio_mts.c:197] PDC_CLIENT[24]: Attaching zfp gpu to index: 26
[12:43:59.357598] [WARNING] [vpicio_mts.c:197] PDC_CLIENT[25]: Attaching zfp gpu to index: 25
[12:43:59.357839] [WARNING] [vpicio_mts.c:197] PDC_CLIENT[25]: Attaching zfp gpu to index: 26
[12:43:59.357597] [WARNING] [vpicio_mts.c:197] PDC_CLIENT[26]: Attaching zfp gpu to index: 25
[12:43:59.357839] [WARNING] [vpicio_mts.c:197] PDC_CLIENT[26]: Attaching zfp gpu to index: 26
[12:43:59.357598] [WARNING] [vpicio_mts.c:197] PDC_CLIENT[27]: Attaching zfp gpu to index: 25
[12:43:59.357839] [WARNING] [vpicio_mts.c:197] PDC_CLIENT[27]: Attaching zfp gpu to index: 26
[12:43:59.357598] [WARNING] [vpicio_mts.c:197] PDC_CLIENT[28]: Attaching zfp gpu to index: 25
[12:43:59.357839] [WARNING] [vpicio_mts.c:197] PDC_CLIENT[28]: Attaching zfp gpu to index: 26
[12:43:59.357597] [WARNING] [vpicio_mts.c:197] PDC_CLIENT[29]: Attaching zfp gpu to index: 25
[12:43:59.357839] [WARNING] [vpicio_mts.c:197] PDC_CLIENT[29]: Attaching zfp gpu to index: 26
[12:43:59.357597] [WARNING] [vpicio_mts.c:197] PDC_CLIENT[30]: Attaching zfp gpu to index: 25
[12:43:59.357839] [WARNING] [vpicio_mts.c:197] PDC_CLIENT[30]: Attaching zfp gpu to index: 26
[12:43:59.357597] [WARNING] [vpicio_mts.c:197] PDC_CLIENT[31]: Attaching zfp gpu to index: 25
[12:43:59.357839] [WARNING] [vpicio_mts.c:197] PDC_CLIENT[31]: Attaching zfp gpu to index: 26
[12:43:59.357839] [WARNING] [vpicio_mts.c:197] PDC_CLIENT[0]: Attaching zfp gpu to index: 26
[12:43:59.357839] [WARNING] [vpicio_mts.c:197] PDC_CLIENT[2]: Attaching zfp gpu to index: 26
[12:43:59.357838] [WARNING] [vpicio_mts.c:197] PDC_CLIENT[3]: Attaching zfp gpu to index: 26
[12:43:59.357838] [WARNING] [vpicio_mts.c:197] PDC_CLIENT[4]: Attaching zfp gpu to index: 26
[12:43:59.357838] [WARNING] [vpicio_mts.c:197] PDC_CLIENT[5]: Attaching zfp gpu to index: 26
[12:43:59.357838] [WARNING] [vpicio_mts.c:197] PDC_CLIENT[6]: Attaching zfp gpu to index: 26
[12:43:59.357838] [WARNING] [vpicio_mts.c:197] PDC_CLIENT[7]: Attaching zfp gpu to index: 26
[12:43:59.357838] [WARNING] [vpicio_mts.c:197] PDC_CLIENT[8]: Attaching zfp gpu to index: 26
[12:43:59.357838] [WARNING] [vpicio_mts.c:197] PDC_CLIENT[9]: Attaching zfp gpu to index: 26
[12:43:59.357838] [WARNING] [vpicio_mts.c:197] PDC_CLIENT[10]: Attaching zfp gpu to index: 26
[12:43:59.357838] [WARNING] [vpicio_mts.c:197] PDC_CLIENT[11]: Attaching zfp gpu to index: 26
[12:43:59.357838] [WARNING] [vpicio_mts.c:197] PDC_CLIENT[12]: Attaching zfp gpu to index: 26
[12:43:59.357838] [WARNING] [vpicio_mts.c:197] PDC_CLIENT[13]: Attaching zfp gpu to index: 26
[12:43:59.357838] [WARNING] [vpicio_mts.c:197] PDC_CLIENT[14]: Attaching zfp gpu to index: 26
[12:43:59.357838] [WARNING] [vpicio_mts.c:197] PDC_CLIENT[15]: Attaching zfp gpu to index: 26
[12:43:59.357839] [WARNING] [vpicio_mts.c:197] PDC_CLIENT[16]: Attaching zfp gpu to index: 26
[12:43:59.357839] [WARNING] [vpicio_mts.c:197] PDC_CLIENT[17]: Attaching zfp gpu to index: 26
[12:43:59.357839] [WARNING] [vpicio_mts.c:197] PDC_CLIENT[18]: Attaching zfp gpu to index: 26
[12:43:59.357839] [WARNING] [vpicio_mts.c:197] PDC_CLIENT[19]: Attaching zfp gpu to index: 26
[12:43:59.357839] [WARNING] [vpicio_mts.c:197] PDC_CLIENT[20]: Attaching zfp gpu to index: 26
[12:43:59.357839] [WARNING] [vpicio_mts.c:197] PDC_CLIENT[21]: Attaching zfp gpu to index: 26
[12:43:59.361817] [WARNING] [vpicio_mts.c:197] PDC_CLIENT[1]: Attaching zfp gpu to index: 26
[12:43:59.362040] [WARNING] [vpicio_mts.c:197] PDC_CLIENT[0]: Attaching zfp gpu to index: 27
[12:43:59.362040] [WARNING] [vpicio_mts.c:197] PDC_CLIENT[1]: Attaching zfp gpu to index: 27
[12:43:59.362040] [WARNING] [vpicio_mts.c:197] PDC_CLIENT[2]: Attaching zfp gpu to index: 27
[12:43:59.362041] [WARNING] [vpicio_mts.c:197] PDC_CLIENT[3]: Attaching zfp gpu to index: 27
[12:43:59.362041] [WARNING] [vpicio_mts.c:197] PDC_CLIENT[4]: Attaching zfp gpu to index: 27
[12:43:59.362040] [WARNING] [vpicio_mts.c:197] PDC_CLIENT[5]: Attaching zfp gpu to index: 27
[12:43:59.362041] [WARNING] [vpicio_mts.c:197] PDC_CLIENT[6]: Attaching zfp gpu to index: 27
[12:43:59.362040] [WARNING] [vpicio_mts.c:197] PDC_CLIENT[7]: Attaching zfp gpu to index: 27
[12:43:59.362040] [WARNING] [vpicio_mts.c:197] PDC_CLIENT[8]: Attaching zfp gpu to index: 27
[12:43:59.362041] [WARNING] [vpicio_mts.c:197] PDC_CLIENT[9]: Attaching zfp gpu to index: 27
[12:43:59.362040] [WARNING] [vpicio_mts.c:197] PDC_CLIENT[10]: Attaching zfp gpu to index: 27
[12:43:59.362041] [WARNING] [vpicio_mts.c:197] PDC_CLIENT[11]: Attaching zfp gpu to index: 27
[12:43:59.362040] [WARNING] [vpicio_mts.c:197] PDC_CLIENT[12]: Attaching zfp gpu to index: 27
[12:43:59.362041] [WARNING] [vpicio_mts.c:197] PDC_CLIENT[13]: Attaching zfp gpu to index: 27
[12:43:59.362040] [WARNING] [vpicio_mts.c:197] PDC_CLIENT[14]: Attaching zfp gpu to index: 27
[12:43:59.362041] [WARNING] [vpicio_mts.c:197] PDC_CLIENT[15]: Attaching zfp gpu to index: 27
[12:43:59.362040] [WARNING] [vpicio_mts.c:197] PDC_CLIENT[16]: Attaching zfp gpu to index: 27
[12:43:59.362041] [WARNING] [vpicio_mts.c:197] PDC_CLIENT[17]: Attaching zfp gpu to index: 27
[12:43:59.362040] [WARNING] [vpicio_mts.c:197] PDC_CLIENT[18]: Attaching zfp gpu to index: 27
[12:43:59.362041] [WARNING] [vpicio_mts.c:197] PDC_CLIENT[19]: Attaching zfp gpu to index: 27
[12:43:59.362041] [WARNING] [vpicio_mts.c:197] PDC_CLIENT[20]: Attaching zfp gpu to index: 27
[12:43:59.362041] [WARNING] [vpicio_mts.c:197] PDC_CLIENT[21]: Attaching zfp gpu to index: 27
[12:43:59.362041] [WARNING] [vpicio_mts.c:197] PDC_CLIENT[22]: Attaching zfp gpu to index: 27
[12:43:59.362041] [WARNING] [vpicio_mts.c:197] PDC_CLIENT[23]: Attaching zfp gpu to index: 27
[12:43:59.362041] [WARNING] [vpicio_mts.c:197] PDC_CLIENT[24]: Attaching zfp gpu to index: 27
[12:43:59.362041] [WARNING] [vpicio_mts.c:197] PDC_CLIENT[25]: Attaching zfp gpu to index: 27
[12:43:59.362041] [WARNING] [vpicio_mts.c:197] PDC_CLIENT[26]: Attaching zfp gpu to index: 27
[12:43:59.362041] [WARNING] [vpicio_mts.c:197] PDC_CLIENT[27]: Attaching zfp gpu to index: 27
[12:43:59.362041] [WARNING] [vpicio_mts.c:197] PDC_CLIENT[28]: Attaching zfp gpu to index: 27
[12:43:59.362295] [WARNING] [vpicio_mts.c:197] PDC_CLIENT[28]: Attaching zfp gpu to index: 28
[12:43:59.362041] [WARNING] [vpicio_mts.c:197] PDC_CLIENT[29]: Attaching zfp gpu to index: 27
[12:43:59.362295] [WARNING] [vpicio_mts.c:197] PDC_CLIENT[29]: Attaching zfp gpu to index: 28
[12:43:59.362041] [WARNING] [vpicio_mts.c:197] PDC_CLIENT[30]: Attaching zfp gpu to index: 27
[12:43:59.362295] [WARNING] [vpicio_mts.c:197] PDC_CLIENT[30]: Attaching zfp gpu to index: 28
[12:43:59.362041] [WARNING] [vpicio_mts.c:197] PDC_CLIENT[31]: Attaching zfp gpu to index: 27
[12:43:59.362295] [WARNING] [vpicio_mts.c:197] PDC_CLIENT[31]: Attaching zfp gpu to index: 28
[12:43:59.362293] [WARNING] [vpicio_mts.c:197] PDC_CLIENT[0]: Attaching zfp gpu to index: 28
[12:43:59.362294] [WARNING] [vpicio_mts.c:197] PDC_CLIENT[1]: Attaching zfp gpu to index: 28
[12:43:59.362293] [WARNING] [vpicio_mts.c:197] PDC_CLIENT[2]: Attaching zfp gpu to index: 28
[12:43:59.362294] [WARNING] [vpicio_mts.c:197] PDC_CLIENT[3]: Attaching zfp gpu to index: 28
[12:43:59.362293] [WARNING] [vpicio_mts.c:197] PDC_CLIENT[4]: Attaching zfp gpu to index: 28
[12:43:59.362294] [WARNING] [vpicio_mts.c:197] PDC_CLIENT[5]: Attaching zfp gpu to index: 28
[12:43:59.362293] [WARNING] [vpicio_mts.c:197] PDC_CLIENT[6]: Attaching zfp gpu to index: 28
[12:43:59.362294] [WARNING] [vpicio_mts.c:197] PDC_CLIENT[7]: Attaching zfp gpu to index: 28
[12:43:59.362293] [WARNING] [vpicio_mts.c:197] PDC_CLIENT[8]: Attaching zfp gpu to index: 28
[12:43:59.362294] [WARNING] [vpicio_mts.c:197] PDC_CLIENT[9]: Attaching zfp gpu to index: 28
[12:43:59.362293] [WARNING] [vpicio_mts.c:197] PDC_CLIENT[10]: Attaching zfp gpu to index: 28
[12:43:59.362294] [WARNING] [vpicio_mts.c:197] PDC_CLIENT[11]: Attaching zfp gpu to index: 28
[12:43:59.362294] [WARNING] [vpicio_mts.c:197] PDC_CLIENT[13]: Attaching zfp gpu to index: 28
[12:43:59.362293] [WARNING] [vpicio_mts.c:197] PDC_CLIENT[14]: Attaching zfp gpu to index: 28
[12:43:59.362294] [WARNING] [vpicio_mts.c:197] PDC_CLIENT[15]: Attaching zfp gpu to index: 28
[12:43:59.362294] [WARNING] [vpicio_mts.c:197] PDC_CLIENT[16]: Attaching zfp gpu to index: 28
[12:43:59.362295] [WARNING] [vpicio_mts.c:197] PDC_CLIENT[17]: Attaching zfp gpu to index: 28
[12:43:59.362294] [WARNING] [vpicio_mts.c:197] PDC_CLIENT[18]: Attaching zfp gpu to index: 28
[12:43:59.362295] [WARNING] [vpicio_mts.c:197] PDC_CLIENT[19]: Attaching zfp gpu to index: 28
[12:43:59.362295] [WARNING] [vpicio_mts.c:197] PDC_CLIENT[20]: Attaching zfp gpu to index: 28
[12:43:59.362295] [WARNING] [vpicio_mts.c:197] PDC_CLIENT[21]: Attaching zfp gpu to index: 28
[12:43:59.362295] [WARNING] [vpicio_mts.c:197] PDC_CLIENT[22]: Attaching zfp gpu to index: 28
[12:43:59.362295] [WARNING] [vpicio_mts.c:197] PDC_CLIENT[23]: Attaching zfp gpu to index: 28
[12:43:59.362295] [WARNING] [vpicio_mts.c:197] PDC_CLIENT[24]: Attaching zfp gpu to index: 28
[12:43:59.362295] [WARNING] [vpicio_mts.c:197] PDC_CLIENT[25]: Attaching zfp gpu to index: 28
[12:43:59.362295] [WARNING] [vpicio_mts.c:197] PDC_CLIENT[26]: Attaching zfp gpu to index: 28
[12:43:59.362295] [WARNING] [vpicio_mts.c:197] PDC_CLIENT[27]: Attaching zfp gpu to index: 28
[12:43:59.366452] [WARNING] [vpicio_mts.c:197] PDC_CLIENT[12]: Attaching zfp gpu to index: 28
[12:43:59.366660] [WARNING] [vpicio_mts.c:197] PDC_CLIENT[0]: Attaching zfp gpu to index: 29
[12:43:59.366661] [WARNING] [vpicio_mts.c:197] PDC_CLIENT[1]: Attaching zfp gpu to index: 29
[12:43:59.366660] [WARNING] [vpicio_mts.c:197] PDC_CLIENT[2]: Attaching zfp gpu to index: 29
[12:43:59.366661] [WARNING] [vpicio_mts.c:197] PDC_CLIENT[3]: Attaching zfp gpu to index: 29
[12:43:59.366661] [WARNING] [vpicio_mts.c:197] PDC_CLIENT[4]: Attaching zfp gpu to index: 29
[12:43:59.366660] [WARNING] [vpicio_mts.c:197] PDC_CLIENT[5]: Attaching zfp gpu to index: 29
[12:43:59.366661] [WARNING] [vpicio_mts.c:197] PDC_CLIENT[6]: Attaching zfp gpu to index: 29
[12:43:59.366660] [WARNING] [vpicio_mts.c:197] PDC_CLIENT[7]: Attaching zfp gpu to index: 29
[12:43:59.366661] [WARNING] [vpicio_mts.c:197] PDC_CLIENT[8]: Attaching zfp gpu to index: 29
[12:43:59.366661] [WARNING] [vpicio_mts.c:197] PDC_CLIENT[9]: Attaching zfp gpu to index: 29
[12:43:59.366661] [WARNING] [vpicio_mts.c:197] PDC_CLIENT[10]: Attaching zfp gpu to index: 29
[12:43:59.366661] [WARNING] [vpicio_mts.c:197] PDC_CLIENT[11]: Attaching zfp gpu to index: 29
[12:43:59.366661] [WARNING] [vpicio_mts.c:197] PDC_CLIENT[12]: Attaching zfp gpu to index: 29
[12:43:59.366661] [WARNING] [vpicio_mts.c:197] PDC_CLIENT[13]: Attaching zfp gpu to index: 29
[12:43:59.366661] [WARNING] [vpicio_mts.c:197] PDC_CLIENT[14]: Attaching zfp gpu to index: 29
[12:43:59.366661] [WARNING] [vpicio_mts.c:197] PDC_CLIENT[15]: Attaching zfp gpu to index: 29
[12:43:59.366661] [WARNING] [vpicio_mts.c:197] PDC_CLIENT[16]: Attaching zfp gpu to index: 29
[12:43:59.366662] [WARNING] [vpicio_mts.c:197] PDC_CLIENT[17]: Attaching zfp gpu to index: 29
[12:43:59.366661] [WARNING] [vpicio_mts.c:197] PDC_CLIENT[18]: Attaching zfp gpu to index: 29
[12:43:59.366662] [WARNING] [vpicio_mts.c:197] PDC_CLIENT[19]: Attaching zfp gpu to index: 29
[12:43:59.366661] [WARNING] [vpicio_mts.c:197] PDC_CLIENT[20]: Attaching zfp gpu to index: 29
[12:43:59.366662] [WARNING] [vpicio_mts.c:197] PDC_CLIENT[21]: Attaching zfp gpu to index: 29
[12:43:59.366661] [WARNING] [vpicio_mts.c:197] PDC_CLIENT[22]: Attaching zfp gpu to index: 29
[12:43:59.366662] [WARNING] [vpicio_mts.c:197] PDC_CLIENT[23]: Attaching zfp gpu to index: 29
[12:43:59.366662] [WARNING] [vpicio_mts.c:197] PDC_CLIENT[24]: Attaching zfp gpu to index: 29
[12:43:59.366662] [WARNING] [vpicio_mts.c:197] PDC_CLIENT[25]: Attaching zfp gpu to index: 29
[12:43:59.366662] [WARNING] [vpicio_mts.c:197] PDC_CLIENT[26]: Attaching zfp gpu to index: 29
[12:43:59.366662] [WARNING] [vpicio_mts.c:197] PDC_CLIENT[27]: Attaching zfp gpu to index: 29
[12:43:59.366662] [WARNING] [vpicio_mts.c:197] PDC_CLIENT[28]: Attaching zfp gpu to index: 29
[12:43:59.366662] [WARNING] [vpicio_mts.c:197] PDC_CLIENT[29]: Attaching zfp gpu to index: 29
[12:43:59.366662] [WARNING] [vpicio_mts.c:197] PDC_CLIENT[30]: Attaching zfp gpu to index: 29
[12:43:59.366662] [WARNING] [vpicio_mts.c:197] PDC_CLIENT[31]: Attaching zfp gpu to index: 29
[12:43:59.369170] [WARNING] [vpicio_mts.c:212] PDC_CLIENT[0]: Obj create time: 1.56193e-02
[12:43:59.369582] [WARNING] [vpicio_mts.c:228] PDC_CLIENT[0]: Transfer create time: 4.11824e-04
[12:44:01.380096] [WARNING] [vpicio_mts.c:244] PDC_CLIENT[0]: Transfer start time: 2.01051e+00
[12:44:01.380389] [WARNING] [vpicio_mts.c:249] PDC_CLIENT[0]: Sleep start: 40.00
[12:44:41.382177] [WARNING] [vpicio_mts.c:252] PDC_CLIENT[0]: Sleep end: 40.00
[12:44:41.488095] [WARNING] [vpicio_mts.c:272] PDC_CLIENT[0]: Transfer wait time: 7.59968e-02
[12:44:41.569168] [WARNING] [vpicio_mts.c:286] PDC_CLIENT[0]: Transfer close time: 8.10763e-02
[12:44:41.569299] [WARNING] [vpicio_mts.c:300] PDC_CLIENT[0]: Obj close time: 1.32324e-04
[12:44:41.569383] [WARNING] [vpicio_mts.c:174] PDC_CLIENT[0]: #Step  4
[12:44:41.569636] [WARNING] [vpicio_mts.c:197] PDC_CLIENT[0]: Attaching zfp gpu to index: 32
[12:44:41.569681] [WARNING] [vpicio_mts.c:197] PDC_CLIENT[13]: Attaching zfp gpu to index: 32
[12:44:41.569661] [WARNING] [vpicio_mts.c:197] PDC_CLIENT[18]: Attaching zfp gpu to index: 32
[12:44:41.569692] [WARNING] [vpicio_mts.c:197] PDC_CLIENT[4]: Attaching zfp gpu to index: 32
[12:44:41.569697] [WARNING] [vpicio_mts.c:197] PDC_CLIENT[6]: Attaching zfp gpu to index: 32
[12:44:41.569746] [WARNING] [vpicio_mts.c:197] PDC_CLIENT[14]: Attaching zfp gpu to index: 32
[12:44:41.569744] [WARNING] [vpicio_mts.c:197] PDC_CLIENT[30]: Attaching zfp gpu to index: 32
[12:44:41.569804] [WARNING] [vpicio_mts.c:197] PDC_CLIENT[7]: Attaching zfp gpu to index: 32
[12:44:41.569782] [WARNING] [vpicio_mts.c:197] PDC_CLIENT[15]: Attaching zfp gpu to index: 32
[12:44:41.569783] [WARNING] [vpicio_mts.c:197] PDC_CLIENT[20]: Attaching zfp gpu to index: 32
[12:44:41.569818] [WARNING] [vpicio_mts.c:197] PDC_CLIENT[22]: Attaching zfp gpu to index: 32
[12:44:41.569781] [WARNING] [vpicio_mts.c:197] PDC_CLIENT[24]: Attaching zfp gpu to index: 32
[12:44:41.569783] [WARNING] [vpicio_mts.c:197] PDC_CLIENT[25]: Attaching zfp gpu to index: 32
[12:44:41.569840] [WARNING] [vpicio_mts.c:197] PDC_CLIENT[1]: Attaching zfp gpu to index: 32
[12:44:41.569820] [WARNING] [vpicio_mts.c:197] PDC_CLIENT[2]: Attaching zfp gpu to index: 32
[12:44:41.569802] [WARNING] [vpicio_mts.c:197] PDC_CLIENT[3]: Attaching zfp gpu to index: 32
[12:44:41.569869] [WARNING] [vpicio_mts.c:197] PDC_CLIENT[5]: Attaching zfp gpu to index: 32
[12:44:41.569804] [WARNING] [vpicio_mts.c:197] PDC_CLIENT[8]: Attaching zfp gpu to index: 32
[12:44:41.569803] [WARNING] [vpicio_mts.c:197] PDC_CLIENT[9]: Attaching zfp gpu to index: 32
[12:44:41.569801] [WARNING] [vpicio_mts.c:197] PDC_CLIENT[10]: Attaching zfp gpu to index: 32
[12:44:41.569803] [WARNING] [vpicio_mts.c:197] PDC_CLIENT[11]: Attaching zfp gpu to index: 32
[12:44:41.569802] [WARNING] [vpicio_mts.c:197] PDC_CLIENT[12]: Attaching zfp gpu to index: 32
[12:44:41.569808] [WARNING] [vpicio_mts.c:197] PDC_CLIENT[16]: Attaching zfp gpu to index: 32
[12:44:41.569878] [WARNING] [vpicio_mts.c:197] PDC_CLIENT[17]: Attaching zfp gpu to index: 32
[12:44:41.569814] [WARNING] [vpicio_mts.c:197] PDC_CLIENT[19]: Attaching zfp gpu to index: 32
[12:44:41.569806] [WARNING] [vpicio_mts.c:197] PDC_CLIENT[21]: Attaching zfp gpu to index: 32
[12:44:41.569834] [WARNING] [vpicio_mts.c:197] PDC_CLIENT[23]: Attaching zfp gpu to index: 32
[12:44:41.569872] [WARNING] [vpicio_mts.c:197] PDC_CLIENT[26]: Attaching zfp gpu to index: 32
[12:44:41.569801] [WARNING] [vpicio_mts.c:197] PDC_CLIENT[27]: Attaching zfp gpu to index: 32
[12:44:41.569811] [WARNING] [vpicio_mts.c:197] PDC_CLIENT[28]: Attaching zfp gpu to index: 32
[12:44:41.569868] [WARNING] [vpicio_mts.c:197] PDC_CLIENT[29]: Attaching zfp gpu to index: 32
[12:44:41.569801] [WARNING] [vpicio_mts.c:197] PDC_CLIENT[31]: Attaching zfp gpu to index: 32
[12:44:41.572332] [WARNING] [vpicio_mts.c:197] PDC_CLIENT[0]: Attaching zfp gpu to index: 33
[12:44:41.572332] [WARNING] [vpicio_mts.c:197] PDC_CLIENT[4]: Attaching zfp gpu to index: 33
[12:44:41.572332] [WARNING] [vpicio_mts.c:197] PDC_CLIENT[7]: Attaching zfp gpu to index: 33
[12:44:41.572332] [WARNING] [vpicio_mts.c:197] PDC_CLIENT[9]: Attaching zfp gpu to index: 33
[12:44:41.572332] [WARNING] [vpicio_mts.c:197] PDC_CLIENT[11]: Attaching zfp gpu to index: 33
[12:44:41.572332] [WARNING] [vpicio_mts.c:197] PDC_CLIENT[13]: Attaching zfp gpu to index: 33
[12:44:41.572341] [WARNING] [vpicio_mts.c:197] PDC_CLIENT[14]: Attaching zfp gpu to index: 33
[12:44:41.572365] [WARNING] [vpicio_mts.c:197] PDC_CLIENT[1]: Attaching zfp gpu to index: 33
[12:44:41.572439] [WARNING] [vpicio_mts.c:197] PDC_CLIENT[2]: Attaching zfp gpu to index: 33
[12:44:41.572384] [WARNING] [vpicio_mts.c:197] PDC_CLIENT[3]: Attaching zfp gpu to index: 33
[12:44:41.572353] [WARNING] [vpicio_mts.c:197] PDC_CLIENT[5]: Attaching zfp gpu to index: 33
[12:44:41.572427] [WARNING] [vpicio_mts.c:197] PDC_CLIENT[6]: Attaching zfp gpu to index: 33
[12:44:41.572406] [WARNING] [vpicio_mts.c:197] PDC_CLIENT[8]: Attaching zfp gpu to index: 33
[12:44:41.572396] [WARNING] [vpicio_mts.c:197] PDC_CLIENT[10]: Attaching zfp gpu to index: 33
[12:44:41.572429] [WARNING] [vpicio_mts.c:197] PDC_CLIENT[12]: Attaching zfp gpu to index: 33
[12:44:41.572364] [WARNING] [vpicio_mts.c:197] PDC_CLIENT[15]: Attaching zfp gpu to index: 33
[12:44:41.572397] [WARNING] [vpicio_mts.c:197] PDC_CLIENT[16]: Attaching zfp gpu to index: 33
[12:44:41.572397] [WARNING] [vpicio_mts.c:197] PDC_CLIENT[17]: Attaching zfp gpu to index: 33
[12:44:41.572397] [WARNING] [vpicio_mts.c:197] PDC_CLIENT[18]: Attaching zfp gpu to index: 33
[12:44:41.572413] [WARNING] [vpicio_mts.c:197] PDC_CLIENT[19]: Attaching zfp gpu to index: 33
[12:44:41.572398] [WARNING] [vpicio_mts.c:197] PDC_CLIENT[20]: Attaching zfp gpu to index: 33
[12:44:41.572397] [WARNING] [vpicio_mts.c:197] PDC_CLIENT[21]: Attaching zfp gpu to index: 33
[12:44:41.572405] [WARNING] [vpicio_mts.c:197] PDC_CLIENT[22]: Attaching zfp gpu to index: 33
[12:44:41.572397] [WARNING] [vpicio_mts.c:197] PDC_CLIENT[23]: Attaching zfp gpu to index: 33
[12:44:41.572397] [WARNING] [vpicio_mts.c:197] PDC_CLIENT[24]: Attaching zfp gpu to index: 33
[12:44:41.572397] [WARNING] [vpicio_mts.c:197] PDC_CLIENT[25]: Attaching zfp gpu to index: 33
[12:44:41.572397] [WARNING] [vpicio_mts.c:197] PDC_CLIENT[26]: Attaching zfp gpu to index: 33
[12:44:41.572420] [WARNING] [vpicio_mts.c:197] PDC_CLIENT[27]: Attaching zfp gpu to index: 33
[12:44:41.572397] [WARNING] [vpicio_mts.c:197] PDC_CLIENT[28]: Attaching zfp gpu to index: 33
[12:44:41.572411] [WARNING] [vpicio_mts.c:197] PDC_CLIENT[29]: Attaching zfp gpu to index: 33
[12:44:41.572397] [WARNING] [vpicio_mts.c:197] PDC_CLIENT[30]: Attaching zfp gpu to index: 33
[12:44:41.572398] [WARNING] [vpicio_mts.c:197] PDC_CLIENT[31]: Attaching zfp gpu to index: 33
[12:44:41.573497] [WARNING] [vpicio_mts.c:197] PDC_CLIENT[0]: Attaching zfp gpu to index: 34
[12:44:41.573497] [WARNING] [vpicio_mts.c:197] PDC_CLIENT[1]: Attaching zfp gpu to index: 34
[12:44:41.573497] [WARNING] [vpicio_mts.c:197] PDC_CLIENT[2]: Attaching zfp gpu to index: 34
[12:44:41.573496] [WARNING] [vpicio_mts.c:197] PDC_CLIENT[3]: Attaching zfp gpu to index: 34
[12:44:41.573496] [WARNING] [vpicio_mts.c:197] PDC_CLIENT[4]: Attaching zfp gpu to index: 34
[12:44:41.573497] [WARNING] [vpicio_mts.c:197] PDC_CLIENT[5]: Attaching zfp gpu to index: 34
[12:44:41.573496] [WARNING] [vpicio_mts.c:197] PDC_CLIENT[6]: Attaching zfp gpu to index: 34
[12:44:41.573497] [WARNING] [vpicio_mts.c:197] PDC_CLIENT[7]: Attaching zfp gpu to index: 34
[12:44:41.573496] [WARNING] [vpicio_mts.c:197] PDC_CLIENT[8]: Attaching zfp gpu to index: 34
[12:44:41.573497] [WARNING] [vpicio_mts.c:197] PDC_CLIENT[9]: Attaching zfp gpu to index: 34
[12:44:41.573496] [WARNING] [vpicio_mts.c:197] PDC_CLIENT[10]: Attaching zfp gpu to index: 34
[12:44:41.573497] [WARNING] [vpicio_mts.c:197] PDC_CLIENT[11]: Attaching zfp gpu to index: 34
[12:44:41.573496] [WARNING] [vpicio_mts.c:197] PDC_CLIENT[12]: Attaching zfp gpu to index: 34
[12:44:41.573496] [WARNING] [vpicio_mts.c:197] PDC_CLIENT[13]: Attaching zfp gpu to index: 34
[12:44:41.573496] [WARNING] [vpicio_mts.c:197] PDC_CLIENT[14]: Attaching zfp gpu to index: 34
[12:44:41.573496] [WARNING] [vpicio_mts.c:197] PDC_CLIENT[15]: Attaching zfp gpu to index: 34
[12:44:41.573497] [WARNING] [vpicio_mts.c:197] PDC_CLIENT[16]: Attaching zfp gpu to index: 34
[12:44:41.573497] [WARNING] [vpicio_mts.c:197] PDC_CLIENT[17]: Attaching zfp gpu to index: 34
[12:44:41.573497] [WARNING] [vpicio_mts.c:197] PDC_CLIENT[18]: Attaching zfp gpu to index: 34
[12:44:41.573497] [WARNING] [vpicio_mts.c:197] PDC_CLIENT[19]: Attaching zfp gpu to index: 34
[12:44:41.573497] [WARNING] [vpicio_mts.c:197] PDC_CLIENT[20]: Attaching zfp gpu to index: 34
[12:44:41.573497] [WARNING] [vpicio_mts.c:197] PDC_CLIENT[21]: Attaching zfp gpu to index: 34
[12:44:41.573497] [WARNING] [vpicio_mts.c:197] PDC_CLIENT[22]: Attaching zfp gpu to index: 34
[12:44:41.573497] [WARNING] [vpicio_mts.c:197] PDC_CLIENT[23]: Attaching zfp gpu to index: 34
[12:44:41.573497] [WARNING] [vpicio_mts.c:197] PDC_CLIENT[24]: Attaching zfp gpu to index: 34
[12:44:41.573498] [WARNING] [vpicio_mts.c:197] PDC_CLIENT[25]: Attaching zfp gpu to index: 34
[12:44:41.573497] [WARNING] [vpicio_mts.c:197] PDC_CLIENT[26]: Attaching zfp gpu to index: 34
[12:44:41.573497] [WARNING] [vpicio_mts.c:197] PDC_CLIENT[27]: Attaching zfp gpu to index: 34
[12:44:41.573497] [WARNING] [vpicio_mts.c:197] PDC_CLIENT[28]: Attaching zfp gpu to index: 34
[12:44:41.573497] [WARNING] [vpicio_mts.c:197] PDC_CLIENT[29]: Attaching zfp gpu to index: 34
[12:44:41.573497] [WARNING] [vpicio_mts.c:197] PDC_CLIENT[30]: Attaching zfp gpu to index: 34
[12:44:41.573497] [WARNING] [vpicio_mts.c:197] PDC_CLIENT[31]: Attaching zfp gpu to index: 34
[12:44:41.573756] [WARNING] [vpicio_mts.c:197] PDC_CLIENT[31]: Attaching zfp gpu to index: 35
[12:44:41.573755] [WARNING] [vpicio_mts.c:197] PDC_CLIENT[0]: Attaching zfp gpu to index: 35
[12:44:41.573755] [WARNING] [vpicio_mts.c:197] PDC_CLIENT[1]: Attaching zfp gpu to index: 35
[12:44:41.573755] [WARNING] [vpicio_mts.c:197] PDC_CLIENT[2]: Attaching zfp gpu to index: 35
[12:44:41.573755] [WARNING] [vpicio_mts.c:197] PDC_CLIENT[4]: Attaching zfp gpu to index: 35
[12:44:41.573755] [WARNING] [vpicio_mts.c:197] PDC_CLIENT[5]: Attaching zfp gpu to index: 35
[12:44:41.573755] [WARNING] [vpicio_mts.c:197] PDC_CLIENT[6]: Attaching zfp gpu to index: 35
[12:44:41.573755] [WARNING] [vpicio_mts.c:197] PDC_CLIENT[7]: Attaching zfp gpu to index: 35
[12:44:41.573755] [WARNING] [vpicio_mts.c:197] PDC_CLIENT[8]: Attaching zfp gpu to index: 35
[12:44:41.573755] [WARNING] [vpicio_mts.c:197] PDC_CLIENT[9]: Attaching zfp gpu to index: 35
[12:44:41.573755] [WARNING] [vpicio_mts.c:197] PDC_CLIENT[10]: Attaching zfp gpu to index: 35
[12:44:41.573755] [WARNING] [vpicio_mts.c:197] PDC_CLIENT[11]: Attaching zfp gpu to index: 35
[12:44:41.573755] [WARNING] [vpicio_mts.c:197] PDC_CLIENT[12]: Attaching zfp gpu to index: 35
[12:44:41.573755] [WARNING] [vpicio_mts.c:197] PDC_CLIENT[13]: Attaching zfp gpu to index: 35
[12:44:41.573755] [WARNING] [vpicio_mts.c:197] PDC_CLIENT[14]: Attaching zfp gpu to index: 35
[12:44:41.573755] [WARNING] [vpicio_mts.c:197] PDC_CLIENT[15]: Attaching zfp gpu to index: 35
[12:44:41.573755] [WARNING] [vpicio_mts.c:197] PDC_CLIENT[16]: Attaching zfp gpu to index: 35
[12:44:41.573756] [WARNING] [vpicio_mts.c:197] PDC_CLIENT[17]: Attaching zfp gpu to index: 35
[12:44:41.573755] [WARNING] [vpicio_mts.c:197] PDC_CLIENT[18]: Attaching zfp gpu to index: 35
[12:44:41.573756] [WARNING] [vpicio_mts.c:197] PDC_CLIENT[19]: Attaching zfp gpu to index: 35
[12:44:41.573756] [WARNING] [vpicio_mts.c:197] PDC_CLIENT[20]: Attaching zfp gpu to index: 35
[12:44:41.573756] [WARNING] [vpicio_mts.c:197] PDC_CLIENT[21]: Attaching zfp gpu to index: 35
[12:44:41.573756] [WARNING] [vpicio_mts.c:197] PDC_CLIENT[22]: Attaching zfp gpu to index: 35
[12:44:41.573756] [WARNING] [vpicio_mts.c:197] PDC_CLIENT[23]: Attaching zfp gpu to index: 35
[12:44:41.573756] [WARNING] [vpicio_mts.c:197] PDC_CLIENT[24]: Attaching zfp gpu to index: 35
[12:44:41.573756] [WARNING] [vpicio_mts.c:197] PDC_CLIENT[25]: Attaching zfp gpu to index: 35
[12:44:41.573756] [WARNING] [vpicio_mts.c:197] PDC_CLIENT[26]: Attaching zfp gpu to index: 35
[12:44:41.573756] [WARNING] [vpicio_mts.c:197] PDC_CLIENT[27]: Attaching zfp gpu to index: 35
[12:44:41.573756] [WARNING] [vpicio_mts.c:197] PDC_CLIENT[28]: Attaching zfp gpu to index: 35
[12:44:41.573756] [WARNING] [vpicio_mts.c:197] PDC_CLIENT[29]: Attaching zfp gpu to index: 35
[12:44:41.573756] [WARNING] [vpicio_mts.c:197] PDC_CLIENT[30]: Attaching zfp gpu to index: 35
[12:44:41.575471] [WARNING] [vpicio_mts.c:197] PDC_CLIENT[3]: Attaching zfp gpu to index: 35
[12:44:41.575634] [WARNING] [vpicio_mts.c:197] PDC_CLIENT[0]: Attaching zfp gpu to index: 36
[12:44:41.575635] [WARNING] [vpicio_mts.c:197] PDC_CLIENT[1]: Attaching zfp gpu to index: 36
[12:44:41.575634] [WARNING] [vpicio_mts.c:197] PDC_CLIENT[2]: Attaching zfp gpu to index: 36
[12:44:41.575635] [WARNING] [vpicio_mts.c:197] PDC_CLIENT[3]: Attaching zfp gpu to index: 36
[12:44:41.575634] [WARNING] [vpicio_mts.c:197] PDC_CLIENT[4]: Attaching zfp gpu to index: 36
[12:44:41.575634] [WARNING] [vpicio_mts.c:197] PDC_CLIENT[5]: Attaching zfp gpu to index: 36
[12:44:41.575634] [WARNING] [vpicio_mts.c:197] PDC_CLIENT[6]: Attaching zfp gpu to index: 36
[12:44:41.575634] [WARNING] [vpicio_mts.c:197] PDC_CLIENT[7]: Attaching zfp gpu to index: 36
[12:44:41.575634] [WARNING] [vpicio_mts.c:197] PDC_CLIENT[8]: Attaching zfp gpu to index: 36
[12:44:41.575634] [WARNING] [vpicio_mts.c:197] PDC_CLIENT[9]: Attaching zfp gpu to index: 36
[12:44:41.575634] [WARNING] [vpicio_mts.c:197] PDC_CLIENT[10]: Attaching zfp gpu to index: 36
[12:44:41.575634] [WARNING] [vpicio_mts.c:197] PDC_CLIENT[11]: Attaching zfp gpu to index: 36
[12:44:41.575634] [WARNING] [vpicio_mts.c:197] PDC_CLIENT[12]: Attaching zfp gpu to index: 36
[12:44:41.575634] [WARNING] [vpicio_mts.c:197] PDC_CLIENT[13]: Attaching zfp gpu to index: 36
[12:44:41.575634] [WARNING] [vpicio_mts.c:197] PDC_CLIENT[14]: Attaching zfp gpu to index: 36
[12:44:41.575634] [WARNING] [vpicio_mts.c:197] PDC_CLIENT[15]: Attaching zfp gpu to index: 36
[12:44:41.575634] [WARNING] [vpicio_mts.c:197] PDC_CLIENT[16]: Attaching zfp gpu to index: 36
[12:44:41.575635] [WARNING] [vpicio_mts.c:197] PDC_CLIENT[17]: Attaching zfp gpu to index: 36
[12:44:41.575634] [WARNING] [vpicio_mts.c:197] PDC_CLIENT[18]: Attaching zfp gpu to index: 36
[12:44:41.575635] [WARNING] [vpicio_mts.c:197] PDC_CLIENT[19]: Attaching zfp gpu to index: 36
[12:44:41.575634] [WARNING] [vpicio_mts.c:197] PDC_CLIENT[20]: Attaching zfp gpu to index: 36
[12:44:41.575635] [WARNING] [vpicio_mts.c:197] PDC_CLIENT[21]: Attaching zfp gpu to index: 36
[12:44:41.575634] [WARNING] [vpicio_mts.c:197] PDC_CLIENT[22]: Attaching zfp gpu to index: 36
[12:44:41.575635] [WARNING] [vpicio_mts.c:197] PDC_CLIENT[23]: Attaching zfp gpu to index: 36
[12:44:41.575635] [WARNING] [vpicio_mts.c:197] PDC_CLIENT[24]: Attaching zfp gpu to index: 36
[12:44:41.575635] [WARNING] [vpicio_mts.c:197] PDC_CLIENT[25]: Attaching zfp gpu to index: 36
[12:44:41.575635] [WARNING] [vpicio_mts.c:197] PDC_CLIENT[26]: Attaching zfp gpu to index: 36
[12:44:41.575635] [WARNING] [vpicio_mts.c:197] PDC_CLIENT[27]: Attaching zfp gpu to index: 36
[12:44:41.575635] [WARNING] [vpicio_mts.c:197] PDC_CLIENT[28]: Attaching zfp gpu to index: 36
[12:44:41.575635] [WARNING] [vpicio_mts.c:197] PDC_CLIENT[29]: Attaching zfp gpu to index: 36
[12:44:41.575635] [WARNING] [vpicio_mts.c:197] PDC_CLIENT[30]: Attaching zfp gpu to index: 36
[12:44:41.575635] [WARNING] [vpicio_mts.c:197] PDC_CLIENT[31]: Attaching zfp gpu to index: 36
[12:44:41.575886] [WARNING] [vpicio_mts.c:197] PDC_CLIENT[1]: Attaching zfp gpu to index: 37
[12:44:41.575886] [WARNING] [vpicio_mts.c:197] PDC_CLIENT[3]: Attaching zfp gpu to index: 37
[12:44:41.575885] [WARNING] [vpicio_mts.c:197] PDC_CLIENT[4]: Attaching zfp gpu to index: 37
[12:44:41.575886] [WARNING] [vpicio_mts.c:197] PDC_CLIENT[5]: Attaching zfp gpu to index: 37
[12:44:41.575885] [WARNING] [vpicio_mts.c:197] PDC_CLIENT[6]: Attaching zfp gpu to index: 37
[12:44:41.575886] [WARNING] [vpicio_mts.c:197] PDC_CLIENT[7]: Attaching zfp gpu to index: 37
[12:44:41.575886] [WARNING] [vpicio_mts.c:197] PDC_CLIENT[8]: Attaching zfp gpu to index: 37
[12:44:41.575886] [WARNING] [vpicio_mts.c:197] PDC_CLIENT[10]: Attaching zfp gpu to index: 37
[12:44:41.575886] [WARNING] [vpicio_mts.c:197] PDC_CLIENT[11]: Attaching zfp gpu to index: 37
[12:44:41.575886] [WARNING] [vpicio_mts.c:197] PDC_CLIENT[12]: Attaching zfp gpu to index: 37
[12:44:41.575886] [WARNING] [vpicio_mts.c:197] PDC_CLIENT[13]: Attaching zfp gpu to index: 37
[12:44:41.575886] [WARNING] [vpicio_mts.c:197] PDC_CLIENT[14]: Attaching zfp gpu to index: 37
[12:44:41.575886] [WARNING] [vpicio_mts.c:197] PDC_CLIENT[15]: Attaching zfp gpu to index: 37
[12:44:41.575886] [WARNING] [vpicio_mts.c:197] PDC_CLIENT[16]: Attaching zfp gpu to index: 37
[12:44:41.575886] [WARNING] [vpicio_mts.c:197] PDC_CLIENT[17]: Attaching zfp gpu to index: 37
[12:44:41.575886] [WARNING] [vpicio_mts.c:197] PDC_CLIENT[18]: Attaching zfp gpu to index: 37
[12:44:41.575886] [WARNING] [vpicio_mts.c:197] PDC_CLIENT[19]: Attaching zfp gpu to index: 37
[12:44:41.575886] [WARNING] [vpicio_mts.c:197] PDC_CLIENT[20]: Attaching zfp gpu to index: 37
[12:44:41.575886] [WARNING] [vpicio_mts.c:197] PDC_CLIENT[21]: Attaching zfp gpu to index: 37
[12:44:41.575886] [WARNING] [vpicio_mts.c:197] PDC_CLIENT[22]: Attaching zfp gpu to index: 37
[12:44:41.575886] [WARNING] [vpicio_mts.c:197] PDC_CLIENT[23]: Attaching zfp gpu to index: 37
[12:44:41.575886] [WARNING] [vpicio_mts.c:197] PDC_CLIENT[24]: Attaching zfp gpu to index: 37
[12:44:41.575886] [WARNING] [vpicio_mts.c:197] PDC_CLIENT[25]: Attaching zfp gpu to index: 37
[12:44:41.575886] [WARNING] [vpicio_mts.c:197] PDC_CLIENT[26]: Attaching zfp gpu to index: 37
[12:44:41.575886] [WARNING] [vpicio_mts.c:197] PDC_CLIENT[27]: Attaching zfp gpu to index: 37
[12:44:41.575886] [WARNING] [vpicio_mts.c:197] PDC_CLIENT[28]: Attaching zfp gpu to index: 37
[12:44:41.575887] [WARNING] [vpicio_mts.c:197] PDC_CLIENT[29]: Attaching zfp gpu to index: 37
[12:44:41.575886] [WARNING] [vpicio_mts.c:197] PDC_CLIENT[30]: Attaching zfp gpu to index: 37
[12:44:41.575887] [WARNING] [vpicio_mts.c:197] PDC_CLIENT[31]: Attaching zfp gpu to index: 37
[12:44:41.575886] [WARNING] [vpicio_mts.c:197] PDC_CLIENT[0]: Attaching zfp gpu to index: 37
[12:44:41.575886] [WARNING] [vpicio_mts.c:197] PDC_CLIENT[2]: Attaching zfp gpu to index: 37
[12:44:41.577580] [WARNING] [vpicio_mts.c:197] PDC_CLIENT[9]: Attaching zfp gpu to index: 37
[12:44:41.577816] [WARNING] [vpicio_mts.c:212] PDC_CLIENT[0]: Obj create time: 8.35731e-03
[12:44:41.577934] [WARNING] [vpicio_mts.c:228] PDC_CLIENT[0]: Transfer create time: 1.19099e-04
[12:44:43.601916] [WARNING] [vpicio_mts.c:244] PDC_CLIENT[0]: Transfer start time: 2.02398e+00
[12:44:43.612092] [WARNING] [vpicio_mts.c:255] PDC_CLIENT[0]: Final step, no sleep
[12:44:52.096088] [WARNING] [vpicio_mts.c:272] PDC_CLIENT[0]: Transfer wait time: 8.45200e+00
[12:44:52.205167] [WARNING] [vpicio_mts.c:286] PDC_CLIENT[0]: Transfer close time: 1.09080e-01
[12:44:52.205303] [WARNING] [vpicio_mts.c:300] PDC_CLIENT[0]: Obj close time: 1.38186e-04
